Kani Rust Verifier 0.66.0 (cargo plugin)
   Compiling percolator v0.1.1 (/home/anatoly/percolator)
warning: variable does not need to be mutable
     --> src/v16.rs:11565:13
      |
11565 |         let mut ledger = account.header.close_progress.try_to_runtime()?;
      |             ----^^^^^^
      |             |
      |             help: remove this `mut`
      |
      = note: `#[warn(unused_mut)]` (part of `#[warn(unused)]`) on by default

    Finished `test` profile [unoptimized + debuginfo] target(s) in 0.92s
   Compilingwarning: variable does not need to be mutable
     --> src/v16.rs:11565:13
      |
11565 |         let mut ledger = account.header.close_progress.try_to_runtime()?;
      |             ----^^^^^^
      |             |
      |             help: remove this `mut`
      |
      = note: `#[warn(unused_mut)]` (part of `#[warn(unused)]`) on by default

 percolator v0.1.1 (/home/anatoly/percolator)
    Finished `test` profile [unoptimized + debuginfo] target(s) in 0.12s
   Compiling percolator v0.1.1 (/home/anatoly/percolator)
warning: variable does not need to be mutable
     --> src/v16.rs:11565:13
      |
11565 |         let mut ledger = account.header.close_progress.try_to_runtime()?;
      |             ----^^^^^^
      |             |
      |             help: remove this `mut`
      |
      = note: `#[warn(unused_mut)]` (part of `#[warn(unused)]`) on by default

warning: unused imports: `MarketGroupV16View` and `TradeRequestV16`
  --> tests/proofs_v16.rs:22:42
   |
22 |     Market, MarketGroupV16HeaderAccount, MarketGroupV16View, MarketGroupV16ViewMut,
   |                                          ^^^^^^^^^^^^^^^^^^
...
31 |     TradeRequestV16,
   |     ^^^^^^^^^^^^^^^
   |
   = note: `#[warn(unused_imports)]` (part of `#[warn(unused)]`) on by default

    Finished `test` profile [unoptimized + debuginfo] target(s) in 0.94s
   Compiling percolator v0.1.1 (/home/anatoly/percolator)
warning: variable does not need to be mutable
     --> src/v16.rs:11565:13
      |
11565 |         let mut ledger = account.header.close_progress.try_to_runtime()?;
      |             ----^^^^^^
      |             |
      |             help: remove this `mut`
      |
      = note: `#[warn(unused_mut)]` (part of `#[warn(unused)]`) on by default

    Finished `test` profile [unoptimized + debuginfo] target(s) in 0.07s
   Compiling percolator v0.1.1 (/home/anatoly/percolator)
warning: variable does not need to be mutable
     --> src/v16.rs:11565:13
      |
11565 |         let mut ledger = account.header.close_progress.try_to_runtime()?;
      |             ----^^^^^^
      |             |
      |             help: remove this `mut`
      |
      = note: `#[warn(unused_mut)]` (part of `#[warn(unused)]`) on by default

    Finished `test` profile [unoptimized + debuginfo] target(s) in 0.07s
   Compiling percolator v0.1.1 (/home/anatoly/percolator)
warning: variable does not need to be mutable
     --> src/v16.rs:11565:13
      |
11565 |         let mut ledger = account.header.close_progress.try_to_runtime()?;
      |             ----^^^^^^
      |             |
      |             help: remove this `mut`
      |
      = note: `#[warn(unused_mut)]` (part of `#[warn(unused)]`) on by default

    Finished `test` profile [unoptimized + debuginfo] target(s) in 0.08s
   Compiling percolator v0.1.1 (/home/anatoly/percolator)
warning: variable does not need to be mutable
     --> src/v16.rs:11565:13
      |
11565 |         let mut ledger = account.header.close_progress.try_to_runtime()?;
      |             ----^^^^^^
      |             |
      |             help: remove this `mut`
      |
      = note: `#[warn(unused_mut)]` (part of `#[warn(unused)]`) on by default

    Finished `test` profile [unoptimized + debuginfo] target(s) in 0.07s
   Compiling percolator v0.1.1 (/home/anatoly/percolator)
warning: variable does not need to be mutable
     --> src/v16.rs:11565:13
      |
11565 |         let mut ledger = account.header.close_progress.try_to_runtime()?;
      |             ----^^^^^^
      |             |
      |             help: remove this `mut`
      |
      = note: `#[warn(unused_mut)]` (part of `#[warn(unused)]`) on by default

    Finished `test` profile [unoptimized + debuginfo] target(s) in 0.14s
Checking harness proof_v16_backing_utilization_fee_is_capped_by_capital_and_conserves_ctot_to_earnings...
CBMC 6.8.0 (cbmc-6.8.0)
CBMC version 6.8.0 (cbmc-6.8.0) 64-bit x86_64 linux
Reading GOTO program from file /home/anatoly/percolator/target/kani-verify/kani/x86_64-unknown-linux-gnu/debug/deps/proofs_v16-78a3e1109bae0523__RNvCs35DYgTG8RvC_10proofs_v1685proof_v16_backing_utilization_fee_is_capped_by_capital_and_conserves_ctot_to_earnings.out
Generating GOTO Program
Adding CPROVER library (x86_64)
Removal of function pointers and virtual functions
Generic Property Instrumentation
Running with 16 object bits, 48 offset bits (user-specified)
Starting Bounded Model Checking
aborting path on assume(false) at file /home/runner/.rustup/toolchains/nightly-2025-11-05-x86_64-unknown-linux-gnu/lib/rustlib/src/rust/library/core/src/option.rs line 1337 column 15 function std::option::Option::<u128>::ok_or::<percolator::V16Error> thread 0
aborting path on assume(false) at file /home/runner/.rustup/toolchains/nightly-2025-11-05-x86_64-unknown-linux-gnu/lib/rustlib/src/rust/library/core/src/result.rs line 2168 column 15 function <std::result::Result<u128, percolator::V16Error> as std::ops::Try>::branch thread 0
aborting path on assume(false) at file /home/runner/.rustup/toolchains/nightly-2025-11-05-x86_64-unknown-linux-gnu/lib/rustlib/src/rust/library/core/src/option.rs line 1337 column 15 function std::option::Option::<u128>::ok_or::<percolator::V16Error> thread 0
aborting path on assume(false) at file /home/runner/.rustup/toolchains/nightly-2025-11-05-x86_64-unknown-linux-gnu/lib/rustlib/src/rust/library/core/src/result.rs line 2168 column 15 function <std::result::Result<u128, percolator::V16Error> as std::ops::Try>::branch thread 0
aborting path on assume(false) at file /home/runner/.rustup/toolchains/nightly-2025-11-05-x86_64-unknown-linux-gnu/lib/rustlib/src/rust/library/core/src/option.rs line 1337 column 15 function std::option::Option::<u128>::ok_or::<percolator::V16Error> thread 0
aborting path on assume(false) at file /home/runner/.rustup/toolchains/nightly-2025-11-05-x86_64-unknown-linux-gnu/lib/rustlib/src/rust/library/core/src/result.rs line 2168 column 15 function <std::result::Result<u128, percolator::V16Error> as std::ops::Try>::branch thread 0
aborting path on assume(false) at file tests/proofs_v16.rs line 0 column 0 function percolator::v16::apply_backing_utilization_fee_charge thread 0
aborting path on assume(false) at file tests/proofs_v16.rs line 4075 column 1 function proof_v16_backing_utilization_fee_is_capped_by_capital_and_conserves_ctot_to_earnings thread 0
aborting path on assume(false) at file tests/proofs_v16.rs line 0 column 0 function <std::result::Result<(u128, u128, u128, u128), percolator::V16Error> as std::cmp::PartialEq>::eq thread 0
aborting path on assume(false) at file /home/runner/.rustup/toolchains/nightly-2025-11-05-x86_64-unknown-linux-gnu/lib/rustlib/src/rust/library/core/src/option.rs line 1013 column 15 function std::option::Option::<u128>::unwrap thread 0
aborting path on assume(false) at file /home/runner/.rustup/toolchains/nightly-2025-11-05-x86_64-unknown-linux-gnu/lib/rustlib/src/rust/library/core/src/option.rs line 2174 column 5 function std::option::unwrap_failed thread 0
aborting path on assume(false) at file /home/runner/.rustup/toolchains/nightly-2025-11-05-x86_64-unknown-linux-gnu/lib/rustlib/src/rust/library/core/src/option.rs line 1015 column 21 function std::option::Option::<u128>::unwrap thread 0
aborting path on assume(false) at file /home/runner/.rustup/toolchains/nightly-2025-11-05-x86_64-unknown-linux-gnu/lib/rustlib/src/rust/library/core/src/option.rs line 2359 column 15 function <std::option::Option<u128> as std::cmp::PartialEq>::eq thread 0
Runtime Symex: 0.0630076s
size of program expression: 5120 steps
slicing removed 3493 assignments
Generated 168 VCC(s), 42 remaining after simplification
Runtime Postprocess Equation: 0.000616214s
Passing problem to propositional reduction
converting SSA
Runtime Convert SSA: 0.0108566s
Running propositional reduction
Post-processing
Runtime Post-process: 6.43e-06s
Solving with CaDiCaL 2.0.0
21581 variables, 52628 clauses
SAT checker: instance is SATISFIABLE
Runtime Solver: 0.00159875s
Runtime decision procedure: 0.0127603s
Running propositional reduction
Solving with CaDiCaL 2.0.0
21582 variables, 52629 clauses
SAT checker: instance is SATISFIABLE
Runtime Solver: 0.000827671s
Runtime decision procedure: 0.000940671s
Running propositional reduction
Solving with CaDiCaL 2.0.0
21583 variables, 52630 clauses
SAT checker: instance is SATISFIABLE
Runtime Solver: 0.00146168s
Runtime decision procedure: 0.00155276s
Running propositional reduction
Solving with CaDiCaL 2.0.0
21584 variables, 52631 clauses
SAT checker: instance is UNSATISFIABLE
Runtime Solver: 1.75541s
Runtime decision procedure: 1.7555s

RESULTS:
Check 1: <std::result::Result<(u128, u128, u128, u128), percolator::V16Error> as std::cmp::PartialEq>::eq.unreachable.1
	 - Status: SUCCESS
	 - Description: "unreachable code"
	 - Location: tests/proofs_v16.rs:0:0 in function <std::result::Result<(u128, u128, u128, u128), percolator::V16Error> as std::cmp::PartialEq>::eq

Check 2: <std::option::Option<u128> as std::cmp::PartialEq>::eq.unreachable.1
	 - Status: SUCCESS
	 - Description: "unreachable code"
	 - Location: ../../runner/.rustup/toolchains/nightly-2025-11-05-x86_64-unknown-linux-gnu/lib/rustlib/src/rust/library/core/src/option.rs:2359:15 in function <std::option::Option<u128> as std::cmp::PartialEq>::eq

Check 3: std::option::unwrap_failed.assertion.1
	 - Status: SUCCESS
	 - Description: "called `Option::unwrap()` on a `None` value"
	 - Location: ../../runner/.rustup/toolchains/nightly-2025-11-05-x86_64-unknown-linux-gnu/lib/rustlib/src/rust/library/core/src/option.rs:2174:5 in function std::option::unwrap_failed

Check 4: core::num::<impl u128>::checked_add.arithmetic_overflow.1
	 - Status: SUCCESS
	 - Description: "attempt to compute `unchecked_add` which would overflow"
	 - Location: ../../runner/.rustup/toolchains/nightly-2025-11-05-x86_64-unknown-linux-gnu/lib/rustlib/src/rust/library/core/src/num/uint_macros.rs:646:31 in function core::num::<impl u128>::checked_add

Check 5: proof_v16_backing_utilization_fee_is_capped_by_capital_and_conserves_ctot_to_earnings.cover.1
	 - Status: SATISFIED
	 - Description: "backing utilization fee covers capital-capped collection"
	 - Location: tests/proofs_v16.rs:4085:5 in function proof_v16_backing_utilization_fee_is_capped_by_capital_and_conserves_ctot_to_earnings

Check 6: proof_v16_backing_utilization_fee_is_capped_by_capital_and_conserves_ctot_to_earnings.cover.2
	 - Status: SATISFIED
	 - Description: "backing utilization fee covers full requested collection"
	 - Location: tests/proofs_v16.rs:4089:5 in function proof_v16_backing_utilization_fee_is_capped_by_capital_and_conserves_ctot_to_earnings

Check 7: proof_v16_backing_utilization_fee_is_capped_by_capital_and_conserves_ctot_to_earnings.cover.3
	 - Status: SATISFIED
	 - Description: "backing utilization fee rejects bucket earnings overflow"
	 - Location: tests/proofs_v16.rs:4093:5 in function proof_v16_backing_utilization_fee_is_capped_by_capital_and_conserves_ctot_to_earnings

Check 8: proof_v16_backing_utilization_fee_is_capped_by_capital_and_conserves_ctot_to_earnings.assertion.1
	 - Status: SUCCESS
	 - Description: "assertion failed: result.is_ok() == expected_earnings.is_some()"
	 - Location: tests/proofs_v16.rs:4097:5 in function proof_v16_backing_utilization_fee_is_capped_by_capital_and_conserves_ctot_to_earnings

Check 9: proof_v16_backing_utilization_fee_is_capped_by_capital_and_conserves_ctot_to_earnings.unreachable.1
	 - Status: SUCCESS
	 - Description: "unreachable code"
	 - Location: tests/proofs_v16.rs:4075:1 in function proof_v16_backing_utilization_fee_is_capped_by_capital_and_conserves_ctot_to_earnings

Check 10: proof_v16_backing_utilization_fee_is_capped_by_capital_and_conserves_ctot_to_earnings.assertion.2
	 - Status: SUCCESS
	 - Description: "assertion failed: result == Err(V16Error::CounterOverflow)"
	 - Location: tests/proofs_v16.rs:4108:9 in function proof_v16_backing_utilization_fee_is_capped_by_capital_and_conserves_ctot_to_earnings

Check 11: proof_v16_backing_utilization_fee_is_capped_by_capital_and_conserves_ctot_to_earnings.assertion.3
	 - Status: SUCCESS
	 - Description: "assertion failed: charged == expected"
	 - Location: tests/proofs_v16.rs:4099:9 in function proof_v16_backing_utilization_fee_is_capped_by_capital_and_conserves_ctot_to_earnings

Check 12: proof_v16_backing_utilization_fee_is_capped_by_capital_and_conserves_ctot_to_earnings.assertion.4
	 - Status: SUCCESS
	 - Description: "attempt to subtract with overflow"
	 - Location: tests/proofs_v16.rs:4100:34 in function proof_v16_backing_utilization_fee_is_capped_by_capital_and_conserves_ctot_to_earnings

Check 13: proof_v16_backing_utilization_fee_is_capped_by_capital_and_conserves_ctot_to_earnings.assertion.5
	 - Status: SUCCESS
	 - Description: "assertion failed: next_capital == capital - expected"
	 - Location: tests/proofs_v16.rs:4100:9 in function proof_v16_backing_utilization_fee_is_capped_by_capital_and_conserves_ctot_to_earnings

Check 14: proof_v16_backing_utilization_fee_is_capped_by_capital_and_conserves_ctot_to_earnings.assertion.6
	 - Status: SUCCESS
	 - Description: "attempt to subtract with overflow"
	 - Location: tests/proofs_v16.rs:4101:32 in function proof_v16_backing_utilization_fee_is_capped_by_capital_and_conserves_ctot_to_earnings

Check 15: proof_v16_backing_utilization_fee_is_capped_by_capital_and_conserves_ctot_to_earnings.assertion.7
	 - Status: SUCCESS
	 - Description: "assertion failed: next_c_tot == group_c_tot - expected"
	 - Location: tests/proofs_v16.rs:4101:9 in function proof_v16_backing_utilization_fee_is_capped_by_capital_and_conserves_ctot_to_earnings

Check 16: proof_v16_backing_utilization_fee_is_capped_by_capital_and_conserves_ctot_to_earnings.assertion.8
	 - Status: SUCCESS
	 - Description: "assertion failed: next_earnings == expected_earnings.unwrap()"
	 - Location: tests/proofs_v16.rs:4102:9 in function proof_v16_backing_utilization_fee_is_capped_by_capital_and_conserves_ctot_to_earnings

Check 17: proof_v16_backing_utilization_fee_is_capped_by_capital_and_conserves_ctot_to_earnings.assertion.9
	 - Status: SUCCESS
	 - Description: "assertion failed: next_c_tot.checked_add(next_earnings) == group_c_tot.checked_add(earnings)"
	 - Location: tests/proofs_v16.rs:4103:9 in function proof_v16_backing_utilization_fee_is_capped_by_capital_and_conserves_ctot_to_earnings

Check 18: <std::result::Result<u128, percolator::V16Error> as std::ops::Try>::branch.unreachable.1
	 - Status: SUCCESS
	 - Description: "unreachable code"
	 - Location: ../../runner/.rustup/toolchains/nightly-2025-11-05-x86_64-unknown-linux-gnu/lib/rustlib/src/rust/library/core/src/result.rs:2168:15 in function <std::result::Result<u128, percolator::V16Error> as std::ops::Try>::branch

Check 19: std::option::Option::<u128>::unwrap.unreachable.1
	 - Status: SUCCESS
	 - Description: "unreachable code"
	 - Location: ../../runner/.rustup/toolchains/nightly-2025-11-05-x86_64-unknown-linux-gnu/lib/rustlib/src/rust/library/core/src/option.rs:1013:15 in function std::option::Option::<u128>::unwrap

Check 20: percolator::v16::apply_backing_utilization_fee_charge.unreachable.1
	 - Status: SUCCESS
	 - Description: "unreachable code"
	 - Location: tests/proofs_v16.rs:0:0 in function percolator::v16::apply_backing_utilization_fee_charge

Check 21: std::option::Option::<u128>::ok_or::<percolator::V16Error>.unreachable.1
	 - Status: SUCCESS
	 - Description: "unreachable code"
	 - Location: ../../runner/.rustup/toolchains/nightly-2025-11-05-x86_64-unknown-linux-gnu/lib/rustlib/src/rust/library/core/src/option.rs:1337:15 in function std::option::Option::<u128>::ok_or::<percolator::V16Error>

Check 22: core::num::<impl u128>::checked_sub.arithmetic_overflow.1
	 - Status: SUCCESS
	 - Description: "attempt to compute `unchecked_sub` which would overflow"
	 - Location: ../../runner/.rustup/toolchains/nightly-2025-11-05-x86_64-unknown-linux-gnu/lib/rustlib/src/rust/library/core/src/num/uint_macros.rs:800:31 in function core::num::<impl u128>::checked_sub

Check 23: std::cmp::impls::<impl std::cmp::PartialOrd for u128>::lt.pointer_dereference.1
	 - Status: SUCCESS
	 - Description: "dereference failure: pointer NULL"
	 - Location: ../../runner/.rustup/toolchains/nightly-2025-11-05-x86_64-unknown-linux-gnu/lib/rustlib/src/rust/library/core/src/cmp.rs:1903:50 in function std::cmp::impls::<impl std::cmp::PartialOrd for u128>::lt

Check 24: std::cmp::impls::<impl std::cmp::PartialOrd for u128>::lt.pointer_dereference.2
	 - Status: SUCCESS
	 - Description: "dereference failure: pointer invalid"
	 - Location: ../../runner/.rustup/toolchains/nightly-2025-11-05-x86_64-unknown-linux-gnu/lib/rustlib/src/rust/library/core/src/cmp.rs:1903:50 in function std::cmp::impls::<impl std::cmp::PartialOrd for u128>::lt

Check 25: std::cmp::impls::<impl std::cmp::PartialOrd for u128>::lt.pointer_dereference.3
	 - Status: SUCCESS
	 - Description: "dereference failure: deallocated dynamic object"
	 - Location: ../../runner/.rustup/toolchains/nightly-2025-11-05-x86_64-unknown-linux-gnu/lib/rustlib/src/rust/library/core/src/cmp.rs:1903:50 in function std::cmp::impls::<impl std::cmp::PartialOrd for u128>::lt

Check 26: std::cmp::impls::<impl std::cmp::PartialOrd for u128>::lt.pointer_dereference.4
	 - Status: SUCCESS
	 - Description: "dereference failure: dead object"
	 - Location: ../../runner/.rustup/toolchains/nightly-2025-11-05-x86_64-unknown-linux-gnu/lib/rustlib/src/rust/library/core/src/cmp.rs:1903:50 in function std::cmp::impls::<impl std::cmp::PartialOrd for u128>::lt

Check 27: std::cmp::impls::<impl std::cmp::PartialOrd for u128>::lt.pointer_dereference.5
	 - Status: SUCCESS
	 - Description: "dereference failure: pointer outside object bounds"
	 - Location: ../../runner/.rustup/toolchains/nightly-2025-11-05-x86_64-unknown-linux-gnu/lib/rustlib/src/rust/library/core/src/cmp.rs:1903:50 in function std::cmp::impls::<impl std::cmp::PartialOrd for u128>::lt

Check 28: std::cmp::impls::<impl std::cmp::PartialOrd for u128>::lt.pointer_dereference.6
	 - Status: SUCCESS
	 - Description: "dereference failure: invalid integer address"
	 - Location: ../../runner/.rustup/toolchains/nightly-2025-11-05-x86_64-unknown-linux-gnu/lib/rustlib/src/rust/library/core/src/cmp.rs:1903:50 in function std::cmp::impls::<impl std::cmp::PartialOrd for u128>::lt

Check 29: std::cmp::impls::<impl std::cmp::PartialOrd for u128>::lt.pointer_dereference.7
	 - Status: SUCCESS
	 - Description: "dereference failure: pointer NULL"
	 - Location: ../../runner/.rustup/toolchains/nightly-2025-11-05-x86_64-unknown-linux-gnu/lib/rustlib/src/rust/library/core/src/cmp.rs:1903:59 in function std::cmp::impls::<impl std::cmp::PartialOrd for u128>::lt

Check 30: std::cmp::impls::<impl std::cmp::PartialOrd for u128>::lt.pointer_dereference.8
	 - Status: SUCCESS
	 - Description: "dereference failure: pointer invalid"
	 - Location: ../../runner/.rustup/toolchains/nightly-2025-11-05-x86_64-unknown-linux-gnu/lib/rustlib/src/rust/library/core/src/cmp.rs:1903:59 in function std::cmp::impls::<impl std::cmp::PartialOrd for u128>::lt

Check 31: std::cmp::impls::<impl std::cmp::PartialOrd for u128>::lt.pointer_dereference.9
	 - Status: SUCCESS
	 - Description: "dereference failure: deallocated dynamic object"
	 - Location: ../../runner/.rustup/toolchains/nightly-2025-11-05-x86_64-unknown-linux-gnu/lib/rustlib/src/rust/library/core/src/cmp.rs:1903:59 in function std::cmp::impls::<impl std::cmp::PartialOrd for u128>::lt

Check 32: std::cmp::impls::<impl std::cmp::PartialOrd for u128>::lt.pointer_dereference.10
	 - Status: SUCCESS
	 - Description: "dereference failure: dead object"
	 - Location: ../../runner/.rustup/toolchains/nightly-2025-11-05-x86_64-unknown-linux-gnu/lib/rustlib/src/rust/library/core/src/cmp.rs:1903:59 in function std::cmp::impls::<impl std::cmp::PartialOrd for u128>::lt

Check 33: std::cmp::impls::<impl std::cmp::PartialOrd for u128>::lt.pointer_dereference.11
	 - Status: SUCCESS
	 - Description: "dereference failure: pointer outside object bounds"
	 - Location: ../../runner/.rustup/toolchains/nightly-2025-11-05-x86_64-unknown-linux-gnu/lib/rustlib/src/rust/library/core/src/cmp.rs:1903:59 in function std::cmp::impls::<impl std::cmp::PartialOrd for u128>::lt

Check 34: std::cmp::impls::<impl std::cmp::PartialOrd for u128>::lt.pointer_dereference.12
	 - Status: SUCCESS
	 - Description: "dereference failure: invalid integer address"
	 - Location: ../../runner/.rustup/toolchains/nightly-2025-11-05-x86_64-unknown-linux-gnu/lib/rustlib/src/rust/library/core/src/cmp.rs:1903:59 in function std::cmp::impls::<impl std::cmp::PartialOrd for u128>::lt

Check 35: <std::result::Result<(u128, u128, u128, u128), percolator::V16Error> as std::cmp::PartialEq>::eq.pointer_dereference.1
	 - Status: SUCCESS
	 - Description: "dereference failure: pointer NULL"
	 - Location: ../../runner/.rustup/toolchains/nightly-2025-11-05-x86_64-unknown-linux-gnu/lib/rustlib/src/rust/library/core/src/result.rs:553:16 in function <std::result::Result<(u128, u128, u128, u128), percolator::V16Error> as std::cmp::PartialEq>::eq

Check 36: <std::result::Result<(u128, u128, u128, u128), percolator::V16Error> as std::cmp::PartialEq>::eq.pointer_dereference.2
	 - Status: SUCCESS
	 - Description: "dereference failure: pointer invalid"
	 - Location: ../../runner/.rustup/toolchains/nightly-2025-11-05-x86_64-unknown-linux-gnu/lib/rustlib/src/rust/library/core/src/result.rs:553:16 in function <std::result::Result<(u128, u128, u128, u128), percolator::V16Error> as std::cmp::PartialEq>::eq

Check 37: <std::result::Result<(u128, u128, u128, u128), percolator::V16Error> as std::cmp::PartialEq>::eq.pointer_dereference.3
	 - Status: SUCCESS
	 - Description: "dereference failure: deallocated dynamic object"
	 - Location: ../../runner/.rustup/toolchains/nightly-2025-11-05-x86_64-unknown-linux-gnu/lib/rustlib/src/rust/library/core/src/result.rs:553:16 in function <std::result::Result<(u128, u128, u128, u128), percolator::V16Error> as std::cmp::PartialEq>::eq

Check 38: <std::result::Result<(u128, u128, u128, u128), percolator::V16Error> as std::cmp::PartialEq>::eq.pointer_dereference.4
	 - Status: SUCCESS
	 - Description: "dereference failure: dead object"
	 - Location: ../../runner/.rustup/toolchains/nightly-2025-11-05-x86_64-unknown-linux-gnu/lib/rustlib/src/rust/library/core/src/result.rs:553:16 in function <std::result::Result<(u128, u128, u128, u128), percolator::V16Error> as std::cmp::PartialEq>::eq

Check 39: <std::result::Result<(u128, u128, u128, u128), percolator::V16Error> as std::cmp::PartialEq>::eq.pointer_dereference.5
	 - Status: SUCCESS
	 - Description: "dereference failure: pointer outside object bounds"
	 - Location: ../../runner/.rustup/toolchains/nightly-2025-11-05-x86_64-unknown-linux-gnu/lib/rustlib/src/rust/library/core/src/result.rs:553:16 in function <std::result::Result<(u128, u128, u128, u128), percolator::V16Error> as std::cmp::PartialEq>::eq

Check 40: <std::result::Result<(u128, u128, u128, u128), percolator::V16Error> as std::cmp::PartialEq>::eq.pointer_dereference.6
	 - Status: SUCCESS
	 - Description: "dereference failure: invalid integer address"
	 - Location: ../../runner/.rustup/toolchains/nightly-2025-11-05-x86_64-unknown-linux-gnu/lib/rustlib/src/rust/library/core/src/result.rs:553:16 in function <std::result::Result<(u128, u128, u128, u128), percolator::V16Error> as std::cmp::PartialEq>::eq

Check 41: <std::result::Result<(u128, u128, u128, u128), percolator::V16Error> as std::cmp::PartialEq>::eq.pointer_dereference.7
	 - Status: SUCCESS
	 - Description: "dereference failure: pointer NULL"
	 - Location: ../../runner/.rustup/toolchains/nightly-2025-11-05-x86_64-unknown-linux-gnu/lib/rustlib/src/rust/library/core/src/result.rs:553:16 in function <std::result::Result<(u128, u128, u128, u128), percolator::V16Error> as std::cmp::PartialEq>::eq

Check 42: <std::result::Result<(u128, u128, u128, u128), percolator::V16Error> as std::cmp::PartialEq>::eq.pointer_dereference.8
	 - Status: SUCCESS
	 - Description: "dereference failure: pointer invalid"
	 - Location: ../../runner/.rustup/toolchains/nightly-2025-11-05-x86_64-unknown-linux-gnu/lib/rustlib/src/rust/library/core/src/result.rs:553:16 in function <std::result::Result<(u128, u128, u128, u128), percolator::V16Error> as std::cmp::PartialEq>::eq

Check 43: <std::result::Result<(u128, u128, u128, u128), percolator::V16Error> as std::cmp::PartialEq>::eq.pointer_dereference.9
	 - Status: SUCCESS
	 - Description: "dereference failure: deallocated dynamic object"
	 - Location: ../../runner/.rustup/toolchains/nightly-2025-11-05-x86_64-unknown-linux-gnu/lib/rustlib/src/rust/library/core/src/result.rs:553:16 in function <std::result::Result<(u128, u128, u128, u128), percolator::V16Error> as std::cmp::PartialEq>::eq

Check 44: <std::result::Result<(u128, u128, u128, u128), percolator::V16Error> as std::cmp::PartialEq>::eq.pointer_dereference.10
	 - Status: SUCCESS
	 - Description: "dereference failure: dead object"
	 - Location: ../../runner/.rustup/toolchains/nightly-2025-11-05-x86_64-unknown-linux-gnu/lib/rustlib/src/rust/library/core/src/result.rs:553:16 in function <std::result::Result<(u128, u128, u128, u128), percolator::V16Error> as std::cmp::PartialEq>::eq

Check 45: <std::result::Result<(u128, u128, u128, u128), percolator::V16Error> as std::cmp::PartialEq>::eq.pointer_dereference.11
	 - Status: SUCCESS
	 - Description: "dereference failure: pointer outside object bounds"
	 - Location: ../../runner/.rustup/toolchains/nightly-2025-11-05-x86_64-unknown-linux-gnu/lib/rustlib/src/rust/library/core/src/result.rs:553:16 in function <std::result::Result<(u128, u128, u128, u128), percolator::V16Error> as std::cmp::PartialEq>::eq

Check 46: <std::result::Result<(u128, u128, u128, u128), percolator::V16Error> as std::cmp::PartialEq>::eq.pointer_dereference.12
	 - Status: SUCCESS
	 - Description: "dereference failure: invalid integer address"
	 - Location: ../../runner/.rustup/toolchains/nightly-2025-11-05-x86_64-unknown-linux-gnu/lib/rustlib/src/rust/library/core/src/result.rs:553:16 in function <std::result::Result<(u128, u128, u128, u128), percolator::V16Error> as std::cmp::PartialEq>::eq

Check 47: <std::result::Result<(u128, u128, u128, u128), percolator::V16Error> as std::cmp::PartialEq>::eq.pointer_dereference.13
	 - Status: SUCCESS
	 - Description: "dereference failure: pointer NULL"
	 - Location: ../../runner/.rustup/toolchains/nightly-2025-11-05-x86_64-unknown-linux-gnu/lib/rustlib/src/rust/library/core/src/result.rs:553:16 in function <std::result::Result<(u128, u128, u128, u128), percolator::V16Error> as std::cmp::PartialEq>::eq

Check 48: <std::result::Result<(u128, u128, u128, u128), percolator::V16Error> as std::cmp::PartialEq>::eq.pointer_dereference.14
	 - Status: SUCCESS
	 - Description: "dereference failure: pointer invalid"
	 - Location: ../../runner/.rustup/toolchains/nightly-2025-11-05-x86_64-unknown-linux-gnu/lib/rustlib/src/rust/library/core/src/result.rs:553:16 in function <std::result::Result<(u128, u128, u128, u128), percolator::V16Error> as std::cmp::PartialEq>::eq

Check 49: <std::result::Result<(u128, u128, u128, u128), percolator::V16Error> as std::cmp::PartialEq>::eq.pointer_dereference.15
	 - Status: SUCCESS
	 - Description: "dereference failure: deallocated dynamic object"
	 - Location: ../../runner/.rustup/toolchains/nightly-2025-11-05-x86_64-unknown-linux-gnu/lib/rustlib/src/rust/library/core/src/result.rs:553:16 in function <std::result::Result<(u128, u128, u128, u128), percolator::V16Error> as std::cmp::PartialEq>::eq

Check 50: <std::result::Result<(u128, u128, u128, u128), percolator::V16Error> as std::cmp::PartialEq>::eq.pointer_dereference.16
	 - Status: SUCCESS
	 - Description: "dereference failure: dead object"
	 - Location: ../../runner/.rustup/toolchains/nightly-2025-11-05-x86_64-unknown-linux-gnu/lib/rustlib/src/rust/library/core/src/result.rs:553:16 in function <std::result::Result<(u128, u128, u128, u128), percolator::V16Error> as std::cmp::PartialEq>::eq

Check 51: <std::result::Result<(u128, u128, u128, u128), percolator::V16Error> as std::cmp::PartialEq>::eq.pointer_dereference.17
	 - Status: SUCCESS
	 - Description: "dereference failure: pointer outside object bounds"
	 - Location: ../../runner/.rustup/toolchains/nightly-2025-11-05-x86_64-unknown-linux-gnu/lib/rustlib/src/rust/library/core/src/result.rs:553:16 in function <std::result::Result<(u128, u128, u128, u128), percolator::V16Error> as std::cmp::PartialEq>::eq

Check 52: <std::result::Result<(u128, u128, u128, u128), percolator::V16Error> as std::cmp::PartialEq>::eq.pointer_dereference.18
	 - Status: SUCCESS
	 - Description: "dereference failure: invalid integer address"
	 - Location: ../../runner/.rustup/toolchains/nightly-2025-11-05-x86_64-unknown-linux-gnu/lib/rustlib/src/rust/library/core/src/result.rs:553:16 in function <std::result::Result<(u128, u128, u128, u128), percolator::V16Error> as std::cmp::PartialEq>::eq

Check 53: <std::result::Result<(u128, u128, u128, u128), percolator::V16Error> as std::cmp::PartialEq>::eq.pointer_dereference.19
	 - Status: SUCCESS
	 - Description: "dereference failure: pointer NULL"
	 - Location: ../../runner/.rustup/toolchains/nightly-2025-11-05-x86_64-unknown-linux-gnu/lib/rustlib/src/rust/library/core/src/result.rs:553:16 in function <std::result::Result<(u128, u128, u128, u128), percolator::V16Error> as std::cmp::PartialEq>::eq

Check 54: <std::result::Result<(u128, u128, u128, u128), percolator::V16Error> as std::cmp::PartialEq>::eq.pointer_dereference.20
	 - Status: SUCCESS
	 - Description: "dereference failure: pointer invalid"
	 - Location: ../../runner/.rustup/toolchains/nightly-2025-11-05-x86_64-unknown-linux-gnu/lib/rustlib/src/rust/library/core/src/result.rs:553:16 in function <std::result::Result<(u128, u128, u128, u128), percolator::V16Error> as std::cmp::PartialEq>::eq

Check 55: <std::result::Result<(u128, u128, u128, u128), percolator::V16Error> as std::cmp::PartialEq>::eq.pointer_dereference.21
	 - Status: SUCCESS
	 - Description: "dereference failure: deallocated dynamic object"
	 - Location: ../../runner/.rustup/toolchains/nightly-2025-11-05-x86_64-unknown-linux-gnu/lib/rustlib/src/rust/library/core/src/result.rs:553:16 in function <std::result::Result<(u128, u128, u128, u128), percolator::V16Error> as std::cmp::PartialEq>::eq

Check 56: <std::result::Result<(u128, u128, u128, u128), percolator::V16Error> as std::cmp::PartialEq>::eq.pointer_dereference.22
	 - Status: SUCCESS
	 - Description: "dereference failure: dead object"
	 - Location: ../../runner/.rustup/toolchains/nightly-2025-11-05-x86_64-unknown-linux-gnu/lib/rustlib/src/rust/library/core/src/result.rs:553:16 in function <std::result::Result<(u128, u128, u128, u128), percolator::V16Error> as std::cmp::PartialEq>::eq

Check 57: <std::result::Result<(u128, u128, u128, u128), percolator::V16Error> as std::cmp::PartialEq>::eq.pointer_dereference.23
	 - Status: SUCCESS
	 - Description: "dereference failure: pointer outside object bounds"
	 - Location: ../../runner/.rustup/toolchains/nightly-2025-11-05-x86_64-unknown-linux-gnu/lib/rustlib/src/rust/library/core/src/result.rs:553:16 in function <std::result::Result<(u128, u128, u128, u128), percolator::V16Error> as std::cmp::PartialEq>::eq

Check 58: <std::result::Result<(u128, u128, u128, u128), percolator::V16Error> as std::cmp::PartialEq>::eq.pointer_dereference.24
	 - Status: SUCCESS
	 - Description: "dereference failure: invalid integer address"
	 - Location: ../../runner/.rustup/toolchains/nightly-2025-11-05-x86_64-unknown-linux-gnu/lib/rustlib/src/rust/library/core/src/result.rs:553:16 in function <std::result::Result<(u128, u128, u128, u128), percolator::V16Error> as std::cmp::PartialEq>::eq

Check 59: <std::result::Result<(u128, u128, u128, u128), percolator::V16Error> as std::cmp::PartialEq>::eq.pointer_dereference.25
	 - Status: SUCCESS
	 - Description: "dereference failure: pointer NULL"
	 - Location: ../../runner/.rustup/toolchains/nightly-2025-11-05-x86_64-unknown-linux-gnu/lib/rustlib/src/rust/library/core/src/result.rs:553:16 in function <std::result::Result<(u128, u128, u128, u128), percolator::V16Error> as std::cmp::PartialEq>::eq

Check 60: <std::result::Result<(u128, u128, u128, u128), percolator::V16Error> as std::cmp::PartialEq>::eq.pointer_dereference.26
	 - Status: SUCCESS
	 - Description: "dereference failure: pointer invalid"
	 - Location: ../../runner/.rustup/toolchains/nightly-2025-11-05-x86_64-unknown-linux-gnu/lib/rustlib/src/rust/library/core/src/result.rs:553:16 in function <std::result::Result<(u128, u128, u128, u128), percolator::V16Error> as std::cmp::PartialEq>::eq

Check 61: <std::result::Result<(u128, u128, u128, u128), percolator::V16Error> as std::cmp::PartialEq>::eq.pointer_dereference.27
	 - Status: SUCCESS
	 - Description: "dereference failure: deallocated dynamic object"
	 - Location: ../../runner/.rustup/toolchains/nightly-2025-11-05-x86_64-unknown-linux-gnu/lib/rustlib/src/rust/library/core/src/result.rs:553:16 in function <std::result::Result<(u128, u128, u128, u128), percolator::V16Error> as std::cmp::PartialEq>::eq

Check 62: <std::result::Result<(u128, u128, u128, u128), percolator::V16Error> as std::cmp::PartialEq>::eq.pointer_dereference.28
	 - Status: SUCCESS
	 - Description: "dereference failure: dead object"
	 - Location: ../../runner/.rustup/toolchains/nightly-2025-11-05-x86_64-unknown-linux-gnu/lib/rustlib/src/rust/library/core/src/result.rs:553:16 in function <std::result::Result<(u128, u128, u128, u128), percolator::V16Error> as std::cmp::PartialEq>::eq

Check 63: <std::result::Result<(u128, u128, u128, u128), percolator::V16Error> as std::cmp::PartialEq>::eq.pointer_dereference.29
	 - Status: SUCCESS
	 - Description: "dereference failure: pointer outside object bounds"
	 - Location: ../../runner/.rustup/toolchains/nightly-2025-11-05-x86_64-unknown-linux-gnu/lib/rustlib/src/rust/library/core/src/result.rs:553:16 in function <std::result::Result<(u128, u128, u128, u128), percolator::V16Error> as std::cmp::PartialEq>::eq

Check 64: <std::result::Result<(u128, u128, u128, u128), percolator::V16Error> as std::cmp::PartialEq>::eq.pointer_dereference.30
	 - Status: SUCCESS
	 - Description: "dereference failure: invalid integer address"
	 - Location: ../../runner/.rustup/toolchains/nightly-2025-11-05-x86_64-unknown-linux-gnu/lib/rustlib/src/rust/library/core/src/result.rs:553:16 in function <std::result::Result<(u128, u128, u128, u128), percolator::V16Error> as std::cmp::PartialEq>::eq

Check 65: <std::option::Option<u128> as std::cmp::PartialEq>::eq.pointer_dereference.1
	 - Status: SUCCESS
	 - Description: "dereference failure: pointer NULL"
	 - Location: ../../runner/.rustup/toolchains/nightly-2025-11-05-x86_64-unknown-linux-gnu/lib/rustlib/src/rust/library/core/src/option.rs:2359:15 in function <std::option::Option<u128> as std::cmp::PartialEq>::eq

Check 66: <std::option::Option<u128> as std::cmp::PartialEq>::eq.pointer_dereference.2
	 - Status: SUCCESS
	 - Description: "dereference failure: pointer invalid"
	 - Location: ../../runner/.rustup/toolchains/nightly-2025-11-05-x86_64-unknown-linux-gnu/lib/rustlib/src/rust/library/core/src/option.rs:2359:15 in function <std::option::Option<u128> as std::cmp::PartialEq>::eq

Check 67: <std::option::Option<u128> as std::cmp::PartialEq>::eq.pointer_dereference.3
	 - Status: SUCCESS
	 - Description: "dereference failure: deallocated dynamic object"
	 - Location: ../../runner/.rustup/toolchains/nightly-2025-11-05-x86_64-unknown-linux-gnu/lib/rustlib/src/rust/library/core/src/option.rs:2359:15 in function <std::option::Option<u128> as std::cmp::PartialEq>::eq

Check 68: <std::option::Option<u128> as std::cmp::PartialEq>::eq.pointer_dereference.4
	 - Status: SUCCESS
	 - Description: "dereference failure: dead object"
	 - Location: ../../runner/.rustup/toolchains/nightly-2025-11-05-x86_64-unknown-linux-gnu/lib/rustlib/src/rust/library/core/src/option.rs:2359:15 in function <std::option::Option<u128> as std::cmp::PartialEq>::eq

Check 69: <std::option::Option<u128> as std::cmp::PartialEq>::eq.pointer_dereference.5
	 - Status: SUCCESS
	 - Description: "dereference failure: pointer outside object bounds"
	 - Location: ../../runner/.rustup/toolchains/nightly-2025-11-05-x86_64-unknown-linux-gnu/lib/rustlib/src/rust/library/core/src/option.rs:2359:15 in function <std::option::Option<u128> as std::cmp::PartialEq>::eq

Check 70: <std::option::Option<u128> as std::cmp::PartialEq>::eq.pointer_dereference.6
	 - Status: SUCCESS
	 - Description: "dereference failure: invalid integer address"
	 - Location: ../../runner/.rustup/toolchains/nightly-2025-11-05-x86_64-unknown-linux-gnu/lib/rustlib/src/rust/library/core/src/option.rs:2359:15 in function <std::option::Option<u128> as std::cmp::PartialEq>::eq

Check 71: <std::option::Option<u128> as std::cmp::PartialEq>::eq.pointer_dereference.7
	 - Status: SUCCESS
	 - Description: "dereference failure: pointer NULL"
	 - Location: ../../runner/.rustup/toolchains/nightly-2025-11-05-x86_64-unknown-linux-gnu/lib/rustlib/src/rust/library/core/src/option.rs:2359:15 in function <std::option::Option<u128> as std::cmp::PartialEq>::eq

Check 72: <std::option::Option<u128> as std::cmp::PartialEq>::eq.pointer_dereference.8
	 - Status: SUCCESS
	 - Description: "dereference failure: pointer invalid"
	 - Location: ../../runner/.rustup/toolchains/nightly-2025-11-05-x86_64-unknown-linux-gnu/lib/rustlib/src/rust/library/core/src/option.rs:2359:15 in function <std::option::Option<u128> as std::cmp::PartialEq>::eq

Check 73: <std::option::Option<u128> as std::cmp::PartialEq>::eq.pointer_dereference.9
	 - Status: SUCCESS
	 - Description: "dereference failure: deallocated dynamic object"
	 - Location: ../../runner/.rustup/toolchains/nightly-2025-11-05-x86_64-unknown-linux-gnu/lib/rustlib/src/rust/library/core/src/option.rs:2359:15 in function <std::option::Option<u128> as std::cmp::PartialEq>::eq

Check 74: <std::option::Option<u128> as std::cmp::PartialEq>::eq.pointer_dereference.10
	 - Status: SUCCESS
	 - Description: "dereference failure: dead object"
	 - Location: ../../runner/.rustup/toolchains/nightly-2025-11-05-x86_64-unknown-linux-gnu/lib/rustlib/src/rust/library/core/src/option.rs:2359:15 in function <std::option::Option<u128> as std::cmp::PartialEq>::eq

Check 75: <std::option::Option<u128> as std::cmp::PartialEq>::eq.pointer_dereference.11
	 - Status: SUCCESS
	 - Description: "dereference failure: pointer outside object bounds"
	 - Location: ../../runner/.rustup/toolchains/nightly-2025-11-05-x86_64-unknown-linux-gnu/lib/rustlib/src/rust/library/core/src/option.rs:2359:15 in function <std::option::Option<u128> as std::cmp::PartialEq>::eq

Check 76: <std::option::Option<u128> as std::cmp::PartialEq>::eq.pointer_dereference.12
	 - Status: SUCCESS
	 - Description: "dereference failure: invalid integer address"
	 - Location: ../../runner/.rustup/toolchains/nightly-2025-11-05-x86_64-unknown-linux-gnu/lib/rustlib/src/rust/library/core/src/option.rs:2359:15 in function <std::option::Option<u128> as std::cmp::PartialEq>::eq

Check 77: <std::option::Option<u128> as std::cmp::PartialEq>::eq.pointer_dereference.13
	 - Status: SUCCESS
	 - Description: "dereference failure: pointer NULL"
	 - Location: ../../runner/.rustup/toolchains/nightly-2025-11-05-x86_64-unknown-linux-gnu/lib/rustlib/src/rust/library/core/src/option.rs:2359:15 in function <std::option::Option<u128> as std::cmp::PartialEq>::eq

Check 78: <std::option::Option<u128> as std::cmp::PartialEq>::eq.pointer_dereference.14
	 - Status: SUCCESS
	 - Description: "dereference failure: pointer invalid"
	 - Location: ../../runner/.rustup/toolchains/nightly-2025-11-05-x86_64-unknown-linux-gnu/lib/rustlib/src/rust/library/core/src/option.rs:2359:15 in function <std::option::Option<u128> as std::cmp::PartialEq>::eq

Check 79: <std::option::Option<u128> as std::cmp::PartialEq>::eq.pointer_dereference.15
	 - Status: SUCCESS
	 - Description: "dereference failure: deallocated dynamic object"
	 - Location: ../../runner/.rustup/toolchains/nightly-2025-11-05-x86_64-unknown-linux-gnu/lib/rustlib/src/rust/library/core/src/option.rs:2359:15 in function <std::option::Option<u128> as std::cmp::PartialEq>::eq

Check 80: <std::option::Option<u128> as std::cmp::PartialEq>::eq.pointer_dereference.16
	 - Status: SUCCESS
	 - Description: "dereference failure: dead object"
	 - Location: ../../runner/.rustup/toolchains/nightly-2025-11-05-x86_64-unknown-linux-gnu/lib/rustlib/src/rust/library/core/src/option.rs:2359:15 in function <std::option::Option<u128> as std::cmp::PartialEq>::eq

Check 81: <std::option::Option<u128> as std::cmp::PartialEq>::eq.pointer_dereference.17
	 - Status: SUCCESS
	 - Description: "dereference failure: pointer outside object bounds"
	 - Location: ../../runner/.rustup/toolchains/nightly-2025-11-05-x86_64-unknown-linux-gnu/lib/rustlib/src/rust/library/core/src/option.rs:2359:15 in function <std::option::Option<u128> as std::cmp::PartialEq>::eq

Check 82: <std::option::Option<u128> as std::cmp::PartialEq>::eq.pointer_dereference.18
	 - Status: SUCCESS
	 - Description: "dereference failure: invalid integer address"
	 - Location: ../../runner/.rustup/toolchains/nightly-2025-11-05-x86_64-unknown-linux-gnu/lib/rustlib/src/rust/library/core/src/option.rs:2359:15 in function <std::option::Option<u128> as std::cmp::PartialEq>::eq

Check 83: std::cmp::impls::<impl std::cmp::PartialEq for u128>::eq.pointer_dereference.1
	 - Status: SUCCESS
	 - Description: "dereference failure: pointer NULL"
	 - Location: ../../runner/.rustup/toolchains/nightly-2025-11-05-x86_64-unknown-linux-gnu/lib/rustlib/src/rust/library/core/src/cmp.rs:1865:54 in function std::cmp::impls::<impl std::cmp::PartialEq for u128>::eq

Check 84: std::cmp::impls::<impl std::cmp::PartialEq for u128>::eq.pointer_dereference.2
	 - Status: SUCCESS
	 - Description: "dereference failure: pointer invalid"
	 - Location: ../../runner/.rustup/toolchains/nightly-2025-11-05-x86_64-unknown-linux-gnu/lib/rustlib/src/rust/library/core/src/cmp.rs:1865:54 in function std::cmp::impls::<impl std::cmp::PartialEq for u128>::eq

Check 85: std::cmp::impls::<impl std::cmp::PartialEq for u128>::eq.pointer_dereference.3
	 - Status: SUCCESS
	 - Description: "dereference failure: deallocated dynamic object"
	 - Location: ../../runner/.rustup/toolchains/nightly-2025-11-05-x86_64-unknown-linux-gnu/lib/rustlib/src/rust/library/core/src/cmp.rs:1865:54 in function std::cmp::impls::<impl std::cmp::PartialEq for u128>::eq

Check 86: std::cmp::impls::<impl std::cmp::PartialEq for u128>::eq.pointer_dereference.4
	 - Status: SUCCESS
	 - Description: "dereference failure: dead object"
	 - Location: ../../runner/.rustup/toolchains/nightly-2025-11-05-x86_64-unknown-linux-gnu/lib/rustlib/src/rust/library/core/src/cmp.rs:1865:54 in function std::cmp::impls::<impl std::cmp::PartialEq for u128>::eq

Check 87: std::cmp::impls::<impl std::cmp::PartialEq for u128>::eq.pointer_dereference.5
	 - Status: SUCCESS
	 - Description: "dereference failure: pointer outside object bounds"
	 - Location: ../../runner/.rustup/toolchains/nightly-2025-11-05-x86_64-unknown-linux-gnu/lib/rustlib/src/rust/library/core/src/cmp.rs:1865:54 in function std::cmp::impls::<impl std::cmp::PartialEq for u128>::eq

Check 88: std::cmp::impls::<impl std::cmp::PartialEq for u128>::eq.pointer_dereference.6
	 - Status: SUCCESS
	 - Description: "dereference failure: invalid integer address"
	 - Location: ../../runner/.rustup/toolchains/nightly-2025-11-05-x86_64-unknown-linux-gnu/lib/rustlib/src/rust/library/core/src/cmp.rs:1865:54 in function std::cmp::impls::<impl std::cmp::PartialEq for u128>::eq

Check 89: std::cmp::impls::<impl std::cmp::PartialEq for u128>::eq.pointer_dereference.7
	 - Status: SUCCESS
	 - Description: "dereference failure: pointer NULL"
	 - Location: ../../runner/.rustup/toolchains/nightly-2025-11-05-x86_64-unknown-linux-gnu/lib/rustlib/src/rust/library/core/src/cmp.rs:1865:63 in function std::cmp::impls::<impl std::cmp::PartialEq for u128>::eq

Check 90: std::cmp::impls::<impl std::cmp::PartialEq for u128>::eq.pointer_dereference.8
	 - Status: SUCCESS
	 - Description: "dereference failure: pointer invalid"
	 - Location: ../../runner/.rustup/toolchains/nightly-2025-11-05-x86_64-unknown-linux-gnu/lib/rustlib/src/rust/library/core/src/cmp.rs:1865:63 in function std::cmp::impls::<impl std::cmp::PartialEq for u128>::eq

Check 91: std::cmp::impls::<impl std::cmp::PartialEq for u128>::eq.pointer_dereference.9
	 - Status: SUCCESS
	 - Description: "dereference failure: deallocated dynamic object"
	 - Location: ../../runner/.rustup/toolchains/nightly-2025-11-05-x86_64-unknown-linux-gnu/lib/rustlib/src/rust/library/core/src/cmp.rs:1865:63 in function std::cmp::impls::<impl std::cmp::PartialEq for u128>::eq

Check 92: std::cmp::impls::<impl std::cmp::PartialEq for u128>::eq.pointer_dereference.10
	 - Status: SUCCESS
	 - Description: "dereference failure: dead object"
	 - Location: ../../runner/.rustup/toolchains/nightly-2025-11-05-x86_64-unknown-linux-gnu/lib/rustlib/src/rust/library/core/src/cmp.rs:1865:63 in function std::cmp::impls::<impl std::cmp::PartialEq for u128>::eq

Check 93: std::cmp::impls::<impl std::cmp::PartialEq for u128>::eq.pointer_dereference.11
	 - Status: SUCCESS
	 - Description: "dereference failure: pointer outside object bounds"
	 - Location: ../../runner/.rustup/toolchains/nightly-2025-11-05-x86_64-unknown-linux-gnu/lib/rustlib/src/rust/library/core/src/cmp.rs:1865:63 in function std::cmp::impls::<impl std::cmp::PartialEq for u128>::eq

Check 94: std::cmp::impls::<impl std::cmp::PartialEq for u128>::eq.pointer_dereference.12
	 - Status: SUCCESS
	 - Description: "dereference failure: invalid integer address"
	 - Location: ../../runner/.rustup/toolchains/nightly-2025-11-05-x86_64-unknown-linux-gnu/lib/rustlib/src/rust/library/core/src/cmp.rs:1865:63 in function std::cmp::impls::<impl std::cmp::PartialEq for u128>::eq

Check 95: std::cmp::impls::<impl std::cmp::PartialEq for &(u128, u128, u128, u128)>::eq.pointer_dereference.1
	 - Status: SUCCESS
	 - Description: "dereference failure: pointer NULL"
	 - Location: ../../runner/.rustup/toolchains/nightly-2025-11-05-x86_64-unknown-linux-gnu/lib/rustlib/src/rust/library/core/src/cmp.rs:2090:27 in function std::cmp::impls::<impl std::cmp::PartialEq for &(u128, u128, u128, u128)>::eq

Check 96: std::cmp::impls::<impl std::cmp::PartialEq for &(u128, u128, u128, u128)>::eq.pointer_dereference.2
	 - Status: SUCCESS
	 - Description: "dereference failure: pointer invalid"
	 - Location: ../../runner/.rustup/toolchains/nightly-2025-11-05-x86_64-unknown-linux-gnu/lib/rustlib/src/rust/library/core/src/cmp.rs:2090:27 in function std::cmp::impls::<impl std::cmp::PartialEq for &(u128, u128, u128, u128)>::eq

Check 97: std::cmp::impls::<impl std::cmp::PartialEq for &(u128, u128, u128, u128)>::eq.pointer_dereference.3
	 - Status: SUCCESS
	 - Description: "dereference failure: deallocated dynamic object"
	 - Location: ../../runner/.rustup/toolchains/nightly-2025-11-05-x86_64-unknown-linux-gnu/lib/rustlib/src/rust/library/core/src/cmp.rs:2090:27 in function std::cmp::impls::<impl std::cmp::PartialEq for &(u128, u128, u128, u128)>::eq

Check 98: std::cmp::impls::<impl std::cmp::PartialEq for &(u128, u128, u128, u128)>::eq.pointer_dereference.4
	 - Status: SUCCESS
	 - Description: "dereference failure: dead object"
	 - Location: ../../runner/.rustup/toolchains/nightly-2025-11-05-x86_64-unknown-linux-gnu/lib/rustlib/src/rust/library/core/src/cmp.rs:2090:27 in function std::cmp::impls::<impl std::cmp::PartialEq for &(u128, u128, u128, u128)>::eq

Check 99: std::cmp::impls::<impl std::cmp::PartialEq for &(u128, u128, u128, u128)>::eq.pointer_dereference.5
	 - Status: SUCCESS
	 - Description: "dereference failure: pointer outside object bounds"
	 - Location: ../../runner/.rustup/toolchains/nightly-2025-11-05-x86_64-unknown-linux-gnu/lib/rustlib/src/rust/library/core/src/cmp.rs:2090:27 in function std::cmp::impls::<impl std::cmp::PartialEq for &(u128, u128, u128, u128)>::eq

Check 100: std::cmp::impls::<impl std::cmp::PartialEq for &(u128, u128, u128, u128)>::eq.pointer_dereference.6
	 - Status: SUCCESS
	 - Description: "dereference failure: invalid integer address"
	 - Location: ../../runner/.rustup/toolchains/nightly-2025-11-05-x86_64-unknown-linux-gnu/lib/rustlib/src/rust/library/core/src/cmp.rs:2090:27 in function std::cmp::impls::<impl std::cmp::PartialEq for &(u128, u128, u128, u128)>::eq

Check 101: std::cmp::impls::<impl std::cmp::PartialEq for &(u128, u128, u128, u128)>::eq.pointer_dereference.7
	 - Status: SUCCESS
	 - Description: "dereference failure: pointer NULL"
	 - Location: ../../runner/.rustup/toolchains/nightly-2025-11-05-x86_64-unknown-linux-gnu/lib/rustlib/src/rust/library/core/src/cmp.rs:2090:34 in function std::cmp::impls::<impl std::cmp::PartialEq for &(u128, u128, u128, u128)>::eq

Check 102: std::cmp::impls::<impl std::cmp::PartialEq for &(u128, u128, u128, u128)>::eq.pointer_dereference.8
	 - Status: SUCCESS
	 - Description: "dereference failure: pointer invalid"
	 - Location: ../../runner/.rustup/toolchains/nightly-2025-11-05-x86_64-unknown-linux-gnu/lib/rustlib/src/rust/library/core/src/cmp.rs:2090:34 in function std::cmp::impls::<impl std::cmp::PartialEq for &(u128, u128, u128, u128)>::eq

Check 103: std::cmp::impls::<impl std::cmp::PartialEq for &(u128, u128, u128, u128)>::eq.pointer_dereference.9
	 - Status: SUCCESS
	 - Description: "dereference failure: deallocated dynamic object"
	 - Location: ../../runner/.rustup/toolchains/nightly-2025-11-05-x86_64-unknown-linux-gnu/lib/rustlib/src/rust/library/core/src/cmp.rs:2090:34 in function std::cmp::impls::<impl std::cmp::PartialEq for &(u128, u128, u128, u128)>::eq

Check 104: std::cmp::impls::<impl std::cmp::PartialEq for &(u128, u128, u128, u128)>::eq.pointer_dereference.10
	 - Status: SUCCESS
	 - Description: "dereference failure: dead object"
	 - Location: ../../runner/.rustup/toolchains/nightly-2025-11-05-x86_64-unknown-linux-gnu/lib/rustlib/src/rust/library/core/src/cmp.rs:2090:34 in function std::cmp::impls::<impl std::cmp::PartialEq for &(u128, u128, u128, u128)>::eq

Check 105: std::cmp::impls::<impl std::cmp::PartialEq for &(u128, u128, u128, u128)>::eq.pointer_dereference.11
	 - Status: SUCCESS
	 - Description: "dereference failure: pointer outside object bounds"
	 - Location: ../../runner/.rustup/toolchains/nightly-2025-11-05-x86_64-unknown-linux-gnu/lib/rustlib/src/rust/library/core/src/cmp.rs:2090:34 in function std::cmp::impls::<impl std::cmp::PartialEq for &(u128, u128, u128, u128)>::eq

Check 106: std::cmp::impls::<impl std::cmp::PartialEq for &(u128, u128, u128, u128)>::eq.pointer_dereference.12
	 - Status: SUCCESS
	 - Description: "dereference failure: invalid integer address"
	 - Location: ../../runner/.rustup/toolchains/nightly-2025-11-05-x86_64-unknown-linux-gnu/lib/rustlib/src/rust/library/core/src/cmp.rs:2090:34 in function std::cmp::impls::<impl std::cmp::PartialEq for &(u128, u128, u128, u128)>::eq

Check 107: std::option::Option::<u128>::is_some.pointer_dereference.1
	 - Status: SUCCESS
	 - Description: "dereference failure: pointer NULL"
	 - Location: ../../runner/.rustup/toolchains/nightly-2025-11-05-x86_64-unknown-linux-gnu/lib/rustlib/src/rust/library/core/src/option.rs:635:18 in function std::option::Option::<u128>::is_some

Check 108: std::option::Option::<u128>::is_some.pointer_dereference.2
	 - Status: SUCCESS
	 - Description: "dereference failure: pointer invalid"
	 - Location: ../../runner/.rustup/toolchains/nightly-2025-11-05-x86_64-unknown-linux-gnu/lib/rustlib/src/rust/library/core/src/option.rs:635:18 in function std::option::Option::<u128>::is_some

Check 109: std::option::Option::<u128>::is_some.pointer_dereference.3
	 - Status: SUCCESS
	 - Description: "dereference failure: deallocated dynamic object"
	 - Location: ../../runner/.rustup/toolchains/nightly-2025-11-05-x86_64-unknown-linux-gnu/lib/rustlib/src/rust/library/core/src/option.rs:635:18 in function std::option::Option::<u128>::is_some

Check 110: std::option::Option::<u128>::is_some.pointer_dereference.4
	 - Status: SUCCESS
	 - Description: "dereference failure: dead object"
	 - Location: ../../runner/.rustup/toolchains/nightly-2025-11-05-x86_64-unknown-linux-gnu/lib/rustlib/src/rust/library/core/src/option.rs:635:18 in function std::option::Option::<u128>::is_some

Check 111: std::option::Option::<u128>::is_some.pointer_dereference.5
	 - Status: SUCCESS
	 - Description: "dereference failure: pointer outside object bounds"
	 - Location: ../../runner/.rustup/toolchains/nightly-2025-11-05-x86_64-unknown-linux-gnu/lib/rustlib/src/rust/library/core/src/option.rs:635:18 in function std::option::Option::<u128>::is_some

Check 112: std::option::Option::<u128>::is_some.pointer_dereference.6
	 - Status: SUCCESS
	 - Description: "dereference failure: invalid integer address"
	 - Location: ../../runner/.rustup/toolchains/nightly-2025-11-05-x86_64-unknown-linux-gnu/lib/rustlib/src/rust/library/core/src/option.rs:635:18 in function std::option::Option::<u128>::is_some

Check 113: std::result::Result::<(u128, u128, u128, u128), percolator::V16Error>::is_ok.pointer_dereference.1
	 - Status: SUCCESS
	 - Description: "dereference failure: pointer NULL"
	 - Location: ../../runner/.rustup/toolchains/nightly-2025-11-05-x86_64-unknown-linux-gnu/lib/rustlib/src/rust/library/core/src/result.rs:594:18 in function std::result::Result::<(u128, u128, u128, u128), percolator::V16Error>::is_ok

Check 114: std::result::Result::<(u128, u128, u128, u128), percolator::V16Error>::is_ok.pointer_dereference.2
	 - Status: SUCCESS
	 - Description: "dereference failure: pointer invalid"
	 - Location: ../../runner/.rustup/toolchains/nightly-2025-11-05-x86_64-unknown-linux-gnu/lib/rustlib/src/rust/library/core/src/result.rs:594:18 in function std::result::Result::<(u128, u128, u128, u128), percolator::V16Error>::is_ok

Check 115: std::result::Result::<(u128, u128, u128, u128), percolator::V16Error>::is_ok.pointer_dereference.3
	 - Status: SUCCESS
	 - Description: "dereference failure: deallocated dynamic object"
	 - Location: ../../runner/.rustup/toolchains/nightly-2025-11-05-x86_64-unknown-linux-gnu/lib/rustlib/src/rust/library/core/src/result.rs:594:18 in function std::result::Result::<(u128, u128, u128, u128), percolator::V16Error>::is_ok

Check 116: std::result::Result::<(u128, u128, u128, u128), percolator::V16Error>::is_ok.pointer_dereference.4
	 - Status: SUCCESS
	 - Description: "dereference failure: dead object"
	 - Location: ../../runner/.rustup/toolchains/nightly-2025-11-05-x86_64-unknown-linux-gnu/lib/rustlib/src/rust/library/core/src/result.rs:594:18 in function std::result::Result::<(u128, u128, u128, u128), percolator::V16Error>::is_ok

Check 117: std::result::Result::<(u128, u128, u128, u128), percolator::V16Error>::is_ok.pointer_dereference.5
	 - Status: SUCCESS
	 - Description: "dereference failure: pointer outside object bounds"
	 - Location: ../../runner/.rustup/toolchains/nightly-2025-11-05-x86_64-unknown-linux-gnu/lib/rustlib/src/rust/library/core/src/result.rs:594:18 in function std::result::Result::<(u128, u128, u128, u128), percolator::V16Error>::is_ok

Check 118: std::result::Result::<(u128, u128, u128, u128), percolator::V16Error>::is_ok.pointer_dereference.6
	 - Status: SUCCESS
	 - Description: "dereference failure: invalid integer address"
	 - Location: ../../runner/.rustup/toolchains/nightly-2025-11-05-x86_64-unknown-linux-gnu/lib/rustlib/src/rust/library/core/src/result.rs:594:18 in function std::result::Result::<(u128, u128, u128, u128), percolator::V16Error>::is_ok

Check 119: <percolator::V16Error as std::cmp::PartialEq>::eq.pointer_dereference.1
	 - Status: SUCCESS
	 - Description: "dereference failure: pointer NULL"
	 - Location: src/v16.rs:166:30 in function <percolator::V16Error as std::cmp::PartialEq>::eq

Check 120: <percolator::V16Error as std::cmp::PartialEq>::eq.pointer_dereference.2
	 - Status: SUCCESS
	 - Description: "dereference failure: pointer invalid"
	 - Location: src/v16.rs:166:30 in function <percolator::V16Error as std::cmp::PartialEq>::eq

Check 121: <percolator::V16Error as std::cmp::PartialEq>::eq.pointer_dereference.3
	 - Status: SUCCESS
	 - Description: "dereference failure: deallocated dynamic object"
	 - Location: src/v16.rs:166:30 in function <percolator::V16Error as std::cmp::PartialEq>::eq

Check 122: <percolator::V16Error as std::cmp::PartialEq>::eq.pointer_dereference.4
	 - Status: SUCCESS
	 - Description: "dereference failure: dead object"
	 - Location: src/v16.rs:166:30 in function <percolator::V16Error as std::cmp::PartialEq>::eq

Check 123: <percolator::V16Error as std::cmp::PartialEq>::eq.pointer_dereference.5
	 - Status: SUCCESS
	 - Description: "dereference failure: pointer outside object bounds"
	 - Location: src/v16.rs:166:30 in function <percolator::V16Error as std::cmp::PartialEq>::eq

Check 124: <percolator::V16Error as std::cmp::PartialEq>::eq.pointer_dereference.6
	 - Status: SUCCESS
	 - Description: "dereference failure: invalid integer address"
	 - Location: src/v16.rs:166:30 in function <percolator::V16Error as std::cmp::PartialEq>::eq

Check 125: <percolator::V16Error as std::cmp::PartialEq>::eq.pointer_dereference.7
	 - Status: SUCCESS
	 - Description: "dereference failure: pointer NULL"
	 - Location: src/v16.rs:166:30 in function <percolator::V16Error as std::cmp::PartialEq>::eq

Check 126: <percolator::V16Error as std::cmp::PartialEq>::eq.pointer_dereference.8
	 - Status: SUCCESS
	 - Description: "dereference failure: pointer invalid"
	 - Location: src/v16.rs:166:30 in function <percolator::V16Error as std::cmp::PartialEq>::eq

Check 127: <percolator::V16Error as std::cmp::PartialEq>::eq.pointer_dereference.9
	 - Status: SUCCESS
	 - Description: "dereference failure: deallocated dynamic object"
	 - Location: src/v16.rs:166:30 in function <percolator::V16Error as std::cmp::PartialEq>::eq

Check 128: <percolator::V16Error as std::cmp::PartialEq>::eq.pointer_dereference.10
	 - Status: SUCCESS
	 - Description: "dereference failure: dead object"
	 - Location: src/v16.rs:166:30 in function <percolator::V16Error as std::cmp::PartialEq>::eq

Check 129: <percolator::V16Error as std::cmp::PartialEq>::eq.pointer_dereference.11
	 - Status: SUCCESS
	 - Description: "dereference failure: pointer outside object bounds"
	 - Location: src/v16.rs:166:30 in function <percolator::V16Error as std::cmp::PartialEq>::eq

Check 130: <percolator::V16Error as std::cmp::PartialEq>::eq.pointer_dereference.12
	 - Status: SUCCESS
	 - Description: "dereference failure: invalid integer address"
	 - Location: src/v16.rs:166:30 in function <percolator::V16Error as std::cmp::PartialEq>::eq

Check 131: std::cmp::impls::<impl std::cmp::PartialEq for &percolator::V16Error>::eq.pointer_dereference.1
	 - Status: SUCCESS
	 - Description: "dereference failure: pointer NULL"
	 - Location: ../../runner/.rustup/toolchains/nightly-2025-11-05-x86_64-unknown-linux-gnu/lib/rustlib/src/rust/library/core/src/cmp.rs:2090:27 in function std::cmp::impls::<impl std::cmp::PartialEq for &percolator::V16Error>::eq

Check 132: std::cmp::impls::<impl std::cmp::PartialEq for &percolator::V16Error>::eq.pointer_dereference.2
	 - Status: SUCCESS
	 - Description: "dereference failure: pointer invalid"
	 - Location: ../../runner/.rustup/toolchains/nightly-2025-11-05-x86_64-unknown-linux-gnu/lib/rustlib/src/rust/library/core/src/cmp.rs:2090:27 in function std::cmp::impls::<impl std::cmp::PartialEq for &percolator::V16Error>::eq

Check 133: std::cmp::impls::<impl std::cmp::PartialEq for &percolator::V16Error>::eq.pointer_dereference.3
	 - Status: SUCCESS
	 - Description: "dereference failure: deallocated dynamic object"
	 - Location: ../../runner/.rustup/toolchains/nightly-2025-11-05-x86_64-unknown-linux-gnu/lib/rustlib/src/rust/library/core/src/cmp.rs:2090:27 in function std::cmp::impls::<impl std::cmp::PartialEq for &percolator::V16Error>::eq

Check 134: std::cmp::impls::<impl std::cmp::PartialEq for &percolator::V16Error>::eq.pointer_dereference.4
	 - Status: SUCCESS
	 - Description: "dereference failure: dead object"
	 - Location: ../../runner/.rustup/toolchains/nightly-2025-11-05-x86_64-unknown-linux-gnu/lib/rustlib/src/rust/library/core/src/cmp.rs:2090:27 in function std::cmp::impls::<impl std::cmp::PartialEq for &percolator::V16Error>::eq

Check 135: std::cmp::impls::<impl std::cmp::PartialEq for &percolator::V16Error>::eq.pointer_dereference.5
	 - Status: SUCCESS
	 - Description: "dereference failure: pointer outside object bounds"
	 - Location: ../../runner/.rustup/toolchains/nightly-2025-11-05-x86_64-unknown-linux-gnu/lib/rustlib/src/rust/library/core/src/cmp.rs:2090:27 in function std::cmp::impls::<impl std::cmp::PartialEq for &percolator::V16Error>::eq

Check 136: std::cmp::impls::<impl std::cmp::PartialEq for &percolator::V16Error>::eq.pointer_dereference.6
	 - Status: SUCCESS
	 - Description: "dereference failure: invalid integer address"
	 - Location: ../../runner/.rustup/toolchains/nightly-2025-11-05-x86_64-unknown-linux-gnu/lib/rustlib/src/rust/library/core/src/cmp.rs:2090:27 in function std::cmp::impls::<impl std::cmp::PartialEq for &percolator::V16Error>::eq

Check 137: std::cmp::impls::<impl std::cmp::PartialEq for &percolator::V16Error>::eq.pointer_dereference.7
	 - Status: SUCCESS
	 - Description: "dereference failure: pointer NULL"
	 - Location: ../../runner/.rustup/toolchains/nightly-2025-11-05-x86_64-unknown-linux-gnu/lib/rustlib/src/rust/library/core/src/cmp.rs:2090:34 in function std::cmp::impls::<impl std::cmp::PartialEq for &percolator::V16Error>::eq

Check 138: std::cmp::impls::<impl std::cmp::PartialEq for &percolator::V16Error>::eq.pointer_dereference.8
	 - Status: SUCCESS
	 - Description: "dereference failure: pointer invalid"
	 - Location: ../../runner/.rustup/toolchains/nightly-2025-11-05-x86_64-unknown-linux-gnu/lib/rustlib/src/rust/library/core/src/cmp.rs:2090:34 in function std::cmp::impls::<impl std::cmp::PartialEq for &percolator::V16Error>::eq

Check 139: std::cmp::impls::<impl std::cmp::PartialEq for &percolator::V16Error>::eq.pointer_dereference.9
	 - Status: SUCCESS
	 - Description: "dereference failure: deallocated dynamic object"
	 - Location: ../../runner/.rustup/toolchains/nightly-2025-11-05-x86_64-unknown-linux-gnu/lib/rustlib/src/rust/library/core/src/cmp.rs:2090:34 in function std::cmp::impls::<impl std::cmp::PartialEq for &percolator::V16Error>::eq

Check 140: std::cmp::impls::<impl std::cmp::PartialEq for &percolator::V16Error>::eq.pointer_dereference.10
	 - Status: SUCCESS
	 - Description: "dereference failure: dead object"
	 - Location: ../../runner/.rustup/toolchains/nightly-2025-11-05-x86_64-unknown-linux-gnu/lib/rustlib/src/rust/library/core/src/cmp.rs:2090:34 in function std::cmp::impls::<impl std::cmp::PartialEq for &percolator::V16Error>::eq

Check 141: std::cmp::impls::<impl std::cmp::PartialEq for &percolator::V16Error>::eq.pointer_dereference.11
	 - Status: SUCCESS
	 - Description: "dereference failure: pointer outside object bounds"
	 - Location: ../../runner/.rustup/toolchains/nightly-2025-11-05-x86_64-unknown-linux-gnu/lib/rustlib/src/rust/library/core/src/cmp.rs:2090:34 in function std::cmp::impls::<impl std::cmp::PartialEq for &percolator::V16Error>::eq

Check 142: std::cmp::impls::<impl std::cmp::PartialEq for &percolator::V16Error>::eq.pointer_dereference.12
	 - Status: SUCCESS
	 - Description: "dereference failure: invalid integer address"
	 - Location: ../../runner/.rustup/toolchains/nightly-2025-11-05-x86_64-unknown-linux-gnu/lib/rustlib/src/rust/library/core/src/cmp.rs:2090:34 in function std::cmp::impls::<impl std::cmp::PartialEq for &percolator::V16Error>::eq


SUMMARY:
 ** 0 of 139 failed

 ** 3 of 3 cover properties satisfied


VERIFICATION:- SUCCESSFUL
Verification Time: 2.0022826s

Manual Harness Summary:
Complete - 1 successfully verified harnesses, 0 failures, 1 total.
