Kani Rust Verifier 0.66.0 (cargo plugin)
   Compiling percolator v0.1.1 (/home/anatoly/percolator)
    Finished `test` profile [unoptimized + debuginfo] target(s) in 0.94s
   Compiling percolator v0.1.1 (/home/anatoly/percolator)
    Finished `test` profile [unoptimized + debuginfo] target(s) in 0.12s
   Compiling percolator v0.1.1 (/home/anatoly/percolator)
warning: unused imports: `MarketGroupV16View` and `TradeRequestV16`
  --> tests/proofs_v16.rs:22:42
   |
22 |     Market, MarketGroupV16HeaderAccount, MarketGroupV16View, MarketGroupV16ViewMut,
   |                                          ^^^^^^^^^^^^^^^^^^
...
31 |     TradeRequestV16,
   |     ^^^^^^^^^^^^^^^
   |
   = note: `#[warn(unused_imports)]` (part of `#[warn(unused)]`) on by default

    Finished `test` profile [unoptimized + debuginfo] target(s) in 0.90s
   Compiling percolator v0.1.1 (/home/anatoly/percolator)
    Finished `test` profile [unoptimized + debuginfo] target(s) in 0.06s
   Compiling percolator v0.1.1 (/home/anatoly/percolator)
    Finished `test` profile [unoptimized + debuginfo] target(s) in 0.07s
   Compiling percolator v0.1.1 (/home/anatoly/percolator)
warning: unused import: `BOUND_SCALE`
  --> tests/rounding_residue_fuzz.rs:11:18
   |
11 | use percolator::{BOUND_SCALE, CREDIT_RATE_SCALE, POS_SCALE};
   |                  ^^^^^^^^^^^
   |
   = note: `#[warn(unused_imports)]` (part of `#[warn(unused)]`) on by default

    Finished `test` profile [unoptimized + debuginfo] target(s) in 0.08s
   Compiling percolator v0.1.1 (/home/anatoly/percolator)
    Finished `test` profile [unoptimized + debuginfo] target(s) in 0.07s
   Compiling percolator v0.1.1 (/home/anatoly/percolator)
    Finished `test` profile [unoptimized + debuginfo] target(s) in 0.14s
Checking harness proof_v16_position_delta_risk_classifier_matches_abs_exposure_change...
CBMC 6.8.0 (cbmc-6.8.0)
CBMC version 6.8.0 (cbmc-6.8.0) 64-bit x86_64 linux
Reading GOTO program from file /home/anatoly/percolator/target/kani-verify/kani/x86_64-unknown-linux-gnu/debug/deps/proofs_v16-39ade8107408dba2__RNvCs35DYgTG8RvC_10proofs_v1668proof_v16_position_delta_risk_classifier_matches_abs_exposure_change.out
Generating GOTO Program
Adding CPROVER library (x86_64)
Removal of function pointers and virtual functions
Generic Property Instrumentation
Running with 16 object bits, 48 offset bits (user-specified)
Starting Bounded Model Checking
aborting path on assume(false) at file /home/runner/.rustup/toolchains/nightly-2025-11-05-x86_64-unknown-linux-gnu/lib/rustlib/src/rust/library/core/src/option.rs line 1337 column 15 function std::option::Option::<i128>::ok_or::<percolator::V16Error> thread 0
aborting path on assume(false) at file /home/runner/.rustup/toolchains/nightly-2025-11-05-x86_64-unknown-linux-gnu/lib/rustlib/src/rust/library/core/src/result.rs line 2168 column 15 function <std::result::Result<i128, percolator::V16Error> as std::ops::Try>::branch thread 0
aborting path on assume(false) at file /home/runner/.rustup/toolchains/nightly-2025-11-05-x86_64-unknown-linux-gnu/lib/rustlib/src/rust/library/core/src/result.rs line 2168 column 15 function <std::result::Result<(), percolator::V16Error> as std::ops::Try>::branch thread 0
aborting path on assume(false) at file tests/proofs_v16.rs line 0 column 0 function percolator::v16::position_delta_increases_risk thread 0
aborting path on assume(false) at file tests/proofs_v16.rs line 0 column 0 function <std::result::Result<bool, percolator::V16Error> as std::cmp::PartialEq>::eq thread 0
aborting path on assume(false) at file tests/proofs_v16.rs line 0 column 0 function <std::result::Result<bool, percolator::V16Error> as std::cmp::PartialEq>::eq thread 0
aborting path on assume(false) at file tests/proofs_v16.rs line 3090 column 29 function proof_v16_position_delta_risk_classifier_matches_abs_exposure_change thread 0
aborting path on assume(false) at file /home/runner/.rustup/toolchains/nightly-2025-11-05-x86_64-unknown-linux-gnu/lib/rustlib/src/rust/library/core/src/option.rs line 1013 column 15 function std::option::Option::<i128>::unwrap thread 0
aborting path on assume(false) at file /home/runner/.rustup/toolchains/nightly-2025-11-05-x86_64-unknown-linux-gnu/lib/rustlib/src/rust/library/core/src/option.rs line 2174 column 5 function std::option::unwrap_failed thread 0
aborting path on assume(false) at file /home/runner/.rustup/toolchains/nightly-2025-11-05-x86_64-unknown-linux-gnu/lib/rustlib/src/rust/library/core/src/option.rs line 1015 column 21 function std::option::Option::<i128>::unwrap thread 0
Runtime Symex: 0.0374136s
size of program expression: 3084 steps
slicing removed 1804 assignments
Generated 142 VCC(s), 23 remaining after simplification
Runtime Postprocess Equation: 0.000387341s
Passing problem to propositional reduction
converting SSA
Runtime Convert SSA: 0.00919616s
Running propositional reduction
Post-processing
Runtime Post-process: 5.047e-06s
Solving with CaDiCaL 2.0.0
19509 variables, 48628 clauses
SAT checker: instance is SATISFIABLE
Runtime Solver: 0.00126209s
Runtime decision procedure: 0.0107019s
Running propositional reduction
Solving with CaDiCaL 2.0.0
19510 variables, 48629 clauses
SAT checker: instance is SATISFIABLE
Runtime Solver: 0.0153664s
Runtime decision procedure: 0.015487s
Running propositional reduction
Solving with CaDiCaL 2.0.0
19511 variables, 48630 clauses
SAT checker: instance is SATISFIABLE
Runtime Solver: 0.13204s
Runtime decision procedure: 0.132313s
Running propositional reduction
Solving with CaDiCaL 2.0.0
19512 variables, 48631 clauses
SAT checker: instance is SATISFIABLE
Runtime Solver: 0.00565837s
Runtime decision procedure: 0.0059574s
Running propositional reduction
Solving with CaDiCaL 2.0.0
19513 variables, 48632 clauses
SAT checker: instance is UNSATISFIABLE
Runtime Solver: 0.187527s
Runtime decision procedure: 0.187577s

RESULTS:
Check 1: proof_v16_position_delta_risk_classifier_matches_abs_exposure_change.cover.1
	 - Status: SATISFIED
	 - Description: "risk classifier covers same-side exposure increase"
	 - Location: tests/proofs_v16.rs:3096:5 in function proof_v16_position_delta_risk_classifier_matches_abs_exposure_change

Check 2: proof_v16_position_delta_risk_classifier_matches_abs_exposure_change.cover.2
	 - Status: SATISFIED
	 - Description: "risk classifier covers risk reduction or side flip"
	 - Location: tests/proofs_v16.rs:3100:5 in function proof_v16_position_delta_risk_classifier_matches_abs_exposure_change

Check 3: proof_v16_position_delta_risk_classifier_matches_abs_exposure_change.cover.3
	 - Status: SATISFIED
	 - Description: "risk classifier covers invalid next-position rejection"
	 - Location: tests/proofs_v16.rs:3104:5 in function proof_v16_position_delta_risk_classifier_matches_abs_exposure_change

Check 4: proof_v16_position_delta_risk_classifier_matches_abs_exposure_change.assertion.1
	 - Status: SUCCESS
	 - Description: "assertion failed: result.is_ok() == expected_ok"
	 - Location: tests/proofs_v16.rs:3108:5 in function proof_v16_position_delta_risk_classifier_matches_abs_exposure_change

Check 5: proof_v16_position_delta_risk_classifier_matches_abs_exposure_change.unreachable.1
	 - Status: SUCCESS
	 - Description: "unreachable code"
	 - Location: tests/proofs_v16.rs:3090:29 in function proof_v16_position_delta_risk_classifier_matches_abs_exposure_change

Check 6: proof_v16_position_delta_risk_classifier_matches_abs_exposure_change.assertion.2
	 - Status: SUCCESS
	 - Description: "assertion failed: increases == next.unsigned_abs() > current.unsigned_abs()"
	 - Location: tests/proofs_v16.rs:3111:9 in function proof_v16_position_delta_risk_classifier_matches_abs_exposure_change

Check 7: proof_v16_position_delta_risk_classifier_matches_abs_exposure_change.assertion.3
	 - Status: SUCCESS
	 - Description: "assertion failed: increases == next != 0"
	 - Location: tests/proofs_v16.rs:3113:13 in function proof_v16_position_delta_risk_classifier_matches_abs_exposure_change

Check 8: proof_v16_position_delta_risk_classifier_matches_abs_exposure_change.assertion.4
	 - Status: SUCCESS
	 - Description: "assertion failed: next != 0"
	 - Location: tests/proofs_v16.rs:3116:13 in function proof_v16_position_delta_risk_classifier_matches_abs_exposure_change

Check 9: <std::result::Result<i128, percolator::V16Error> as std::ops::Try>::branch.unreachable.1
	 - Status: SUCCESS
	 - Description: "unreachable code"
	 - Location: ../../runner/.rustup/toolchains/nightly-2025-11-05-x86_64-unknown-linux-gnu/lib/rustlib/src/rust/library/core/src/result.rs:2168:15 in function <std::result::Result<i128, percolator::V16Error> as std::ops::Try>::branch

Check 10: percolator::v16::position_delta_increases_risk.unreachable.1
	 - Status: SUCCESS
	 - Description: "unreachable code"
	 - Location: tests/proofs_v16.rs:0:0 in function percolator::v16::position_delta_increases_risk

Check 11: <std::result::Result<(), percolator::V16Error> as std::ops::Try>::branch.unreachable.1
	 - Status: SUCCESS
	 - Description: "unreachable code"
	 - Location: ../../runner/.rustup/toolchains/nightly-2025-11-05-x86_64-unknown-linux-gnu/lib/rustlib/src/rust/library/core/src/result.rs:2168:15 in function <std::result::Result<(), percolator::V16Error> as std::ops::Try>::branch

Check 12: std::option::Option::<i128>::ok_or::<percolator::V16Error>.unreachable.1
	 - Status: SUCCESS
	 - Description: "unreachable code"
	 - Location: ../../runner/.rustup/toolchains/nightly-2025-11-05-x86_64-unknown-linux-gnu/lib/rustlib/src/rust/library/core/src/option.rs:1337:15 in function std::option::Option::<i128>::ok_or::<percolator::V16Error>

Check 13: std::option::Option::<i128>::unwrap.unreachable.1
	 - Status: SUCCESS
	 - Description: "unreachable code"
	 - Location: ../../runner/.rustup/toolchains/nightly-2025-11-05-x86_64-unknown-linux-gnu/lib/rustlib/src/rust/library/core/src/option.rs:1013:15 in function std::option::Option::<i128>::unwrap

Check 14: <std::result::Result<bool, percolator::V16Error> as std::cmp::PartialEq>::eq.unreachable.1
	 - Status: SUCCESS
	 - Description: "unreachable code"
	 - Location: tests/proofs_v16.rs:0:0 in function <std::result::Result<bool, percolator::V16Error> as std::cmp::PartialEq>::eq

Check 15: std::option::unwrap_failed.assertion.1
	 - Status: SUCCESS
	 - Description: "called `Option::unwrap()` on a `None` value"
	 - Location: ../../runner/.rustup/toolchains/nightly-2025-11-05-x86_64-unknown-linux-gnu/lib/rustlib/src/rust/library/core/src/option.rs:2174:5 in function std::option::unwrap_failed

Check 16: percolator::v16::validate_basis_or_zero.pointer_dereference.1
	 - Status: SUCCESS
	 - Description: "dereference failure: dead object"
	 - Location: src/v16.rs:14538:9 in function percolator::v16::validate_basis_or_zero

Check 17: percolator::v16::validate_basis.pointer_dereference.1
	 - Status: SUCCESS
	 - Description: "dereference failure: dead object"
	 - Location: src/v16.rs:14612:5 in function percolator::v16::validate_basis

Check 18: std::cmp::impls::<impl std::cmp::PartialEq for &bool>::eq.pointer_dereference.1
	 - Status: SUCCESS
	 - Description: "dereference failure: pointer NULL"
	 - Location: ../../runner/.rustup/toolchains/nightly-2025-11-05-x86_64-unknown-linux-gnu/lib/rustlib/src/rust/library/core/src/cmp.rs:2090:27 in function std::cmp::impls::<impl std::cmp::PartialEq for &bool>::eq

Check 19: std::cmp::impls::<impl std::cmp::PartialEq for &bool>::eq.pointer_dereference.2
	 - Status: SUCCESS
	 - Description: "dereference failure: pointer invalid"
	 - Location: ../../runner/.rustup/toolchains/nightly-2025-11-05-x86_64-unknown-linux-gnu/lib/rustlib/src/rust/library/core/src/cmp.rs:2090:27 in function std::cmp::impls::<impl std::cmp::PartialEq for &bool>::eq

Check 20: std::cmp::impls::<impl std::cmp::PartialEq for &bool>::eq.pointer_dereference.3
	 - Status: SUCCESS
	 - Description: "dereference failure: deallocated dynamic object"
	 - Location: ../../runner/.rustup/toolchains/nightly-2025-11-05-x86_64-unknown-linux-gnu/lib/rustlib/src/rust/library/core/src/cmp.rs:2090:27 in function std::cmp::impls::<impl std::cmp::PartialEq for &bool>::eq

Check 21: std::cmp::impls::<impl std::cmp::PartialEq for &bool>::eq.pointer_dereference.4
	 - Status: SUCCESS
	 - Description: "dereference failure: dead object"
	 - Location: ../../runner/.rustup/toolchains/nightly-2025-11-05-x86_64-unknown-linux-gnu/lib/rustlib/src/rust/library/core/src/cmp.rs:2090:27 in function std::cmp::impls::<impl std::cmp::PartialEq for &bool>::eq

Check 22: std::cmp::impls::<impl std::cmp::PartialEq for &bool>::eq.pointer_dereference.5
	 - Status: SUCCESS
	 - Description: "dereference failure: pointer outside object bounds"
	 - Location: ../../runner/.rustup/toolchains/nightly-2025-11-05-x86_64-unknown-linux-gnu/lib/rustlib/src/rust/library/core/src/cmp.rs:2090:27 in function std::cmp::impls::<impl std::cmp::PartialEq for &bool>::eq

Check 23: std::cmp::impls::<impl std::cmp::PartialEq for &bool>::eq.pointer_dereference.6
	 - Status: SUCCESS
	 - Description: "dereference failure: invalid integer address"
	 - Location: ../../runner/.rustup/toolchains/nightly-2025-11-05-x86_64-unknown-linux-gnu/lib/rustlib/src/rust/library/core/src/cmp.rs:2090:27 in function std::cmp::impls::<impl std::cmp::PartialEq for &bool>::eq

Check 24: std::cmp::impls::<impl std::cmp::PartialEq for &bool>::eq.pointer_dereference.7
	 - Status: SUCCESS
	 - Description: "dereference failure: pointer NULL"
	 - Location: ../../runner/.rustup/toolchains/nightly-2025-11-05-x86_64-unknown-linux-gnu/lib/rustlib/src/rust/library/core/src/cmp.rs:2090:34 in function std::cmp::impls::<impl std::cmp::PartialEq for &bool>::eq

Check 25: std::cmp::impls::<impl std::cmp::PartialEq for &bool>::eq.pointer_dereference.8
	 - Status: SUCCESS
	 - Description: "dereference failure: pointer invalid"
	 - Location: ../../runner/.rustup/toolchains/nightly-2025-11-05-x86_64-unknown-linux-gnu/lib/rustlib/src/rust/library/core/src/cmp.rs:2090:34 in function std::cmp::impls::<impl std::cmp::PartialEq for &bool>::eq

Check 26: std::cmp::impls::<impl std::cmp::PartialEq for &bool>::eq.pointer_dereference.9
	 - Status: SUCCESS
	 - Description: "dereference failure: deallocated dynamic object"
	 - Location: ../../runner/.rustup/toolchains/nightly-2025-11-05-x86_64-unknown-linux-gnu/lib/rustlib/src/rust/library/core/src/cmp.rs:2090:34 in function std::cmp::impls::<impl std::cmp::PartialEq for &bool>::eq

Check 27: std::cmp::impls::<impl std::cmp::PartialEq for &bool>::eq.pointer_dereference.10
	 - Status: SUCCESS
	 - Description: "dereference failure: dead object"
	 - Location: ../../runner/.rustup/toolchains/nightly-2025-11-05-x86_64-unknown-linux-gnu/lib/rustlib/src/rust/library/core/src/cmp.rs:2090:34 in function std::cmp::impls::<impl std::cmp::PartialEq for &bool>::eq

Check 28: std::cmp::impls::<impl std::cmp::PartialEq for &bool>::eq.pointer_dereference.11
	 - Status: SUCCESS
	 - Description: "dereference failure: pointer outside object bounds"
	 - Location: ../../runner/.rustup/toolchains/nightly-2025-11-05-x86_64-unknown-linux-gnu/lib/rustlib/src/rust/library/core/src/cmp.rs:2090:34 in function std::cmp::impls::<impl std::cmp::PartialEq for &bool>::eq

Check 29: std::cmp::impls::<impl std::cmp::PartialEq for &bool>::eq.pointer_dereference.12
	 - Status: SUCCESS
	 - Description: "dereference failure: invalid integer address"
	 - Location: ../../runner/.rustup/toolchains/nightly-2025-11-05-x86_64-unknown-linux-gnu/lib/rustlib/src/rust/library/core/src/cmp.rs:2090:34 in function std::cmp::impls::<impl std::cmp::PartialEq for &bool>::eq

Check 30: <percolator::V16Error as std::cmp::PartialEq>::eq.pointer_dereference.1
	 - Status: SUCCESS
	 - Description: "dereference failure: pointer NULL"
	 - Location: src/v16.rs:166:30 in function <percolator::V16Error as std::cmp::PartialEq>::eq

Check 31: <percolator::V16Error as std::cmp::PartialEq>::eq.pointer_dereference.2
	 - Status: SUCCESS
	 - Description: "dereference failure: pointer invalid"
	 - Location: src/v16.rs:166:30 in function <percolator::V16Error as std::cmp::PartialEq>::eq

Check 32: <percolator::V16Error as std::cmp::PartialEq>::eq.pointer_dereference.3
	 - Status: SUCCESS
	 - Description: "dereference failure: deallocated dynamic object"
	 - Location: src/v16.rs:166:30 in function <percolator::V16Error as std::cmp::PartialEq>::eq

Check 33: <percolator::V16Error as std::cmp::PartialEq>::eq.pointer_dereference.4
	 - Status: SUCCESS
	 - Description: "dereference failure: dead object"
	 - Location: src/v16.rs:166:30 in function <percolator::V16Error as std::cmp::PartialEq>::eq

Check 34: <percolator::V16Error as std::cmp::PartialEq>::eq.pointer_dereference.5
	 - Status: SUCCESS
	 - Description: "dereference failure: pointer outside object bounds"
	 - Location: src/v16.rs:166:30 in function <percolator::V16Error as std::cmp::PartialEq>::eq

Check 35: <percolator::V16Error as std::cmp::PartialEq>::eq.pointer_dereference.6
	 - Status: SUCCESS
	 - Description: "dereference failure: invalid integer address"
	 - Location: src/v16.rs:166:30 in function <percolator::V16Error as std::cmp::PartialEq>::eq

Check 36: <percolator::V16Error as std::cmp::PartialEq>::eq.pointer_dereference.7
	 - Status: SUCCESS
	 - Description: "dereference failure: pointer NULL"
	 - Location: src/v16.rs:166:30 in function <percolator::V16Error as std::cmp::PartialEq>::eq

Check 37: <percolator::V16Error as std::cmp::PartialEq>::eq.pointer_dereference.8
	 - Status: SUCCESS
	 - Description: "dereference failure: pointer invalid"
	 - Location: src/v16.rs:166:30 in function <percolator::V16Error as std::cmp::PartialEq>::eq

Check 38: <percolator::V16Error as std::cmp::PartialEq>::eq.pointer_dereference.9
	 - Status: SUCCESS
	 - Description: "dereference failure: deallocated dynamic object"
	 - Location: src/v16.rs:166:30 in function <percolator::V16Error as std::cmp::PartialEq>::eq

Check 39: <percolator::V16Error as std::cmp::PartialEq>::eq.pointer_dereference.10
	 - Status: SUCCESS
	 - Description: "dereference failure: dead object"
	 - Location: src/v16.rs:166:30 in function <percolator::V16Error as std::cmp::PartialEq>::eq

Check 40: <percolator::V16Error as std::cmp::PartialEq>::eq.pointer_dereference.11
	 - Status: SUCCESS
	 - Description: "dereference failure: pointer outside object bounds"
	 - Location: src/v16.rs:166:30 in function <percolator::V16Error as std::cmp::PartialEq>::eq

Check 41: <percolator::V16Error as std::cmp::PartialEq>::eq.pointer_dereference.12
	 - Status: SUCCESS
	 - Description: "dereference failure: invalid integer address"
	 - Location: src/v16.rs:166:30 in function <percolator::V16Error as std::cmp::PartialEq>::eq

Check 42: percolator::v16::position_delta_increases_risk.pointer_dereference.1
	 - Status: SUCCESS
	 - Description: "dereference failure: dead object"
	 - Location: src/v16.rs:14313:5 in function percolator::v16::position_delta_increases_risk

Check 43: std::cmp::impls::<impl std::cmp::PartialEq for &percolator::V16Error>::eq.pointer_dereference.1
	 - Status: SUCCESS
	 - Description: "dereference failure: pointer NULL"
	 - Location: ../../runner/.rustup/toolchains/nightly-2025-11-05-x86_64-unknown-linux-gnu/lib/rustlib/src/rust/library/core/src/cmp.rs:2090:27 in function std::cmp::impls::<impl std::cmp::PartialEq for &percolator::V16Error>::eq

Check 44: std::cmp::impls::<impl std::cmp::PartialEq for &percolator::V16Error>::eq.pointer_dereference.2
	 - Status: SUCCESS
	 - Description: "dereference failure: pointer invalid"
	 - Location: ../../runner/.rustup/toolchains/nightly-2025-11-05-x86_64-unknown-linux-gnu/lib/rustlib/src/rust/library/core/src/cmp.rs:2090:27 in function std::cmp::impls::<impl std::cmp::PartialEq for &percolator::V16Error>::eq

Check 45: std::cmp::impls::<impl std::cmp::PartialEq for &percolator::V16Error>::eq.pointer_dereference.3
	 - Status: SUCCESS
	 - Description: "dereference failure: deallocated dynamic object"
	 - Location: ../../runner/.rustup/toolchains/nightly-2025-11-05-x86_64-unknown-linux-gnu/lib/rustlib/src/rust/library/core/src/cmp.rs:2090:27 in function std::cmp::impls::<impl std::cmp::PartialEq for &percolator::V16Error>::eq

Check 46: std::cmp::impls::<impl std::cmp::PartialEq for &percolator::V16Error>::eq.pointer_dereference.4
	 - Status: SUCCESS
	 - Description: "dereference failure: dead object"
	 - Location: ../../runner/.rustup/toolchains/nightly-2025-11-05-x86_64-unknown-linux-gnu/lib/rustlib/src/rust/library/core/src/cmp.rs:2090:27 in function std::cmp::impls::<impl std::cmp::PartialEq for &percolator::V16Error>::eq

Check 47: std::cmp::impls::<impl std::cmp::PartialEq for &percolator::V16Error>::eq.pointer_dereference.5
	 - Status: SUCCESS
	 - Description: "dereference failure: pointer outside object bounds"
	 - Location: ../../runner/.rustup/toolchains/nightly-2025-11-05-x86_64-unknown-linux-gnu/lib/rustlib/src/rust/library/core/src/cmp.rs:2090:27 in function std::cmp::impls::<impl std::cmp::PartialEq for &percolator::V16Error>::eq

Check 48: std::cmp::impls::<impl std::cmp::PartialEq for &percolator::V16Error>::eq.pointer_dereference.6
	 - Status: SUCCESS
	 - Description: "dereference failure: invalid integer address"
	 - Location: ../../runner/.rustup/toolchains/nightly-2025-11-05-x86_64-unknown-linux-gnu/lib/rustlib/src/rust/library/core/src/cmp.rs:2090:27 in function std::cmp::impls::<impl std::cmp::PartialEq for &percolator::V16Error>::eq

Check 49: std::cmp::impls::<impl std::cmp::PartialEq for &percolator::V16Error>::eq.pointer_dereference.7
	 - Status: SUCCESS
	 - Description: "dereference failure: pointer NULL"
	 - Location: ../../runner/.rustup/toolchains/nightly-2025-11-05-x86_64-unknown-linux-gnu/lib/rustlib/src/rust/library/core/src/cmp.rs:2090:34 in function std::cmp::impls::<impl std::cmp::PartialEq for &percolator::V16Error>::eq

Check 50: std::cmp::impls::<impl std::cmp::PartialEq for &percolator::V16Error>::eq.pointer_dereference.8
	 - Status: SUCCESS
	 - Description: "dereference failure: pointer invalid"
	 - Location: ../../runner/.rustup/toolchains/nightly-2025-11-05-x86_64-unknown-linux-gnu/lib/rustlib/src/rust/library/core/src/cmp.rs:2090:34 in function std::cmp::impls::<impl std::cmp::PartialEq for &percolator::V16Error>::eq

Check 51: std::cmp::impls::<impl std::cmp::PartialEq for &percolator::V16Error>::eq.pointer_dereference.9
	 - Status: SUCCESS
	 - Description: "dereference failure: deallocated dynamic object"
	 - Location: ../../runner/.rustup/toolchains/nightly-2025-11-05-x86_64-unknown-linux-gnu/lib/rustlib/src/rust/library/core/src/cmp.rs:2090:34 in function std::cmp::impls::<impl std::cmp::PartialEq for &percolator::V16Error>::eq

Check 52: std::cmp::impls::<impl std::cmp::PartialEq for &percolator::V16Error>::eq.pointer_dereference.10
	 - Status: SUCCESS
	 - Description: "dereference failure: dead object"
	 - Location: ../../runner/.rustup/toolchains/nightly-2025-11-05-x86_64-unknown-linux-gnu/lib/rustlib/src/rust/library/core/src/cmp.rs:2090:34 in function std::cmp::impls::<impl std::cmp::PartialEq for &percolator::V16Error>::eq

Check 53: std::cmp::impls::<impl std::cmp::PartialEq for &percolator::V16Error>::eq.pointer_dereference.11
	 - Status: SUCCESS
	 - Description: "dereference failure: pointer outside object bounds"
	 - Location: ../../runner/.rustup/toolchains/nightly-2025-11-05-x86_64-unknown-linux-gnu/lib/rustlib/src/rust/library/core/src/cmp.rs:2090:34 in function std::cmp::impls::<impl std::cmp::PartialEq for &percolator::V16Error>::eq

Check 54: std::cmp::impls::<impl std::cmp::PartialEq for &percolator::V16Error>::eq.pointer_dereference.12
	 - Status: SUCCESS
	 - Description: "dereference failure: invalid integer address"
	 - Location: ../../runner/.rustup/toolchains/nightly-2025-11-05-x86_64-unknown-linux-gnu/lib/rustlib/src/rust/library/core/src/cmp.rs:2090:34 in function std::cmp::impls::<impl std::cmp::PartialEq for &percolator::V16Error>::eq

Check 55: std::result::Result::<bool, percolator::V16Error>::is_ok.pointer_dereference.1
	 - Status: SUCCESS
	 - Description: "dereference failure: pointer NULL"
	 - Location: ../../runner/.rustup/toolchains/nightly-2025-11-05-x86_64-unknown-linux-gnu/lib/rustlib/src/rust/library/core/src/result.rs:594:18 in function std::result::Result::<bool, percolator::V16Error>::is_ok

Check 56: std::result::Result::<bool, percolator::V16Error>::is_ok.pointer_dereference.2
	 - Status: SUCCESS
	 - Description: "dereference failure: pointer invalid"
	 - Location: ../../runner/.rustup/toolchains/nightly-2025-11-05-x86_64-unknown-linux-gnu/lib/rustlib/src/rust/library/core/src/result.rs:594:18 in function std::result::Result::<bool, percolator::V16Error>::is_ok

Check 57: std::result::Result::<bool, percolator::V16Error>::is_ok.pointer_dereference.3
	 - Status: SUCCESS
	 - Description: "dereference failure: deallocated dynamic object"
	 - Location: ../../runner/.rustup/toolchains/nightly-2025-11-05-x86_64-unknown-linux-gnu/lib/rustlib/src/rust/library/core/src/result.rs:594:18 in function std::result::Result::<bool, percolator::V16Error>::is_ok

Check 58: std::result::Result::<bool, percolator::V16Error>::is_ok.pointer_dereference.4
	 - Status: SUCCESS
	 - Description: "dereference failure: dead object"
	 - Location: ../../runner/.rustup/toolchains/nightly-2025-11-05-x86_64-unknown-linux-gnu/lib/rustlib/src/rust/library/core/src/result.rs:594:18 in function std::result::Result::<bool, percolator::V16Error>::is_ok

Check 59: std::result::Result::<bool, percolator::V16Error>::is_ok.pointer_dereference.5
	 - Status: SUCCESS
	 - Description: "dereference failure: pointer outside object bounds"
	 - Location: ../../runner/.rustup/toolchains/nightly-2025-11-05-x86_64-unknown-linux-gnu/lib/rustlib/src/rust/library/core/src/result.rs:594:18 in function std::result::Result::<bool, percolator::V16Error>::is_ok

Check 60: std::result::Result::<bool, percolator::V16Error>::is_ok.pointer_dereference.6
	 - Status: SUCCESS
	 - Description: "dereference failure: invalid integer address"
	 - Location: ../../runner/.rustup/toolchains/nightly-2025-11-05-x86_64-unknown-linux-gnu/lib/rustlib/src/rust/library/core/src/result.rs:594:18 in function std::result::Result::<bool, percolator::V16Error>::is_ok

Check 61: <std::result::Result<(), percolator::V16Error> as std::ops::Try>::branch.pointer_dereference.1
	 - Status: SUCCESS
	 - Description: "dereference failure: dead object"
	 - Location: ../../runner/.rustup/toolchains/nightly-2025-11-05-x86_64-unknown-linux-gnu/lib/rustlib/src/rust/library/core/src/result.rs:2168:15 in function <std::result::Result<(), percolator::V16Error> as std::ops::Try>::branch

Check 62: <std::result::Result<(), percolator::V16Error> as std::ops::Try>::branch.pointer_dereference.2
	 - Status: SUCCESS
	 - Description: "dereference failure: dead object"
	 - Location: ../../runner/.rustup/toolchains/nightly-2025-11-05-x86_64-unknown-linux-gnu/lib/rustlib/src/rust/library/core/src/result.rs:2169:22 in function <std::result::Result<(), percolator::V16Error> as std::ops::Try>::branch

Check 63: std::cmp::impls::<impl std::cmp::PartialEq for bool>::eq.pointer_dereference.1
	 - Status: SUCCESS
	 - Description: "dereference failure: pointer NULL"
	 - Location: ../../runner/.rustup/toolchains/nightly-2025-11-05-x86_64-unknown-linux-gnu/lib/rustlib/src/rust/library/core/src/cmp.rs:1865:54 in function std::cmp::impls::<impl std::cmp::PartialEq for bool>::eq

Check 64: std::cmp::impls::<impl std::cmp::PartialEq for bool>::eq.pointer_dereference.2
	 - Status: SUCCESS
	 - Description: "dereference failure: pointer invalid"
	 - Location: ../../runner/.rustup/toolchains/nightly-2025-11-05-x86_64-unknown-linux-gnu/lib/rustlib/src/rust/library/core/src/cmp.rs:1865:54 in function std::cmp::impls::<impl std::cmp::PartialEq for bool>::eq

Check 65: std::cmp::impls::<impl std::cmp::PartialEq for bool>::eq.pointer_dereference.3
	 - Status: SUCCESS
	 - Description: "dereference failure: deallocated dynamic object"
	 - Location: ../../runner/.rustup/toolchains/nightly-2025-11-05-x86_64-unknown-linux-gnu/lib/rustlib/src/rust/library/core/src/cmp.rs:1865:54 in function std::cmp::impls::<impl std::cmp::PartialEq for bool>::eq

Check 66: std::cmp::impls::<impl std::cmp::PartialEq for bool>::eq.pointer_dereference.4
	 - Status: SUCCESS
	 - Description: "dereference failure: dead object"
	 - Location: ../../runner/.rustup/toolchains/nightly-2025-11-05-x86_64-unknown-linux-gnu/lib/rustlib/src/rust/library/core/src/cmp.rs:1865:54 in function std::cmp::impls::<impl std::cmp::PartialEq for bool>::eq

Check 67: std::cmp::impls::<impl std::cmp::PartialEq for bool>::eq.pointer_dereference.5
	 - Status: SUCCESS
	 - Description: "dereference failure: pointer outside object bounds"
	 - Location: ../../runner/.rustup/toolchains/nightly-2025-11-05-x86_64-unknown-linux-gnu/lib/rustlib/src/rust/library/core/src/cmp.rs:1865:54 in function std::cmp::impls::<impl std::cmp::PartialEq for bool>::eq

Check 68: std::cmp::impls::<impl std::cmp::PartialEq for bool>::eq.pointer_dereference.6
	 - Status: SUCCESS
	 - Description: "dereference failure: invalid integer address"
	 - Location: ../../runner/.rustup/toolchains/nightly-2025-11-05-x86_64-unknown-linux-gnu/lib/rustlib/src/rust/library/core/src/cmp.rs:1865:54 in function std::cmp::impls::<impl std::cmp::PartialEq for bool>::eq

Check 69: std::cmp::impls::<impl std::cmp::PartialEq for bool>::eq.pointer_dereference.7
	 - Status: SUCCESS
	 - Description: "dereference failure: pointer NULL"
	 - Location: ../../runner/.rustup/toolchains/nightly-2025-11-05-x86_64-unknown-linux-gnu/lib/rustlib/src/rust/library/core/src/cmp.rs:1865:63 in function std::cmp::impls::<impl std::cmp::PartialEq for bool>::eq

Check 70: std::cmp::impls::<impl std::cmp::PartialEq for bool>::eq.pointer_dereference.8
	 - Status: SUCCESS
	 - Description: "dereference failure: pointer invalid"
	 - Location: ../../runner/.rustup/toolchains/nightly-2025-11-05-x86_64-unknown-linux-gnu/lib/rustlib/src/rust/library/core/src/cmp.rs:1865:63 in function std::cmp::impls::<impl std::cmp::PartialEq for bool>::eq

Check 71: std::cmp::impls::<impl std::cmp::PartialEq for bool>::eq.pointer_dereference.9
	 - Status: SUCCESS
	 - Description: "dereference failure: deallocated dynamic object"
	 - Location: ../../runner/.rustup/toolchains/nightly-2025-11-05-x86_64-unknown-linux-gnu/lib/rustlib/src/rust/library/core/src/cmp.rs:1865:63 in function std::cmp::impls::<impl std::cmp::PartialEq for bool>::eq

Check 72: std::cmp::impls::<impl std::cmp::PartialEq for bool>::eq.pointer_dereference.10
	 - Status: SUCCESS
	 - Description: "dereference failure: dead object"
	 - Location: ../../runner/.rustup/toolchains/nightly-2025-11-05-x86_64-unknown-linux-gnu/lib/rustlib/src/rust/library/core/src/cmp.rs:1865:63 in function std::cmp::impls::<impl std::cmp::PartialEq for bool>::eq

Check 73: std::cmp::impls::<impl std::cmp::PartialEq for bool>::eq.pointer_dereference.11
	 - Status: SUCCESS
	 - Description: "dereference failure: pointer outside object bounds"
	 - Location: ../../runner/.rustup/toolchains/nightly-2025-11-05-x86_64-unknown-linux-gnu/lib/rustlib/src/rust/library/core/src/cmp.rs:1865:63 in function std::cmp::impls::<impl std::cmp::PartialEq for bool>::eq

Check 74: std::cmp::impls::<impl std::cmp::PartialEq for bool>::eq.pointer_dereference.12
	 - Status: SUCCESS
	 - Description: "dereference failure: invalid integer address"
	 - Location: ../../runner/.rustup/toolchains/nightly-2025-11-05-x86_64-unknown-linux-gnu/lib/rustlib/src/rust/library/core/src/cmp.rs:1865:63 in function std::cmp::impls::<impl std::cmp::PartialEq for bool>::eq

Check 75: <std::result::Result<bool, percolator::V16Error> as std::cmp::PartialEq>::eq.pointer_dereference.1
	 - Status: SUCCESS
	 - Description: "dereference failure: pointer NULL"
	 - Location: ../../runner/.rustup/toolchains/nightly-2025-11-05-x86_64-unknown-linux-gnu/lib/rustlib/src/rust/library/core/src/result.rs:553:16 in function <std::result::Result<bool, percolator::V16Error> as std::cmp::PartialEq>::eq

Check 76: <std::result::Result<bool, percolator::V16Error> as std::cmp::PartialEq>::eq.pointer_dereference.2
	 - Status: SUCCESS
	 - Description: "dereference failure: pointer invalid"
	 - Location: ../../runner/.rustup/toolchains/nightly-2025-11-05-x86_64-unknown-linux-gnu/lib/rustlib/src/rust/library/core/src/result.rs:553:16 in function <std::result::Result<bool, percolator::V16Error> as std::cmp::PartialEq>::eq

Check 77: <std::result::Result<bool, percolator::V16Error> as std::cmp::PartialEq>::eq.pointer_dereference.3
	 - Status: SUCCESS
	 - Description: "dereference failure: deallocated dynamic object"
	 - Location: ../../runner/.rustup/toolchains/nightly-2025-11-05-x86_64-unknown-linux-gnu/lib/rustlib/src/rust/library/core/src/result.rs:553:16 in function <std::result::Result<bool, percolator::V16Error> as std::cmp::PartialEq>::eq

Check 78: <std::result::Result<bool, percolator::V16Error> as std::cmp::PartialEq>::eq.pointer_dereference.4
	 - Status: SUCCESS
	 - Description: "dereference failure: dead object"
	 - Location: ../../runner/.rustup/toolchains/nightly-2025-11-05-x86_64-unknown-linux-gnu/lib/rustlib/src/rust/library/core/src/result.rs:553:16 in function <std::result::Result<bool, percolator::V16Error> as std::cmp::PartialEq>::eq

Check 79: <std::result::Result<bool, percolator::V16Error> as std::cmp::PartialEq>::eq.pointer_dereference.5
	 - Status: SUCCESS
	 - Description: "dereference failure: pointer outside object bounds"
	 - Location: ../../runner/.rustup/toolchains/nightly-2025-11-05-x86_64-unknown-linux-gnu/lib/rustlib/src/rust/library/core/src/result.rs:553:16 in function <std::result::Result<bool, percolator::V16Error> as std::cmp::PartialEq>::eq

Check 80: <std::result::Result<bool, percolator::V16Error> as std::cmp::PartialEq>::eq.pointer_dereference.6
	 - Status: SUCCESS
	 - Description: "dereference failure: invalid integer address"
	 - Location: ../../runner/.rustup/toolchains/nightly-2025-11-05-x86_64-unknown-linux-gnu/lib/rustlib/src/rust/library/core/src/result.rs:553:16 in function <std::result::Result<bool, percolator::V16Error> as std::cmp::PartialEq>::eq

Check 81: <std::result::Result<bool, percolator::V16Error> as std::cmp::PartialEq>::eq.pointer_dereference.7
	 - Status: SUCCESS
	 - Description: "dereference failure: pointer NULL"
	 - Location: ../../runner/.rustup/toolchains/nightly-2025-11-05-x86_64-unknown-linux-gnu/lib/rustlib/src/rust/library/core/src/result.rs:553:16 in function <std::result::Result<bool, percolator::V16Error> as std::cmp::PartialEq>::eq

Check 82: <std::result::Result<bool, percolator::V16Error> as std::cmp::PartialEq>::eq.pointer_dereference.8
	 - Status: SUCCESS
	 - Description: "dereference failure: pointer invalid"
	 - Location: ../../runner/.rustup/toolchains/nightly-2025-11-05-x86_64-unknown-linux-gnu/lib/rustlib/src/rust/library/core/src/result.rs:553:16 in function <std::result::Result<bool, percolator::V16Error> as std::cmp::PartialEq>::eq

Check 83: <std::result::Result<bool, percolator::V16Error> as std::cmp::PartialEq>::eq.pointer_dereference.9
	 - Status: SUCCESS
	 - Description: "dereference failure: deallocated dynamic object"
	 - Location: ../../runner/.rustup/toolchains/nightly-2025-11-05-x86_64-unknown-linux-gnu/lib/rustlib/src/rust/library/core/src/result.rs:553:16 in function <std::result::Result<bool, percolator::V16Error> as std::cmp::PartialEq>::eq

Check 84: <std::result::Result<bool, percolator::V16Error> as std::cmp::PartialEq>::eq.pointer_dereference.10
	 - Status: SUCCESS
	 - Description: "dereference failure: dead object"
	 - Location: ../../runner/.rustup/toolchains/nightly-2025-11-05-x86_64-unknown-linux-gnu/lib/rustlib/src/rust/library/core/src/result.rs:553:16 in function <std::result::Result<bool, percolator::V16Error> as std::cmp::PartialEq>::eq

Check 85: <std::result::Result<bool, percolator::V16Error> as std::cmp::PartialEq>::eq.pointer_dereference.11
	 - Status: SUCCESS
	 - Description: "dereference failure: pointer outside object bounds"
	 - Location: ../../runner/.rustup/toolchains/nightly-2025-11-05-x86_64-unknown-linux-gnu/lib/rustlib/src/rust/library/core/src/result.rs:553:16 in function <std::result::Result<bool, percolator::V16Error> as std::cmp::PartialEq>::eq

Check 86: <std::result::Result<bool, percolator::V16Error> as std::cmp::PartialEq>::eq.pointer_dereference.12
	 - Status: SUCCESS
	 - Description: "dereference failure: invalid integer address"
	 - Location: ../../runner/.rustup/toolchains/nightly-2025-11-05-x86_64-unknown-linux-gnu/lib/rustlib/src/rust/library/core/src/result.rs:553:16 in function <std::result::Result<bool, percolator::V16Error> as std::cmp::PartialEq>::eq

Check 87: <std::result::Result<bool, percolator::V16Error> as std::cmp::PartialEq>::eq.pointer_dereference.13
	 - Status: SUCCESS
	 - Description: "dereference failure: pointer NULL"
	 - Location: ../../runner/.rustup/toolchains/nightly-2025-11-05-x86_64-unknown-linux-gnu/lib/rustlib/src/rust/library/core/src/result.rs:553:16 in function <std::result::Result<bool, percolator::V16Error> as std::cmp::PartialEq>::eq

Check 88: <std::result::Result<bool, percolator::V16Error> as std::cmp::PartialEq>::eq.pointer_dereference.14
	 - Status: SUCCESS
	 - Description: "dereference failure: pointer invalid"
	 - Location: ../../runner/.rustup/toolchains/nightly-2025-11-05-x86_64-unknown-linux-gnu/lib/rustlib/src/rust/library/core/src/result.rs:553:16 in function <std::result::Result<bool, percolator::V16Error> as std::cmp::PartialEq>::eq

Check 89: <std::result::Result<bool, percolator::V16Error> as std::cmp::PartialEq>::eq.pointer_dereference.15
	 - Status: SUCCESS
	 - Description: "dereference failure: deallocated dynamic object"
	 - Location: ../../runner/.rustup/toolchains/nightly-2025-11-05-x86_64-unknown-linux-gnu/lib/rustlib/src/rust/library/core/src/result.rs:553:16 in function <std::result::Result<bool, percolator::V16Error> as std::cmp::PartialEq>::eq

Check 90: <std::result::Result<bool, percolator::V16Error> as std::cmp::PartialEq>::eq.pointer_dereference.16
	 - Status: SUCCESS
	 - Description: "dereference failure: dead object"
	 - Location: ../../runner/.rustup/toolchains/nightly-2025-11-05-x86_64-unknown-linux-gnu/lib/rustlib/src/rust/library/core/src/result.rs:553:16 in function <std::result::Result<bool, percolator::V16Error> as std::cmp::PartialEq>::eq

Check 91: <std::result::Result<bool, percolator::V16Error> as std::cmp::PartialEq>::eq.pointer_dereference.17
	 - Status: SUCCESS
	 - Description: "dereference failure: pointer outside object bounds"
	 - Location: ../../runner/.rustup/toolchains/nightly-2025-11-05-x86_64-unknown-linux-gnu/lib/rustlib/src/rust/library/core/src/result.rs:553:16 in function <std::result::Result<bool, percolator::V16Error> as std::cmp::PartialEq>::eq

Check 92: <std::result::Result<bool, percolator::V16Error> as std::cmp::PartialEq>::eq.pointer_dereference.18
	 - Status: SUCCESS
	 - Description: "dereference failure: invalid integer address"
	 - Location: ../../runner/.rustup/toolchains/nightly-2025-11-05-x86_64-unknown-linux-gnu/lib/rustlib/src/rust/library/core/src/result.rs:553:16 in function <std::result::Result<bool, percolator::V16Error> as std::cmp::PartialEq>::eq

Check 93: <std::result::Result<bool, percolator::V16Error> as std::cmp::PartialEq>::eq.pointer_dereference.19
	 - Status: SUCCESS
	 - Description: "dereference failure: pointer NULL"
	 - Location: ../../runner/.rustup/toolchains/nightly-2025-11-05-x86_64-unknown-linux-gnu/lib/rustlib/src/rust/library/core/src/result.rs:553:16 in function <std::result::Result<bool, percolator::V16Error> as std::cmp::PartialEq>::eq

Check 94: <std::result::Result<bool, percolator::V16Error> as std::cmp::PartialEq>::eq.pointer_dereference.20
	 - Status: SUCCESS
	 - Description: "dereference failure: pointer invalid"
	 - Location: ../../runner/.rustup/toolchains/nightly-2025-11-05-x86_64-unknown-linux-gnu/lib/rustlib/src/rust/library/core/src/result.rs:553:16 in function <std::result::Result<bool, percolator::V16Error> as std::cmp::PartialEq>::eq

Check 95: <std::result::Result<bool, percolator::V16Error> as std::cmp::PartialEq>::eq.pointer_dereference.21
	 - Status: SUCCESS
	 - Description: "dereference failure: deallocated dynamic object"
	 - Location: ../../runner/.rustup/toolchains/nightly-2025-11-05-x86_64-unknown-linux-gnu/lib/rustlib/src/rust/library/core/src/result.rs:553:16 in function <std::result::Result<bool, percolator::V16Error> as std::cmp::PartialEq>::eq

Check 96: <std::result::Result<bool, percolator::V16Error> as std::cmp::PartialEq>::eq.pointer_dereference.22
	 - Status: SUCCESS
	 - Description: "dereference failure: dead object"
	 - Location: ../../runner/.rustup/toolchains/nightly-2025-11-05-x86_64-unknown-linux-gnu/lib/rustlib/src/rust/library/core/src/result.rs:553:16 in function <std::result::Result<bool, percolator::V16Error> as std::cmp::PartialEq>::eq

Check 97: <std::result::Result<bool, percolator::V16Error> as std::cmp::PartialEq>::eq.pointer_dereference.23
	 - Status: SUCCESS
	 - Description: "dereference failure: pointer outside object bounds"
	 - Location: ../../runner/.rustup/toolchains/nightly-2025-11-05-x86_64-unknown-linux-gnu/lib/rustlib/src/rust/library/core/src/result.rs:553:16 in function <std::result::Result<bool, percolator::V16Error> as std::cmp::PartialEq>::eq

Check 98: <std::result::Result<bool, percolator::V16Error> as std::cmp::PartialEq>::eq.pointer_dereference.24
	 - Status: SUCCESS
	 - Description: "dereference failure: invalid integer address"
	 - Location: ../../runner/.rustup/toolchains/nightly-2025-11-05-x86_64-unknown-linux-gnu/lib/rustlib/src/rust/library/core/src/result.rs:553:16 in function <std::result::Result<bool, percolator::V16Error> as std::cmp::PartialEq>::eq

Check 99: <std::result::Result<bool, percolator::V16Error> as std::cmp::PartialEq>::eq.pointer_dereference.25
	 - Status: SUCCESS
	 - Description: "dereference failure: pointer NULL"
	 - Location: ../../runner/.rustup/toolchains/nightly-2025-11-05-x86_64-unknown-linux-gnu/lib/rustlib/src/rust/library/core/src/result.rs:553:16 in function <std::result::Result<bool, percolator::V16Error> as std::cmp::PartialEq>::eq

Check 100: <std::result::Result<bool, percolator::V16Error> as std::cmp::PartialEq>::eq.pointer_dereference.26
	 - Status: SUCCESS
	 - Description: "dereference failure: pointer invalid"
	 - Location: ../../runner/.rustup/toolchains/nightly-2025-11-05-x86_64-unknown-linux-gnu/lib/rustlib/src/rust/library/core/src/result.rs:553:16 in function <std::result::Result<bool, percolator::V16Error> as std::cmp::PartialEq>::eq

Check 101: <std::result::Result<bool, percolator::V16Error> as std::cmp::PartialEq>::eq.pointer_dereference.27
	 - Status: SUCCESS
	 - Description: "dereference failure: deallocated dynamic object"
	 - Location: ../../runner/.rustup/toolchains/nightly-2025-11-05-x86_64-unknown-linux-gnu/lib/rustlib/src/rust/library/core/src/result.rs:553:16 in function <std::result::Result<bool, percolator::V16Error> as std::cmp::PartialEq>::eq

Check 102: <std::result::Result<bool, percolator::V16Error> as std::cmp::PartialEq>::eq.pointer_dereference.28
	 - Status: SUCCESS
	 - Description: "dereference failure: dead object"
	 - Location: ../../runner/.rustup/toolchains/nightly-2025-11-05-x86_64-unknown-linux-gnu/lib/rustlib/src/rust/library/core/src/result.rs:553:16 in function <std::result::Result<bool, percolator::V16Error> as std::cmp::PartialEq>::eq

Check 103: <std::result::Result<bool, percolator::V16Error> as std::cmp::PartialEq>::eq.pointer_dereference.29
	 - Status: SUCCESS
	 - Description: "dereference failure: pointer outside object bounds"
	 - Location: ../../runner/.rustup/toolchains/nightly-2025-11-05-x86_64-unknown-linux-gnu/lib/rustlib/src/rust/library/core/src/result.rs:553:16 in function <std::result::Result<bool, percolator::V16Error> as std::cmp::PartialEq>::eq

Check 104: <std::result::Result<bool, percolator::V16Error> as std::cmp::PartialEq>::eq.pointer_dereference.30
	 - Status: SUCCESS
	 - Description: "dereference failure: invalid integer address"
	 - Location: ../../runner/.rustup/toolchains/nightly-2025-11-05-x86_64-unknown-linux-gnu/lib/rustlib/src/rust/library/core/src/result.rs:553:16 in function <std::result::Result<bool, percolator::V16Error> as std::cmp::PartialEq>::eq


SUMMARY:
 ** 0 of 101 failed

 ** 3 of 3 cover properties satisfied


VERIFICATION:- SUCCESSFUL
Verification Time: 0.49475706s

Manual Harness Summary:
Complete - 1 successfully verified harnesses, 0 failures, 1 total.
