Kani Rust Verifier 0.66.0 (cargo plugin)
   Compiling percolator v0.1.1 (/home/anatoly/percolator)
    Finished `test` profile [unoptimized + debuginfo] target(s) in 0.94s
   Compiling percolator v0.1.1 (/home/anatoly/percolator)
    Finished `test` profile [unoptimized + debuginfo] target(s) in 0.12s
   Compiling percolator v0.1.1 (/home/anatoly/percolator)
warning: unused imports: `MarketGroupV16View` and `TradeRequestV16`
  --> tests/proofs_v16.rs:22:42
   |
22 |     Market, MarketGroupV16HeaderAccount, MarketGroupV16View, MarketGroupV16ViewMut,
   |                                          ^^^^^^^^^^^^^^^^^^
...
31 |     TradeRequestV16,
   |     ^^^^^^^^^^^^^^^
   |
   = note: `#[warn(unused_imports)]` (part of `#[warn(unused)]`) on by default

    Finished `test` profile [unoptimized + debuginfo] target(s) in 0.91s
   Compiling percolator v0.1.1 (/home/anatoly/percolator)
    Finished `test` profile [unoptimized + debuginfo] target(s) in 0.06s
   Compiling percolator v0.1.1 (/home/anatoly/percolator)
    Finished `test` profile [unoptimized + debuginfo] target(s) in 0.07s
   Compiling percolator v0.1.1 (/home/anatoly/percolator)
warning: unused import: `BOUND_SCALE`
  --> tests/rounding_residue_fuzz.rs:11:18
   |
11 | use percolator::{BOUND_SCALE, CREDIT_RATE_SCALE, POS_SCALE};
   |                  ^^^^^^^^^^^
   |
   = note: `#[warn(unused_imports)]` (part of `#[warn(unused)]`) on by default

    Finished `test` profile [unoptimized + debuginfo] target(s) in 0.08s
   Compiling percolator v0.1.1 (/home/anatoly/percolator)
    Finished `test` profile [unoptimized + debuginfo] target(s) in 0.07s
   Compiling percolator v0.1.1 (/home/anatoly/percolator)
    Finished `test` profile [unoptimized + debuginfo] target(s) in 0.14s
Checking harness proof_v16_signed_trade_request_maps_to_opposite_account_deltas...
CBMC 6.8.0 (cbmc-6.8.0)
CBMC version 6.8.0 (cbmc-6.8.0) 64-bit x86_64 linux
Reading GOTO program from file /home/anatoly/percolator/target/kani-verify/kani/x86_64-unknown-linux-gnu/debug/deps/proofs_v16-6805e661d1eac0aa__RNvCs35DYgTG8RvC_10proofs_v1662proof_v16_signed_trade_request_maps_to_opposite_account_deltas.out
Generating GOTO Program
Adding CPROVER library (x86_64)
Removal of function pointers and virtual functions
Generic Property Instrumentation
Running with 16 object bits, 48 offset bits (user-specified)
Starting Bounded Model Checking
aborting path on assume(false) at file /home/runner/.rustup/toolchains/nightly-2025-11-05-x86_64-unknown-linux-gnu/lib/rustlib/src/rust/library/core/src/option.rs line 1337 column 15 function std::option::Option::<i128>::ok_or::<percolator::V16Error> thread 0
aborting path on assume(false) at file /home/runner/.rustup/toolchains/nightly-2025-11-05-x86_64-unknown-linux-gnu/lib/rustlib/src/rust/library/core/src/result.rs line 2168 column 15 function <std::result::Result<i128, percolator::V16Error> as std::ops::Try>::branch thread 0
aborting path on assume(false) at file /home/anatoly/percolator/src/v16.rs line 10448 column 30 function percolator::MarketGroupV16ViewMut::<'_, u64>::trade_signed_size_deltas thread 0
aborting path on assume(false) at file tests/proofs_v16.rs line 2998 column 1 function proof_v16_signed_trade_request_maps_to_opposite_account_deltas thread 0
aborting path on assume(false) at file /home/runner/.rustup/toolchains/nightly-2025-11-05-x86_64-unknown-linux-gnu/lib/rustlib/src/rust/library/core/src/option.rs line 1013 column 15 function std::option::Option::<i128>::unwrap thread 0
aborting path on assume(false) at file /home/runner/.rustup/toolchains/nightly-2025-11-05-x86_64-unknown-linux-gnu/lib/rustlib/src/rust/library/core/src/option.rs line 2174 column 5 function std::option::unwrap_failed thread 0
aborting path on assume(false) at file /home/runner/.rustup/toolchains/nightly-2025-11-05-x86_64-unknown-linux-gnu/lib/rustlib/src/rust/library/core/src/option.rs line 1015 column 21 function std::option::Option::<i128>::unwrap thread 0
aborting path on assume(false) at file /home/runner/.rustup/toolchains/nightly-2025-11-05-x86_64-unknown-linux-gnu/lib/rustlib/src/rust/library/core/src/option.rs line 2359 column 15 function <std::option::Option<i128> as std::cmp::PartialEq>::eq thread 0
Runtime Symex: 0.0336194s
size of program expression: 3022 steps
slicing removed 1825 assignments
Generated 77 VCC(s), 35 remaining after simplification
Runtime Postprocess Equation: 0.000377066s
Passing problem to propositional reduction
converting SSA
Runtime Convert SSA: 0.00674364s
Running propositional reduction
Post-processing
Runtime Post-process: 6.469e-06s
Solving with CaDiCaL 2.0.0
12541 variables, 29941 clauses
SAT checker: instance is SATISFIABLE
Runtime Solver: 0.00354704s
Runtime decision procedure: 0.0104854s
Running propositional reduction
Solving with CaDiCaL 2.0.0
12542 variables, 29942 clauses
SAT checker: instance is SATISFIABLE
Runtime Solver: 0.00162969s
Runtime decision procedure: 0.00170142s
Running propositional reduction
Solving with CaDiCaL 2.0.0
12543 variables, 29943 clauses
SAT checker: instance is SATISFIABLE
Runtime Solver: 0.00485728s
Runtime decision procedure: 0.00491822s
Running propositional reduction
Solving with CaDiCaL 2.0.0
12544 variables, 29944 clauses
SAT checker: instance is SATISFIABLE
Runtime Solver: 0.0135861s
Runtime decision procedure: 0.01366s
Running propositional reduction
Solving with CaDiCaL 2.0.0
12545 variables, 29945 clauses
SAT checker: instance is UNSATISFIABLE
Runtime Solver: 0.149084s
Runtime decision procedure: 0.149133s

RESULTS:
Check 1: std::option::Option::<i128>::unwrap.unreachable.1
	 - Status: SUCCESS
	 - Description: "unreachable code"
	 - Location: ../../runner/.rustup/toolchains/nightly-2025-11-05-x86_64-unknown-linux-gnu/lib/rustlib/src/rust/library/core/src/option.rs:1013:15 in function std::option::Option::<i128>::unwrap

Check 2: proof_v16_signed_trade_request_maps_to_opposite_account_deltas.cover.1
	 - Status: SATISFIED
	 - Description: "signed trade request covers first-account-long leg"
	 - Location: tests/proofs_v16.rs:3006:5 in function proof_v16_signed_trade_request_maps_to_opposite_account_deltas

Check 3: proof_v16_signed_trade_request_maps_to_opposite_account_deltas.cover.2
	 - Status: SATISFIED
	 - Description: "signed trade request covers first-account-short leg"
	 - Location: tests/proofs_v16.rs:3010:5 in function proof_v16_signed_trade_request_maps_to_opposite_account_deltas

Check 4: proof_v16_signed_trade_request_maps_to_opposite_account_deltas.cover.3
	 - Status: SATISFIED
	 - Description: "signed trade request covers zero-size rejection"
	 - Location: tests/proofs_v16.rs:3014:5 in function proof_v16_signed_trade_request_maps_to_opposite_account_deltas

Check 5: proof_v16_signed_trade_request_maps_to_opposite_account_deltas.cover.4
	 - Status: SATISFIED
	 - Description: "signed trade request covers max-size rejection"
	 - Location: tests/proofs_v16.rs:3018:5 in function proof_v16_signed_trade_request_maps_to_opposite_account_deltas

Check 6: proof_v16_signed_trade_request_maps_to_opposite_account_deltas.assertion.1
	 - Status: SUCCESS
	 - Description: "assertion failed: result.is_ok() == expected_ok"
	 - Location: tests/proofs_v16.rs:3022:5 in function proof_v16_signed_trade_request_maps_to_opposite_account_deltas

Check 7: proof_v16_signed_trade_request_maps_to_opposite_account_deltas.unreachable.1
	 - Status: SUCCESS
	 - Description: "unreachable code"
	 - Location: tests/proofs_v16.rs:2998:1 in function proof_v16_signed_trade_request_maps_to_opposite_account_deltas

Check 8: proof_v16_signed_trade_request_maps_to_opposite_account_deltas.assertion.2
	 - Status: SUCCESS
	 - Description: "assertion failed: abs_q == abs_size_q"
	 - Location: tests/proofs_v16.rs:3024:9 in function proof_v16_signed_trade_request_maps_to_opposite_account_deltas

Check 9: proof_v16_signed_trade_request_maps_to_opposite_account_deltas.assertion.3
	 - Status: SUCCESS
	 - Description: "assertion failed: first_delta == size_q"
	 - Location: tests/proofs_v16.rs:3025:9 in function proof_v16_signed_trade_request_maps_to_opposite_account_deltas

Check 10: proof_v16_signed_trade_request_maps_to_opposite_account_deltas.assertion.4
	 - Status: SUCCESS
	 - Description: "assertion failed: second_delta == size_q.checked_neg().unwrap()"
	 - Location: tests/proofs_v16.rs:3026:9 in function proof_v16_signed_trade_request_maps_to_opposite_account_deltas

Check 11: proof_v16_signed_trade_request_maps_to_opposite_account_deltas.assertion.5
	 - Status: SUCCESS
	 - Description: "assertion failed: first_delta.checked_add(second_delta) == Some(0)"
	 - Location: tests/proofs_v16.rs:3027:9 in function proof_v16_signed_trade_request_maps_to_opposite_account_deltas

Check 12: proof_v16_signed_trade_request_maps_to_opposite_account_deltas.assertion.6
	 - Status: SUCCESS
	 - Description: "assertion failed: abs_q > 0"
	 - Location: tests/proofs_v16.rs:3028:9 in function proof_v16_signed_trade_request_maps_to_opposite_account_deltas

Check 13: proof_v16_signed_trade_request_maps_to_opposite_account_deltas.assertion.7
	 - Status: SUCCESS
	 - Description: "assertion failed: abs_q <= MAX_TRADE_SIZE_Q"
	 - Location: tests/proofs_v16.rs:3029:9 in function proof_v16_signed_trade_request_maps_to_opposite_account_deltas

Check 14: <std::option::Option<i128> as std::cmp::PartialEq>::eq.unreachable.1
	 - Status: SUCCESS
	 - Description: "unreachable code"
	 - Location: ../../runner/.rustup/toolchains/nightly-2025-11-05-x86_64-unknown-linux-gnu/lib/rustlib/src/rust/library/core/src/option.rs:2359:15 in function <std::option::Option<i128> as std::cmp::PartialEq>::eq

Check 15: core::num::<impl i128>::overflowing_neg.assertion.1
	 - Status: SUCCESS
	 - Description: "attempt to negate with overflow"
	 - Location: ../../runner/.rustup/toolchains/nightly-2025-11-05-x86_64-unknown-linux-gnu/lib/rustlib/src/rust/library/core/src/num/int_macros.rs:2890:18 in function core::num::<impl i128>::overflowing_neg

Check 16: std::option::Option::<i128>::ok_or::<percolator::V16Error>.unreachable.1
	 - Status: SUCCESS
	 - Description: "unreachable code"
	 - Location: ../../runner/.rustup/toolchains/nightly-2025-11-05-x86_64-unknown-linux-gnu/lib/rustlib/src/rust/library/core/src/option.rs:1337:15 in function std::option::Option::<i128>::ok_or::<percolator::V16Error>

Check 17: <std::result::Result<i128, percolator::V16Error> as std::ops::Try>::branch.unreachable.1
	 - Status: SUCCESS
	 - Description: "unreachable code"
	 - Location: ../../runner/.rustup/toolchains/nightly-2025-11-05-x86_64-unknown-linux-gnu/lib/rustlib/src/rust/library/core/src/result.rs:2168:15 in function <std::result::Result<i128, percolator::V16Error> as std::ops::Try>::branch

Check 18: percolator::MarketGroupV16ViewMut::<'_, u64>::trade_signed_size_deltas.unreachable.1
	 - Status: SUCCESS
	 - Description: "unreachable code"
	 - Location: src/v16.rs:10448:30 in function percolator::MarketGroupV16ViewMut::<'_, u64>::trade_signed_size_deltas

Check 19: std::option::unwrap_failed.assertion.1
	 - Status: SUCCESS
	 - Description: "called `Option::unwrap()` on a `None` value"
	 - Location: ../../runner/.rustup/toolchains/nightly-2025-11-05-x86_64-unknown-linux-gnu/lib/rustlib/src/rust/library/core/src/option.rs:2174:5 in function std::option::unwrap_failed

Check 20: std::option::Option::<i128>::is_some.pointer_dereference.1
	 - Status: SUCCESS
	 - Description: "dereference failure: pointer NULL"
	 - Location: ../../runner/.rustup/toolchains/nightly-2025-11-05-x86_64-unknown-linux-gnu/lib/rustlib/src/rust/library/core/src/option.rs:635:18 in function std::option::Option::<i128>::is_some

Check 21: std::option::Option::<i128>::is_some.pointer_dereference.2
	 - Status: SUCCESS
	 - Description: "dereference failure: pointer invalid"
	 - Location: ../../runner/.rustup/toolchains/nightly-2025-11-05-x86_64-unknown-linux-gnu/lib/rustlib/src/rust/library/core/src/option.rs:635:18 in function std::option::Option::<i128>::is_some

Check 22: std::option::Option::<i128>::is_some.pointer_dereference.3
	 - Status: SUCCESS
	 - Description: "dereference failure: deallocated dynamic object"
	 - Location: ../../runner/.rustup/toolchains/nightly-2025-11-05-x86_64-unknown-linux-gnu/lib/rustlib/src/rust/library/core/src/option.rs:635:18 in function std::option::Option::<i128>::is_some

Check 23: std::option::Option::<i128>::is_some.pointer_dereference.4
	 - Status: SUCCESS
	 - Description: "dereference failure: dead object"
	 - Location: ../../runner/.rustup/toolchains/nightly-2025-11-05-x86_64-unknown-linux-gnu/lib/rustlib/src/rust/library/core/src/option.rs:635:18 in function std::option::Option::<i128>::is_some

Check 24: std::option::Option::<i128>::is_some.pointer_dereference.5
	 - Status: SUCCESS
	 - Description: "dereference failure: pointer outside object bounds"
	 - Location: ../../runner/.rustup/toolchains/nightly-2025-11-05-x86_64-unknown-linux-gnu/lib/rustlib/src/rust/library/core/src/option.rs:635:18 in function std::option::Option::<i128>::is_some

Check 25: std::option::Option::<i128>::is_some.pointer_dereference.6
	 - Status: SUCCESS
	 - Description: "dereference failure: invalid integer address"
	 - Location: ../../runner/.rustup/toolchains/nightly-2025-11-05-x86_64-unknown-linux-gnu/lib/rustlib/src/rust/library/core/src/option.rs:635:18 in function std::option::Option::<i128>::is_some

Check 26: std::result::Result::<(u128, i128, i128), percolator::V16Error>::is_ok.pointer_dereference.1
	 - Status: SUCCESS
	 - Description: "dereference failure: pointer NULL"
	 - Location: ../../runner/.rustup/toolchains/nightly-2025-11-05-x86_64-unknown-linux-gnu/lib/rustlib/src/rust/library/core/src/result.rs:594:18 in function std::result::Result::<(u128, i128, i128), percolator::V16Error>::is_ok

Check 27: std::result::Result::<(u128, i128, i128), percolator::V16Error>::is_ok.pointer_dereference.2
	 - Status: SUCCESS
	 - Description: "dereference failure: pointer invalid"
	 - Location: ../../runner/.rustup/toolchains/nightly-2025-11-05-x86_64-unknown-linux-gnu/lib/rustlib/src/rust/library/core/src/result.rs:594:18 in function std::result::Result::<(u128, i128, i128), percolator::V16Error>::is_ok

Check 28: std::result::Result::<(u128, i128, i128), percolator::V16Error>::is_ok.pointer_dereference.3
	 - Status: SUCCESS
	 - Description: "dereference failure: deallocated dynamic object"
	 - Location: ../../runner/.rustup/toolchains/nightly-2025-11-05-x86_64-unknown-linux-gnu/lib/rustlib/src/rust/library/core/src/result.rs:594:18 in function std::result::Result::<(u128, i128, i128), percolator::V16Error>::is_ok

Check 29: std::result::Result::<(u128, i128, i128), percolator::V16Error>::is_ok.pointer_dereference.4
	 - Status: SUCCESS
	 - Description: "dereference failure: dead object"
	 - Location: ../../runner/.rustup/toolchains/nightly-2025-11-05-x86_64-unknown-linux-gnu/lib/rustlib/src/rust/library/core/src/result.rs:594:18 in function std::result::Result::<(u128, i128, i128), percolator::V16Error>::is_ok

Check 30: std::result::Result::<(u128, i128, i128), percolator::V16Error>::is_ok.pointer_dereference.5
	 - Status: SUCCESS
	 - Description: "dereference failure: pointer outside object bounds"
	 - Location: ../../runner/.rustup/toolchains/nightly-2025-11-05-x86_64-unknown-linux-gnu/lib/rustlib/src/rust/library/core/src/result.rs:594:18 in function std::result::Result::<(u128, i128, i128), percolator::V16Error>::is_ok

Check 31: std::result::Result::<(u128, i128, i128), percolator::V16Error>::is_ok.pointer_dereference.6
	 - Status: SUCCESS
	 - Description: "dereference failure: invalid integer address"
	 - Location: ../../runner/.rustup/toolchains/nightly-2025-11-05-x86_64-unknown-linux-gnu/lib/rustlib/src/rust/library/core/src/result.rs:594:18 in function std::result::Result::<(u128, i128, i128), percolator::V16Error>::is_ok

Check 32: <std::option::Option<i128> as std::cmp::PartialEq>::eq.pointer_dereference.1
	 - Status: SUCCESS
	 - Description: "dereference failure: pointer NULL"
	 - Location: ../../runner/.rustup/toolchains/nightly-2025-11-05-x86_64-unknown-linux-gnu/lib/rustlib/src/rust/library/core/src/option.rs:2359:15 in function <std::option::Option<i128> as std::cmp::PartialEq>::eq

Check 33: <std::option::Option<i128> as std::cmp::PartialEq>::eq.pointer_dereference.2
	 - Status: SUCCESS
	 - Description: "dereference failure: pointer invalid"
	 - Location: ../../runner/.rustup/toolchains/nightly-2025-11-05-x86_64-unknown-linux-gnu/lib/rustlib/src/rust/library/core/src/option.rs:2359:15 in function <std::option::Option<i128> as std::cmp::PartialEq>::eq

Check 34: <std::option::Option<i128> as std::cmp::PartialEq>::eq.pointer_dereference.3
	 - Status: SUCCESS
	 - Description: "dereference failure: deallocated dynamic object"
	 - Location: ../../runner/.rustup/toolchains/nightly-2025-11-05-x86_64-unknown-linux-gnu/lib/rustlib/src/rust/library/core/src/option.rs:2359:15 in function <std::option::Option<i128> as std::cmp::PartialEq>::eq

Check 35: <std::option::Option<i128> as std::cmp::PartialEq>::eq.pointer_dereference.4
	 - Status: SUCCESS
	 - Description: "dereference failure: dead object"
	 - Location: ../../runner/.rustup/toolchains/nightly-2025-11-05-x86_64-unknown-linux-gnu/lib/rustlib/src/rust/library/core/src/option.rs:2359:15 in function <std::option::Option<i128> as std::cmp::PartialEq>::eq

Check 36: <std::option::Option<i128> as std::cmp::PartialEq>::eq.pointer_dereference.5
	 - Status: SUCCESS
	 - Description: "dereference failure: pointer outside object bounds"
	 - Location: ../../runner/.rustup/toolchains/nightly-2025-11-05-x86_64-unknown-linux-gnu/lib/rustlib/src/rust/library/core/src/option.rs:2359:15 in function <std::option::Option<i128> as std::cmp::PartialEq>::eq

Check 37: <std::option::Option<i128> as std::cmp::PartialEq>::eq.pointer_dereference.6
	 - Status: SUCCESS
	 - Description: "dereference failure: invalid integer address"
	 - Location: ../../runner/.rustup/toolchains/nightly-2025-11-05-x86_64-unknown-linux-gnu/lib/rustlib/src/rust/library/core/src/option.rs:2359:15 in function <std::option::Option<i128> as std::cmp::PartialEq>::eq

Check 38: <std::option::Option<i128> as std::cmp::PartialEq>::eq.pointer_dereference.7
	 - Status: SUCCESS
	 - Description: "dereference failure: pointer NULL"
	 - Location: ../../runner/.rustup/toolchains/nightly-2025-11-05-x86_64-unknown-linux-gnu/lib/rustlib/src/rust/library/core/src/option.rs:2359:15 in function <std::option::Option<i128> as std::cmp::PartialEq>::eq

Check 39: <std::option::Option<i128> as std::cmp::PartialEq>::eq.pointer_dereference.8
	 - Status: SUCCESS
	 - Description: "dereference failure: pointer invalid"
	 - Location: ../../runner/.rustup/toolchains/nightly-2025-11-05-x86_64-unknown-linux-gnu/lib/rustlib/src/rust/library/core/src/option.rs:2359:15 in function <std::option::Option<i128> as std::cmp::PartialEq>::eq

Check 40: <std::option::Option<i128> as std::cmp::PartialEq>::eq.pointer_dereference.9
	 - Status: SUCCESS
	 - Description: "dereference failure: deallocated dynamic object"
	 - Location: ../../runner/.rustup/toolchains/nightly-2025-11-05-x86_64-unknown-linux-gnu/lib/rustlib/src/rust/library/core/src/option.rs:2359:15 in function <std::option::Option<i128> as std::cmp::PartialEq>::eq

Check 41: <std::option::Option<i128> as std::cmp::PartialEq>::eq.pointer_dereference.10
	 - Status: SUCCESS
	 - Description: "dereference failure: dead object"
	 - Location: ../../runner/.rustup/toolchains/nightly-2025-11-05-x86_64-unknown-linux-gnu/lib/rustlib/src/rust/library/core/src/option.rs:2359:15 in function <std::option::Option<i128> as std::cmp::PartialEq>::eq

Check 42: <std::option::Option<i128> as std::cmp::PartialEq>::eq.pointer_dereference.11
	 - Status: SUCCESS
	 - Description: "dereference failure: pointer outside object bounds"
	 - Location: ../../runner/.rustup/toolchains/nightly-2025-11-05-x86_64-unknown-linux-gnu/lib/rustlib/src/rust/library/core/src/option.rs:2359:15 in function <std::option::Option<i128> as std::cmp::PartialEq>::eq

Check 43: <std::option::Option<i128> as std::cmp::PartialEq>::eq.pointer_dereference.12
	 - Status: SUCCESS
	 - Description: "dereference failure: invalid integer address"
	 - Location: ../../runner/.rustup/toolchains/nightly-2025-11-05-x86_64-unknown-linux-gnu/lib/rustlib/src/rust/library/core/src/option.rs:2359:15 in function <std::option::Option<i128> as std::cmp::PartialEq>::eq

Check 44: <std::option::Option<i128> as std::cmp::PartialEq>::eq.pointer_dereference.13
	 - Status: SUCCESS
	 - Description: "dereference failure: pointer NULL"
	 - Location: ../../runner/.rustup/toolchains/nightly-2025-11-05-x86_64-unknown-linux-gnu/lib/rustlib/src/rust/library/core/src/option.rs:2359:15 in function <std::option::Option<i128> as std::cmp::PartialEq>::eq

Check 45: <std::option::Option<i128> as std::cmp::PartialEq>::eq.pointer_dereference.14
	 - Status: SUCCESS
	 - Description: "dereference failure: pointer invalid"
	 - Location: ../../runner/.rustup/toolchains/nightly-2025-11-05-x86_64-unknown-linux-gnu/lib/rustlib/src/rust/library/core/src/option.rs:2359:15 in function <std::option::Option<i128> as std::cmp::PartialEq>::eq

Check 46: <std::option::Option<i128> as std::cmp::PartialEq>::eq.pointer_dereference.15
	 - Status: SUCCESS
	 - Description: "dereference failure: deallocated dynamic object"
	 - Location: ../../runner/.rustup/toolchains/nightly-2025-11-05-x86_64-unknown-linux-gnu/lib/rustlib/src/rust/library/core/src/option.rs:2359:15 in function <std::option::Option<i128> as std::cmp::PartialEq>::eq

Check 47: <std::option::Option<i128> as std::cmp::PartialEq>::eq.pointer_dereference.16
	 - Status: SUCCESS
	 - Description: "dereference failure: dead object"
	 - Location: ../../runner/.rustup/toolchains/nightly-2025-11-05-x86_64-unknown-linux-gnu/lib/rustlib/src/rust/library/core/src/option.rs:2359:15 in function <std::option::Option<i128> as std::cmp::PartialEq>::eq

Check 48: <std::option::Option<i128> as std::cmp::PartialEq>::eq.pointer_dereference.17
	 - Status: SUCCESS
	 - Description: "dereference failure: pointer outside object bounds"
	 - Location: ../../runner/.rustup/toolchains/nightly-2025-11-05-x86_64-unknown-linux-gnu/lib/rustlib/src/rust/library/core/src/option.rs:2359:15 in function <std::option::Option<i128> as std::cmp::PartialEq>::eq

Check 49: <std::option::Option<i128> as std::cmp::PartialEq>::eq.pointer_dereference.18
	 - Status: SUCCESS
	 - Description: "dereference failure: invalid integer address"
	 - Location: ../../runner/.rustup/toolchains/nightly-2025-11-05-x86_64-unknown-linux-gnu/lib/rustlib/src/rust/library/core/src/option.rs:2359:15 in function <std::option::Option<i128> as std::cmp::PartialEq>::eq

Check 50: std::cmp::impls::<impl std::cmp::PartialEq for i128>::eq.pointer_dereference.1
	 - Status: SUCCESS
	 - Description: "dereference failure: pointer NULL"
	 - Location: ../../runner/.rustup/toolchains/nightly-2025-11-05-x86_64-unknown-linux-gnu/lib/rustlib/src/rust/library/core/src/cmp.rs:1865:54 in function std::cmp::impls::<impl std::cmp::PartialEq for i128>::eq

Check 51: std::cmp::impls::<impl std::cmp::PartialEq for i128>::eq.pointer_dereference.2
	 - Status: SUCCESS
	 - Description: "dereference failure: pointer invalid"
	 - Location: ../../runner/.rustup/toolchains/nightly-2025-11-05-x86_64-unknown-linux-gnu/lib/rustlib/src/rust/library/core/src/cmp.rs:1865:54 in function std::cmp::impls::<impl std::cmp::PartialEq for i128>::eq

Check 52: std::cmp::impls::<impl std::cmp::PartialEq for i128>::eq.pointer_dereference.3
	 - Status: SUCCESS
	 - Description: "dereference failure: deallocated dynamic object"
	 - Location: ../../runner/.rustup/toolchains/nightly-2025-11-05-x86_64-unknown-linux-gnu/lib/rustlib/src/rust/library/core/src/cmp.rs:1865:54 in function std::cmp::impls::<impl std::cmp::PartialEq for i128>::eq

Check 53: std::cmp::impls::<impl std::cmp::PartialEq for i128>::eq.pointer_dereference.4
	 - Status: SUCCESS
	 - Description: "dereference failure: dead object"
	 - Location: ../../runner/.rustup/toolchains/nightly-2025-11-05-x86_64-unknown-linux-gnu/lib/rustlib/src/rust/library/core/src/cmp.rs:1865:54 in function std::cmp::impls::<impl std::cmp::PartialEq for i128>::eq

Check 54: std::cmp::impls::<impl std::cmp::PartialEq for i128>::eq.pointer_dereference.5
	 - Status: SUCCESS
	 - Description: "dereference failure: pointer outside object bounds"
	 - Location: ../../runner/.rustup/toolchains/nightly-2025-11-05-x86_64-unknown-linux-gnu/lib/rustlib/src/rust/library/core/src/cmp.rs:1865:54 in function std::cmp::impls::<impl std::cmp::PartialEq for i128>::eq

Check 55: std::cmp::impls::<impl std::cmp::PartialEq for i128>::eq.pointer_dereference.6
	 - Status: SUCCESS
	 - Description: "dereference failure: invalid integer address"
	 - Location: ../../runner/.rustup/toolchains/nightly-2025-11-05-x86_64-unknown-linux-gnu/lib/rustlib/src/rust/library/core/src/cmp.rs:1865:54 in function std::cmp::impls::<impl std::cmp::PartialEq for i128>::eq

Check 56: std::cmp::impls::<impl std::cmp::PartialEq for i128>::eq.pointer_dereference.7
	 - Status: SUCCESS
	 - Description: "dereference failure: pointer NULL"
	 - Location: ../../runner/.rustup/toolchains/nightly-2025-11-05-x86_64-unknown-linux-gnu/lib/rustlib/src/rust/library/core/src/cmp.rs:1865:63 in function std::cmp::impls::<impl std::cmp::PartialEq for i128>::eq

Check 57: std::cmp::impls::<impl std::cmp::PartialEq for i128>::eq.pointer_dereference.8
	 - Status: SUCCESS
	 - Description: "dereference failure: pointer invalid"
	 - Location: ../../runner/.rustup/toolchains/nightly-2025-11-05-x86_64-unknown-linux-gnu/lib/rustlib/src/rust/library/core/src/cmp.rs:1865:63 in function std::cmp::impls::<impl std::cmp::PartialEq for i128>::eq

Check 58: std::cmp::impls::<impl std::cmp::PartialEq for i128>::eq.pointer_dereference.9
	 - Status: SUCCESS
	 - Description: "dereference failure: deallocated dynamic object"
	 - Location: ../../runner/.rustup/toolchains/nightly-2025-11-05-x86_64-unknown-linux-gnu/lib/rustlib/src/rust/library/core/src/cmp.rs:1865:63 in function std::cmp::impls::<impl std::cmp::PartialEq for i128>::eq

Check 59: std::cmp::impls::<impl std::cmp::PartialEq for i128>::eq.pointer_dereference.10
	 - Status: SUCCESS
	 - Description: "dereference failure: dead object"
	 - Location: ../../runner/.rustup/toolchains/nightly-2025-11-05-x86_64-unknown-linux-gnu/lib/rustlib/src/rust/library/core/src/cmp.rs:1865:63 in function std::cmp::impls::<impl std::cmp::PartialEq for i128>::eq

Check 60: std::cmp::impls::<impl std::cmp::PartialEq for i128>::eq.pointer_dereference.11
	 - Status: SUCCESS
	 - Description: "dereference failure: pointer outside object bounds"
	 - Location: ../../runner/.rustup/toolchains/nightly-2025-11-05-x86_64-unknown-linux-gnu/lib/rustlib/src/rust/library/core/src/cmp.rs:1865:63 in function std::cmp::impls::<impl std::cmp::PartialEq for i128>::eq

Check 61: std::cmp::impls::<impl std::cmp::PartialEq for i128>::eq.pointer_dereference.12
	 - Status: SUCCESS
	 - Description: "dereference failure: invalid integer address"
	 - Location: ../../runner/.rustup/toolchains/nightly-2025-11-05-x86_64-unknown-linux-gnu/lib/rustlib/src/rust/library/core/src/cmp.rs:1865:63 in function std::cmp::impls::<impl std::cmp::PartialEq for i128>::eq


SUMMARY:
 ** 0 of 57 failed

 ** 4 of 4 cover properties satisfied


VERIFICATION:- SUCCESSFUL
Verification Time: 0.29928473s

Manual Harness Summary:
Complete - 1 successfully verified harnesses, 0 failures, 1 total.
