Kani Rust Verifier 0.66.0 (cargo plugin)
   Compiling percolator v0.1.1 (/home/anatoly/percolator)
    Finished `test` profile [unoptimized + debuginfo] target(s) in 0.94s
   Compiling percolator v0.1.1 (/home/anatoly/percolator)
    Finished `test` profile [unoptimized + debuginfo] target(s) in 0.12s
   Compiling percolator v0.1.1 (/home/anatoly/percolator)
warning: unused imports: `MarketGroupV16View` and `TradeRequestV16`
  --> tests/proofs_v16.rs:22:42
   |
22 |     Market, MarketGroupV16HeaderAccount, MarketGroupV16View, MarketGroupV16ViewMut,
   |                                          ^^^^^^^^^^^^^^^^^^
...
31 |     TradeRequestV16,
   |     ^^^^^^^^^^^^^^^
   |
   = note: `#[warn(unused_imports)]` (part of `#[warn(unused)]`) on by default

warning: Found the following unsupported constructs:
             - caller_location (1)
             - foreign function (1)
         
         Verification will fail if one or more of these constructs is reachable.
         See https://model-checking.github.io/kani/rust-feature-support.html for more details.

    Finished `test` profile [unoptimized + debuginfo] target(s) in 1.01s
   Compiling percolator v0.1.1 (/home/anatoly/percolator)
    Finished `test` profile [unoptimized + debuginfo] target(s) in 0.06s
   Compiling percolator v0.1.1 (/home/anatoly/percolator)
    Finished `test` profile [unoptimized + debuginfo] target(s) in 0.07s
   Compiling percolator v0.1.1 (/home/anatoly/percolator)
warning: unused import: `BOUND_SCALE`
  --> tests/rounding_residue_fuzz.rs:11:18
   |
11 | use percolator::{BOUND_SCALE, CREDIT_RATE_SCALE, POS_SCALE};
   |                  ^^^^^^^^^^^
   |
   = note: `#[warn(unused_imports)]` (part of `#[warn(unused)]`) on by default

    Finished `test` profile [unoptimized + debuginfo] target(s) in 0.07s
   Compiling percolator v0.1.1 (/home/anatoly/percolator)
    Finished `test` profile [unoptimized + debuginfo] target(s) in 0.07s
   Compiling percolator v0.1.1 (/home/anatoly/percolator)
    Finished `test` profile [unoptimized + debuginfo] target(s) in 0.14s
Checking harness proof_v16_view_initial_margin_source_lien_creation_is_backed...
CBMC 6.8.0 (cbmc-6.8.0)
CBMC version 6.8.0 (cbmc-6.8.0) 64-bit x86_64 linux
Reading GOTO program from file /home/anatoly/percolator/target/kani-verify/kani/x86_64-unknown-linux-gnu/debug/deps/proofs_v16-c49ce007f020820a__RNvCs35DYgTG8RvC_10proofs_v1660proof_v16_view_initial_margin_source_lien_creation_is_backed.out
Generating GOTO Program
Adding CPROVER library (x86_64)
Removal of function pointers and virtual functions
Generic Property Instrumentation
Running with 16 object bits, 48 offset bits (user-specified)
Starting Bounded Model Checking
aborting path on assume(false) at file /home/runner/.rustup/toolchains/nightly-2025-11-05-x86_64-unknown-linux-gnu/lib/rustlib/src/rust/library/core/src/result.rs line 1231 column 15 function std::result::Result::<(percolator::BackingBucketV16, percolator::SourceCreditStateV16), percolator::V16Error>::unwrap thread 0
aborting path on assume(false) at file /home/runner/.rustup/toolchains/nightly-2025-11-05-x86_64-unknown-linux-gnu/lib/rustlib/src/rust/library/core/src/result.rs line 1862 column 5 function std::result::unwrap_failed thread 0
aborting path on assume(false) at file /home/runner/.rustup/toolchains/nightly-2025-11-05-x86_64-unknown-linux-gnu/lib/rustlib/src/rust/library/core/src/result.rs line 1233 column 23 function std::result::Result::<(percolator::BackingBucketV16, percolator::SourceCreditStateV16), percolator::V16Error>::unwrap thread 0
Runtime Symex: 0.159713s
size of program expression: 10927 steps
slicing removed 7440 assignments
Generated 110 VCC(s), 25 remaining after simplification
Runtime Postprocess Equation: 0.00396792s
Passing problem to propositional reduction
converting SSA
Runtime Convert SSA: 0.0132719s
Running propositional reduction
Post-processing
Runtime Post-process: 5.448e-06s
Solving with CaDiCaL 2.0.0
29202 variables, 41083 clauses
SAT checker: instance is SATISFIABLE
Runtime Solver: 0.000629745s
Runtime decision procedure: 0.0143568s
Running propositional reduction
Solving with CaDiCaL 2.0.0
29203 variables, 41084 clauses
SAT checker: instance is UNSATISFIABLE
Runtime Solver: 0.30437s
Runtime decision procedure: 0.304523s

RESULTS:
Check 1: percolator::MarketGroupV16ViewMut::<'_, u64>::apply_account_source_credit_lien_delta.unreachable.1
	 - Status: SUCCESS
	 - Description: "unreachable code"
	 - Location: tests/proofs_v16.rs:0:0 in function percolator::MarketGroupV16ViewMut::<'_, u64>::apply_account_source_credit_lien_delta

Check 2: std::result::unwrap_failed.assertion.1
	 - Status: SUCCESS
	 - Description: "This is a placeholder message; Kani doesn't support message formatted at runtime"
	 - Location: ../../runner/.rustup/toolchains/nightly-2025-11-05-x86_64-unknown-linux-gnu/lib/rustlib/src/rust/library/core/src/result.rs:1862:5 in function std::result::unwrap_failed

Check 3: percolator::v16::V16Core::prepare_counterparty_lien_create_delta.assertion.1
	 - Status: SUCCESS
	 - Description: "attempt to subtract with overflow"
	 - Location: src/v16.rs:711:9 in function percolator::v16::V16Core::prepare_counterparty_lien_create_delta

Check 4: percolator::v16::V16Core::prepare_counterparty_lien_create_delta.unreachable.1
	 - Status: SUCCESS
	 - Description: "unreachable code"
	 - Location: tests/proofs_v16.rs:0:0 in function percolator::v16::V16Core::prepare_counterparty_lien_create_delta

Check 5: std::option::Option::<u128>::ok_or::<percolator::V16Error>.unreachable.1
	 - Status: SUCCESS
	 - Description: "unreachable code"
	 - Location: ../../runner/.rustup/toolchains/nightly-2025-11-05-x86_64-unknown-linux-gnu/lib/rustlib/src/rust/library/core/src/option.rs:1337:15 in function std::option::Option::<u128>::ok_or::<percolator::V16Error>

Check 6: proof_v16_view_initial_margin_source_lien_creation_is_backed.assertion.1
	 - Status: SUCCESS
	 - Description: "attempt to multiply with overflow"
	 - Location: tests/proofs_v16.rs:8934:23 in function proof_v16_view_initial_margin_source_lien_creation_is_backed

Check 7: proof_v16_view_initial_margin_source_lien_creation_is_backed.cover.1
	 - Status: SATISFIED
	 - Description: "source-credit IM lien branch is reachable"
	 - Location: tests/proofs_v16.rs:8972:5 in function proof_v16_view_initial_margin_source_lien_creation_is_backed

Check 8: proof_v16_view_initial_margin_source_lien_creation_is_backed.assertion.2
	 - Status: SUCCESS
	 - Description: "assertion failed: backing_after.fresh_unliened_backing_num == 0"
	 - Location: tests/proofs_v16.rs:8973:5 in function proof_v16_view_initial_margin_source_lien_creation_is_backed

Check 9: proof_v16_view_initial_margin_source_lien_creation_is_backed.assertion.3
	 - Status: SUCCESS
	 - Description: "assertion failed: backing_after.valid_liened_backing_num == backing_num"
	 - Location: tests/proofs_v16.rs:8974:5 in function proof_v16_view_initial_margin_source_lien_creation_is_backed

Check 10: proof_v16_view_initial_margin_source_lien_creation_is_backed.assertion.4
	 - Status: SUCCESS
	 - Description: "assertion failed: source_credit_after.valid_liened_backing_num == backing_num"
	 - Location: tests/proofs_v16.rs:8975:5 in function proof_v16_view_initial_margin_source_lien_creation_is_backed

Check 11: proof_v16_view_initial_margin_source_lien_creation_is_backed.assertion.5
	 - Status: SUCCESS
	 - Description: "assertion failed: source_credit_after.fresh_reserved_backing_num ==
backing_after.valid_liened_backing_num"
	 - Location: tests/proofs_v16.rs:8976:5 in function proof_v16_view_initial_margin_source_lien_creation_is_backed

Check 12: proof_v16_view_initial_margin_source_lien_creation_is_backed.assertion.6
	 - Status: SUCCESS
	 - Description: "assertion failed: source_domain.source_claim_liened_num.get() == face_num"
	 - Location: tests/proofs_v16.rs:8980:5 in function proof_v16_view_initial_margin_source_lien_creation_is_backed

Check 13: proof_v16_view_initial_margin_source_lien_creation_is_backed.assertion.7
	 - Status: SUCCESS
	 - Description: "assertion failed: source_domain.source_lien_effective_reserved.get() == effective"
	 - Location: tests/proofs_v16.rs:8981:5 in function proof_v16_view_initial_margin_source_lien_creation_is_backed

Check 14: proof_v16_view_initial_margin_source_lien_creation_is_backed.assertion.8
	 - Status: SUCCESS
	 - Description: "assertion failed: source_domain.source_claim_counterparty_liened_num.get() == face_num"
	 - Location: tests/proofs_v16.rs:8985:5 in function proof_v16_view_initial_margin_source_lien_creation_is_backed

Check 15: proof_v16_view_initial_margin_source_lien_creation_is_backed.assertion.9
	 - Status: SUCCESS
	 - Description: "assertion failed: source_domain.source_lien_counterparty_backing_num.get() == backing_num"
	 - Location: tests/proofs_v16.rs:8989:5 in function proof_v16_view_initial_margin_source_lien_creation_is_backed

Check 16: proof_v16_view_initial_margin_source_lien_creation_is_backed.assertion.10
	 - Status: SUCCESS
	 - Description: "assertion failed: source_domain.source_lien_fee_last_slot.get() == current_slot"
	 - Location: tests/proofs_v16.rs:8993:5 in function proof_v16_view_initial_margin_source_lien_creation_is_backed

Check 17: std::result::Result::<(), percolator::V16Error>::unwrap.unreachable.1
	 - Status: SUCCESS
	 - Description: "unreachable code"
	 - Location: ../../runner/.rustup/toolchains/nightly-2025-11-05-x86_64-unknown-linux-gnu/lib/rustlib/src/rust/library/core/src/result.rs:1231:15 in function std::result::Result::<(), percolator::V16Error>::unwrap

Check 18: <std::result::Result<u128, percolator::V16Error> as std::ops::Try>::branch.unreachable.1
	 - Status: SUCCESS
	 - Description: "unreachable code"
	 - Location: ../../runner/.rustup/toolchains/nightly-2025-11-05-x86_64-unknown-linux-gnu/lib/rustlib/src/rust/library/core/src/result.rs:2168:15 in function <std::result::Result<u128, percolator::V16Error> as std::ops::Try>::branch

Check 19: std::result::Result::<(percolator::BackingBucketV16, percolator::SourceCreditStateV16), percolator::V16Error>::unwrap.unreachable.1
	 - Status: SUCCESS
	 - Description: "unreachable code"
	 - Location: ../../runner/.rustup/toolchains/nightly-2025-11-05-x86_64-unknown-linux-gnu/lib/rustlib/src/rust/library/core/src/result.rs:1231:15 in function std::result::Result::<(percolator::BackingBucketV16, percolator::SourceCreditStateV16), percolator::V16Error>::unwrap

Check 20: core::num::<impl u128>::checked_add.arithmetic_overflow.1
	 - Status: SUCCESS
	 - Description: "attempt to compute `unchecked_add` which would overflow"
	 - Location: ../../runner/.rustup/toolchains/nightly-2025-11-05-x86_64-unknown-linux-gnu/lib/rustlib/src/rust/library/core/src/num/uint_macros.rs:646:31 in function core::num::<impl u128>::checked_add

Check 21: std::result::Result::<(percolator::BackingBucketV16, percolator::SourceCreditStateV16), percolator::V16Error>::unwrap.pointer_dereference.1
	 - Status: SUCCESS
	 - Description: "dereference failure: dead object"
	 - Location: ../../runner/.rustup/toolchains/nightly-2025-11-05-x86_64-unknown-linux-gnu/lib/rustlib/src/rust/library/core/src/result.rs:1231:15 in function std::result::Result::<(percolator::BackingBucketV16, percolator::SourceCreditStateV16), percolator::V16Error>::unwrap

Check 22: <std::result::Result<(percolator::BackingBucketV16, percolator::SourceCreditStateV16), percolator::V16Error> as std::ops::FromResidual<std::result::Result<std::convert::Infallible, percolator::V16Error>>>::from_residual.pointer_dereference.1
	 - Status: SUCCESS
	 - Description: "dereference failure: dead object"
	 - Location: ../../runner/.rustup/toolchains/nightly-2025-11-05-x86_64-unknown-linux-gnu/lib/rustlib/src/rust/library/core/src/result.rs:2184:23 in function <std::result::Result<(percolator::BackingBucketV16, percolator::SourceCreditStateV16), percolator::V16Error> as std::ops::FromResidual<std::result::Result<std::convert::Infallible, percolator::V16Error>>>::from_residual

Check 23: std::result::Result::<(), percolator::V16Error>::unwrap.pointer_dereference.1
	 - Status: SUCCESS
	 - Description: "dereference failure: dead object"
	 - Location: ../../runner/.rustup/toolchains/nightly-2025-11-05-x86_64-unknown-linux-gnu/lib/rustlib/src/rust/library/core/src/result.rs:1231:15 in function std::result::Result::<(), percolator::V16Error>::unwrap

Check 24: <percolator::BackingBucketStatusV16 as std::cmp::PartialEq>::eq.pointer_dereference.1
	 - Status: SUCCESS
	 - Description: "dereference failure: pointer NULL"
	 - Location: src/v16.rs:1425:30 in function <percolator::BackingBucketStatusV16 as std::cmp::PartialEq>::eq

Check 25: <percolator::BackingBucketStatusV16 as std::cmp::PartialEq>::eq.pointer_dereference.2
	 - Status: SUCCESS
	 - Description: "dereference failure: pointer invalid"
	 - Location: src/v16.rs:1425:30 in function <percolator::BackingBucketStatusV16 as std::cmp::PartialEq>::eq

Check 26: <percolator::BackingBucketStatusV16 as std::cmp::PartialEq>::eq.pointer_dereference.3
	 - Status: SUCCESS
	 - Description: "dereference failure: deallocated dynamic object"
	 - Location: src/v16.rs:1425:30 in function <percolator::BackingBucketStatusV16 as std::cmp::PartialEq>::eq

Check 27: <percolator::BackingBucketStatusV16 as std::cmp::PartialEq>::eq.pointer_dereference.4
	 - Status: SUCCESS
	 - Description: "dereference failure: dead object"
	 - Location: src/v16.rs:1425:30 in function <percolator::BackingBucketStatusV16 as std::cmp::PartialEq>::eq

Check 28: <percolator::BackingBucketStatusV16 as std::cmp::PartialEq>::eq.pointer_dereference.5
	 - Status: SUCCESS
	 - Description: "dereference failure: pointer outside object bounds"
	 - Location: src/v16.rs:1425:30 in function <percolator::BackingBucketStatusV16 as std::cmp::PartialEq>::eq

Check 29: <percolator::BackingBucketStatusV16 as std::cmp::PartialEq>::eq.pointer_dereference.6
	 - Status: SUCCESS
	 - Description: "dereference failure: invalid integer address"
	 - Location: src/v16.rs:1425:30 in function <percolator::BackingBucketStatusV16 as std::cmp::PartialEq>::eq

Check 30: <percolator::BackingBucketStatusV16 as std::cmp::PartialEq>::eq.pointer_dereference.7
	 - Status: SUCCESS
	 - Description: "dereference failure: pointer NULL"
	 - Location: src/v16.rs:1425:30 in function <percolator::BackingBucketStatusV16 as std::cmp::PartialEq>::eq

Check 31: <percolator::BackingBucketStatusV16 as std::cmp::PartialEq>::eq.pointer_dereference.8
	 - Status: SUCCESS
	 - Description: "dereference failure: pointer invalid"
	 - Location: src/v16.rs:1425:30 in function <percolator::BackingBucketStatusV16 as std::cmp::PartialEq>::eq

Check 32: <percolator::BackingBucketStatusV16 as std::cmp::PartialEq>::eq.pointer_dereference.9
	 - Status: SUCCESS
	 - Description: "dereference failure: deallocated dynamic object"
	 - Location: src/v16.rs:1425:30 in function <percolator::BackingBucketStatusV16 as std::cmp::PartialEq>::eq

Check 33: <percolator::BackingBucketStatusV16 as std::cmp::PartialEq>::eq.pointer_dereference.10
	 - Status: SUCCESS
	 - Description: "dereference failure: dead object"
	 - Location: src/v16.rs:1425:30 in function <percolator::BackingBucketStatusV16 as std::cmp::PartialEq>::eq

Check 34: <percolator::BackingBucketStatusV16 as std::cmp::PartialEq>::eq.pointer_dereference.11
	 - Status: SUCCESS
	 - Description: "dereference failure: pointer outside object bounds"
	 - Location: src/v16.rs:1425:30 in function <percolator::BackingBucketStatusV16 as std::cmp::PartialEq>::eq

Check 35: <percolator::BackingBucketStatusV16 as std::cmp::PartialEq>::eq.pointer_dereference.12
	 - Status: SUCCESS
	 - Description: "dereference failure: invalid integer address"
	 - Location: src/v16.rs:1425:30 in function <percolator::BackingBucketStatusV16 as std::cmp::PartialEq>::eq

Check 36: percolator::v16::V16Core::prepare_counterparty_lien_create_delta.pointer_dereference.1
	 - Status: SUCCESS
	 - Description: "dereference failure: dead object"
	 - Location: src/v16.rs:709:20 in function percolator::v16::V16Core::prepare_counterparty_lien_create_delta

Check 37: percolator::MarketGroupV16ViewMut::<'_, u64>::apply_account_source_credit_lien_delta.pointer_dereference.1
	 - Status: SUCCESS
	 - Description: "dereference failure: pointer NULL"
	 - Location: src/v16.rs:7827:42 in function percolator::MarketGroupV16ViewMut::<'_, u64>::apply_account_source_credit_lien_delta

Check 38: percolator::MarketGroupV16ViewMut::<'_, u64>::apply_account_source_credit_lien_delta.pointer_dereference.2
	 - Status: SUCCESS
	 - Description: "dereference failure: pointer invalid"
	 - Location: src/v16.rs:7827:42 in function percolator::MarketGroupV16ViewMut::<'_, u64>::apply_account_source_credit_lien_delta

Check 39: percolator::MarketGroupV16ViewMut::<'_, u64>::apply_account_source_credit_lien_delta.pointer_dereference.3
	 - Status: SUCCESS
	 - Description: "dereference failure: deallocated dynamic object"
	 - Location: src/v16.rs:7827:42 in function percolator::MarketGroupV16ViewMut::<'_, u64>::apply_account_source_credit_lien_delta

Check 40: percolator::MarketGroupV16ViewMut::<'_, u64>::apply_account_source_credit_lien_delta.pointer_dereference.4
	 - Status: SUCCESS
	 - Description: "dereference failure: dead object"
	 - Location: src/v16.rs:7827:42 in function percolator::MarketGroupV16ViewMut::<'_, u64>::apply_account_source_credit_lien_delta

Check 41: percolator::MarketGroupV16ViewMut::<'_, u64>::apply_account_source_credit_lien_delta.pointer_dereference.5
	 - Status: SUCCESS
	 - Description: "dereference failure: pointer outside object bounds"
	 - Location: src/v16.rs:7827:42 in function percolator::MarketGroupV16ViewMut::<'_, u64>::apply_account_source_credit_lien_delta

Check 42: percolator::MarketGroupV16ViewMut::<'_, u64>::apply_account_source_credit_lien_delta.pointer_dereference.6
	 - Status: SUCCESS
	 - Description: "dereference failure: invalid integer address"
	 - Location: src/v16.rs:7827:42 in function percolator::MarketGroupV16ViewMut::<'_, u64>::apply_account_source_credit_lien_delta

Check 43: percolator::MarketGroupV16ViewMut::<'_, u64>::apply_account_source_credit_lien_delta.pointer_dereference.7
	 - Status: SUCCESS
	 - Description: "dereference failure: pointer NULL"
	 - Location: src/v16.rs:7829:13 in function percolator::MarketGroupV16ViewMut::<'_, u64>::apply_account_source_credit_lien_delta

Check 44: percolator::MarketGroupV16ViewMut::<'_, u64>::apply_account_source_credit_lien_delta.pointer_dereference.8
	 - Status: SUCCESS
	 - Description: "dereference failure: pointer invalid"
	 - Location: src/v16.rs:7829:13 in function percolator::MarketGroupV16ViewMut::<'_, u64>::apply_account_source_credit_lien_delta

Check 45: percolator::MarketGroupV16ViewMut::<'_, u64>::apply_account_source_credit_lien_delta.pointer_dereference.9
	 - Status: SUCCESS
	 - Description: "dereference failure: deallocated dynamic object"
	 - Location: src/v16.rs:7829:13 in function percolator::MarketGroupV16ViewMut::<'_, u64>::apply_account_source_credit_lien_delta

Check 46: percolator::MarketGroupV16ViewMut::<'_, u64>::apply_account_source_credit_lien_delta.pointer_dereference.10
	 - Status: SUCCESS
	 - Description: "dereference failure: dead object"
	 - Location: src/v16.rs:7829:13 in function percolator::MarketGroupV16ViewMut::<'_, u64>::apply_account_source_credit_lien_delta

Check 47: percolator::MarketGroupV16ViewMut::<'_, u64>::apply_account_source_credit_lien_delta.pointer_dereference.11
	 - Status: SUCCESS
	 - Description: "dereference failure: pointer outside object bounds"
	 - Location: src/v16.rs:7829:13 in function percolator::MarketGroupV16ViewMut::<'_, u64>::apply_account_source_credit_lien_delta

Check 48: percolator::MarketGroupV16ViewMut::<'_, u64>::apply_account_source_credit_lien_delta.pointer_dereference.12
	 - Status: SUCCESS
	 - Description: "dereference failure: invalid integer address"
	 - Location: src/v16.rs:7829:13 in function percolator::MarketGroupV16ViewMut::<'_, u64>::apply_account_source_credit_lien_delta

Check 49: percolator::MarketGroupV16ViewMut::<'_, u64>::apply_account_source_credit_lien_delta.pointer_dereference.13
	 - Status: SUCCESS
	 - Description: "dereference failure: pointer NULL"
	 - Location: src/v16.rs:7828:9 in function percolator::MarketGroupV16ViewMut::<'_, u64>::apply_account_source_credit_lien_delta

Check 50: percolator::MarketGroupV16ViewMut::<'_, u64>::apply_account_source_credit_lien_delta.pointer_dereference.14
	 - Status: SUCCESS
	 - Description: "dereference failure: pointer invalid"
	 - Location: src/v16.rs:7828:9 in function percolator::MarketGroupV16ViewMut::<'_, u64>::apply_account_source_credit_lien_delta

Check 51: percolator::MarketGroupV16ViewMut::<'_, u64>::apply_account_source_credit_lien_delta.pointer_dereference.15
	 - Status: SUCCESS
	 - Description: "dereference failure: deallocated dynamic object"
	 - Location: src/v16.rs:7828:9 in function percolator::MarketGroupV16ViewMut::<'_, u64>::apply_account_source_credit_lien_delta

Check 52: percolator::MarketGroupV16ViewMut::<'_, u64>::apply_account_source_credit_lien_delta.pointer_dereference.16
	 - Status: SUCCESS
	 - Description: "dereference failure: dead object"
	 - Location: src/v16.rs:7828:9 in function percolator::MarketGroupV16ViewMut::<'_, u64>::apply_account_source_credit_lien_delta

Check 53: percolator::MarketGroupV16ViewMut::<'_, u64>::apply_account_source_credit_lien_delta.pointer_dereference.17
	 - Status: SUCCESS
	 - Description: "dereference failure: pointer outside object bounds"
	 - Location: src/v16.rs:7828:9 in function percolator::MarketGroupV16ViewMut::<'_, u64>::apply_account_source_credit_lien_delta

Check 54: percolator::MarketGroupV16ViewMut::<'_, u64>::apply_account_source_credit_lien_delta.pointer_dereference.18
	 - Status: SUCCESS
	 - Description: "dereference failure: invalid integer address"
	 - Location: src/v16.rs:7828:9 in function percolator::MarketGroupV16ViewMut::<'_, u64>::apply_account_source_credit_lien_delta

Check 55: percolator::MarketGroupV16ViewMut::<'_, u64>::apply_account_source_credit_lien_delta.pointer_dereference.19
	 - Status: SUCCESS
	 - Description: "dereference failure: pointer NULL"
	 - Location: src/v16.rs:7836:13 in function percolator::MarketGroupV16ViewMut::<'_, u64>::apply_account_source_credit_lien_delta

Check 56: percolator::MarketGroupV16ViewMut::<'_, u64>::apply_account_source_credit_lien_delta.pointer_dereference.20
	 - Status: SUCCESS
	 - Description: "dereference failure: pointer invalid"
	 - Location: src/v16.rs:7836:13 in function percolator::MarketGroupV16ViewMut::<'_, u64>::apply_account_source_credit_lien_delta

Check 57: percolator::MarketGroupV16ViewMut::<'_, u64>::apply_account_source_credit_lien_delta.pointer_dereference.21
	 - Status: SUCCESS
	 - Description: "dereference failure: deallocated dynamic object"
	 - Location: src/v16.rs:7836:13 in function percolator::MarketGroupV16ViewMut::<'_, u64>::apply_account_source_credit_lien_delta

Check 58: percolator::MarketGroupV16ViewMut::<'_, u64>::apply_account_source_credit_lien_delta.pointer_dereference.22
	 - Status: SUCCESS
	 - Description: "dereference failure: dead object"
	 - Location: src/v16.rs:7836:13 in function percolator::MarketGroupV16ViewMut::<'_, u64>::apply_account_source_credit_lien_delta

Check 59: percolator::MarketGroupV16ViewMut::<'_, u64>::apply_account_source_credit_lien_delta.pointer_dereference.23
	 - Status: SUCCESS
	 - Description: "dereference failure: pointer outside object bounds"
	 - Location: src/v16.rs:7836:13 in function percolator::MarketGroupV16ViewMut::<'_, u64>::apply_account_source_credit_lien_delta

Check 60: percolator::MarketGroupV16ViewMut::<'_, u64>::apply_account_source_credit_lien_delta.pointer_dereference.24
	 - Status: SUCCESS
	 - Description: "dereference failure: invalid integer address"
	 - Location: src/v16.rs:7836:13 in function percolator::MarketGroupV16ViewMut::<'_, u64>::apply_account_source_credit_lien_delta

Check 61: percolator::MarketGroupV16ViewMut::<'_, u64>::apply_account_source_credit_lien_delta.pointer_dereference.25
	 - Status: SUCCESS
	 - Description: "dereference failure: pointer NULL"
	 - Location: src/v16.rs:7835:9 in function percolator::MarketGroupV16ViewMut::<'_, u64>::apply_account_source_credit_lien_delta

Check 62: percolator::MarketGroupV16ViewMut::<'_, u64>::apply_account_source_credit_lien_delta.pointer_dereference.26
	 - Status: SUCCESS
	 - Description: "dereference failure: pointer invalid"
	 - Location: src/v16.rs:7835:9 in function percolator::MarketGroupV16ViewMut::<'_, u64>::apply_account_source_credit_lien_delta

Check 63: percolator::MarketGroupV16ViewMut::<'_, u64>::apply_account_source_credit_lien_delta.pointer_dereference.27
	 - Status: SUCCESS
	 - Description: "dereference failure: deallocated dynamic object"
	 - Location: src/v16.rs:7835:9 in function percolator::MarketGroupV16ViewMut::<'_, u64>::apply_account_source_credit_lien_delta

Check 64: percolator::MarketGroupV16ViewMut::<'_, u64>::apply_account_source_credit_lien_delta.pointer_dereference.28
	 - Status: SUCCESS
	 - Description: "dereference failure: dead object"
	 - Location: src/v16.rs:7835:9 in function percolator::MarketGroupV16ViewMut::<'_, u64>::apply_account_source_credit_lien_delta

Check 65: percolator::MarketGroupV16ViewMut::<'_, u64>::apply_account_source_credit_lien_delta.pointer_dereference.29
	 - Status: SUCCESS
	 - Description: "dereference failure: pointer outside object bounds"
	 - Location: src/v16.rs:7835:9 in function percolator::MarketGroupV16ViewMut::<'_, u64>::apply_account_source_credit_lien_delta

Check 66: percolator::MarketGroupV16ViewMut::<'_, u64>::apply_account_source_credit_lien_delta.pointer_dereference.30
	 - Status: SUCCESS
	 - Description: "dereference failure: invalid integer address"
	 - Location: src/v16.rs:7835:9 in function percolator::MarketGroupV16ViewMut::<'_, u64>::apply_account_source_credit_lien_delta

Check 67: percolator::MarketGroupV16ViewMut::<'_, u64>::apply_account_source_credit_lien_delta.pointer_dereference.31
	 - Status: SUCCESS
	 - Description: "dereference failure: pointer NULL"
	 - Location: src/v16.rs:7864:21 in function percolator::MarketGroupV16ViewMut::<'_, u64>::apply_account_source_credit_lien_delta

Check 68: percolator::MarketGroupV16ViewMut::<'_, u64>::apply_account_source_credit_lien_delta.pointer_dereference.32
	 - Status: SUCCESS
	 - Description: "dereference failure: pointer invalid"
	 - Location: src/v16.rs:7864:21 in function percolator::MarketGroupV16ViewMut::<'_, u64>::apply_account_source_credit_lien_delta

Check 69: percolator::MarketGroupV16ViewMut::<'_, u64>::apply_account_source_credit_lien_delta.pointer_dereference.33
	 - Status: SUCCESS
	 - Description: "dereference failure: deallocated dynamic object"
	 - Location: src/v16.rs:7864:21 in function percolator::MarketGroupV16ViewMut::<'_, u64>::apply_account_source_credit_lien_delta

Check 70: percolator::MarketGroupV16ViewMut::<'_, u64>::apply_account_source_credit_lien_delta.pointer_dereference.34
	 - Status: SUCCESS
	 - Description: "dereference failure: dead object"
	 - Location: src/v16.rs:7864:21 in function percolator::MarketGroupV16ViewMut::<'_, u64>::apply_account_source_credit_lien_delta

Check 71: percolator::MarketGroupV16ViewMut::<'_, u64>::apply_account_source_credit_lien_delta.pointer_dereference.35
	 - Status: SUCCESS
	 - Description: "dereference failure: pointer outside object bounds"
	 - Location: src/v16.rs:7864:21 in function percolator::MarketGroupV16ViewMut::<'_, u64>::apply_account_source_credit_lien_delta

Check 72: percolator::MarketGroupV16ViewMut::<'_, u64>::apply_account_source_credit_lien_delta.pointer_dereference.36
	 - Status: SUCCESS
	 - Description: "dereference failure: invalid integer address"
	 - Location: src/v16.rs:7864:21 in function percolator::MarketGroupV16ViewMut::<'_, u64>::apply_account_source_credit_lien_delta

Check 73: percolator::MarketGroupV16ViewMut::<'_, u64>::apply_account_source_credit_lien_delta.pointer_dereference.37
	 - Status: SUCCESS
	 - Description: "dereference failure: pointer NULL"
	 - Location: src/v16.rs:7863:17 in function percolator::MarketGroupV16ViewMut::<'_, u64>::apply_account_source_credit_lien_delta

Check 74: percolator::MarketGroupV16ViewMut::<'_, u64>::apply_account_source_credit_lien_delta.pointer_dereference.38
	 - Status: SUCCESS
	 - Description: "dereference failure: pointer invalid"
	 - Location: src/v16.rs:7863:17 in function percolator::MarketGroupV16ViewMut::<'_, u64>::apply_account_source_credit_lien_delta

Check 75: percolator::MarketGroupV16ViewMut::<'_, u64>::apply_account_source_credit_lien_delta.pointer_dereference.39
	 - Status: SUCCESS
	 - Description: "dereference failure: deallocated dynamic object"
	 - Location: src/v16.rs:7863:17 in function percolator::MarketGroupV16ViewMut::<'_, u64>::apply_account_source_credit_lien_delta

Check 76: percolator::MarketGroupV16ViewMut::<'_, u64>::apply_account_source_credit_lien_delta.pointer_dereference.40
	 - Status: SUCCESS
	 - Description: "dereference failure: dead object"
	 - Location: src/v16.rs:7863:17 in function percolator::MarketGroupV16ViewMut::<'_, u64>::apply_account_source_credit_lien_delta

Check 77: percolator::MarketGroupV16ViewMut::<'_, u64>::apply_account_source_credit_lien_delta.pointer_dereference.41
	 - Status: SUCCESS
	 - Description: "dereference failure: pointer outside object bounds"
	 - Location: src/v16.rs:7863:17 in function percolator::MarketGroupV16ViewMut::<'_, u64>::apply_account_source_credit_lien_delta

Check 78: percolator::MarketGroupV16ViewMut::<'_, u64>::apply_account_source_credit_lien_delta.pointer_dereference.42
	 - Status: SUCCESS
	 - Description: "dereference failure: invalid integer address"
	 - Location: src/v16.rs:7863:17 in function percolator::MarketGroupV16ViewMut::<'_, u64>::apply_account_source_credit_lien_delta

Check 79: percolator::MarketGroupV16ViewMut::<'_, u64>::apply_account_source_credit_lien_delta.pointer_dereference.43
	 - Status: SUCCESS
	 - Description: "dereference failure: pointer NULL"
	 - Location: src/v16.rs:7871:21 in function percolator::MarketGroupV16ViewMut::<'_, u64>::apply_account_source_credit_lien_delta

Check 80: percolator::MarketGroupV16ViewMut::<'_, u64>::apply_account_source_credit_lien_delta.pointer_dereference.44
	 - Status: SUCCESS
	 - Description: "dereference failure: pointer invalid"
	 - Location: src/v16.rs:7871:21 in function percolator::MarketGroupV16ViewMut::<'_, u64>::apply_account_source_credit_lien_delta

Check 81: percolator::MarketGroupV16ViewMut::<'_, u64>::apply_account_source_credit_lien_delta.pointer_dereference.45
	 - Status: SUCCESS
	 - Description: "dereference failure: deallocated dynamic object"
	 - Location: src/v16.rs:7871:21 in function percolator::MarketGroupV16ViewMut::<'_, u64>::apply_account_source_credit_lien_delta

Check 82: percolator::MarketGroupV16ViewMut::<'_, u64>::apply_account_source_credit_lien_delta.pointer_dereference.46
	 - Status: SUCCESS
	 - Description: "dereference failure: dead object"
	 - Location: src/v16.rs:7871:21 in function percolator::MarketGroupV16ViewMut::<'_, u64>::apply_account_source_credit_lien_delta

Check 83: percolator::MarketGroupV16ViewMut::<'_, u64>::apply_account_source_credit_lien_delta.pointer_dereference.47
	 - Status: SUCCESS
	 - Description: "dereference failure: pointer outside object bounds"
	 - Location: src/v16.rs:7871:21 in function percolator::MarketGroupV16ViewMut::<'_, u64>::apply_account_source_credit_lien_delta

Check 84: percolator::MarketGroupV16ViewMut::<'_, u64>::apply_account_source_credit_lien_delta.pointer_dereference.48
	 - Status: SUCCESS
	 - Description: "dereference failure: invalid integer address"
	 - Location: src/v16.rs:7871:21 in function percolator::MarketGroupV16ViewMut::<'_, u64>::apply_account_source_credit_lien_delta

Check 85: percolator::MarketGroupV16ViewMut::<'_, u64>::apply_account_source_credit_lien_delta.pointer_dereference.49
	 - Status: SUCCESS
	 - Description: "dereference failure: pointer NULL"
	 - Location: src/v16.rs:7870:17 in function percolator::MarketGroupV16ViewMut::<'_, u64>::apply_account_source_credit_lien_delta

Check 86: percolator::MarketGroupV16ViewMut::<'_, u64>::apply_account_source_credit_lien_delta.pointer_dereference.50
	 - Status: SUCCESS
	 - Description: "dereference failure: pointer invalid"
	 - Location: src/v16.rs:7870:17 in function percolator::MarketGroupV16ViewMut::<'_, u64>::apply_account_source_credit_lien_delta

Check 87: percolator::MarketGroupV16ViewMut::<'_, u64>::apply_account_source_credit_lien_delta.pointer_dereference.51
	 - Status: SUCCESS
	 - Description: "dereference failure: deallocated dynamic object"
	 - Location: src/v16.rs:7870:17 in function percolator::MarketGroupV16ViewMut::<'_, u64>::apply_account_source_credit_lien_delta

Check 88: percolator::MarketGroupV16ViewMut::<'_, u64>::apply_account_source_credit_lien_delta.pointer_dereference.52
	 - Status: SUCCESS
	 - Description: "dereference failure: dead object"
	 - Location: src/v16.rs:7870:17 in function percolator::MarketGroupV16ViewMut::<'_, u64>::apply_account_source_credit_lien_delta

Check 89: percolator::MarketGroupV16ViewMut::<'_, u64>::apply_account_source_credit_lien_delta.pointer_dereference.53
	 - Status: SUCCESS
	 - Description: "dereference failure: pointer outside object bounds"
	 - Location: src/v16.rs:7870:17 in function percolator::MarketGroupV16ViewMut::<'_, u64>::apply_account_source_credit_lien_delta

Check 90: percolator::MarketGroupV16ViewMut::<'_, u64>::apply_account_source_credit_lien_delta.pointer_dereference.54
	 - Status: SUCCESS
	 - Description: "dereference failure: invalid integer address"
	 - Location: src/v16.rs:7870:17 in function percolator::MarketGroupV16ViewMut::<'_, u64>::apply_account_source_credit_lien_delta

Check 91: percolator::MarketGroupV16ViewMut::<'_, u64>::apply_account_source_credit_lien_delta.pointer_dereference.55
	 - Status: SUCCESS
	 - Description: "dereference failure: pointer NULL"
	 - Location: src/v16.rs:7845:21 in function percolator::MarketGroupV16ViewMut::<'_, u64>::apply_account_source_credit_lien_delta

Check 92: percolator::MarketGroupV16ViewMut::<'_, u64>::apply_account_source_credit_lien_delta.pointer_dereference.56
	 - Status: SUCCESS
	 - Description: "dereference failure: pointer invalid"
	 - Location: src/v16.rs:7845:21 in function percolator::MarketGroupV16ViewMut::<'_, u64>::apply_account_source_credit_lien_delta

Check 93: percolator::MarketGroupV16ViewMut::<'_, u64>::apply_account_source_credit_lien_delta.pointer_dereference.57
	 - Status: SUCCESS
	 - Description: "dereference failure: deallocated dynamic object"
	 - Location: src/v16.rs:7845:21 in function percolator::MarketGroupV16ViewMut::<'_, u64>::apply_account_source_credit_lien_delta

Check 94: percolator::MarketGroupV16ViewMut::<'_, u64>::apply_account_source_credit_lien_delta.pointer_dereference.58
	 - Status: SUCCESS
	 - Description: "dereference failure: dead object"
	 - Location: src/v16.rs:7845:21 in function percolator::MarketGroupV16ViewMut::<'_, u64>::apply_account_source_credit_lien_delta

Check 95: percolator::MarketGroupV16ViewMut::<'_, u64>::apply_account_source_credit_lien_delta.pointer_dereference.59
	 - Status: SUCCESS
	 - Description: "dereference failure: pointer outside object bounds"
	 - Location: src/v16.rs:7845:21 in function percolator::MarketGroupV16ViewMut::<'_, u64>::apply_account_source_credit_lien_delta

Check 96: percolator::MarketGroupV16ViewMut::<'_, u64>::apply_account_source_credit_lien_delta.pointer_dereference.60
	 - Status: SUCCESS
	 - Description: "dereference failure: invalid integer address"
	 - Location: src/v16.rs:7845:21 in function percolator::MarketGroupV16ViewMut::<'_, u64>::apply_account_source_credit_lien_delta

Check 97: percolator::MarketGroupV16ViewMut::<'_, u64>::apply_account_source_credit_lien_delta.pointer_dereference.61
	 - Status: SUCCESS
	 - Description: "dereference failure: pointer NULL"
	 - Location: src/v16.rs:7844:17 in function percolator::MarketGroupV16ViewMut::<'_, u64>::apply_account_source_credit_lien_delta

Check 98: percolator::MarketGroupV16ViewMut::<'_, u64>::apply_account_source_credit_lien_delta.pointer_dereference.62
	 - Status: SUCCESS
	 - Description: "dereference failure: pointer invalid"
	 - Location: src/v16.rs:7844:17 in function percolator::MarketGroupV16ViewMut::<'_, u64>::apply_account_source_credit_lien_delta

Check 99: percolator::MarketGroupV16ViewMut::<'_, u64>::apply_account_source_credit_lien_delta.pointer_dereference.63
	 - Status: SUCCESS
	 - Description: "dereference failure: deallocated dynamic object"
	 - Location: src/v16.rs:7844:17 in function percolator::MarketGroupV16ViewMut::<'_, u64>::apply_account_source_credit_lien_delta

Check 100: percolator::MarketGroupV16ViewMut::<'_, u64>::apply_account_source_credit_lien_delta.pointer_dereference.64
	 - Status: SUCCESS
	 - Description: "dereference failure: dead object"
	 - Location: src/v16.rs:7844:17 in function percolator::MarketGroupV16ViewMut::<'_, u64>::apply_account_source_credit_lien_delta

Check 101: percolator::MarketGroupV16ViewMut::<'_, u64>::apply_account_source_credit_lien_delta.pointer_dereference.65
	 - Status: SUCCESS
	 - Description: "dereference failure: pointer outside object bounds"
	 - Location: src/v16.rs:7844:17 in function percolator::MarketGroupV16ViewMut::<'_, u64>::apply_account_source_credit_lien_delta

Check 102: percolator::MarketGroupV16ViewMut::<'_, u64>::apply_account_source_credit_lien_delta.pointer_dereference.66
	 - Status: SUCCESS
	 - Description: "dereference failure: invalid integer address"
	 - Location: src/v16.rs:7844:17 in function percolator::MarketGroupV16ViewMut::<'_, u64>::apply_account_source_credit_lien_delta

Check 103: percolator::MarketGroupV16ViewMut::<'_, u64>::apply_account_source_credit_lien_delta.pointer_dereference.67
	 - Status: SUCCESS
	 - Description: "dereference failure: pointer NULL"
	 - Location: src/v16.rs:7852:21 in function percolator::MarketGroupV16ViewMut::<'_, u64>::apply_account_source_credit_lien_delta

Check 104: percolator::MarketGroupV16ViewMut::<'_, u64>::apply_account_source_credit_lien_delta.pointer_dereference.68
	 - Status: SUCCESS
	 - Description: "dereference failure: pointer invalid"
	 - Location: src/v16.rs:7852:21 in function percolator::MarketGroupV16ViewMut::<'_, u64>::apply_account_source_credit_lien_delta

Check 105: percolator::MarketGroupV16ViewMut::<'_, u64>::apply_account_source_credit_lien_delta.pointer_dereference.69
	 - Status: SUCCESS
	 - Description: "dereference failure: deallocated dynamic object"
	 - Location: src/v16.rs:7852:21 in function percolator::MarketGroupV16ViewMut::<'_, u64>::apply_account_source_credit_lien_delta

Check 106: percolator::MarketGroupV16ViewMut::<'_, u64>::apply_account_source_credit_lien_delta.pointer_dereference.70
	 - Status: SUCCESS
	 - Description: "dereference failure: dead object"
	 - Location: src/v16.rs:7852:21 in function percolator::MarketGroupV16ViewMut::<'_, u64>::apply_account_source_credit_lien_delta

Check 107: percolator::MarketGroupV16ViewMut::<'_, u64>::apply_account_source_credit_lien_delta.pointer_dereference.71
	 - Status: SUCCESS
	 - Description: "dereference failure: pointer outside object bounds"
	 - Location: src/v16.rs:7852:21 in function percolator::MarketGroupV16ViewMut::<'_, u64>::apply_account_source_credit_lien_delta

Check 108: percolator::MarketGroupV16ViewMut::<'_, u64>::apply_account_source_credit_lien_delta.pointer_dereference.72
	 - Status: SUCCESS
	 - Description: "dereference failure: invalid integer address"
	 - Location: src/v16.rs:7852:21 in function percolator::MarketGroupV16ViewMut::<'_, u64>::apply_account_source_credit_lien_delta

Check 109: percolator::MarketGroupV16ViewMut::<'_, u64>::apply_account_source_credit_lien_delta.pointer_dereference.73
	 - Status: SUCCESS
	 - Description: "dereference failure: pointer NULL"
	 - Location: src/v16.rs:7851:17 in function percolator::MarketGroupV16ViewMut::<'_, u64>::apply_account_source_credit_lien_delta

Check 110: percolator::MarketGroupV16ViewMut::<'_, u64>::apply_account_source_credit_lien_delta.pointer_dereference.74
	 - Status: SUCCESS
	 - Description: "dereference failure: pointer invalid"
	 - Location: src/v16.rs:7851:17 in function percolator::MarketGroupV16ViewMut::<'_, u64>::apply_account_source_credit_lien_delta

Check 111: percolator::MarketGroupV16ViewMut::<'_, u64>::apply_account_source_credit_lien_delta.pointer_dereference.75
	 - Status: SUCCESS
	 - Description: "dereference failure: deallocated dynamic object"
	 - Location: src/v16.rs:7851:17 in function percolator::MarketGroupV16ViewMut::<'_, u64>::apply_account_source_credit_lien_delta

Check 112: percolator::MarketGroupV16ViewMut::<'_, u64>::apply_account_source_credit_lien_delta.pointer_dereference.76
	 - Status: SUCCESS
	 - Description: "dereference failure: dead object"
	 - Location: src/v16.rs:7851:17 in function percolator::MarketGroupV16ViewMut::<'_, u64>::apply_account_source_credit_lien_delta

Check 113: percolator::MarketGroupV16ViewMut::<'_, u64>::apply_account_source_credit_lien_delta.pointer_dereference.77
	 - Status: SUCCESS
	 - Description: "dereference failure: pointer outside object bounds"
	 - Location: src/v16.rs:7851:17 in function percolator::MarketGroupV16ViewMut::<'_, u64>::apply_account_source_credit_lien_delta

Check 114: percolator::MarketGroupV16ViewMut::<'_, u64>::apply_account_source_credit_lien_delta.pointer_dereference.78
	 - Status: SUCCESS
	 - Description: "dereference failure: invalid integer address"
	 - Location: src/v16.rs:7851:17 in function percolator::MarketGroupV16ViewMut::<'_, u64>::apply_account_source_credit_lien_delta

Check 115: percolator::MarketGroupV16ViewMut::<'_, u64>::apply_account_source_credit_lien_delta.pointer_dereference.79
	 - Status: SUCCESS
	 - Description: "dereference failure: pointer NULL"
	 - Location: src/v16.rs:7859:21 in function percolator::MarketGroupV16ViewMut::<'_, u64>::apply_account_source_credit_lien_delta

Check 116: percolator::MarketGroupV16ViewMut::<'_, u64>::apply_account_source_credit_lien_delta.pointer_dereference.80
	 - Status: SUCCESS
	 - Description: "dereference failure: pointer invalid"
	 - Location: src/v16.rs:7859:21 in function percolator::MarketGroupV16ViewMut::<'_, u64>::apply_account_source_credit_lien_delta

Check 117: percolator::MarketGroupV16ViewMut::<'_, u64>::apply_account_source_credit_lien_delta.pointer_dereference.81
	 - Status: SUCCESS
	 - Description: "dereference failure: deallocated dynamic object"
	 - Location: src/v16.rs:7859:21 in function percolator::MarketGroupV16ViewMut::<'_, u64>::apply_account_source_credit_lien_delta

Check 118: percolator::MarketGroupV16ViewMut::<'_, u64>::apply_account_source_credit_lien_delta.pointer_dereference.82
	 - Status: SUCCESS
	 - Description: "dereference failure: dead object"
	 - Location: src/v16.rs:7859:21 in function percolator::MarketGroupV16ViewMut::<'_, u64>::apply_account_source_credit_lien_delta

Check 119: percolator::MarketGroupV16ViewMut::<'_, u64>::apply_account_source_credit_lien_delta.pointer_dereference.83
	 - Status: SUCCESS
	 - Description: "dereference failure: pointer outside object bounds"
	 - Location: src/v16.rs:7859:21 in function percolator::MarketGroupV16ViewMut::<'_, u64>::apply_account_source_credit_lien_delta

Check 120: percolator::MarketGroupV16ViewMut::<'_, u64>::apply_account_source_credit_lien_delta.pointer_dereference.84
	 - Status: SUCCESS
	 - Description: "dereference failure: invalid integer address"
	 - Location: src/v16.rs:7859:21 in function percolator::MarketGroupV16ViewMut::<'_, u64>::apply_account_source_credit_lien_delta

Check 121: percolator::MarketGroupV16ViewMut::<'_, u64>::apply_account_source_credit_lien_delta.pointer_dereference.85
	 - Status: SUCCESS
	 - Description: "dereference failure: dead object"
	 - Location: src/v16.rs:7879:9 in function percolator::MarketGroupV16ViewMut::<'_, u64>::apply_account_source_credit_lien_delta

Check 122: core::fmt::rt::<impl std::fmt::Arguments<'_>>::new_v1::<2, 2>.pointer_dereference.1
	 - Status: SUCCESS
	 - Description: "dereference failure: dead object"
	 - Location: ../../runner/.rustup/toolchains/nightly-2025-11-05-x86_64-unknown-linux-gnu/lib/rustlib/src/rust/library/core/src/fmt/rt.rs:214:34 in function core::fmt::rt::<impl std::fmt::Arguments<'_>>::new_v1::<2, 2>


SUMMARY:
 ** 0 of 121 failed

 ** 1 of 1 cover properties satisfied


VERIFICATION:- SUCCESSFUL
Verification Time: 0.946601s

Manual Harness Summary:
Complete - 1 successfully verified harnesses, 0 failures, 1 total.
