Kani Rust Verifier 0.66.0 (cargo plugin)
   Compiling percolator v0.1.1 (/home/anatoly/percolator)
    Finished `test` profile [unoptimized + debuginfo] target(s) in 0.93s
   Compiling percolator v0.1.1 (/home/anatoly/percolator)
    Finished `test` profile [unoptimized + debuginfo] target(s) in 0.12s
   Compiling percolator v0.1.1 (/home/anatoly/percolator)
warning: unused imports: `MarketGroupV16View` and `TradeRequestV16`
  --> tests/proofs_v16.rs:22:42
   |
22 |     Market, MarketGroupV16HeaderAccount, MarketGroupV16View, MarketGroupV16ViewMut,
   |                                          ^^^^^^^^^^^^^^^^^^
...
31 |     TradeRequestV16,
   |     ^^^^^^^^^^^^^^^
   |
   = note: `#[warn(unused_imports)]` (part of `#[warn(unused)]`) on by default

    Finished `test` profile [unoptimized + debuginfo] target(s) in 0.88s
   Compiling percolator v0.1.1 (/home/anatoly/percolator)
    Finished `test` profile [unoptimized + debuginfo] target(s) in 0.06s
   Compiling percolator v0.1.1 (/home/anatoly/percolator)
    Finished `test` profile [unoptimized + debuginfo] target(s) in 0.07s
   Compiling percolator v0.1.1 (/home/anatoly/percolator)
warning: unused import: `BOUND_SCALE`
  --> tests/rounding_residue_fuzz.rs:11:18
   |
11 | use percolator::{BOUND_SCALE, CREDIT_RATE_SCALE, POS_SCALE};
   |                  ^^^^^^^^^^^
   |
   = note: `#[warn(unused_imports)]` (part of `#[warn(unused)]`) on by default

    Finished `test` profile [unoptimized + debuginfo] target(s) in 0.08s
   Compiling percolator v0.1.1 (/home/anatoly/percolator)
    Finished `test` profile [unoptimized + debuginfo] target(s) in 0.07s
   Compiling percolator v0.1.1 (/home/anatoly/percolator)
    Finished `test` profile [unoptimized + debuginfo] target(s) in 0.14s
Checking harness proof_v16_loss_stale_trade_scope_allows_only_unrelated_current_assets...
CBMC 6.8.0 (cbmc-6.8.0)
CBMC version 6.8.0 (cbmc-6.8.0) 64-bit x86_64 linux
Reading GOTO program from file /home/anatoly/percolator/target/kani-verify/kani/x86_64-unknown-linux-gnu/debug/deps/proofs_v16-1c925bb28ef04b50__RNvCs35DYgTG8RvC_10proofs_v1669proof_v16_loss_stale_trade_scope_allows_only_unrelated_current_assets.out
Generating GOTO Program
Adding CPROVER library (x86_64)
Removal of function pointers and virtual functions
Generic Property Instrumentation
Running with 16 object bits, 48 offset bits (user-specified)
Starting Bounded Model Checking
Runtime Symex: 0.00322206s
size of program expression: 364 steps
slicing removed 128 assignments
Generated 6 VCC(s), 6 remaining after simplification
Runtime Postprocess Equation: 5.0116e-05s
Passing problem to propositional reduction
converting SSA
Runtime Convert SSA: 0.000368072s
Running propositional reduction
Post-processing
Runtime Post-process: 5.629e-06s
Solving with CaDiCaL 2.0.0
229 variables, 453 clauses
SAT checker: instance is SATISFIABLE
Runtime Solver: 8.3986e-05s
Runtime decision procedure: 0.000492247s
Running propositional reduction
Solving with CaDiCaL 2.0.0
230 variables, 454 clauses
SAT checker: instance is SATISFIABLE
Runtime Solver: 1.7716e-05s
Runtime decision procedure: 2.8903e-05s
Running propositional reduction
Solving with CaDiCaL 2.0.0
231 variables, 455 clauses
SAT checker: instance is UNSATISFIABLE
Runtime Solver: 3.6034e-05s
Runtime decision procedure: 4.5989e-05s

RESULTS:
Check 1: proof_v16_loss_stale_trade_scope_allows_only_unrelated_current_assets.cover.1
	 - Status: SATISFIED
	 - Description: "loss-stale scoped trade allows the unrelated-current branch"
	 - Location: tests/proofs_v16.rs:779:5 in function proof_v16_loss_stale_trade_scope_allows_only_unrelated_current_assets

Check 2: proof_v16_loss_stale_trade_scope_allows_only_unrelated_current_assets.cover.2
	 - Status: SATISFIED
	 - Description: "loss-stale scoped trade denies stale asset or stale account exposure"
	 - Location: tests/proofs_v16.rs:783:5 in function proof_v16_loss_stale_trade_scope_allows_only_unrelated_current_assets

Check 3: proof_v16_loss_stale_trade_scope_allows_only_unrelated_current_assets.assertion.1
	 - Status: SUCCESS
	 - Description: "assertion failed: allowed ==
market_loss_stale_active && !trade_asset_loss_stale &&
!long_account_loss_stale_exposed && !short_account_loss_stale_exposed"
	 - Location: tests/proofs_v16.rs:791:5 in function proof_v16_loss_stale_trade_scope_allows_only_unrelated_current_assets


SUMMARY:
 ** 0 of 1 failed

 ** 2 of 2 cover properties satisfied


VERIFICATION:- SUCCESSFUL
Verification Time: 0.024952296s

Manual Harness Summary:
Complete - 1 successfully verified harnesses, 0 failures, 1 total.
