Kani Rust Verifier 0.66.0 (cargo plugin)
   Compiling percolator v0.1.1 (/home/anatoly/percolator)
    Finished `test` profile [unoptimized + debuginfo] target(s) in 0.95s
   Compiling percolator v0.1.1 (/home/anatoly/percolator)
    Finished `test` profile [unoptimized + debuginfo] target(s) in 0.12s
   Compiling percolator v0.1.1 (/home/anatoly/percolator)
warning: unused imports: `MarketGroupV16View` and `TradeRequestV16`
  --> tests/proofs_v16.rs:22:42
   |
22 |     Market, MarketGroupV16HeaderAccount, MarketGroupV16View, MarketGroupV16ViewMut,
   |                                          ^^^^^^^^^^^^^^^^^^
...
31 |     TradeRequestV16,
   |     ^^^^^^^^^^^^^^^
   |
   = note: `#[warn(unused_imports)]` (part of `#[warn(unused)]`) on by default

warning: Found the following unsupported constructs:
             - caller_location (1)
             - foreign function (1)
         
         Verification will fail if one or more of these constructs is reachable.
         See https://model-checking.github.io/kani/rust-feature-support.html for more details.

    Finished `test` profile [unoptimized + debuginfo] target(s) in 1.02s
   Compiling percolator v0.1.1 (/home/anatoly/percolator)
    Finished `test` profile [unoptimized + debuginfo] target(s) in 0.06s
   Compiling percolator v0.1.1 (/home/anatoly/percolator)
    Finished `test` profile [unoptimized + debuginfo] target(s) in 0.07s
   Compiling percolator v0.1.1 (/home/anatoly/percolator)
warning: unused import: `BOUND_SCALE`
  --> tests/rounding_residue_fuzz.rs:11:18
   |
11 | use percolator::{BOUND_SCALE, CREDIT_RATE_SCALE, POS_SCALE};
   |                  ^^^^^^^^^^^
   |
   = note: `#[warn(unused_imports)]` (part of `#[warn(unused)]`) on by default

    Finished `test` profile [unoptimized + debuginfo] target(s) in 0.08s
   Compiling percolator v0.1.1 (/home/anatoly/percolator)
    Finished `test` profile [unoptimized + debuginfo] target(s) in 0.07s
   Compiling percolator v0.1.1 (/home/anatoly/percolator)
    Finished `test` profile [unoptimized + debuginfo] target(s) in 0.14s
Checking harness proof_v16_target_effective_lag_penalty_enters_all_health_lanes...
CBMC 6.8.0 (cbmc-6.8.0)
CBMC version 6.8.0 (cbmc-6.8.0) 64-bit x86_64 linux
Reading GOTO program from file /home/anatoly/percolator/target/kani-verify/kani/x86_64-unknown-linux-gnu/debug/deps/proofs_v16-390513ba5835dbe4__RNvCs35DYgTG8RvC_10proofs_v1662proof_v16_target_effective_lag_penalty_enters_all_health_lanes.out
Generating GOTO Program
Adding CPROVER library (x86_64)
Removal of function pointers and virtual functions
Generic Property Instrumentation
Running with 16 object bits, 48 offset bits (user-specified)
Starting Bounded Model Checking
aborting path on assume(false) at file /home/runner/.rustup/toolchains/nightly-2025-11-05-x86_64-unknown-linux-gnu/lib/rustlib/src/rust/library/core/src/option.rs line 1337 column 15 function std::option::Option::<u128>::ok_or::<percolator::V16Error> thread 0
aborting path on assume(false) at file /home/runner/.rustup/toolchains/nightly-2025-11-05-x86_64-unknown-linux-gnu/lib/rustlib/src/rust/library/core/src/result.rs line 2168 column 15 function <std::result::Result<u128, percolator::V16Error> as std::ops::Try>::branch thread 0
aborting path on assume(false) at file /home/runner/.rustup/toolchains/nightly-2025-11-05-x86_64-unknown-linux-gnu/lib/rustlib/src/rust/library/core/src/option.rs line 1337 column 15 function std::option::Option::<u128>::ok_or::<percolator::V16Error> thread 0
aborting path on assume(false) at file /home/runner/.rustup/toolchains/nightly-2025-11-05-x86_64-unknown-linux-gnu/lib/rustlib/src/rust/library/core/src/result.rs line 2168 column 15 function <std::result::Result<u128, percolator::V16Error> as std::ops::Try>::branch thread 0
aborting path on assume(false) at file /home/runner/.rustup/toolchains/nightly-2025-11-05-x86_64-unknown-linux-gnu/lib/rustlib/src/rust/library/core/src/option.rs line 1337 column 15 function std::option::Option::<u128>::ok_or::<percolator::V16Error> thread 0
aborting path on assume(false) at file /home/runner/.rustup/toolchains/nightly-2025-11-05-x86_64-unknown-linux-gnu/lib/rustlib/src/rust/library/core/src/result.rs line 2168 column 15 function <std::result::Result<u128, percolator::V16Error> as std::ops::Try>::branch thread 0
aborting path on assume(false) at file tests/proofs_v16.rs line 0 column 0 function percolator::v16::V16Core::health_requirements_from_base_and_target_lag thread 0
aborting path on assume(false) at file /home/runner/.rustup/toolchains/nightly-2025-11-05-x86_64-unknown-linux-gnu/lib/rustlib/src/rust/library/core/src/result.rs line 1231 column 15 function std::result::Result::<(u128, u128, u128), percolator::V16Error>::unwrap thread 0
aborting path on assume(false) at file /home/runner/.rustup/toolchains/nightly-2025-11-05-x86_64-unknown-linux-gnu/lib/rustlib/src/rust/library/core/src/result.rs line 1862 column 5 function std::result::unwrap_failed thread 0
aborting path on assume(false) at file /home/runner/.rustup/toolchains/nightly-2025-11-05-x86_64-unknown-linux-gnu/lib/rustlib/src/rust/library/core/src/result.rs line 1233 column 23 function std::result::Result::<(u128, u128, u128), percolator::V16Error>::unwrap thread 0
Runtime Symex: 0.0567524s
size of program expression: 4683 steps
slicing removed 3117 assignments
Generated 44 VCC(s), 42 remaining after simplification
Runtime Postprocess Equation: 0.000690886s
Passing problem to propositional reduction
converting SSA
Runtime Convert SSA: 0.0099394s
Running propositional reduction
Post-processing
Runtime Post-process: 5.208e-06s
Solving with CaDiCaL 2.0.0
17045 variables, 40948 clauses
SAT checker: instance is SATISFIABLE
Runtime Solver: 0.0118938s
Runtime decision procedure: 0.0220977s
Running propositional reduction
Solving with CaDiCaL 2.0.0
17046 variables, 40949 clauses
SAT checker: instance is SATISFIABLE
Runtime Solver: 0.01137s
Runtime decision procedure: 0.0114763s
Running propositional reduction
Solving with CaDiCaL 2.0.0
17047 variables, 40950 clauses
SAT checker: instance is SATISFIABLE
Runtime Solver: 0.00096014s
Runtime decision procedure: 0.00114898s
Running propositional reduction
Solving with CaDiCaL 2.0.0
17048 variables, 40951 clauses
SAT checker: instance is SATISFIABLE
Runtime Solver: 0.000662233s
Runtime decision procedure: 0.000741051s
Running propositional reduction
Solving with CaDiCaL 2.0.0
17049 variables, 40952 clauses
SAT checker: instance is UNSATISFIABLE
Runtime Solver: 0.444097s
Runtime decision procedure: 0.444164s

RESULTS:
Check 1: std::result::Result::<(u128, u128, u128), percolator::V16Error>::unwrap.unreachable.1
	 - Status: SUCCESS
	 - Description: "unreachable code"
	 - Location: ../../runner/.rustup/toolchains/nightly-2025-11-05-x86_64-unknown-linux-gnu/lib/rustlib/src/rust/library/core/src/result.rs:1231:15 in function std::result::Result::<(u128, u128, u128), percolator::V16Error>::unwrap

Check 2: <std::result::Result<u128, percolator::V16Error> as std::ops::Try>::branch.unreachable.1
	 - Status: SUCCESS
	 - Description: "unreachable code"
	 - Location: ../../runner/.rustup/toolchains/nightly-2025-11-05-x86_64-unknown-linux-gnu/lib/rustlib/src/rust/library/core/src/result.rs:2168:15 in function <std::result::Result<u128, percolator::V16Error> as std::ops::Try>::branch

Check 3: std::result::unwrap_failed.assertion.1
	 - Status: SUCCESS
	 - Description: "This is a placeholder message; Kani doesn't support message formatted at runtime"
	 - Location: ../../runner/.rustup/toolchains/nightly-2025-11-05-x86_64-unknown-linux-gnu/lib/rustlib/src/rust/library/core/src/result.rs:1862:5 in function std::result::unwrap_failed

Check 4: core::num::<impl u128>::checked_add.arithmetic_overflow.1
	 - Status: SUCCESS
	 - Description: "attempt to compute `unchecked_add` which would overflow"
	 - Location: ../../runner/.rustup/toolchains/nightly-2025-11-05-x86_64-unknown-linux-gnu/lib/rustlib/src/rust/library/core/src/num/uint_macros.rs:646:31 in function core::num::<impl u128>::checked_add

Check 5: percolator::v16::V16Core::health_requirements_from_base_and_target_lag.unreachable.1
	 - Status: SUCCESS
	 - Description: "unreachable code"
	 - Location: tests/proofs_v16.rs:0:0 in function percolator::v16::V16Core::health_requirements_from_base_and_target_lag

Check 6: proof_v16_target_effective_lag_penalty_enters_all_health_lanes.assertion.1
	 - Status: SUCCESS
	 - Description: "attempt to subtract with overflow"
	 - Location: tests/proofs_v16.rs:11468:34 in function proof_v16_target_effective_lag_penalty_enters_all_health_lanes

Check 7: proof_v16_target_effective_lag_penalty_enters_all_health_lanes.assertion.2
	 - Status: SUCCESS
	 - Description: "attempt to subtract with overflow"
	 - Location: tests/proofs_v16.rs:11469:38 in function proof_v16_target_effective_lag_penalty_enters_all_health_lanes

Check 8: proof_v16_target_effective_lag_penalty_enters_all_health_lanes.assertion.3
	 - Status: SUCCESS
	 - Description: "attempt to subtract with overflow"
	 - Location: tests/proofs_v16.rs:11470:35 in function proof_v16_target_effective_lag_penalty_enters_all_health_lanes

Check 9: proof_v16_target_effective_lag_penalty_enters_all_health_lanes.cover.1
	 - Status: SATISFIED
	 - Description: "target/effective lag health proof covers nonzero base margin lanes"
	 - Location: tests/proofs_v16.rs:11481:5 in function proof_v16_target_effective_lag_penalty_enters_all_health_lanes

Check 10: proof_v16_target_effective_lag_penalty_enters_all_health_lanes.cover.2
	 - Status: SATISFIED
	 - Description: "target/effective lag health proof covers distinct base IM/MM lanes"
	 - Location: tests/proofs_v16.rs:11485:5 in function proof_v16_target_effective_lag_penalty_enters_all_health_lanes

Check 11: proof_v16_target_effective_lag_penalty_enters_all_health_lanes.cover.3
	 - Status: SATISFIED
	 - Description: "target/effective lag health proof covers wide symbolic notional and penalty"
	 - Location: tests/proofs_v16.rs:11489:5 in function proof_v16_target_effective_lag_penalty_enters_all_health_lanes

Check 12: proof_v16_target_effective_lag_penalty_enters_all_health_lanes.assertion.4
	 - Status: SUCCESS
	 - Description: "attempt to add with overflow"
	 - Location: tests/proofs_v16.rs:11493:29 in function proof_v16_target_effective_lag_penalty_enters_all_health_lanes

Check 13: proof_v16_target_effective_lag_penalty_enters_all_health_lanes.assertion.5
	 - Status: SUCCESS
	 - Description: "assertion failed: initial_req == base_initial + penalty"
	 - Location: tests/proofs_v16.rs:11493:5 in function proof_v16_target_effective_lag_penalty_enters_all_health_lanes

Check 14: proof_v16_target_effective_lag_penalty_enters_all_health_lanes.assertion.6
	 - Status: SUCCESS
	 - Description: "attempt to add with overflow"
	 - Location: tests/proofs_v16.rs:11494:33 in function proof_v16_target_effective_lag_penalty_enters_all_health_lanes

Check 15: proof_v16_target_effective_lag_penalty_enters_all_health_lanes.assertion.7
	 - Status: SUCCESS
	 - Description: "assertion failed: maintenance_req == base_maintenance + penalty"
	 - Location: tests/proofs_v16.rs:11494:5 in function proof_v16_target_effective_lag_penalty_enters_all_health_lanes

Check 16: proof_v16_target_effective_lag_penalty_enters_all_health_lanes.assertion.8
	 - Status: SUCCESS
	 - Description: "attempt to add with overflow"
	 - Location: tests/proofs_v16.rs:11495:33 in function proof_v16_target_effective_lag_penalty_enters_all_health_lanes

Check 17: proof_v16_target_effective_lag_penalty_enters_all_health_lanes.assertion.9
	 - Status: SUCCESS
	 - Description: "assertion failed: worst_case_loss == risk_notional + penalty"
	 - Location: tests/proofs_v16.rs:11495:5 in function proof_v16_target_effective_lag_penalty_enters_all_health_lanes

Check 18: proof_v16_target_effective_lag_penalty_enters_all_health_lanes.assertion.10
	 - Status: SUCCESS
	 - Description: "assertion failed: initial_req >= penalty"
	 - Location: tests/proofs_v16.rs:11496:5 in function proof_v16_target_effective_lag_penalty_enters_all_health_lanes

Check 19: proof_v16_target_effective_lag_penalty_enters_all_health_lanes.assertion.11
	 - Status: SUCCESS
	 - Description: "assertion failed: maintenance_req >= penalty"
	 - Location: tests/proofs_v16.rs:11497:5 in function proof_v16_target_effective_lag_penalty_enters_all_health_lanes

Check 20: proof_v16_target_effective_lag_penalty_enters_all_health_lanes.assertion.12
	 - Status: SUCCESS
	 - Description: "assertion failed: worst_case_loss >= penalty"
	 - Location: tests/proofs_v16.rs:11498:5 in function proof_v16_target_effective_lag_penalty_enters_all_health_lanes

Check 21: std::option::Option::<u128>::ok_or::<percolator::V16Error>.unreachable.1
	 - Status: SUCCESS
	 - Description: "unreachable code"
	 - Location: ../../runner/.rustup/toolchains/nightly-2025-11-05-x86_64-unknown-linux-gnu/lib/rustlib/src/rust/library/core/src/option.rs:1337:15 in function std::option::Option::<u128>::ok_or::<percolator::V16Error>

Check 22: core::fmt::rt::<impl std::fmt::Arguments<'_>>::new_v1::<2, 2>.pointer_dereference.1
	 - Status: SUCCESS
	 - Description: "dereference failure: dead object"
	 - Location: ../../runner/.rustup/toolchains/nightly-2025-11-05-x86_64-unknown-linux-gnu/lib/rustlib/src/rust/library/core/src/fmt/rt.rs:214:34 in function core::fmt::rt::<impl std::fmt::Arguments<'_>>::new_v1::<2, 2>


SUMMARY:
 ** 0 of 19 failed

 ** 3 of 3 cover properties satisfied


VERIFICATION:- SUCCESSFUL
Verification Time: 0.7069722s

Manual Harness Summary:
Complete - 1 successfully verified harnesses, 0 failures, 1 total.
