[06:11:59] warming target/contracts cache (un-timed)...
[06:13:38] cache warm.
[06:13:43] closure_bucket_status_machine_prepare_counterparty_lien_create_delta -> PASS (4s)
[06:13:48] closure_bucket_status_machine_prepare_counterparty_lien_impair_delta -> PASS (4s)
[06:13:53] closure_bucket_status_machine_prepare_counterparty_lien_release_delta -> PASS (4s)
[06:13:58] closure_bucket_status_machine_prepare_counterparty_lien_terminal_release_delta -> PASS (4s)
[06:14:02] closure_kernel_advance_close_ledger_rank_witness -> FAIL(1) (3s)
[06:14:06] closure_ledger_inv_genesis -> PASS (3s)
[06:14:10] closure_ledger_inv_prepare_counterparty_backing_add_delta -> PASS (3s)
[06:14:14] closure_ledger_inv_prepare_counterparty_backing_withdraw_delta -> PASS (3s)
[06:14:19] closure_ledger_inv_prepare_counterparty_lien_consume_delta -> PASS (4s)
[06:14:23] closure_ledger_inv_prepare_counterparty_lien_create_delta -> PASS (3s)
[06:14:28] closure_ledger_inv_prepare_counterparty_lien_impair_delta -> PASS (4s)
[06:14:32] closure_ledger_inv_prepare_counterparty_lien_release_delta -> PASS (3s)
[06:14:36] closure_ledger_inv_prepare_counterparty_lien_terminal_release_delta -> PASS (3s)
[06:14:46] closure_ledger_inv_prepare_insurance_lien_consume_delta -> PASS (9s)
[06:14:51] closure_ledger_inv_prepare_insurance_lien_create_delta -> PASS (4s)
[06:14:57] closure_ledger_inv_prepare_insurance_lien_impair_delta -> PASS (5s)
[06:15:02] closure_ledger_inv_prepare_insurance_lien_release_delta -> PASS (4s)
[06:15:09] closure_ledger_inv_prepare_insurance_lien_terminal_release_delta -> PASS (6s)
=====
harness                                                                         wall_s  status
closure_bucket_status_machine_prepare_counterparty_lien_create_delta            4       PASS
closure_bucket_status_machine_prepare_counterparty_lien_impair_delta            4       PASS
closure_bucket_status_machine_prepare_counterparty_lien_release_delta           4       PASS
closure_bucket_status_machine_prepare_counterparty_lien_terminal_release_delta  4       PASS
closure_kernel_advance_close_ledger_rank_witness                                3       FAIL(1)
closure_ledger_inv_genesis                                                      3       PASS
closure_ledger_inv_prepare_counterparty_backing_add_delta                       3       PASS
closure_ledger_inv_prepare_counterparty_backing_withdraw_delta                  3       PASS
closure_ledger_inv_prepare_counterparty_lien_consume_delta                      4       PASS
closure_ledger_inv_prepare_counterparty_lien_create_delta                       3       PASS
closure_ledger_inv_prepare_counterparty_lien_impair_delta                       4       PASS
closure_ledger_inv_prepare_counterparty_lien_release_delta                      3       PASS
closure_ledger_inv_prepare_counterparty_lien_terminal_release_delta             3       PASS
closure_ledger_inv_prepare_insurance_lien_consume_delta                         9       PASS
closure_ledger_inv_prepare_insurance_lien_create_delta                          4       PASS
closure_ledger_inv_prepare_insurance_lien_impair_delta                          5       PASS
closure_ledger_inv_prepare_insurance_lien_release_delta                         4       PASS
closure_ledger_inv_prepare_insurance_lien_terminal_release_delta                6       PASS
