Kani Rust Verifier 0.66.0 (cargo plugin)
   Compiling libc v0.2.177
   Compiling getrandom v0.3.4
   Compiling cfg-if v1.0.4
   Compiling proc-macro2 v1.0.101
   Compiling unicode-ident v1.0.19
   Compiling rustix v1.1.2
   Compiling quote v1.0.41
   Compiling zerocopy v0.8.27
   Compiling linux-raw-sys v0.11.0
   Compiling bitflags v2.9.4
   Compiling autocfg v1.5.0
   Compiling once_cell v1.21.3
   Compiling fastrand v2.3.0
   Compiling bit-vec v0.8.0
   Compiling fnv v1.0.7
   Compiling quick-error v1.2.3
   Compiling lazy_static v1.5.0
   Compiling regex-syntax v0.8.8
   Compiling unarray v0.1.4
   Compiling bit-set v0.8.0
   Compiling num-traits v0.2.19
   Compiling syn v2.0.107
   Compiling wait-timeout v0.2.1
   Compiling rand_core v0.9.3
   Compiling rand v0.9.2
   Compiling rand_xorshift v0.4.0
   Compiling tempfile v3.23.0
   Compiling rusty-fork v0.3.1
   Compiling ppv-lite86 v0.2.21
   Compiling rand_chacha v0.9.0
   Compiling proptest v1.8.0
   Compiling bytemuck_derive v1.10.2
   Compiling bytemuck v1.25.0
   Compiling percolator v0.1.1 (/home/anatoly/percolator)
warning: variable does not need to be mutable
     --> src/v16.rs:11570:13
      |
11570 |         let mut ledger = account.header.close_progress.try_to_runtime()?;
      |             ----^^^^^^
      |             |
      |             help: remove this `mut`
      |
      = note: `#[warn(unused_mut)]` (part of `#[warn(unused)]`) on by default

warning: Found the following unsupported constructs:
             - caller_location (1)
             - foreign function (1)
         
         Verification will fail if one or more of these constructs is reachable.
         See https://model-checking.github.io/kani/rust-feature-support.html for more details.

    Finished `test` profile [unoptimized + debuginfo] target(s) in 4.04s
   Compiling percolator v0.1.1 (/home/anatoly/percolator)
warning: variable does not need to be mutable
     --> src/v16.rs:11570:13
      |
11570 |         let mut ledger = account.header.close_progress.try_to_runtime()?;
      |             ----^^^^^^
      |             |
      |             help: remove this `mut`
      |
      = note: `#[warn(unused_mut)]` (part of `#[warn(unused)]`) on by default

    Finished `test` profile [unoptimized + debuginfo] target(s) in 1.11s
   Compiling percolator v0.1.1 (/home/anatoly/percolator)
warning: variable does not need to be mutable
     --> src/v16.rs:11570:13
      |
11570 |         let mut ledger = account.header.close_progress.try_to_runtime()?;
      |             ----^^^^^^
      |             |
      |             help: remove this `mut`
      |
      = note: `#[warn(unused_mut)]` (part of `#[warn(unused)]`) on by default

warning: unused imports: `MarketGroupV16View` and `TradeRequestV16`
  --> tests/proofs_v16.rs:22:42
   |
22 |     Market, MarketGroupV16HeaderAccount, MarketGroupV16View, MarketGroupV16ViewMut,
   |                                          ^^^^^^^^^^^^^^^^^^
...
31 |     TradeRequestV16,
   |     ^^^^^^^^^^^^^^^
   |
   = note: `#[warn(unused_imports)]` (part of `#[warn(unused)]`) on by default

warning: Found the following unsupported constructs:
             - caller_location (1)
             - foreign function (1)
         
         Verification will fail if one or more of these constructs is reachable.
         See https://model-checking.github.io/kani/rust-feature-support.html for more details.

    Finished `test` profile [unoptimized + debuginfo] target(s) in 32.77s
   Compilingwarning: variable does not need to be mutable
     --> src/v16.rs:11570:13
      |
11570 |         let mut ledger = account.header.close_progress.try_to_runtime()?;
      |             ----^^^^^^
      |             |
      |             help: remove this `mut`
      |
      = note: `#[warn(unused_mut)]` (part of `#[warn(unused)]`) on by default

 percolator v0.1.1 (/home/anatoly/percolator)
warning: Found the following unsupported constructs:
             - caller_location (1)
             - foreign function (1)
         
         Verification will fail if one or more of these constructs is reachable.
         See https://model-checking.github.io/kani/rust-feature-support.html for more details.

    Finished `test` profile [unoptimized + debuginfo] target(s) in 0.33s
   Compilingwarning: variable does not need to be mutable
     --> src/v16.rs:11570:13
      |
11570 |         let mut ledger = account.header.close_progress.try_to_runtime()?;
      |             ----^^^^^^
      |             |
      |             help: remove this `mut`
      |
      = note: `#[warn(unused_mut)]` (part of `#[warn(unused)]`) on by default

 percolator v0.1.1 (/home/anatoly/percolator)
    Finished `test` profile [unoptimized + debuginfo] target(s) in 0.07s
   Compiling percolator v0.1.1 (/home/anatoly/percolator)
warning: variable does not need to be mutable
     --> src/v16.rs:11570:13
      |
11570 |         let mut ledger = account.header.close_progress.try_to_runtime()?;
      |             ----^^^^^^
      |             |
      |             help: remove this `mut`
      |
      = note: `#[warn(unused_mut)]` (part of `#[warn(unused)]`) on by default

    Finished `test` profile [unoptimized + debuginfo] target(s) in 0.08s
   Compilingwarning: variable does not need to be mutable
     --> src/v16.rs:11570:13
      |
11570 |         let mut ledger = account.header.close_progress.try_to_runtime()?;
      |             ----^^^^^^
      |             |
      |             help: remove this `mut`
      |
      = note: `#[warn(unused_mut)]` (part of `#[warn(unused)]`) on by default

 percolator v0.1.1 (/home/anatoly/percolator)
    Finished `test` profile [unoptimized + debuginfo] target(s) in 0.07s
   Compiling percolator v0.1.1 (/home/anatoly/percolator)
warning: variable does not need to be mutable
     --> src/v16.rs:11570:13
      |
11570 |         let mut ledger = account.header.close_progress.try_to_runtime()?;
      |             ----^^^^^^
      |             |
      |             help: remove this `mut`
      |
      = note: `#[warn(unused_mut)]` (part of `#[warn(unused)]`) on by default

    Finished `test` profile [unoptimized + debuginfo] target(s) in 0.13s
