Kani Rust Verifier 0.66.0 (cargo plugin)
   Compiling percolator v0.1.1 (/home/anatoly/percolator)
warning: variable does not need to be mutable
     --> src/v16.rs:11570:13
      |
11570 |         let mut ledger = account.header.close_progress.try_to_runtime()?;
      |             ----^^^^^^
      |             |
      |             help: remove this `mut`
      |
      = note: `#[warn(unused_mut)]` (part of `#[warn(unused)]`) on by default

warning: function `kani_any_loss_weight` is never used
    --> src/v16_proofs.rs:1725:4
     |
1725 | fn kani_any_loss_weight(_abs_basis_q: u128, _a_basis: u128) -> V16Result<u128> {
     |    ^^^^^^^^^^^^^^^^^^^^
     |
     = note: `#[warn(dead_code)]` (part of `#[warn(unused)]`) on by default

warning: Found the following unsupported constructs:
             - caller_location (1)
             - foreign function (1)
         
         Verification will fail if one or more of these constructs is reachable.
         See https://model-checking.github.io/kani/rust-feature-support.html for more details.

    Finished `test` profile [unoptimized + debuginfo] target(s) in 2.02s
warning: variable does not need to be mutable
     --> src/v16.rs:11570:13
      |
11570 |         let mut ledger = account.header.close_progress.try_to_runtime()?;
      |             ----^^^^^^
      |             |
      |             help: remove this `mut`
      |
      = note: `#[warn(unused_mut)]` (part of `#[warn(unused)]`) on by default

   Compilingwarning: function `kani_any_loss_weight` is never used
    --> src/v16_proofs.rs:1725:4
     |
1725 | fn kani_any_loss_weight(_abs_basis_q: u128, _a_basis: u128) -> V16Result<u128> {
     |    ^^^^^^^^^^^^^^^^^^^^
     |
     = note: `#[warn(dead_code)]` (part of `#[warn(unused)]`) on by default

 percolator v0.1.1 (/home/anatoly/percolator)
    Finished `test` profile [unoptimized + debuginfo] target(s) in 0.12s
warning: variable does not need to be mutable
     --> src/v16.rs:11570:13
      |
11570 |         let mut ledger = account.header.close_progress.try_to_runtime()?;
      |             ----^^^^^^
      |             |
      |             help: remove this `mut`
      |
      = note: `#[warn(unused_mut)]` (part of `#[warn(unused)]`) on by default

   Compilingwarning: function `kani_any_loss_weight` is never used
    --> src/v16_proofs.rs:1725:4
     |
1725 | fn kani_any_loss_weight(_abs_basis_q: u128, _a_basis: u128) -> V16Result<u128> {
     |    ^^^^^^^^^^^^^^^^^^^^
     |
     = note: `#[warn(dead_code)]` (part of `#[warn(unused)]`) on by default

 percolator v0.1.1 (/home/anatoly/percolator)
warning: unused imports: `MarketGroupV16View` and `TradeRequestV16`
  --> tests/proofs_v16.rs:22:42
   |
22 |     Market, MarketGroupV16HeaderAccount, MarketGroupV16View, MarketGroupV16ViewMut,
   |                                          ^^^^^^^^^^^^^^^^^^
...
31 |     TradeRequestV16,
   |     ^^^^^^^^^^^^^^^
   |
   = note: `#[warn(unused_imports)]` (part of `#[warn(unused)]`) on by default

    Finished `test` profile [unoptimized + debuginfo] target(s) in 0.88s
warning: variable does not need to be mutable
     --> src/v16.rs:11570:13
      |
11570 |         let mut ledger = account.header.close_progress.try_to_runtime()?;
      |             ----^^^^^^
      |             |
      |             help: remove this `mut`
      |
      = note: `#[warn(unused_mut)]` (part of `#[warn(unused)]`) on by default

   Compiling percolator v0.1.1 (/home/anatoly/percolator)
warning: function `kani_any_loss_weight` is never used
    --> src/v16_proofs.rs:1725:4
     |
1725 | fn kani_any_loss_weight(_abs_basis_q: u128, _a_basis: u128) -> V16Result<u128> {
     |    ^^^^^^^^^^^^^^^^^^^^
     |
     = note: `#[warn(dead_code)]` (part of `#[warn(unused)]`) on by default

    Finished `test` profile [unoptimized + debuginfo] target(s) in 0.06s
   Compilingwarning: variable does not need to be mutable
     --> src/v16.rs:11570:13
      |
11570 |         let mut ledger = account.header.close_progress.try_to_runtime()?;
      |             ----^^^^^^
      |             |
      |             help: remove this `mut`
      |
      = note: `#[warn(unused_mut)]` (part of `#[warn(unused)]`) on by default

 percolator v0.1.1 (/home/anatoly/percolator)
warning: function `kani_any_loss_weight` is never used
    --> src/v16_proofs.rs:1725:4
     |
1725 | fn kani_any_loss_weight(_abs_basis_q: u128, _a_basis: u128) -> V16Result<u128> {
     |    ^^^^^^^^^^^^^^^^^^^^
     |
     = note: `#[warn(dead_code)]` (part of `#[warn(unused)]`) on by default

    Finished `test` profile [unoptimized + debuginfo] target(s) in 0.07s
warning: variable does not need to be mutable
     --> src/v16.rs:11570:13
      |
11570 |         let mut ledger = account.header.close_progress.try_to_runtime()?;
      |             ----^^^^^^
      |             |
      |             help: remove this `mut`
      |
      = note: `#[warn(unused_mut)]` (part of `#[warn(unused)]`) on by default

   Compiling percolator v0.1.1 (/home/anatoly/percolator)
warning: function `kani_any_loss_weight` is never used
    --> src/v16_proofs.rs:1725:4
     |
1725 | fn kani_any_loss_weight(_abs_basis_q: u128, _a_basis: u128) -> V16Result<u128> {
     |    ^^^^^^^^^^^^^^^^^^^^
     |
     = note: `#[warn(dead_code)]` (part of `#[warn(unused)]`) on by default

    Finished `test` profile [unoptimized + debuginfo] target(s) in 0.08s
warning: variable does not need to be mutable
     --> src/v16.rs:11570:13
      |
11570 |         let mut ledger = account.header.close_progress.try_to_runtime()?;
      |             ----^^^^^^
      |             |
      |             help: remove this `mut`
      |
      = note: `#[warn(unused_mut)]` (part of `#[warn(unused)]`) on by default

   Compiling percolator v0.1.1 (/home/anatoly/percolator)
warning: function `kani_any_loss_weight` is never used
    --> src/v16_proofs.rs:1725:4
     |
1725 | fn kani_any_loss_weight(_abs_basis_q: u128, _a_basis: u128) -> V16Result<u128> {
     |    ^^^^^^^^^^^^^^^^^^^^
     |
     = note: `#[warn(dead_code)]` (part of `#[warn(unused)]`) on by default

    Finished `test` profile [unoptimized + debuginfo] target(s) in 0.07s
warning: variable does not need to be mutable
     --> src/v16.rs:11570:13
      |
11570 |         let mut ledger = account.header.close_progress.try_to_runtime()?;
      |             ----^^^^^^
      |             |
      |             help: remove this `mut`
      |
      = note: `#[warn(unused_mut)]` (part of `#[warn(unused)]`) on by default

   Compiling percolator v0.1.1 (/home/anatoly/percolator)
warning: function `kani_any_loss_weight` is never used
    --> src/v16_proofs.rs:1725:4
     |
1725 | fn kani_any_loss_weight(_abs_basis_q: u128, _a_basis: u128) -> V16Result<u128> {
     |    ^^^^^^^^^^^^^^^^^^^^
     |
     = note: `#[warn(dead_code)]` (part of `#[warn(unused)]`) on by default

    Finished `test` profile [unoptimized + debuginfo] target(s) in 0.14s
Checking harness v16::v16_proofs::composition_attach_body_frame_division_stubbed...

VERIFICATION RESULT:
 ** 0 of 6011 failed (151 unreachable)

 ** 1 of 1 cover properties satisfied


VERIFICATION:- SUCCESSFUL
Verification Time: 111.45299s

Manual Harness Summary:
Complete - 1 successfully verified harnesses, 0 failures, 1 total.
