Kani Rust Verifier 0.66.0 (cargo plugin)
   Compiling percolator v0.1.1 (/home/anatoly/percolator)
warning: variable does not need to be mutable
     --> src/v16.rs:11579:13
      |
11579 |         let mut ledger = account.header.close_progress.try_to_runtime()?;
      |             ----^^^^^^
      |             |
      |             help: remove this `mut`
      |
      = note: `#[warn(unused_mut)]` (part of `#[warn(unused)]`) on by default

warning: function `kani_any_loss_weight` is never used
    --> src/v16_proofs.rs:1725:4
     |
1725 | fn kani_any_loss_weight(_abs_basis_q: u128, _a_basis: u128) -> V16Result<u128> {
     |    ^^^^^^^^^^^^^^^^^^^^
     |
     = note: `#[warn(dead_code)]` (part of `#[warn(unused)]`) on by default

warning: Found the following unsupported constructs:
             - caller_location (1)
             - foreign function (1)
         
         Verification will fail if one or more of these constructs is reachable.
         See https://model-checking.github.io/kani/rust-feature-support.html for more details.

    Finished `test` profile [unoptimized + debuginfo] target(s) in 0.71s
   Compiling percolator v0.1.1 (/home/anatoly/percolator)
warning: variable does not need to be mutable
     --> src/v16.rs:11579:13
      |
11579 |         let mut ledger = account.header.close_progress.try_to_runtime()?;
      |             ----^^^^^^
      |             |
      |             help: remove this `mut`
      |
      = note: `#[warn(unused_mut)]` (part of `#[warn(unused)]`) on by default

warning: function `kani_any_loss_weight` is never used
    --> src/v16_proofs.rs:1725:4
     |
1725 | fn kani_any_loss_weight(_abs_basis_q: u128, _a_basis: u128) -> V16Result<u128> {
     |    ^^^^^^^^^^^^^^^^^^^^
     |
     = note: `#[warn(dead_code)]` (part of `#[warn(unused)]`) on by default

    Finished `test` profile [unoptimized + debuginfo] target(s) in 0.75s
warning: variable does not need to be mutable
     --> src/v16.rs:11579:13
      |
11579 |         let mut ledger = account.header.close_progress.try_to_runtime()?;
      |             ----^^^^^^
      |             |
      |             help: remove this `mut`
      |
      = note: `#[warn(unused_mut)]` (part of `#[warn(unused)]`) on by default

   Compiling percolator v0.1.1 (/home/anatoly/percolator)
warning: function `kani_any_loss_weight` is never used
    --> src/v16_proofs.rs:1725:4
     |
1725 | fn kani_any_loss_weight(_abs_basis_q: u128, _a_basis: u128) -> V16Result<u128> {
     |    ^^^^^^^^^^^^^^^^^^^^
     |
     = note: `#[warn(dead_code)]` (part of `#[warn(unused)]`) on by default

warning: unused imports: `MarketGroupV16View` and `TradeRequestV16`
  --> tests/proofs_v16.rs:22:42
   |
22 |     Market, MarketGroupV16HeaderAccount, MarketGroupV16View, MarketGroupV16ViewMut,
   |                                          ^^^^^^^^^^^^^^^^^^
...
31 |     TradeRequestV16,
   |     ^^^^^^^^^^^^^^^
   |
   = note: `#[warn(unused_imports)]` (part of `#[warn(unused)]`) on by default

    Finished `test` profile [unoptimized + debuginfo] target(s) in 0.62s
warning: variable does not need to be mutable
     --> src/v16.rs:11579:13
      |
11579 |         let mut ledger = account.header.close_progress.try_to_runtime()?;
      |             ----^^^^^^
      |             |
      |             help: remove this `mut`
      |
      = note: `#[warn(unused_mut)]` (part of `#[warn(unused)]`) on by default

   Compiling percolator v0.1.1 (/home/anatoly/percolator)
warning: function `kani_any_loss_weight` is never used
    --> src/v16_proofs.rs:1725:4
     |
1725 | fn kani_any_loss_weight(_abs_basis_q: u128, _a_basis: u128) -> V16Result<u128> {
     |    ^^^^^^^^^^^^^^^^^^^^
     |
     = note: `#[warn(dead_code)]` (part of `#[warn(unused)]`) on by default

    Finished `test` profile [unoptimized + debuginfo] target(s) in 0.06s
warning: variable does not need to be mutable
     --> src/v16.rs:11579:13
      |
11579 |         let mut ledger = account.header.close_progress.try_to_runtime()?;
      |             ----^^^^^^
      |             |
      |             help: remove this `mut`
      |
      = note: `#[warn(unused_mut)]` (part of `#[warn(unused)]`) on by default

   Compilingwarning: function `kani_any_loss_weight` is never used
    --> src/v16_proofs.rs:1725:4
     |
1725 | fn kani_any_loss_weight(_abs_basis_q: u128, _a_basis: u128) -> V16Result<u128> {
     |    ^^^^^^^^^^^^^^^^^^^^
     |
     = note: `#[warn(dead_code)]` (part of `#[warn(unused)]`) on by default

 percolator v0.1.1 (/home/anatoly/percolator)
    Finished `test` profile [unoptimized + debuginfo] target(s) in 0.06s
warning: variable does not need to be mutable
     --> src/v16.rs:11579:13
      |
11579 |         let mut ledger = account.header.close_progress.try_to_runtime()?;
      |             ----^^^^^^
      |             |
      |             help: remove this `mut`
      |
      = note: `#[warn(unused_mut)]` (part of `#[warn(unused)]`) on by default

   Compiling percolator v0.1.1 (/home/anatoly/percolator)
warning: function `kani_any_loss_weight` is never used
    --> src/v16_proofs.rs:1725:4
     |
1725 | fn kani_any_loss_weight(_abs_basis_q: u128, _a_basis: u128) -> V16Result<u128> {
     |    ^^^^^^^^^^^^^^^^^^^^
     |
     = note: `#[warn(dead_code)]` (part of `#[warn(unused)]`) on by default

    Finished `test` profile [unoptimized + debuginfo] target(s) in 0.06s
warning: variable does not need to be mutable
     --> src/v16.rs:11579:13
      |
11579 |         let mut ledger = account.header.close_progress.try_to_runtime()?;
      |             ----^^^^^^
      |             |
      |             help: remove this `mut`
      |
      = note: `#[warn(unused_mut)]` (part of `#[warn(unused)]`) on by default

   Compiling percolator v0.1.1 (/home/anatoly/percolator)
warning: function `kani_any_loss_weight` is never used
    --> src/v16_proofs.rs:1725:4
     |
1725 | fn kani_any_loss_weight(_abs_basis_q: u128, _a_basis: u128) -> V16Result<u128> {
     |    ^^^^^^^^^^^^^^^^^^^^
     |
     = note: `#[warn(dead_code)]` (part of `#[warn(unused)]`) on by default

    Finished `test` profile [unoptimized + debuginfo] target(s) in 0.06s
warning: variable does not need to be mutable
     --> src/v16.rs:11579:13
      |
11579 |         let mut ledger = account.header.close_progress.try_to_runtime()?;
      |             ----^^^^^^
      |             |
      |             help: remove this `mut`
      |
      = note: `#[warn(unused_mut)]` (part of `#[warn(unused)]`) on by default

   Compiling percolator v0.1.1 (/home/anatoly/percolator)
warning: function `kani_any_loss_weight` is never used
    --> src/v16_proofs.rs:1725:4
     |
1725 | fn kani_any_loss_weight(_abs_basis_q: u128, _a_basis: u128) -> V16Result<u128> {
     |    ^^^^^^^^^^^^^^^^^^^^
     |
     = note: `#[warn(dead_code)]` (part of `#[warn(unused)]`) on by default

    Finished `test` profile [unoptimized + debuginfo] target(s) in 0.06s
Checking harness v16::v16_proofs::contract_check_loss_weight_for_basis...
