Kani Rust Verifier 0.66.0 (cargo plugin)
   Compiling percolator v0.1.1 (/home/anatoly/percolator)
warning: variable does not need to be mutable
     --> src/v16.rs:11500:13
      |
11500 |         let mut ledger = account.header.close_progress.try_to_runtime()?;
      |             ----^^^^^^
      |             |
      |             help: remove this `mut`
      |
      = note: `#[warn(unused_mut)]` (part of `#[warn(unused)]`) on by default

warning: Found the following unsupported constructs:
             - caller_location (1)
             - foreign function (1)
         
         Verification will fail if one or more of these constructs is reachable.
         See https://model-checking.github.io/kani/rust-feature-support.html for more details.

    Finished `test` profile [unoptimized + debuginfo] target(s) in 1.76s
   Compilingwarning: variable does not need to be mutable
     --> src/v16.rs:11500:13
      |
11500 |         let mut ledger = account.header.close_progress.try_to_runtime()?;
      |             ----^^^^^^
      |             |
      |             help: remove this `mut`
      |
      = note: `#[warn(unused_mut)]` (part of `#[warn(unused)]`) on by default

 percolator v0.1.1 (/home/anatoly/percolator)
    Finished `test` profile [unoptimized + debuginfo] target(s) in 0.12s
   Compiling percolator v0.1.1 (/home/anatoly/percolator)
warning: variable does not need to be mutable
     --> src/v16.rs:11500:13
      |
11500 |         let mut ledger = account.header.close_progress.try_to_runtime()?;
      |             ----^^^^^^
      |             |
      |             help: remove this `mut`
      |
      = note: `#[warn(unused_mut)]` (part of `#[warn(unused)]`) on by default

warning: unused imports: `MarketGroupV16View` and `TradeRequestV16`
  --> tests/proofs_v16.rs:22:42
   |
22 |     Market, MarketGroupV16HeaderAccount, MarketGroupV16View, MarketGroupV16ViewMut,
   |                                          ^^^^^^^^^^^^^^^^^^
...
31 |     TradeRequestV16,
   |     ^^^^^^^^^^^^^^^
   |
   = note: `#[warn(unused_imports)]` (part of `#[warn(unused)]`) on by default

    Finished `test` profile [unoptimized + debuginfo] target(s) in 0.89s
   Compilingwarning: variable does not need to be mutable
     --> src/v16.rs:11500:13
      |
11500 |         let mut ledger = account.header.close_progress.try_to_runtime()?;
      |             ----^^^^^^
      |             |
      |             help: remove this `mut`
      |
      = note: `#[warn(unused_mut)]` (part of `#[warn(unused)]`) on by default

 percolator v0.1.1 (/home/anatoly/percolator)
    Finished `test` profile [unoptimized + debuginfo] target(s) in 0.06s
   Compiling percolator v0.1.1 (/home/anatoly/percolator)
warning: variable does not need to be mutable
     --> src/v16.rs:11500:13
      |
11500 |         let mut ledger = account.header.close_progress.try_to_runtime()?;
      |             ----^^^^^^
      |             |
      |             help: remove this `mut`
      |
      = note: `#[warn(unused_mut)]` (part of `#[warn(unused)]`) on by default

    Finished `test` profile [unoptimized + debuginfo] target(s) in 0.07s
   Compiling percolator v0.1.1 (/home/anatoly/percolator)
warning: variable does not need to be mutable
     --> src/v16.rs:11500:13
      |
11500 |         let mut ledger = account.header.close_progress.try_to_runtime()?;
      |             ----^^^^^^
      |             |
      |             help: remove this `mut`
      |
      = note: `#[warn(unused_mut)]` (part of `#[warn(unused)]`) on by default

    Finished `test` profile [unoptimized + debuginfo] target(s) in 0.08s
   Compiling percolator v0.1.1 (/home/anatoly/percolator)
warning: variable does not need to be mutable
     --> src/v16.rs:11500:13
      |
11500 |         let mut ledger = account.header.close_progress.try_to_runtime()?;
      |             ----^^^^^^
      |             |
      |             help: remove this `mut`
      |
      = note: `#[warn(unused_mut)]` (part of `#[warn(unused)]`) on by default

    Finished `test` profile [unoptimized + debuginfo] target(s) in 0.07s
   Compilingwarning: variable does not need to be mutable
     --> src/v16.rs:11500:13
      |
11500 |         let mut ledger = account.header.close_progress.try_to_runtime()?;
      |             ----^^^^^^
      |             |
      |             help: remove this `mut`
      |
      = note: `#[warn(unused_mut)]` (part of `#[warn(unused)]`) on by default

 percolator v0.1.1 (/home/anatoly/percolator)
    Finished `test` profile [unoptimized + debuginfo] target(s) in 0.14s
Checking harness v16::v16_proofs::contract_check_flow_external_in_to_account_capital...

VERIFICATION RESULT:
 ** 0 of 401 failed (4 unreachable)

VERIFICATION:- SUCCESSFUL
Verification Time: 0.7927169s

Manual Harness Summary:
Complete - 1 successfully verified harnesses, 0 failures, 1 total.
