[06:04:50] warming target/contracts cache (un-timed)...
[06:05:59] cache warm.
[06:06:04] contract_check_apply_backing_provider_earnings_withdraw -> PASS (4s)
[06:06:09] contract_check_apply_total_delta -> PASS (4s)
[06:06:14] contract_check_available_backing_num_for_source_credit_state -> PASS (4s)
[06:06:19] contract_check_credit_account_from_insurance_delta -> PASS (4s)
[06:06:24] contract_check_credit_backing_provider_earnings_delta -> PASS (4s)
[06:06:30] contract_check_flow_account_capital_to_external_out -> PASS (5s)
[06:06:36] contract_check_flow_account_capital_to_insurance -> PASS (5s)
[06:06:42] contract_check_flow_account_capital_to_realized_loss -> PASS (5s)
[06:06:51] contract_check_flow_capital_and_resolved_payout_to_external_out -> PASS (8s)
[06:06:59] contract_check_flow_close_cure_to_account_capital -> PASS (7s)
[06:07:05] contract_check_flow_external_in_to_account_capital -> PASS (5s)
[06:07:11] contract_check_flow_external_in_to_insurance_capital -> PASS (5s)
[06:07:17] contract_check_flow_insurance_capital_to_account_capital -> PASS (5s)
[06:07:23] contract_check_flow_insurance_capital_to_external_out -> PASS (5s)
[06:07:29] contract_check_flow_insurance_to_close_insurance_spent -> PASS (5s)
[06:07:35] contract_check_flow_proof_debit_modifies -> PASS (5s)
[06:07:43] contract_check_flow_support_to_account_capital -> PASS (7s)
[06:07:48] contract_check_health_requirements_from_base_and_target_lag -> PASS (4s)
[06:07:53] contract_check_kernel_advance_leg_b_snap -> PASS (4s)
[06:08:11] contract_check_kernel_attach_leg -> PASS (17s)
[06:08:29] contract_check_kernel_clear_leg -> PASS (17s)
[06:08:31] contract_check_kernel_initial_margin_gate -> PASS (1s)
[06:08:36] contract_check_kernel_locked_margin_gate -> PASS (4s)
[06:09:06] contract_check_kernel_resize_leg_same_side -> PASS (29s)
[06:09:18] contract_check_prepare_counterparty_backing_add_delta -> PASS (11s)
[06:09:25] contract_check_prepare_counterparty_backing_withdraw_delta -> PASS (6s)
[06:09:33] contract_check_prepare_counterparty_lien_consume_delta -> PASS (7s)
[06:09:41] contract_check_prepare_counterparty_lien_create_delta -> PASS (7s)
[06:09:48] contract_check_prepare_counterparty_lien_impair_delta -> PASS (6s)
[06:09:56] contract_check_prepare_counterparty_lien_release_delta -> PASS (7s)
[06:10:02] contract_check_prepare_counterparty_lien_terminal_release_delta -> PASS (5s)
[06:10:11] contract_check_prepare_insurance_lien_create_delta -> PASS (8s)
[06:10:28] contract_check_prepare_insurance_lien_impair_delta -> PASS (16s)
[06:10:42] contract_check_prepare_insurance_lien_release_delta -> PASS (13s)
[06:11:16] contract_check_prepare_insurance_lien_terminal_release_delta -> PASS (33s)
[06:11:20] contract_check_prepare_source_positive_claim_bound_delta -> PASS (3s)
[06:11:31] contract_check_set_domain_insurance_budget_delta -> PASS (10s)
[06:11:43] contract_check_set_domain_insurance_spent_delta -> PASS (11s)
[06:11:48] contract_check_trade_signed_size_deltas -> PASS (3s)
[06:11:55] contract_check_withdraw_domain_insurance_delta -> PASS (6s)
=====
harness                                                          wall_s  status
contract_check_apply_backing_provider_earnings_withdraw          4       PASS
contract_check_apply_total_delta                                 4       PASS
contract_check_available_backing_num_for_source_credit_state     4       PASS
contract_check_credit_account_from_insurance_delta               4       PASS
contract_check_credit_backing_provider_earnings_delta            4       PASS
contract_check_flow_account_capital_to_external_out              5       PASS
contract_check_flow_account_capital_to_insurance                 5       PASS
contract_check_flow_account_capital_to_realized_loss             5       PASS
contract_check_flow_capital_and_resolved_payout_to_external_out  8       PASS
contract_check_flow_close_cure_to_account_capital                7       PASS
contract_check_flow_external_in_to_account_capital               5       PASS
contract_check_flow_external_in_to_insurance_capital             5       PASS
contract_check_flow_insurance_capital_to_account_capital         5       PASS
contract_check_flow_insurance_capital_to_external_out            5       PASS
contract_check_flow_insurance_to_close_insurance_spent           5       PASS
contract_check_flow_proof_debit_modifies                         5       PASS
contract_check_flow_support_to_account_capital                   7       PASS
contract_check_health_requirements_from_base_and_target_lag      4       PASS
contract_check_kernel_advance_leg_b_snap                         4       PASS
contract_check_kernel_attach_leg                                 17      PASS
contract_check_kernel_clear_leg                                  17      PASS
contract_check_kernel_initial_margin_gate                        1       PASS
contract_check_kernel_locked_margin_gate                         4       PASS
contract_check_kernel_resize_leg_same_side                       29      PASS
contract_check_prepare_counterparty_backing_add_delta            11      PASS
contract_check_prepare_counterparty_backing_withdraw_delta       6       PASS
contract_check_prepare_counterparty_lien_consume_delta           7       PASS
contract_check_prepare_counterparty_lien_create_delta            7       PASS
contract_check_prepare_counterparty_lien_impair_delta            6       PASS
contract_check_prepare_counterparty_lien_release_delta           7       PASS
contract_check_prepare_counterparty_lien_terminal_release_delta  5       PASS
contract_check_prepare_insurance_lien_create_delta               8       PASS
contract_check_prepare_insurance_lien_impair_delta               16      PASS
contract_check_prepare_insurance_lien_release_delta              13      PASS
contract_check_prepare_insurance_lien_terminal_release_delta     33      PASS
contract_check_prepare_source_positive_claim_bound_delta         3       PASS
contract_check_set_domain_insurance_budget_delta                 10      PASS
contract_check_set_domain_insurance_spent_delta                  11      PASS
contract_check_trade_signed_size_deltas                          3       PASS
contract_check_withdraw_domain_insurance_delta                   6       PASS
