[04:40:21] warming target/contracts cache (un-timed)...
[04:42:05] cache warm.
[04:42:10] contract_check_apply_backing_provider_earnings_withdraw -> PASS (4s)
[04:42:15] contract_check_apply_total_delta -> PASS (4s)
[04:42:20] contract_check_available_backing_num_for_source_credit_state -> PASS (4s)
[04:42:24] contract_check_credit_account_from_insurance_delta -> PASS (3s)
[04:42:29] contract_check_credit_backing_provider_earnings_delta -> PASS (3s)
[04:42:35] contract_check_flow_account_capital_to_external_out -> PASS (5s)
[04:42:41] contract_check_flow_account_capital_to_insurance -> PASS (5s)
[04:42:47] contract_check_flow_account_capital_to_realized_loss -> PASS (5s)
[04:42:56] contract_check_flow_capital_and_resolved_payout_to_external_out -> PASS (8s)
[04:43:05] contract_check_flow_close_cure_to_account_capital -> PASS (8s)
[04:43:11] contract_check_flow_external_in_to_account_capital -> PASS (5s)
[04:43:17] contract_check_flow_external_in_to_insurance_capital -> PASS (5s)
[04:43:23] contract_check_flow_insurance_capital_to_account_capital -> PASS (5s)
[04:43:29] contract_check_flow_insurance_capital_to_external_out -> PASS (5s)
[04:43:35] contract_check_flow_insurance_to_close_insurance_spent -> PASS (5s)
[04:43:41] contract_check_flow_proof_debit_modifies -> PASS (5s)
[04:43:49] contract_check_flow_support_to_account_capital -> PASS (7s)
[04:43:54] contract_check_health_requirements_from_base_and_target_lag -> PASS (4s)
[04:44:06] contract_check_prepare_counterparty_backing_add_delta -> PASS (11s)
[04:44:12] contract_check_prepare_counterparty_backing_withdraw_delta -> PASS (5s)
[04:44:20] contract_check_prepare_counterparty_lien_consume_delta -> PASS (7s)
[04:44:28] contract_check_prepare_counterparty_lien_create_delta -> PASS (7s)
[04:44:35] contract_check_prepare_counterparty_lien_impair_delta -> PASS (6s)
[04:44:43] contract_check_prepare_counterparty_lien_release_delta -> PASS (6s)
[04:44:49] contract_check_prepare_counterparty_lien_terminal_release_delta -> PASS (5s)
[04:44:59] contract_check_prepare_insurance_lien_create_delta -> PASS (8s)
[04:45:30] contract_check_prepare_insurance_lien_impair_delta -> PASS (30s)
[04:45:45] contract_check_prepare_insurance_lien_release_delta -> PASS (14s)
[04:46:20] contract_check_prepare_insurance_lien_terminal_release_delta -> PASS (34s)
[04:46:24] contract_check_prepare_source_positive_claim_bound_delta -> PASS (3s)
[04:46:35] contract_check_set_domain_insurance_budget_delta -> PASS (10s)
[04:46:48] contract_check_set_domain_insurance_spent_delta -> PASS (12s)
[04:46:52] contract_check_trade_signed_size_deltas -> PASS (3s)
[04:46:59] contract_check_withdraw_domain_insurance_delta -> PASS (6s)
=====
harness                                                          wall_s  status
contract_check_apply_backing_provider_earnings_withdraw          4       PASS
contract_check_apply_total_delta                                 4       PASS
contract_check_available_backing_num_for_source_credit_state     4       PASS
contract_check_credit_account_from_insurance_delta               3       PASS
contract_check_credit_backing_provider_earnings_delta            3       PASS
contract_check_flow_account_capital_to_external_out              5       PASS
contract_check_flow_account_capital_to_insurance                 5       PASS
contract_check_flow_account_capital_to_realized_loss             5       PASS
contract_check_flow_capital_and_resolved_payout_to_external_out  8       PASS
contract_check_flow_close_cure_to_account_capital                8       PASS
contract_check_flow_external_in_to_account_capital               5       PASS
contract_check_flow_external_in_to_insurance_capital             5       PASS
contract_check_flow_insurance_capital_to_account_capital         5       PASS
contract_check_flow_insurance_capital_to_external_out            5       PASS
contract_check_flow_insurance_to_close_insurance_spent           5       PASS
contract_check_flow_proof_debit_modifies                         5       PASS
contract_check_flow_support_to_account_capital                   7       PASS
contract_check_health_requirements_from_base_and_target_lag      4       PASS
contract_check_prepare_counterparty_backing_add_delta            11      PASS
contract_check_prepare_counterparty_backing_withdraw_delta       5       PASS
contract_check_prepare_counterparty_lien_consume_delta           7       PASS
contract_check_prepare_counterparty_lien_create_delta            7       PASS
contract_check_prepare_counterparty_lien_impair_delta            6       PASS
contract_check_prepare_counterparty_lien_release_delta           6       PASS
contract_check_prepare_counterparty_lien_terminal_release_delta  5       PASS
contract_check_prepare_insurance_lien_create_delta               8       PASS
contract_check_prepare_insurance_lien_impair_delta               30      PASS
contract_check_prepare_insurance_lien_release_delta              14      PASS
contract_check_prepare_insurance_lien_terminal_release_delta     34      PASS
contract_check_prepare_source_positive_claim_bound_delta         3       PASS
contract_check_set_domain_insurance_budget_delta                 10      PASS
contract_check_set_domain_insurance_spent_delta                  12      PASS
contract_check_trade_signed_size_deltas                          3       PASS
contract_check_withdraw_domain_insurance_delta                   6       PASS
