Kani Rust Verifier 0.66.0 (cargo plugin)
   Compiling percolator v0.1.1 (/home/anatoly/percolator)
warning: variable does not need to be mutable
     --> src/v16.rs:11598:13
      |
11598 |         let mut ledger = account.header.close_progress.try_to_runtime()?;
      |             ----^^^^^^
      |             |
      |             help: remove this `mut`
      |
      = note: `#[warn(unused_mut)]` (part of `#[warn(unused)]`) on by default

warning: function `kani_any_loss_weight` is never used
    --> src/v16_proofs.rs:1725:4
     |
1725 | fn kani_any_loss_weight(_abs_basis_q: u128, _a_basis: u128) -> V16Result<u128> {
     |    ^^^^^^^^^^^^^^^^^^^^
     |
     = note: `#[warn(dead_code)]` (part of `#[warn(unused)]`) on by default

warning: function `axiom_loss_weight_nonzero` is never used
    --> src/v16_proofs.rs:1989:4
     |
1989 | fn axiom_loss_weight_nonzero(_abs: u128, a: u128) -> V16Result<u128> {
     |    ^^^^^^^^^^^^^^^^^^^^^^^^^

warning: Found the following unsupported constructs:
             - caller_location (1)
             - foreign function (1)
         
         Verification will fail if one or more of these constructs is reachable.
         See https://model-checking.github.io/kani/rust-feature-support.html for more details.

    Finished `test` profile [unoptimized + debuginfo] target(s) in 5.27s
   Compiling percolator v0.1.1 (/home/anatoly/percolator)
warning: variable does not need to be mutable
     --> src/v16.rs:11598:13
      |
11598 |         let mut ledger = account.header.close_progress.try_to_runtime()?;
      |             ----^^^^^^
      |             |
      |             help: remove this `mut`
      |
      = note: `#[warn(unused_mut)]` (part of `#[warn(unused)]`) on by default

warning: function `kani_any_loss_weight` is never used
    --> src/v16_proofs.rs:1725:4
     |
1725 | fn kani_any_loss_weight(_abs_basis_q: u128, _a_basis: u128) -> V16Result<u128> {
     |    ^^^^^^^^^^^^^^^^^^^^
     |
     = note: `#[warn(dead_code)]` (part of `#[warn(unused)]`) on by default

warning: function `axiom_loss_weight_nonzero` is never used
    --> src/v16_proofs.rs:1989:4
     |
1989 | fn axiom_loss_weight_nonzero(_abs: u128, a: u128) -> V16Result<u128> {
     |    ^^^^^^^^^^^^^^^^^^^^^^^^^

    Finished `test` profile [unoptimized + debuginfo] target(s) in 0.82s
warning: variable does not need to be mutable
     --> src/v16.rs:11598:13
      |
11598 |         let mut ledger = account.header.close_progress.try_to_runtime()?;
      |             ----^^^^^^
      |             |
      |             help: remove this `mut`
      |
      = note: `#[warn(unused_mut)]` (part of `#[warn(unused)]`) on by default

   Compilingwarning: function `kani_any_loss_weight` is never used
    --> src/v16_proofs.rs:1725:4
     |
1725 | fn kani_any_loss_weight(_abs_basis_q: u128, _a_basis: u128) -> V16Result<u128> {
     |    ^^^^^^^^^^^^^^^^^^^^
     |
     = note: `#[warn(dead_code)]` (part of `#[warn(unused)]`) on by default

 percolator v0.1.1 (/home/anatoly/percolator)
warning: function `axiom_loss_weight_nonzero` is never used
    --> src/v16_proofs.rs:1989:4
     |
1989 | fn axiom_loss_weight_nonzero(_abs: u128, a: u128) -> V16Result<u128> {
     |    ^^^^^^^^^^^^^^^^^^^^^^^^^

warning: unused imports: `MarketGroupV16View` and `TradeRequestV16`
  --> tests/proofs_v16.rs:22:42
   |
22 |     Market, MarketGroupV16HeaderAccount, MarketGroupV16View, MarketGroupV16ViewMut,
   |                                          ^^^^^^^^^^^^^^^^^^
...
31 |     TradeRequestV16,
   |     ^^^^^^^^^^^^^^^
   |
   = note: `#[warn(unused_imports)]` (part of `#[warn(unused)]`) on by default

warning: Found the following unsupported constructs:
             - caller_location (1)
             - foreign function (1)
         
         Verification will fail if one or more of these constructs is reachable.
         See https://model-checking.github.io/kani/rust-feature-support.html for more details.

    Finished `test` profile [unoptimized + debuginfo] target(s) in 34.49s
warning: variable does not need to be mutable
     --> src/v16.rs:11598:13
      |
11598 |         let mut ledger = account.header.close_progress.try_to_runtime()?;
      |             ----^^^^^^
      |             |
      |             help: remove this `mut`
      |
      = note: `#[warn(unused_mut)]` (part of `#[warn(unused)]`) on by default

   Compilingwarning: function `kani_any_loss_weight` is never used
    --> src/v16_proofs.rs:1725:4
     |
1725 | fn kani_any_loss_weight(_abs_basis_q: u128, _a_basis: u128) -> V16Result<u128> {
     |    ^^^^^^^^^^^^^^^^^^^^
     |
     = note: `#[warn(dead_code)]` (part of `#[warn(unused)]`) on by default

 percolator v0.1.1 (/home/anatoly/percolator)
warning: function `axiom_loss_weight_nonzero` is never used
    --> src/v16_proofs.rs:1989:4
     |
1989 | fn axiom_loss_weight_nonzero(_abs: u128, a: u128) -> V16Result<u128> {
     |    ^^^^^^^^^^^^^^^^^^^^^^^^^

warning: Found the following unsupported constructs:
             - caller_location (1)
             - foreign function (1)
         
         Verification will fail if one or more of these constructs is reachable.
         See https://model-checking.github.io/kani/rust-feature-support.html for more details.

    Finished `test` profile [unoptimized + debuginfo] target(s) in 0.35s
warning: variable does not need to be mutable
     --> src/v16.rs:11598:13
      |
11598 |         let mut ledger = account.header.close_progress.try_to_runtime()?;
      |             ----^^^^^^
      |             |
      |             help: remove this `mut`
      |
      = note: `#[warn(unused_mut)]` (part of `#[warn(unused)]`) on by default

   Compilingwarning: function `kani_any_loss_weight` is never used
    --> src/v16_proofs.rs:1725:4
     |
1725 | fn kani_any_loss_weight(_abs_basis_q: u128, _a_basis: u128) -> V16Result<u128> {
     |    ^^^^^^^^^^^^^^^^^^^^
     |
     = note: `#[warn(dead_code)]` (part of `#[warn(unused)]`) on by default

 percolator v0.1.1 (/home/anatoly/percolator)
warning: function `axiom_loss_weight_nonzero` is never used
    --> src/v16_proofs.rs:1989:4
     |
1989 | fn axiom_loss_weight_nonzero(_abs: u128, a: u128) -> V16Result<u128> {
     |    ^^^^^^^^^^^^^^^^^^^^^^^^^

    Finished `test` profile [unoptimized + debuginfo] target(s) in 0.07s
warning: variable does not need to be mutable
     --> src/v16.rs:11598:13
      |
11598 |         let mut ledger = account.header.close_progress.try_to_runtime()?;
      |             ----^^^^^^
      |             |
      |             help: remove this `mut`
      |
      = note: `#[warn(unused_mut)]` (part of `#[warn(unused)]`) on by default

warning: function `kani_any_loss_weight` is never used
    --> src/v16_proofs.rs:1725:4
     |
1725 | fn kani_any_loss_weight(_abs_basis_q: u128, _a_basis: u128) -> V16Result<u128> {
     |    ^^^^^^^^^^^^^^^^^^^^
     |
     = note: `#[warn(dead_code)]` (part of `#[warn(unused)]`) on by default

warning: function `axiom_loss_weight_nonzero` is never used
    --> src/v16_proofs.rs:1989:4
     |
1989 | fn axiom_loss_weight_nonzero(_abs: u128, a: u128) -> V16Result<u128> {
     |    ^^^^^^^^^^^^^^^^^^^^^^^^^

   Compiling percolator v0.1.1 (/home/anatoly/percolator)
warning: unused doc comment
   --> tests/rounding_residue_fuzz.rs:205:1
    |
205 | / /// DIVISION-AXIOM DISCHARGE (the narrow empirical obligation): the production
206 | | /// wide-division helper loss_weight_for_basis EQUALS its specification axiom
207 | | /// `q == ceil(abs * SOCIAL_WEIGHT_SCALE / a_basis)` over the full real input
208 | | /// ranges and the rounding/edge boundaries. Kani proves the engine composition
209 | | /// UNDER this axiom; this discharges `production == axiom` empirically.
    | |_-----------------------------------------------------------------------^
    |   |
    |   rustdoc does not generate documentation for macro invocations
    |
    = help: to document an item produced by a macro, the macro must produce the documentation as part of its expansion
    = note: `#[warn(unused_doc_comments)]` (part of `#[warn(unused)]`) on by default

    Finished `test` profile [unoptimized + debuginfo] target(s) in 0.09s
warning: variable does not need to be mutable
     --> src/v16.rs:11598:13
      |
11598 |         let mut ledger = account.header.close_progress.try_to_runtime()?;
      |             ----^^^^^^
      |             |
      |             help: remove this `mut`
      |
      = note: `#[warn(unused_mut)]` (part of `#[warn(unused)]`) on by default

warning: function `kani_any_loss_weight` is never used
    --> src/v16_proofs.rs:1725:4
     |
1725 | fn kani_any_loss_weight(_abs_basis_q: u128, _a_basis: u128) -> V16Result<u128> {
     |    ^^^^^^^^^^^^^^^^^^^^
     |
     = note: `#[warn(dead_code)]` (part of `#[warn(unused)]`) on by default

warning: function `axiom_loss_weight_nonzero` is never used
    --> src/v16_proofs.rs:1989:4
     |
1989 | fn axiom_loss_weight_nonzero(_abs: u128, a: u128) -> V16Result<u128> {
     |    ^^^^^^^^^^^^^^^^^^^^^^^^^

   Compiling percolator v0.1.1 (/home/anatoly/percolator)
    Finished `test` profile [unoptimized + debuginfo] target(s) in 0.07s
warning: variable does not need to be mutable
     --> src/v16.rs:11598:13
      |
11598 |         let mut ledger = account.header.close_progress.try_to_runtime()?;
      |             ----^^^^^^
      |             |
      |             help: remove this `mut`
      |
      = note: `#[warn(unused_mut)]` (part of `#[warn(unused)]`) on by default

   Compiling percolator v0.1.1 (/home/anatoly/percolator)
warning: function `kani_any_loss_weight` is never used
    --> src/v16_proofs.rs:1725:4
     |
1725 | fn kani_any_loss_weight(_abs_basis_q: u128, _a_basis: u128) -> V16Result<u128> {
     |    ^^^^^^^^^^^^^^^^^^^^
     |
     = note: `#[warn(dead_code)]` (part of `#[warn(unused)]`) on by default

warning: function `axiom_loss_weight_nonzero` is never used
    --> src/v16_proofs.rs:1989:4
     |
1989 | fn axiom_loss_weight_nonzero(_abs: u128, a: u128) -> V16Result<u128> {
     |    ^^^^^^^^^^^^^^^^^^^^^^^^^

    Finished `test` profile [unoptimized + debuginfo] target(s) in 0.14s
