Kani Rust Verifier 0.66.0 (cargo plugin)
   Compiling percolator v0.1.1 (/home/anatoly/percolator)
warning: variable does not need to be mutable
     --> src/v16.rs:11500:13
      |
11500 |         let mut ledger = account.header.close_progress.try_to_runtime()?;
      |             ----^^^^^^
      |             |
      |             help: remove this `mut`
      |
      = note: `#[warn(unused_mut)]` (part of `#[warn(unused)]`) on by default

    Finished `test` profile [unoptimized + debuginfo] target(s) in 0.92s
   Compiling percolator v0.1.1 (/home/anatoly/percolator)
warning: variable does not need to be mutable
     --> src/v16.rs:11500:13
      |
11500 |         let mut ledger = account.header.close_progress.try_to_runtime()?;
      |             ----^^^^^^
      |             |
      |             help: remove this `mut`
      |
      = note: `#[warn(unused_mut)]` (part of `#[warn(unused)]`) on by default

    Finished `test` profile [unoptimized + debuginfo] target(s) in 0.11s
   Compiling percolator v0.1.1 (/home/anatoly/percolator)
warning: variable does not need to be mutable
     --> src/v16.rs:11500:13
      |
11500 |         let mut ledger = account.header.close_progress.try_to_runtime()?;
      |             ----^^^^^^
      |             |
      |             help: remove this `mut`
      |
      = note: `#[warn(unused_mut)]` (part of `#[warn(unused)]`) on by default

warning: unused imports: `MarketGroupV16View` and `TradeRequestV16`
  --> tests/proofs_v16.rs:22:42
   |
22 |     Market, MarketGroupV16HeaderAccount, MarketGroupV16View, MarketGroupV16ViewMut,
   |                                          ^^^^^^^^^^^^^^^^^^
...
31 |     TradeRequestV16,
   |     ^^^^^^^^^^^^^^^
   |
   = note: `#[warn(unused_imports)]` (part of `#[warn(unused)]`) on by default

    Finished `test` profile [unoptimized + debuginfo] target(s) in 0.92s
   Compiling percolator v0.1.1 (/home/anatoly/percolator)
warning: variable does not need to be mutable
     --> src/v16.rs:11500:13
      |
11500 |         let mut ledger = account.header.close_progress.try_to_runtime()?;
      |             ----^^^^^^
      |             |
      |             help: remove this `mut`
      |
      = note: `#[warn(unused_mut)]` (part of `#[warn(unused)]`) on by default

    Finished `test` profile [unoptimized + debuginfo] target(s) in 0.06s
   Compiling percolator v0.1.1 (/home/anatoly/percolator)
warning: variable does not need to be mutable
     --> src/v16.rs:11500:13
      |
11500 |         let mut ledger = account.header.close_progress.try_to_runtime()?;
      |             ----^^^^^^
      |             |
      |             help: remove this `mut`
      |
      = note: `#[warn(unused_mut)]` (part of `#[warn(unused)]`) on by default

    Finished `test` profile [unoptimized + debuginfo] target(s) in 0.07s
   Compiling percolator v0.1.1 (/home/anatoly/percolator)
warning: variable does not need to be mutable
     --> src/v16.rs:11500:13
      |
11500 |         let mut ledger = account.header.close_progress.try_to_runtime()?;
      |             ----^^^^^^
      |             |
      |             help: remove this `mut`
      |
      = note: `#[warn(unused_mut)]` (part of `#[warn(unused)]`) on by default

    Finished `test` profile [unoptimized + debuginfo] target(s) in 0.08s
   Compiling percolator v0.1.1 (/home/anatoly/percolator)
warning: variable does not need to be mutable
     --> src/v16.rs:11500:13
      |
11500 |         let mut ledger = account.header.close_progress.try_to_runtime()?;
      |             ----^^^^^^
      |             |
      |             help: remove this `mut`
      |
      = note: `#[warn(unused_mut)]` (part of `#[warn(unused)]`) on by default

    Finished `test` profile [unoptimized + debuginfo] target(s) in 0.07s
   Compiling percolator v0.1.1 (/home/anatoly/percolator)
warning: variable does not need to be mutable
     --> src/v16.rs:11500:13
      |
11500 |         let mut ledger = account.header.close_progress.try_to_runtime()?;
      |             ----^^^^^^
      |             |
      |             help: remove this `mut`
      |
      = note: `#[warn(unused_mut)]` (part of `#[warn(unused)]`) on by default

    Finished `test` profile [unoptimized + debuginfo] target(s) in 0.14s
Checking harness proof_v16_batch_outcome_accumulator_is_exact_and_overflow_checked...
CBMC 6.8.0 (cbmc-6.8.0)
CBMC version 6.8.0 (cbmc-6.8.0) 64-bit x86_64 linux
Reading GOTO program from file /home/anatoly/percolator/target/kani-verify/kani/x86_64-unknown-linux-gnu/debug/deps/proofs_v16-5a02962e5c7bd2ff__RNvCs35DYgTG8RvC_10proofs_v1665proof_v16_batch_outcome_accumulator_is_exact_and_overflow_checked.out
Generating GOTO Program
Adding CPROVER library (x86_64)
Removal of function pointers and virtual functions
Generic Property Instrumentation
Running with 16 object bits, 48 offset bits (user-specified)
Starting Bounded Model Checking
aborting path on assume(false) at file /home/runner/.rustup/toolchains/nightly-2025-11-05-x86_64-unknown-linux-gnu/lib/rustlib/src/rust/library/core/src/option.rs line 1337 column 15 function std::option::Option::<u32>::ok_or::<percolator::V16Error> thread 0
aborting path on assume(false) at file /home/runner/.rustup/toolchains/nightly-2025-11-05-x86_64-unknown-linux-gnu/lib/rustlib/src/rust/library/core/src/result.rs line 2168 column 15 function <std::result::Result<u32, percolator::V16Error> as std::ops::Try>::branch thread 0
aborting path on assume(false) at file /home/runner/.rustup/toolchains/nightly-2025-11-05-x86_64-unknown-linux-gnu/lib/rustlib/src/rust/library/core/src/option.rs line 1337 column 15 function std::option::Option::<u128>::ok_or::<percolator::V16Error> thread 0
aborting path on assume(false) at file /home/runner/.rustup/toolchains/nightly-2025-11-05-x86_64-unknown-linux-gnu/lib/rustlib/src/rust/library/core/src/result.rs line 2168 column 15 function <std::result::Result<u128, percolator::V16Error> as std::ops::Try>::branch thread 0
aborting path on assume(false) at file /home/runner/.rustup/toolchains/nightly-2025-11-05-x86_64-unknown-linux-gnu/lib/rustlib/src/rust/library/core/src/option.rs line 1337 column 15 function std::option::Option::<u128>::ok_or::<percolator::V16Error> thread 0
aborting path on assume(false) at file /home/runner/.rustup/toolchains/nightly-2025-11-05-x86_64-unknown-linux-gnu/lib/rustlib/src/rust/library/core/src/result.rs line 2168 column 15 function <std::result::Result<u128, percolator::V16Error> as std::ops::Try>::branch thread 0
aborting path on assume(false) at file /home/runner/.rustup/toolchains/nightly-2025-11-05-x86_64-unknown-linux-gnu/lib/rustlib/src/rust/library/core/src/option.rs line 1337 column 15 function std::option::Option::<u128>::ok_or::<percolator::V16Error> thread 0
aborting path on assume(false) at file /home/runner/.rustup/toolchains/nightly-2025-11-05-x86_64-unknown-linux-gnu/lib/rustlib/src/rust/library/core/src/result.rs line 2168 column 15 function <std::result::Result<u128, percolator::V16Error> as std::ops::Try>::branch thread 0
aborting path on assume(false) at file tests/proofs_v16.rs line 0 column 0 function percolator::MarketGroupV16ViewMut::<'_, u64>::accumulate_batch_trade_apply thread 0
aborting path on assume(false) at file /home/runner/.rustup/toolchains/nightly-2025-11-05-x86_64-unknown-linux-gnu/lib/rustlib/src/rust/library/core/src/option.rs line 1013 column 15 function std::option::Option::<u32>::unwrap thread 0
aborting path on assume(false) at file /home/runner/.rustup/toolchains/nightly-2025-11-05-x86_64-unknown-linux-gnu/lib/rustlib/src/rust/library/core/src/option.rs line 2174 column 5 function std::option::unwrap_failed thread 0
aborting path on assume(false) at file /home/runner/.rustup/toolchains/nightly-2025-11-05-x86_64-unknown-linux-gnu/lib/rustlib/src/rust/library/core/src/option.rs line 1015 column 21 function std::option::Option::<u32>::unwrap thread 0
aborting path on assume(false) at file /home/runner/.rustup/toolchains/nightly-2025-11-05-x86_64-unknown-linux-gnu/lib/rustlib/src/rust/library/core/src/option.rs line 1013 column 15 function std::option::Option::<u128>::unwrap thread 0
aborting path on assume(false) at file /home/runner/.rustup/toolchains/nightly-2025-11-05-x86_64-unknown-linux-gnu/lib/rustlib/src/rust/library/core/src/option.rs line 2174 column 5 function std::option::unwrap_failed thread 0
aborting path on assume(false) at file /home/runner/.rustup/toolchains/nightly-2025-11-05-x86_64-unknown-linux-gnu/lib/rustlib/src/rust/library/core/src/option.rs line 1015 column 21 function std::option::Option::<u128>::unwrap thread 0
aborting path on assume(false) at file /home/runner/.rustup/toolchains/nightly-2025-11-05-x86_64-unknown-linux-gnu/lib/rustlib/src/rust/library/core/src/option.rs line 1013 column 15 function std::option::Option::<u128>::unwrap thread 0
aborting path on assume(false) at file /home/runner/.rustup/toolchains/nightly-2025-11-05-x86_64-unknown-linux-gnu/lib/rustlib/src/rust/library/core/src/option.rs line 2174 column 5 function std::option::unwrap_failed thread 0
aborting path on assume(false) at file /home/runner/.rustup/toolchains/nightly-2025-11-05-x86_64-unknown-linux-gnu/lib/rustlib/src/rust/library/core/src/option.rs line 1015 column 21 function std::option::Option::<u128>::unwrap thread 0
aborting path on assume(false) at file /home/runner/.rustup/toolchains/nightly-2025-11-05-x86_64-unknown-linux-gnu/lib/rustlib/src/rust/library/core/src/option.rs line 1013 column 15 function std::option::Option::<u128>::unwrap thread 0
aborting path on assume(false) at file /home/runner/.rustup/toolchains/nightly-2025-11-05-x86_64-unknown-linux-gnu/lib/rustlib/src/rust/library/core/src/option.rs line 2174 column 5 function std::option::unwrap_failed thread 0
aborting path on assume(false) at file /home/runner/.rustup/toolchains/nightly-2025-11-05-x86_64-unknown-linux-gnu/lib/rustlib/src/rust/library/core/src/option.rs line 1015 column 21 function std::option::Option::<u128>::unwrap thread 0
Runtime Symex: 0.0611889s
size of program expression: 4988 steps
slicing removed 3158 assignments
Generated 148 VCC(s), 45 remaining after simplification
Runtime Postprocess Equation: 0.000761251s
Passing problem to propositional reduction
converting SSA
Runtime Convert SSA: 0.00992631s
Running propositional reduction
Post-processing
Runtime Post-process: 5.028e-06s
Solving with CaDiCaL 2.0.0
18917 variables, 44392 clauses
SAT checker: instance is SATISFIABLE
Runtime Solver: 0.00110657s
Runtime decision procedure: 0.0113244s
Running propositional reduction
Solving with CaDiCaL 2.0.0
18918 variables, 44393 clauses
SAT checker: instance is SATISFIABLE
Runtime Solver: 0.15307s
Runtime decision procedure: 0.153286s
Running propositional reduction
Solving with CaDiCaL 2.0.0
18919 variables, 44394 clauses
SAT checker: instance is SATISFIABLE
Runtime Solver: 0.00838244s
Runtime decision procedure: 0.00866987s
Running propositional reduction
Solving with CaDiCaL 2.0.0
18920 variables, 44395 clauses
SAT checker: instance is UNSATISFIABLE
Runtime Solver: 0.0051055s
Runtime decision procedure: 0.00515396s

RESULTS:
Check 1: std::option::unwrap_failed.assertion.1
	 - Status: SUCCESS
	 - Description: "called `Option::unwrap()` on a `None` value"
	 - Location: ../../runner/.rustup/toolchains/nightly-2025-11-05-x86_64-unknown-linux-gnu/lib/rustlib/src/rust/library/core/src/option.rs:2174:5 in function std::option::unwrap_failed

Check 2: std::option::Option::<u32>::unwrap.unreachable.1
	 - Status: SUCCESS
	 - Description: "unreachable code"
	 - Location: ../../runner/.rustup/toolchains/nightly-2025-11-05-x86_64-unknown-linux-gnu/lib/rustlib/src/rust/library/core/src/option.rs:1013:15 in function std::option::Option::<u32>::unwrap

Check 3: <std::result::Result<u32, percolator::V16Error> as std::ops::Try>::branch.unreachable.1
	 - Status: SUCCESS
	 - Description: "unreachable code"
	 - Location: ../../runner/.rustup/toolchains/nightly-2025-11-05-x86_64-unknown-linux-gnu/lib/rustlib/src/rust/library/core/src/result.rs:2168:15 in function <std::result::Result<u32, percolator::V16Error> as std::ops::Try>::branch

Check 4: std::option::Option::<u32>::ok_or::<percolator::V16Error>.unreachable.1
	 - Status: SUCCESS
	 - Description: "unreachable code"
	 - Location: ../../runner/.rustup/toolchains/nightly-2025-11-05-x86_64-unknown-linux-gnu/lib/rustlib/src/rust/library/core/src/option.rs:1337:15 in function std::option::Option::<u32>::ok_or::<percolator::V16Error>

Check 5: <std::result::Result<u128, percolator::V16Error> as std::ops::Try>::branch.unreachable.1
	 - Status: SUCCESS
	 - Description: "unreachable code"
	 - Location: ../../runner/.rustup/toolchains/nightly-2025-11-05-x86_64-unknown-linux-gnu/lib/rustlib/src/rust/library/core/src/result.rs:2168:15 in function <std::result::Result<u128, percolator::V16Error> as std::ops::Try>::branch

Check 6: std::option::Option::<u128>::unwrap.unreachable.1
	 - Status: SUCCESS
	 - Description: "unreachable code"
	 - Location: ../../runner/.rustup/toolchains/nightly-2025-11-05-x86_64-unknown-linux-gnu/lib/rustlib/src/rust/library/core/src/option.rs:1013:15 in function std::option::Option::<u128>::unwrap

Check 7: core::num::<impl u32>::checked_add.arithmetic_overflow.1
	 - Status: SUCCESS
	 - Description: "attempt to compute `unchecked_add` which would overflow"
	 - Location: ../../runner/.rustup/toolchains/nightly-2025-11-05-x86_64-unknown-linux-gnu/lib/rustlib/src/rust/library/core/src/num/uint_macros.rs:646:31 in function core::num::<impl u32>::checked_add

Check 8: proof_v16_batch_outcome_accumulator_is_exact_and_overflow_checked.cover.1
	 - Status: SATISFIED
	 - Description: "batch accumulator covers a nontrivial successful fill aggregation"
	 - Location: tests/proofs_v16.rs:3250:5 in function proof_v16_batch_outcome_accumulator_is_exact_and_overflow_checked

Check 9: proof_v16_batch_outcome_accumulator_is_exact_and_overflow_checked.cover.2
	 - Status: SATISFIED
	 - Description: "batch accumulator covers overflow rejection"
	 - Location: tests/proofs_v16.rs:3260:5 in function proof_v16_batch_outcome_accumulator_is_exact_and_overflow_checked

Check 10: proof_v16_batch_outcome_accumulator_is_exact_and_overflow_checked.assertion.1
	 - Status: SUCCESS
	 - Description: "assertion failed: result.is_ok() == expected_ok"
	 - Location: tests/proofs_v16.rs:3261:5 in function proof_v16_batch_outcome_accumulator_is_exact_and_overflow_checked

Check 11: proof_v16_batch_outcome_accumulator_is_exact_and_overflow_checked.assertion.2
	 - Status: SUCCESS
	 - Description: "assertion failed: outcome.fill_count == expected_fill.unwrap()"
	 - Location: tests/proofs_v16.rs:3263:9 in function proof_v16_batch_outcome_accumulator_is_exact_and_overflow_checked

Check 12: proof_v16_batch_outcome_accumulator_is_exact_and_overflow_checked.assertion.3
	 - Status: SUCCESS
	 - Description: "assertion failed: outcome.fee_a == expected_fee_a.unwrap()"
	 - Location: tests/proofs_v16.rs:3264:9 in function proof_v16_batch_outcome_accumulator_is_exact_and_overflow_checked

Check 13: proof_v16_batch_outcome_accumulator_is_exact_and_overflow_checked.assertion.4
	 - Status: SUCCESS
	 - Description: "assertion failed: outcome.fee_b == expected_fee_b.unwrap()"
	 - Location: tests/proofs_v16.rs:3265:9 in function proof_v16_batch_outcome_accumulator_is_exact_and_overflow_checked

Check 14: proof_v16_batch_outcome_accumulator_is_exact_and_overflow_checked.assertion.5
	 - Status: SUCCESS
	 - Description: "assertion failed: outcome.notional == expected_notional.unwrap()"
	 - Location: tests/proofs_v16.rs:3266:9 in function proof_v16_batch_outcome_accumulator_is_exact_and_overflow_checked

Check 15: proof_v16_batch_outcome_accumulator_is_exact_and_overflow_checked.assertion.6
	 - Status: SUCCESS
	 - Description: "assertion failed: risk == risk_before || applied_risk"
	 - Location: tests/proofs_v16.rs:3267:9 in function proof_v16_batch_outcome_accumulator_is_exact_and_overflow_checked

Check 16: proof_v16_batch_outcome_accumulator_is_exact_and_overflow_checked.assertion.7
	 - Status: SUCCESS
	 - Description: "assertion failed: long_claim == long_claim_before || applied_long_claim"
	 - Location: tests/proofs_v16.rs:3268:9 in function proof_v16_batch_outcome_accumulator_is_exact_and_overflow_checked

Check 17: proof_v16_batch_outcome_accumulator_is_exact_and_overflow_checked.assertion.8
	 - Status: SUCCESS
	 - Description: "assertion failed: short_claim == short_claim_before || applied_short_claim"
	 - Location: tests/proofs_v16.rs:3269:9 in function proof_v16_batch_outcome_accumulator_is_exact_and_overflow_checked

Check 18: std::option::Option::<u128>::ok_or::<percolator::V16Error>.unreachable.1
	 - Status: SUCCESS
	 - Description: "unreachable code"
	 - Location: ../../runner/.rustup/toolchains/nightly-2025-11-05-x86_64-unknown-linux-gnu/lib/rustlib/src/rust/library/core/src/option.rs:1337:15 in function std::option::Option::<u128>::ok_or::<percolator::V16Error>

Check 19: percolator::MarketGroupV16ViewMut::<'_, u64>::accumulate_batch_trade_apply.unreachable.1
	 - Status: SUCCESS
	 - Description: "unreachable code"
	 - Location: tests/proofs_v16.rs:0:0 in function percolator::MarketGroupV16ViewMut::<'_, u64>::accumulate_batch_trade_apply

Check 20: core::num::<impl u128>::checked_add.arithmetic_overflow.1
	 - Status: SUCCESS
	 - Description: "attempt to compute `unchecked_add` which would overflow"
	 - Location: ../../runner/.rustup/toolchains/nightly-2025-11-05-x86_64-unknown-linux-gnu/lib/rustlib/src/rust/library/core/src/num/uint_macros.rs:646:31 in function core::num::<impl u128>::checked_add

Check 21: percolator::MarketGroupV16ViewMut::<'_, u64>::accumulate_batch_trade_apply.pointer_dereference.1
	 - Status: SUCCESS
	 - Description: "dereference failure: pointer NULL"
	 - Location: src/v16.rs:12372:30 in function percolator::MarketGroupV16ViewMut::<'_, u64>::accumulate_batch_trade_apply

Check 22: percolator::MarketGroupV16ViewMut::<'_, u64>::accumulate_batch_trade_apply.pointer_dereference.2
	 - Status: SUCCESS
	 - Description: "dereference failure: pointer invalid"
	 - Location: src/v16.rs:12372:30 in function percolator::MarketGroupV16ViewMut::<'_, u64>::accumulate_batch_trade_apply

Check 23: percolator::MarketGroupV16ViewMut::<'_, u64>::accumulate_batch_trade_apply.pointer_dereference.3
	 - Status: SUCCESS
	 - Description: "dereference failure: deallocated dynamic object"
	 - Location: src/v16.rs:12372:30 in function percolator::MarketGroupV16ViewMut::<'_, u64>::accumulate_batch_trade_apply

Check 24: percolator::MarketGroupV16ViewMut::<'_, u64>::accumulate_batch_trade_apply.pointer_dereference.4
	 - Status: SUCCESS
	 - Description: "dereference failure: dead object"
	 - Location: src/v16.rs:12372:30 in function percolator::MarketGroupV16ViewMut::<'_, u64>::accumulate_batch_trade_apply

Check 25: percolator::MarketGroupV16ViewMut::<'_, u64>::accumulate_batch_trade_apply.pointer_dereference.5
	 - Status: SUCCESS
	 - Description: "dereference failure: pointer outside object bounds"
	 - Location: src/v16.rs:12372:30 in function percolator::MarketGroupV16ViewMut::<'_, u64>::accumulate_batch_trade_apply

Check 26: percolator::MarketGroupV16ViewMut::<'_, u64>::accumulate_batch_trade_apply.pointer_dereference.6
	 - Status: SUCCESS
	 - Description: "dereference failure: invalid integer address"
	 - Location: src/v16.rs:12372:30 in function percolator::MarketGroupV16ViewMut::<'_, u64>::accumulate_batch_trade_apply

Check 27: percolator::MarketGroupV16ViewMut::<'_, u64>::accumulate_batch_trade_apply.pointer_dereference.7
	 - Status: SUCCESS
	 - Description: "dereference failure: pointer NULL"
	 - Location: src/v16.rs:12372:9 in function percolator::MarketGroupV16ViewMut::<'_, u64>::accumulate_batch_trade_apply

Check 28: percolator::MarketGroupV16ViewMut::<'_, u64>::accumulate_batch_trade_apply.pointer_dereference.8
	 - Status: SUCCESS
	 - Description: "dereference failure: pointer invalid"
	 - Location: src/v16.rs:12372:9 in function percolator::MarketGroupV16ViewMut::<'_, u64>::accumulate_batch_trade_apply

Check 29: percolator::MarketGroupV16ViewMut::<'_, u64>::accumulate_batch_trade_apply.pointer_dereference.9
	 - Status: SUCCESS
	 - Description: "dereference failure: deallocated dynamic object"
	 - Location: src/v16.rs:12372:9 in function percolator::MarketGroupV16ViewMut::<'_, u64>::accumulate_batch_trade_apply

Check 30: percolator::MarketGroupV16ViewMut::<'_, u64>::accumulate_batch_trade_apply.pointer_dereference.10
	 - Status: SUCCESS
	 - Description: "dereference failure: dead object"
	 - Location: src/v16.rs:12372:9 in function percolator::MarketGroupV16ViewMut::<'_, u64>::accumulate_batch_trade_apply

Check 31: percolator::MarketGroupV16ViewMut::<'_, u64>::accumulate_batch_trade_apply.pointer_dereference.11
	 - Status: SUCCESS
	 - Description: "dereference failure: pointer outside object bounds"
	 - Location: src/v16.rs:12372:9 in function percolator::MarketGroupV16ViewMut::<'_, u64>::accumulate_batch_trade_apply

Check 32: percolator::MarketGroupV16ViewMut::<'_, u64>::accumulate_batch_trade_apply.pointer_dereference.12
	 - Status: SUCCESS
	 - Description: "dereference failure: invalid integer address"
	 - Location: src/v16.rs:12372:9 in function percolator::MarketGroupV16ViewMut::<'_, u64>::accumulate_batch_trade_apply

Check 33: percolator::MarketGroupV16ViewMut::<'_, u64>::accumulate_batch_trade_apply.pointer_dereference.13
	 - Status: SUCCESS
	 - Description: "dereference failure: pointer NULL"
	 - Location: src/v16.rs:12376:25 in function percolator::MarketGroupV16ViewMut::<'_, u64>::accumulate_batch_trade_apply

Check 34: percolator::MarketGroupV16ViewMut::<'_, u64>::accumulate_batch_trade_apply.pointer_dereference.14
	 - Status: SUCCESS
	 - Description: "dereference failure: pointer invalid"
	 - Location: src/v16.rs:12376:25 in function percolator::MarketGroupV16ViewMut::<'_, u64>::accumulate_batch_trade_apply

Check 35: percolator::MarketGroupV16ViewMut::<'_, u64>::accumulate_batch_trade_apply.pointer_dereference.15
	 - Status: SUCCESS
	 - Description: "dereference failure: deallocated dynamic object"
	 - Location: src/v16.rs:12376:25 in function percolator::MarketGroupV16ViewMut::<'_, u64>::accumulate_batch_trade_apply

Check 36: percolator::MarketGroupV16ViewMut::<'_, u64>::accumulate_batch_trade_apply.pointer_dereference.16
	 - Status: SUCCESS
	 - Description: "dereference failure: dead object"
	 - Location: src/v16.rs:12376:25 in function percolator::MarketGroupV16ViewMut::<'_, u64>::accumulate_batch_trade_apply

Check 37: percolator::MarketGroupV16ViewMut::<'_, u64>::accumulate_batch_trade_apply.pointer_dereference.17
	 - Status: SUCCESS
	 - Description: "dereference failure: pointer outside object bounds"
	 - Location: src/v16.rs:12376:25 in function percolator::MarketGroupV16ViewMut::<'_, u64>::accumulate_batch_trade_apply

Check 38: percolator::MarketGroupV16ViewMut::<'_, u64>::accumulate_batch_trade_apply.pointer_dereference.18
	 - Status: SUCCESS
	 - Description: "dereference failure: invalid integer address"
	 - Location: src/v16.rs:12376:25 in function percolator::MarketGroupV16ViewMut::<'_, u64>::accumulate_batch_trade_apply

Check 39: percolator::MarketGroupV16ViewMut::<'_, u64>::accumulate_batch_trade_apply.pointer_dereference.19
	 - Status: SUCCESS
	 - Description: "dereference failure: pointer NULL"
	 - Location: src/v16.rs:12376:9 in function percolator::MarketGroupV16ViewMut::<'_, u64>::accumulate_batch_trade_apply

Check 40: percolator::MarketGroupV16ViewMut::<'_, u64>::accumulate_batch_trade_apply.pointer_dereference.20
	 - Status: SUCCESS
	 - Description: "dereference failure: pointer invalid"
	 - Location: src/v16.rs:12376:9 in function percolator::MarketGroupV16ViewMut::<'_, u64>::accumulate_batch_trade_apply

Check 41: percolator::MarketGroupV16ViewMut::<'_, u64>::accumulate_batch_trade_apply.pointer_dereference.21
	 - Status: SUCCESS
	 - Description: "dereference failure: deallocated dynamic object"
	 - Location: src/v16.rs:12376:9 in function percolator::MarketGroupV16ViewMut::<'_, u64>::accumulate_batch_trade_apply

Check 42: percolator::MarketGroupV16ViewMut::<'_, u64>::accumulate_batch_trade_apply.pointer_dereference.22
	 - Status: SUCCESS
	 - Description: "dereference failure: dead object"
	 - Location: src/v16.rs:12376:9 in function percolator::MarketGroupV16ViewMut::<'_, u64>::accumulate_batch_trade_apply

Check 43: percolator::MarketGroupV16ViewMut::<'_, u64>::accumulate_batch_trade_apply.pointer_dereference.23
	 - Status: SUCCESS
	 - Description: "dereference failure: pointer outside object bounds"
	 - Location: src/v16.rs:12376:9 in function percolator::MarketGroupV16ViewMut::<'_, u64>::accumulate_batch_trade_apply

Check 44: percolator::MarketGroupV16ViewMut::<'_, u64>::accumulate_batch_trade_apply.pointer_dereference.24
	 - Status: SUCCESS
	 - Description: "dereference failure: invalid integer address"
	 - Location: src/v16.rs:12376:9 in function percolator::MarketGroupV16ViewMut::<'_, u64>::accumulate_batch_trade_apply

Check 45: percolator::MarketGroupV16ViewMut::<'_, u64>::accumulate_batch_trade_apply.pointer_dereference.25
	 - Status: SUCCESS
	 - Description: "dereference failure: pointer NULL"
	 - Location: src/v16.rs:12380:25 in function percolator::MarketGroupV16ViewMut::<'_, u64>::accumulate_batch_trade_apply

Check 46: percolator::MarketGroupV16ViewMut::<'_, u64>::accumulate_batch_trade_apply.pointer_dereference.26
	 - Status: SUCCESS
	 - Description: "dereference failure: pointer invalid"
	 - Location: src/v16.rs:12380:25 in function percolator::MarketGroupV16ViewMut::<'_, u64>::accumulate_batch_trade_apply

Check 47: percolator::MarketGroupV16ViewMut::<'_, u64>::accumulate_batch_trade_apply.pointer_dereference.27
	 - Status: SUCCESS
	 - Description: "dereference failure: deallocated dynamic object"
	 - Location: src/v16.rs:12380:25 in function percolator::MarketGroupV16ViewMut::<'_, u64>::accumulate_batch_trade_apply

Check 48: percolator::MarketGroupV16ViewMut::<'_, u64>::accumulate_batch_trade_apply.pointer_dereference.28
	 - Status: SUCCESS
	 - Description: "dereference failure: dead object"
	 - Location: src/v16.rs:12380:25 in function percolator::MarketGroupV16ViewMut::<'_, u64>::accumulate_batch_trade_apply

Check 49: percolator::MarketGroupV16ViewMut::<'_, u64>::accumulate_batch_trade_apply.pointer_dereference.29
	 - Status: SUCCESS
	 - Description: "dereference failure: pointer outside object bounds"
	 - Location: src/v16.rs:12380:25 in function percolator::MarketGroupV16ViewMut::<'_, u64>::accumulate_batch_trade_apply

Check 50: percolator::MarketGroupV16ViewMut::<'_, u64>::accumulate_batch_trade_apply.pointer_dereference.30
	 - Status: SUCCESS
	 - Description: "dereference failure: invalid integer address"
	 - Location: src/v16.rs:12380:25 in function percolator::MarketGroupV16ViewMut::<'_, u64>::accumulate_batch_trade_apply

Check 51: percolator::MarketGroupV16ViewMut::<'_, u64>::accumulate_batch_trade_apply.pointer_dereference.31
	 - Status: SUCCESS
	 - Description: "dereference failure: pointer NULL"
	 - Location: src/v16.rs:12380:9 in function percolator::MarketGroupV16ViewMut::<'_, u64>::accumulate_batch_trade_apply

Check 52: percolator::MarketGroupV16ViewMut::<'_, u64>::accumulate_batch_trade_apply.pointer_dereference.32
	 - Status: SUCCESS
	 - Description: "dereference failure: pointer invalid"
	 - Location: src/v16.rs:12380:9 in function percolator::MarketGroupV16ViewMut::<'_, u64>::accumulate_batch_trade_apply

Check 53: percolator::MarketGroupV16ViewMut::<'_, u64>::accumulate_batch_trade_apply.pointer_dereference.33
	 - Status: SUCCESS
	 - Description: "dereference failure: deallocated dynamic object"
	 - Location: src/v16.rs:12380:9 in function percolator::MarketGroupV16ViewMut::<'_, u64>::accumulate_batch_trade_apply

Check 54: percolator::MarketGroupV16ViewMut::<'_, u64>::accumulate_batch_trade_apply.pointer_dereference.34
	 - Status: SUCCESS
	 - Description: "dereference failure: dead object"
	 - Location: src/v16.rs:12380:9 in function percolator::MarketGroupV16ViewMut::<'_, u64>::accumulate_batch_trade_apply

Check 55: percolator::MarketGroupV16ViewMut::<'_, u64>::accumulate_batch_trade_apply.pointer_dereference.35
	 - Status: SUCCESS
	 - Description: "dereference failure: pointer outside object bounds"
	 - Location: src/v16.rs:12380:9 in function percolator::MarketGroupV16ViewMut::<'_, u64>::accumulate_batch_trade_apply

Check 56: percolator::MarketGroupV16ViewMut::<'_, u64>::accumulate_batch_trade_apply.pointer_dereference.36
	 - Status: SUCCESS
	 - Description: "dereference failure: invalid integer address"
	 - Location: src/v16.rs:12380:9 in function percolator::MarketGroupV16ViewMut::<'_, u64>::accumulate_batch_trade_apply

Check 57: percolator::MarketGroupV16ViewMut::<'_, u64>::accumulate_batch_trade_apply.pointer_dereference.37
	 - Status: SUCCESS
	 - Description: "dereference failure: pointer NULL"
	 - Location: src/v16.rs:12384:28 in function percolator::MarketGroupV16ViewMut::<'_, u64>::accumulate_batch_trade_apply

Check 58: percolator::MarketGroupV16ViewMut::<'_, u64>::accumulate_batch_trade_apply.pointer_dereference.38
	 - Status: SUCCESS
	 - Description: "dereference failure: pointer invalid"
	 - Location: src/v16.rs:12384:28 in function percolator::MarketGroupV16ViewMut::<'_, u64>::accumulate_batch_trade_apply

Check 59: percolator::MarketGroupV16ViewMut::<'_, u64>::accumulate_batch_trade_apply.pointer_dereference.39
	 - Status: SUCCESS
	 - Description: "dereference failure: deallocated dynamic object"
	 - Location: src/v16.rs:12384:28 in function percolator::MarketGroupV16ViewMut::<'_, u64>::accumulate_batch_trade_apply

Check 60: percolator::MarketGroupV16ViewMut::<'_, u64>::accumulate_batch_trade_apply.pointer_dereference.40
	 - Status: SUCCESS
	 - Description: "dereference failure: dead object"
	 - Location: src/v16.rs:12384:28 in function percolator::MarketGroupV16ViewMut::<'_, u64>::accumulate_batch_trade_apply

Check 61: percolator::MarketGroupV16ViewMut::<'_, u64>::accumulate_batch_trade_apply.pointer_dereference.41
	 - Status: SUCCESS
	 - Description: "dereference failure: pointer outside object bounds"
	 - Location: src/v16.rs:12384:28 in function percolator::MarketGroupV16ViewMut::<'_, u64>::accumulate_batch_trade_apply

Check 62: percolator::MarketGroupV16ViewMut::<'_, u64>::accumulate_batch_trade_apply.pointer_dereference.42
	 - Status: SUCCESS
	 - Description: "dereference failure: invalid integer address"
	 - Location: src/v16.rs:12384:28 in function percolator::MarketGroupV16ViewMut::<'_, u64>::accumulate_batch_trade_apply

Check 63: percolator::MarketGroupV16ViewMut::<'_, u64>::accumulate_batch_trade_apply.pointer_dereference.43
	 - Status: SUCCESS
	 - Description: "dereference failure: pointer NULL"
	 - Location: src/v16.rs:12384:9 in function percolator::MarketGroupV16ViewMut::<'_, u64>::accumulate_batch_trade_apply

Check 64: percolator::MarketGroupV16ViewMut::<'_, u64>::accumulate_batch_trade_apply.pointer_dereference.44
	 - Status: SUCCESS
	 - Description: "dereference failure: pointer invalid"
	 - Location: src/v16.rs:12384:9 in function percolator::MarketGroupV16ViewMut::<'_, u64>::accumulate_batch_trade_apply

Check 65: percolator::MarketGroupV16ViewMut::<'_, u64>::accumulate_batch_trade_apply.pointer_dereference.45
	 - Status: SUCCESS
	 - Description: "dereference failure: deallocated dynamic object"
	 - Location: src/v16.rs:12384:9 in function percolator::MarketGroupV16ViewMut::<'_, u64>::accumulate_batch_trade_apply

Check 66: percolator::MarketGroupV16ViewMut::<'_, u64>::accumulate_batch_trade_apply.pointer_dereference.46
	 - Status: SUCCESS
	 - Description: "dereference failure: dead object"
	 - Location: src/v16.rs:12384:9 in function percolator::MarketGroupV16ViewMut::<'_, u64>::accumulate_batch_trade_apply

Check 67: percolator::MarketGroupV16ViewMut::<'_, u64>::accumulate_batch_trade_apply.pointer_dereference.47
	 - Status: SUCCESS
	 - Description: "dereference failure: pointer outside object bounds"
	 - Location: src/v16.rs:12384:9 in function percolator::MarketGroupV16ViewMut::<'_, u64>::accumulate_batch_trade_apply

Check 68: percolator::MarketGroupV16ViewMut::<'_, u64>::accumulate_batch_trade_apply.pointer_dereference.48
	 - Status: SUCCESS
	 - Description: "dereference failure: invalid integer address"
	 - Location: src/v16.rs:12384:9 in function percolator::MarketGroupV16ViewMut::<'_, u64>::accumulate_batch_trade_apply

Check 69: percolator::MarketGroupV16ViewMut::<'_, u64>::accumulate_batch_trade_apply.pointer_dereference.49
	 - Status: SUCCESS
	 - Description: "dereference failure: pointer NULL"
	 - Location: src/v16.rs:12388:9 in function percolator::MarketGroupV16ViewMut::<'_, u64>::accumulate_batch_trade_apply

Check 70: percolator::MarketGroupV16ViewMut::<'_, u64>::accumulate_batch_trade_apply.pointer_dereference.50
	 - Status: SUCCESS
	 - Description: "dereference failure: pointer invalid"
	 - Location: src/v16.rs:12388:9 in function percolator::MarketGroupV16ViewMut::<'_, u64>::accumulate_batch_trade_apply

Check 71: percolator::MarketGroupV16ViewMut::<'_, u64>::accumulate_batch_trade_apply.pointer_dereference.51
	 - Status: SUCCESS
	 - Description: "dereference failure: deallocated dynamic object"
	 - Location: src/v16.rs:12388:9 in function percolator::MarketGroupV16ViewMut::<'_, u64>::accumulate_batch_trade_apply

Check 72: percolator::MarketGroupV16ViewMut::<'_, u64>::accumulate_batch_trade_apply.pointer_dereference.52
	 - Status: SUCCESS
	 - Description: "dereference failure: dead object"
	 - Location: src/v16.rs:12388:9 in function percolator::MarketGroupV16ViewMut::<'_, u64>::accumulate_batch_trade_apply

Check 73: percolator::MarketGroupV16ViewMut::<'_, u64>::accumulate_batch_trade_apply.pointer_dereference.53
	 - Status: SUCCESS
	 - Description: "dereference failure: pointer outside object bounds"
	 - Location: src/v16.rs:12388:9 in function percolator::MarketGroupV16ViewMut::<'_, u64>::accumulate_batch_trade_apply

Check 74: percolator::MarketGroupV16ViewMut::<'_, u64>::accumulate_batch_trade_apply.pointer_dereference.54
	 - Status: SUCCESS
	 - Description: "dereference failure: invalid integer address"
	 - Location: src/v16.rs:12388:9 in function percolator::MarketGroupV16ViewMut::<'_, u64>::accumulate_batch_trade_apply

Check 75: percolator::MarketGroupV16ViewMut::<'_, u64>::accumulate_batch_trade_apply.pointer_dereference.55
	 - Status: SUCCESS
	 - Description: "dereference failure: pointer NULL"
	 - Location: src/v16.rs:12389:9 in function percolator::MarketGroupV16ViewMut::<'_, u64>::accumulate_batch_trade_apply

Check 76: percolator::MarketGroupV16ViewMut::<'_, u64>::accumulate_batch_trade_apply.pointer_dereference.56
	 - Status: SUCCESS
	 - Description: "dereference failure: pointer invalid"
	 - Location: src/v16.rs:12389:9 in function percolator::MarketGroupV16ViewMut::<'_, u64>::accumulate_batch_trade_apply

Check 77: percolator::MarketGroupV16ViewMut::<'_, u64>::accumulate_batch_trade_apply.pointer_dereference.57
	 - Status: SUCCESS
	 - Description: "dereference failure: deallocated dynamic object"
	 - Location: src/v16.rs:12389:9 in function percolator::MarketGroupV16ViewMut::<'_, u64>::accumulate_batch_trade_apply

Check 78: percolator::MarketGroupV16ViewMut::<'_, u64>::accumulate_batch_trade_apply.pointer_dereference.58
	 - Status: SUCCESS
	 - Description: "dereference failure: dead object"
	 - Location: src/v16.rs:12389:9 in function percolator::MarketGroupV16ViewMut::<'_, u64>::accumulate_batch_trade_apply

Check 79: percolator::MarketGroupV16ViewMut::<'_, u64>::accumulate_batch_trade_apply.pointer_dereference.59
	 - Status: SUCCESS
	 - Description: "dereference failure: pointer outside object bounds"
	 - Location: src/v16.rs:12389:9 in function percolator::MarketGroupV16ViewMut::<'_, u64>::accumulate_batch_trade_apply

Check 80: percolator::MarketGroupV16ViewMut::<'_, u64>::accumulate_batch_trade_apply.pointer_dereference.60
	 - Status: SUCCESS
	 - Description: "dereference failure: invalid integer address"
	 - Location: src/v16.rs:12389:9 in function percolator::MarketGroupV16ViewMut::<'_, u64>::accumulate_batch_trade_apply

Check 81: percolator::MarketGroupV16ViewMut::<'_, u64>::accumulate_batch_trade_apply.pointer_dereference.61
	 - Status: SUCCESS
	 - Description: "dereference failure: pointer NULL"
	 - Location: src/v16.rs:12390:9 in function percolator::MarketGroupV16ViewMut::<'_, u64>::accumulate_batch_trade_apply

Check 82: percolator::MarketGroupV16ViewMut::<'_, u64>::accumulate_batch_trade_apply.pointer_dereference.62
	 - Status: SUCCESS
	 - Description: "dereference failure: pointer invalid"
	 - Location: src/v16.rs:12390:9 in function percolator::MarketGroupV16ViewMut::<'_, u64>::accumulate_batch_trade_apply

Check 83: percolator::MarketGroupV16ViewMut::<'_, u64>::accumulate_batch_trade_apply.pointer_dereference.63
	 - Status: SUCCESS
	 - Description: "dereference failure: deallocated dynamic object"
	 - Location: src/v16.rs:12390:9 in function percolator::MarketGroupV16ViewMut::<'_, u64>::accumulate_batch_trade_apply

Check 84: percolator::MarketGroupV16ViewMut::<'_, u64>::accumulate_batch_trade_apply.pointer_dereference.64
	 - Status: SUCCESS
	 - Description: "dereference failure: dead object"
	 - Location: src/v16.rs:12390:9 in function percolator::MarketGroupV16ViewMut::<'_, u64>::accumulate_batch_trade_apply

Check 85: percolator::MarketGroupV16ViewMut::<'_, u64>::accumulate_batch_trade_apply.pointer_dereference.65
	 - Status: SUCCESS
	 - Description: "dereference failure: pointer outside object bounds"
	 - Location: src/v16.rs:12390:9 in function percolator::MarketGroupV16ViewMut::<'_, u64>::accumulate_batch_trade_apply

Check 86: percolator::MarketGroupV16ViewMut::<'_, u64>::accumulate_batch_trade_apply.pointer_dereference.66
	 - Status: SUCCESS
	 - Description: "dereference failure: invalid integer address"
	 - Location: src/v16.rs:12390:9 in function percolator::MarketGroupV16ViewMut::<'_, u64>::accumulate_batch_trade_apply

Check 87: percolator::MarketGroupV16ViewMut::<'_, u64>::accumulate_batch_trade_apply.pointer_dereference.67
	 - Status: SUCCESS
	 - Description: "dereference failure: dead object"
	 - Location: src/v16.rs:12391:9 in function percolator::MarketGroupV16ViewMut::<'_, u64>::accumulate_batch_trade_apply

Check 88: std::option::Option::<u32>::is_some.pointer_dereference.1
	 - Status: SUCCESS
	 - Description: "dereference failure: pointer NULL"
	 - Location: ../../runner/.rustup/toolchains/nightly-2025-11-05-x86_64-unknown-linux-gnu/lib/rustlib/src/rust/library/core/src/option.rs:635:18 in function std::option::Option::<u32>::is_some

Check 89: std::option::Option::<u32>::is_some.pointer_dereference.2
	 - Status: SUCCESS
	 - Description: "dereference failure: pointer invalid"
	 - Location: ../../runner/.rustup/toolchains/nightly-2025-11-05-x86_64-unknown-linux-gnu/lib/rustlib/src/rust/library/core/src/option.rs:635:18 in function std::option::Option::<u32>::is_some

Check 90: std::option::Option::<u32>::is_some.pointer_dereference.3
	 - Status: SUCCESS
	 - Description: "dereference failure: deallocated dynamic object"
	 - Location: ../../runner/.rustup/toolchains/nightly-2025-11-05-x86_64-unknown-linux-gnu/lib/rustlib/src/rust/library/core/src/option.rs:635:18 in function std::option::Option::<u32>::is_some

Check 91: std::option::Option::<u32>::is_some.pointer_dereference.4
	 - Status: SUCCESS
	 - Description: "dereference failure: dead object"
	 - Location: ../../runner/.rustup/toolchains/nightly-2025-11-05-x86_64-unknown-linux-gnu/lib/rustlib/src/rust/library/core/src/option.rs:635:18 in function std::option::Option::<u32>::is_some

Check 92: std::option::Option::<u32>::is_some.pointer_dereference.5
	 - Status: SUCCESS
	 - Description: "dereference failure: pointer outside object bounds"
	 - Location: ../../runner/.rustup/toolchains/nightly-2025-11-05-x86_64-unknown-linux-gnu/lib/rustlib/src/rust/library/core/src/option.rs:635:18 in function std::option::Option::<u32>::is_some

Check 93: std::option::Option::<u32>::is_some.pointer_dereference.6
	 - Status: SUCCESS
	 - Description: "dereference failure: invalid integer address"
	 - Location: ../../runner/.rustup/toolchains/nightly-2025-11-05-x86_64-unknown-linux-gnu/lib/rustlib/src/rust/library/core/src/option.rs:635:18 in function std::option::Option::<u32>::is_some

Check 94: std::option::Option::<u128>::is_some.pointer_dereference.1
	 - Status: SUCCESS
	 - Description: "dereference failure: pointer NULL"
	 - Location: ../../runner/.rustup/toolchains/nightly-2025-11-05-x86_64-unknown-linux-gnu/lib/rustlib/src/rust/library/core/src/option.rs:635:18 in function std::option::Option::<u128>::is_some

Check 95: std::option::Option::<u128>::is_some.pointer_dereference.2
	 - Status: SUCCESS
	 - Description: "dereference failure: pointer invalid"
	 - Location: ../../runner/.rustup/toolchains/nightly-2025-11-05-x86_64-unknown-linux-gnu/lib/rustlib/src/rust/library/core/src/option.rs:635:18 in function std::option::Option::<u128>::is_some

Check 96: std::option::Option::<u128>::is_some.pointer_dereference.3
	 - Status: SUCCESS
	 - Description: "dereference failure: deallocated dynamic object"
	 - Location: ../../runner/.rustup/toolchains/nightly-2025-11-05-x86_64-unknown-linux-gnu/lib/rustlib/src/rust/library/core/src/option.rs:635:18 in function std::option::Option::<u128>::is_some

Check 97: std::option::Option::<u128>::is_some.pointer_dereference.4
	 - Status: SUCCESS
	 - Description: "dereference failure: dead object"
	 - Location: ../../runner/.rustup/toolchains/nightly-2025-11-05-x86_64-unknown-linux-gnu/lib/rustlib/src/rust/library/core/src/option.rs:635:18 in function std::option::Option::<u128>::is_some

Check 98: std::option::Option::<u128>::is_some.pointer_dereference.5
	 - Status: SUCCESS
	 - Description: "dereference failure: pointer outside object bounds"
	 - Location: ../../runner/.rustup/toolchains/nightly-2025-11-05-x86_64-unknown-linux-gnu/lib/rustlib/src/rust/library/core/src/option.rs:635:18 in function std::option::Option::<u128>::is_some

Check 99: std::option::Option::<u128>::is_some.pointer_dereference.6
	 - Status: SUCCESS
	 - Description: "dereference failure: invalid integer address"
	 - Location: ../../runner/.rustup/toolchains/nightly-2025-11-05-x86_64-unknown-linux-gnu/lib/rustlib/src/rust/library/core/src/option.rs:635:18 in function std::option::Option::<u128>::is_some

Check 100: std::result::Result::<(), percolator::V16Error>::is_ok.pointer_dereference.1
	 - Status: SUCCESS
	 - Description: "dereference failure: pointer NULL"
	 - Location: ../../runner/.rustup/toolchains/nightly-2025-11-05-x86_64-unknown-linux-gnu/lib/rustlib/src/rust/library/core/src/result.rs:594:18 in function std::result::Result::<(), percolator::V16Error>::is_ok

Check 101: std::result::Result::<(), percolator::V16Error>::is_ok.pointer_dereference.2
	 - Status: SUCCESS
	 - Description: "dereference failure: pointer invalid"
	 - Location: ../../runner/.rustup/toolchains/nightly-2025-11-05-x86_64-unknown-linux-gnu/lib/rustlib/src/rust/library/core/src/result.rs:594:18 in function std::result::Result::<(), percolator::V16Error>::is_ok

Check 102: std::result::Result::<(), percolator::V16Error>::is_ok.pointer_dereference.3
	 - Status: SUCCESS
	 - Description: "dereference failure: deallocated dynamic object"
	 - Location: ../../runner/.rustup/toolchains/nightly-2025-11-05-x86_64-unknown-linux-gnu/lib/rustlib/src/rust/library/core/src/result.rs:594:18 in function std::result::Result::<(), percolator::V16Error>::is_ok

Check 103: std::result::Result::<(), percolator::V16Error>::is_ok.pointer_dereference.4
	 - Status: SUCCESS
	 - Description: "dereference failure: dead object"
	 - Location: ../../runner/.rustup/toolchains/nightly-2025-11-05-x86_64-unknown-linux-gnu/lib/rustlib/src/rust/library/core/src/result.rs:594:18 in function std::result::Result::<(), percolator::V16Error>::is_ok

Check 104: std::result::Result::<(), percolator::V16Error>::is_ok.pointer_dereference.5
	 - Status: SUCCESS
	 - Description: "dereference failure: pointer outside object bounds"
	 - Location: ../../runner/.rustup/toolchains/nightly-2025-11-05-x86_64-unknown-linux-gnu/lib/rustlib/src/rust/library/core/src/result.rs:594:18 in function std::result::Result::<(), percolator::V16Error>::is_ok

Check 105: std::result::Result::<(), percolator::V16Error>::is_ok.pointer_dereference.6
	 - Status: SUCCESS
	 - Description: "dereference failure: invalid integer address"
	 - Location: ../../runner/.rustup/toolchains/nightly-2025-11-05-x86_64-unknown-linux-gnu/lib/rustlib/src/rust/library/core/src/result.rs:594:18 in function std::result::Result::<(), percolator::V16Error>::is_ok


SUMMARY:
 ** 0 of 103 failed

 ** 2 of 2 cover properties satisfied


VERIFICATION:- SUCCESSFUL
Verification Time: 0.42473796s

Manual Harness Summary:
Complete - 1 successfully verified harnesses, 0 failures, 1 total.
