Kani Rust Verifier 0.66.0 (cargo plugin)
   Compiling percolator v0.1.1 (/home/anatoly/percolator)
warning: variable does not need to be mutable
     --> src/v16.rs:11500:13
      |
11500 |         let mut ledger = account.header.close_progress.try_to_runtime()?;
      |             ----^^^^^^
      |             |
      |             help: remove this `mut`
      |
      = note: `#[warn(unused_mut)]` (part of `#[warn(unused)]`) on by default

    Finished `test` profile [unoptimized + debuginfo] target(s) in 0.91s
   Compiling percolator v0.1.1 (/home/anatoly/percolator)
warning: variable does not need to be mutable
     --> src/v16.rs:11500:13
      |
11500 |         let mut ledger = account.header.close_progress.try_to_runtime()?;
      |             ----^^^^^^
      |             |
      |             help: remove this `mut`
      |
      = note: `#[warn(unused_mut)]` (part of `#[warn(unused)]`) on by default

    Finished `test` profile [unoptimized + debuginfo] target(s) in 0.12s
   Compiling percolator v0.1.1 (/home/anatoly/percolator)
warning: variable does not need to be mutable
     --> src/v16.rs:11500:13
      |
11500 |         let mut ledger = account.header.close_progress.try_to_runtime()?;
      |             ----^^^^^^
      |             |
      |             help: remove this `mut`
      |
      = note: `#[warn(unused_mut)]` (part of `#[warn(unused)]`) on by default

warning: unused imports: `MarketGroupV16View` and `TradeRequestV16`
  --> tests/proofs_v16.rs:22:42
   |
22 |     Market, MarketGroupV16HeaderAccount, MarketGroupV16View, MarketGroupV16ViewMut,
   |                                          ^^^^^^^^^^^^^^^^^^
...
31 |     TradeRequestV16,
   |     ^^^^^^^^^^^^^^^
   |
   = note: `#[warn(unused_imports)]` (part of `#[warn(unused)]`) on by default

warning: Found the following unsupported constructs:
             - caller_location (1)
             - foreign function (1)
         
         Verification will fail if one or more of these constructs is reachable.
         See https://model-checking.github.io/kani/rust-feature-support.html for more details.

    Finished `test` profile [unoptimized + debuginfo] target(s) in 1.02s
   Compiling percolator v0.1.1 (/home/anatoly/percolator)
warning: variable does not need to be mutable
     --> src/v16.rs:11500:13
      |
11500 |         let mut ledger = account.header.close_progress.try_to_runtime()?;
      |             ----^^^^^^
      |             |
      |             help: remove this `mut`
      |
      = note: `#[warn(unused_mut)]` (part of `#[warn(unused)]`) on by default

    Finished `test` profile [unoptimized + debuginfo] target(s) in 0.06s
   Compiling percolator v0.1.1 (/home/anatoly/percolator)
warning: variable does not need to be mutable
     --> src/v16.rs:11500:13
      |
11500 |         let mut ledger = account.header.close_progress.try_to_runtime()?;
      |             ----^^^^^^
      |             |
      |             help: remove this `mut`
      |
      = note: `#[warn(unused_mut)]` (part of `#[warn(unused)]`) on by default

    Finished `test` profile [unoptimized + debuginfo] target(s) in 0.07s
   Compiling percolator v0.1.1 (/home/anatoly/percolator)
warning: variable does not need to be mutable
     --> src/v16.rs:11500:13
      |
11500 |         let mut ledger = account.header.close_progress.try_to_runtime()?;
      |             ----^^^^^^
      |             |
      |             help: remove this `mut`
      |
      = note: `#[warn(unused_mut)]` (part of `#[warn(unused)]`) on by default

    Finished `test` profile [unoptimized + debuginfo] target(s) in 0.08s
warning: variable does not need to be mutable
     --> src/v16.rs:11500:13
      |
11500 |         let mut ledger = account.header.close_progress.try_to_runtime()?;
      |             ----^^^^^^
      |             |
      |             help: remove this `mut`
      |
      = note: `#[warn(unused_mut)]` (part of `#[warn(unused)]`) on by default

   Compiling percolator v0.1.1 (/home/anatoly/percolator)
    Finished `test` profile [unoptimized + debuginfo] target(s) in 0.07s
   Compiling percolator v0.1.1 (/home/anatoly/percolator)
warning: variable does not need to be mutable
     --> src/v16.rs:11500:13
      |
11500 |         let mut ledger = account.header.close_progress.try_to_runtime()?;
      |             ----^^^^^^
      |             |
      |             help: remove this `mut`
      |
      = note: `#[warn(unused_mut)]` (part of `#[warn(unused)]`) on by default

    Finished `test` profile [unoptimized + debuginfo] target(s) in 0.14s
Checking harness proof_v16_residual_reward_credit_is_capped_by_principal_and_crystallized_loss...
CBMC 6.8.0 (cbmc-6.8.0)
CBMC version 6.8.0 (cbmc-6.8.0) 64-bit x86_64 linux
Reading GOTO program from file /home/anatoly/percolator/target/kani-verify/kani/x86_64-unknown-linux-gnu/debug/deps/proofs_v16-72e5bcd5232cf466__RNvCs35DYgTG8RvC_10proofs_v1677proof_v16_residual_reward_credit_is_capped_by_principal_and_crystallized_loss.out
Generating GOTO Program
Adding CPROVER library (x86_64)
Removal of function pointers and virtual functions
Generic Property Instrumentation
Running with 16 object bits, 48 offset bits (user-specified)
Starting Bounded Model Checking
aborting path on assume(false) at file /home/runner/.rustup/toolchains/nightly-2025-11-05-x86_64-unknown-linux-gnu/lib/rustlib/src/rust/library/core/src/option.rs line 1337 column 15 function std::option::Option::<u128>::ok_or::<percolator::V16Error> thread 0
aborting path on assume(false) at file /home/runner/.rustup/toolchains/nightly-2025-11-05-x86_64-unknown-linux-gnu/lib/rustlib/src/rust/library/core/src/result.rs line 2168 column 15 function <std::result::Result<u128, percolator::V16Error> as std::ops::Try>::branch thread 0
aborting path on assume(false) at file /home/runner/.rustup/toolchains/nightly-2025-11-05-x86_64-unknown-linux-gnu/lib/rustlib/src/rust/library/core/src/option.rs line 1337 column 15 function std::option::Option::<u128>::ok_or::<percolator::V16Error> thread 0
aborting path on assume(false) at file /home/runner/.rustup/toolchains/nightly-2025-11-05-x86_64-unknown-linux-gnu/lib/rustlib/src/rust/library/core/src/result.rs line 2168 column 15 function <std::result::Result<u128, percolator::V16Error> as std::ops::Try>::branch thread 0
aborting path on assume(false) at file /home/runner/.rustup/toolchains/nightly-2025-11-05-x86_64-unknown-linux-gnu/lib/rustlib/src/rust/library/core/src/option.rs line 1337 column 15 function std::option::Option::<u128>::ok_or::<percolator::V16Error> thread 0
aborting path on assume(false) at file /home/runner/.rustup/toolchains/nightly-2025-11-05-x86_64-unknown-linux-gnu/lib/rustlib/src/rust/library/core/src/result.rs line 2168 column 15 function <std::result::Result<u128, percolator::V16Error> as std::ops::Try>::branch thread 0
aborting path on assume(false) at file tests/proofs_v16.rs line 0 column 0 function percolator::MarketGroupV16ViewMut::<'_, u64>::transfer_account_residual_reward_credit thread 0
aborting path on assume(false) at file /home/runner/.rustup/toolchains/nightly-2025-11-05-x86_64-unknown-linux-gnu/lib/rustlib/src/rust/library/core/src/result.rs line 1231 column 15 function std::result::Result::<u128, percolator::V16Error>::unwrap thread 0
aborting path on assume(false) at file /home/runner/.rustup/toolchains/nightly-2025-11-05-x86_64-unknown-linux-gnu/lib/rustlib/src/rust/library/core/src/result.rs line 1862 column 5 function std::result::unwrap_failed thread 0
aborting path on assume(false) at file /home/runner/.rustup/toolchains/nightly-2025-11-05-x86_64-unknown-linux-gnu/lib/rustlib/src/rust/library/core/src/result.rs line 1233 column 23 function std::result::Result::<u128, percolator::V16Error>::unwrap thread 0
Runtime Symex: 5.55615s
size of program expression: 218666 steps
slicing removed 185497 assignments
Generated 162 VCC(s), 34 remaining after simplification
Runtime Postprocess Equation: 0.249959s
Passing problem to propositional reduction
converting SSA
Runtime Convert SSA: 0.389546s
Running propositional reduction
Post-processing
Runtime Post-process: 6.4e-06s
Solving with CaDiCaL 2.0.0
83105 variables, 104220 clauses
SAT checker: instance is SATISFIABLE
Runtime Solver: 0.0060287s
Runtime decision procedure: 0.404071s
Running propositional reduction
Solving with CaDiCaL 2.0.0
83106 variables, 104221 clauses
SAT checker: instance is SATISFIABLE
Runtime Solver: 0.10863s
Runtime decision procedure: 0.108926s
Running propositional reduction
Solving with CaDiCaL 2.0.0
83107 variables, 104222 clauses
SAT checker: instance is UNSATISFIABLE
Runtime Solver: 0.00726397s
Runtime decision procedure: 0.00737145s

RESULTS:
Check 1: std::panic::Location::<'_>::caller.unsupported_construct.1
	 - Status: SUCCESS
	 - Description: "caller_location is not currently supported by Kani. Please post your example at https://github.com/model-checking/kani/issues/374"
	 - Location: ../../runner/.rustup/toolchains/nightly-2025-11-05-x86_64-unknown-linux-gnu/lib/rustlib/src/rust/library/core/src/panic/location.rs:147:9 in function std::panic::Location::<'_>::caller

Check 2: std::result::unwrap_failed.assertion.1
	 - Status: SUCCESS
	 - Description: "This is a placeholder message; Kani doesn't support message formatted at runtime"
	 - Location: ../../runner/.rustup/toolchains/nightly-2025-11-05-x86_64-unknown-linux-gnu/lib/rustlib/src/rust/library/core/src/result.rs:1862:5 in function std::result::unwrap_failed

Check 3: proof_v16_residual_reward_credit_is_capped_by_principal_and_crystallized_loss.assertion.1
	 - Status: SUCCESS
	 - Description: "attempt to subtract with overflow"
	 - Location: tests/proofs_v16.rs:11079:21 in function proof_v16_residual_reward_credit_is_capped_by_principal_and_crystallized_loss

Check 4: proof_v16_residual_reward_credit_is_capped_by_principal_and_crystallized_loss.cover.1
	 - Status: SATISFIED
	 - Description: "residual reward proof covers crystallized-loss cap"
	 - Location: tests/proofs_v16.rs:11081:5 in function proof_v16_residual_reward_credit_is_capped_by_principal_and_crystallized_loss

Check 5: proof_v16_residual_reward_credit_is_capped_by_principal_and_crystallized_loss.cover.2
	 - Status: SATISFIED
	 - Description: "residual reward proof covers principal cap"
	 - Location: tests/proofs_v16.rs:11085:5 in function proof_v16_residual_reward_credit_is_capped_by_principal_and_crystallized_loss

Check 6: proof_v16_residual_reward_credit_is_capped_by_principal_and_crystallized_loss.assertion.2
	 - Status: SUCCESS
	 - Description: "assertion failed: credit == principal.min(available)"
	 - Location: tests/proofs_v16.rs:11089:5 in function proof_v16_residual_reward_credit_is_capped_by_principal_and_crystallized_loss

Check 7: proof_v16_residual_reward_credit_is_capped_by_principal_and_crystallized_loss.assertion.3
	 - Status: SUCCESS
	 - Description: "assertion failed: credit <= principal"
	 - Location: tests/proofs_v16.rs:11090:5 in function proof_v16_residual_reward_credit_is_capped_by_principal_and_crystallized_loss

Check 8: proof_v16_residual_reward_credit_is_capped_by_principal_and_crystallized_loss.assertion.4
	 - Status: SUCCESS
	 - Description: "assertion failed: credit <= available"
	 - Location: tests/proofs_v16.rs:11091:5 in function proof_v16_residual_reward_credit_is_capped_by_principal_and_crystallized_loss

Check 9: proof_v16_residual_reward_credit_is_capped_by_principal_and_crystallized_loss.assertion.5
	 - Status: SUCCESS
	 - Description: "attempt to add with overflow"
	 - Location: tests/proofs_v16.rs:11094:9 in function proof_v16_residual_reward_credit_is_capped_by_principal_and_crystallized_loss

Check 10: proof_v16_residual_reward_credit_is_capped_by_principal_and_crystallized_loss.assertion.6
	 - Status: SUCCESS
	 - Description: "assertion failed: trader.header.residual_spent_principal_atoms_total.get() == spent + credit"
	 - Location: tests/proofs_v16.rs:11092:5 in function proof_v16_residual_reward_credit_is_capped_by_principal_and_crystallized_loss

Check 11: proof_v16_residual_reward_credit_is_capped_by_principal_and_crystallized_loss.assertion.7
	 - Status: SUCCESS
	 - Description: "assertion failed: trader.header.residual_spent_principal_atoms_total.get() <=
trader.header.residual_crystallized_loss_atoms_total.get()"
	 - Location: tests/proofs_v16.rs:11096:5 in function proof_v16_residual_reward_credit_is_capped_by_principal_and_crystallized_loss

Check 12: proof_v16_residual_reward_credit_is_capped_by_principal_and_crystallized_loss.assertion.8
	 - Status: SUCCESS
	 - Description: "attempt to add with overflow"
	 - Location: tests/proofs_v16.rs:11102:9 in function proof_v16_residual_reward_credit_is_capped_by_principal_and_crystallized_loss

Check 13: proof_v16_residual_reward_credit_is_capped_by_principal_and_crystallized_loss.assertion.9
	 - Status: SUCCESS
	 - Description: "assertion failed: lp.header.residual_received_atoms_total.get() == received_before + credit"
	 - Location: tests/proofs_v16.rs:11100:5 in function proof_v16_residual_reward_credit_is_capped_by_principal_and_crystallized_loss

Check 14: percolator::MarketGroupV16ViewMut::<'_, u64>::transfer_account_residual_reward_credit.unreachable.1
	 - Status: SUCCESS
	 - Description: "unreachable code"
	 - Location: tests/proofs_v16.rs:0:0 in function percolator::MarketGroupV16ViewMut::<'_, u64>::transfer_account_residual_reward_credit

Check 15: std::option::Option::<u128>::ok_or::<percolator::V16Error>.unreachable.1
	 - Status: SUCCESS
	 - Description: "unreachable code"
	 - Location: ../../runner/.rustup/toolchains/nightly-2025-11-05-x86_64-unknown-linux-gnu/lib/rustlib/src/rust/library/core/src/option.rs:1337:15 in function std::option::Option::<u128>::ok_or::<percolator::V16Error>

Check 16: core::panicking::panic_nounwind_fmt::runtime.unsupported_construct.1
	 - Status: SUCCESS
	 - Description: "call to foreign "Rust" function `_RNvCsfNd5Qxpi3D5_7___rustc17rust_begin_unwind` is not currently supported by Kani. Please post your example at https://github.com/model-checking/kani/issues/new/choose"
	 - Location: ../../runner/.rustup/toolchains/nightly-2025-11-05-x86_64-unknown-linux-gnu/lib/rustlib/src/rust/library/core/src/panicking.rs:110:17 in function core::panicking::panic_nounwind_fmt::runtime

Check 17: std::ptr::const_ptr::<impl *const ()>::is_aligned_to.assertion.1
	 - Status: UNREACHABLE
	 - Description: "attempt to subtract with overflow"
	 - Location: ../../runner/.rustup/toolchains/nightly-2025-11-05-x86_64-unknown-linux-gnu/lib/rustlib/src/rust/library/core/src/ptr/const_ptr.rs:1377:23 in function std::ptr::const_ptr::<impl *const ()>::is_aligned_to

Check 18: std::ptr::const_ptr::<impl *const ()>::is_aligned_to.assertion.2
	 - Status: SUCCESS
	 - Description: "This is a placeholder message; Kani doesn't support message formatted at runtime"
	 - Location: ../../runner/.rustup/toolchains/nightly-2025-11-05-x86_64-unknown-linux-gnu/lib/rustlib/src/rust/library/core/src/ptr/const_ptr.rs:1374:13 in function std::ptr::const_ptr::<impl *const ()>::is_aligned_to

Check 19: std::result::Result::<u128, percolator::V16Error>::unwrap.unreachable.1
	 - Status: SUCCESS
	 - Description: "unreachable code"
	 - Location: ../../runner/.rustup/toolchains/nightly-2025-11-05-x86_64-unknown-linux-gnu/lib/rustlib/src/rust/library/core/src/result.rs:1231:15 in function std::result::Result::<u128, percolator::V16Error>::unwrap

Check 20: std::ptr::write_bytes::<percolator::PortfolioAccountV16Account>.safety_check.1
	 - Status: SUCCESS
	 - Description: "`dst` must be properly aligned"
	 - Location: ../../runner/.rustup/toolchains/nightly-2025-11-05-x86_64-unknown-linux-gnu/lib/rustlib/src/rust/library/core/src/ptr/mod.rs:709:9 in function std::ptr::write_bytes::<percolator::PortfolioAccountV16Account>

Check 21: std::ptr::write_bytes::<percolator::PortfolioAccountV16Account>.arithmetic_overflow.1
	 - Status: SUCCESS
	 - Description: "write_bytes: attempt to compute number in bytes which would overflow"
	 - Location: ../../runner/.rustup/toolchains/nightly-2025-11-05-x86_64-unknown-linux-gnu/lib/rustlib/src/rust/library/core/src/ptr/mod.rs:709:9 in function std::ptr::write_bytes::<percolator::PortfolioAccountV16Account>

Check 22: core::num::<impl u128>::checked_sub.arithmetic_overflow.1
	 - Status: SUCCESS
	 - Description: "attempt to compute `unchecked_sub` which would overflow"
	 - Location: ../../runner/.rustup/toolchains/nightly-2025-11-05-x86_64-unknown-linux-gnu/lib/rustlib/src/rust/library/core/src/num/uint_macros.rs:800:31 in function core::num::<impl u128>::checked_sub

Check 23: core::num::<impl u128>::checked_add.arithmetic_overflow.1
	 - Status: SUCCESS
	 - Description: "attempt to compute `unchecked_add` which would overflow"
	 - Location: ../../runner/.rustup/toolchains/nightly-2025-11-05-x86_64-unknown-linux-gnu/lib/rustlib/src/rust/library/core/src/num/uint_macros.rs:646:31 in function core::num::<impl u128>::checked_add

Check 24: <std::result::Result<u128, percolator::V16Error> as std::ops::Try>::branch.unreachable.1
	 - Status: SUCCESS
	 - Description: "unreachable code"
	 - Location: ../../runner/.rustup/toolchains/nightly-2025-11-05-x86_64-unknown-linux-gnu/lib/rustlib/src/rust/library/core/src/result.rs:2168:15 in function <std::result::Result<u128, percolator::V16Error> as std::ops::Try>::branch

Check 25: core::fmt::rt::<impl std::fmt::Arguments<'_>>::new_const::<1>.pointer_dereference.1
	 - Status: SUCCESS
	 - Description: "dereference failure: dead object"
	 - Location: ../../runner/.rustup/toolchains/nightly-2025-11-05-x86_64-unknown-linux-gnu/lib/rustlib/src/rust/library/core/src/fmt/rt.rs:196:34 in function core::fmt::rt::<impl std::fmt::Arguments<'_>>::new_const::<1>

Check 26: std::ptr::write_bytes::<percolator::PortfolioAccountV16Account>.precondition_instance.1
	 - Status: SUCCESS
	 - Description: "memset destination region writeable"
	 - Location: ../../runner/.rustup/toolchains/nightly-2025-11-05-x86_64-unknown-linux-gnu/lib/rustlib/src/rust/library/core/src/ptr/mod.rs:709:9 in function std::ptr::write_bytes::<percolator::PortfolioAccountV16Account>

Check 27: percolator::MarketGroupV16ViewMut::<'_, u64>::transfer_account_residual_reward_credit.pointer_dereference.1
	 - Status: SUCCESS
	 - Description: "dereference failure: pointer NULL"
	 - Location: src/v16.rs:8642:28 in function percolator::MarketGroupV16ViewMut::<'_, u64>::transfer_account_residual_reward_credit

Check 28: percolator::MarketGroupV16ViewMut::<'_, u64>::transfer_account_residual_reward_credit.pointer_dereference.2
	 - Status: SUCCESS
	 - Description: "dereference failure: pointer invalid"
	 - Location: src/v16.rs:8642:28 in function percolator::MarketGroupV16ViewMut::<'_, u64>::transfer_account_residual_reward_credit

Check 29: percolator::MarketGroupV16ViewMut::<'_, u64>::transfer_account_residual_reward_credit.pointer_dereference.3
	 - Status: SUCCESS
	 - Description: "dereference failure: deallocated dynamic object"
	 - Location: src/v16.rs:8642:28 in function percolator::MarketGroupV16ViewMut::<'_, u64>::transfer_account_residual_reward_credit

Check 30: percolator::MarketGroupV16ViewMut::<'_, u64>::transfer_account_residual_reward_credit.pointer_dereference.4
	 - Status: SUCCESS
	 - Description: "dereference failure: dead object"
	 - Location: src/v16.rs:8642:28 in function percolator::MarketGroupV16ViewMut::<'_, u64>::transfer_account_residual_reward_credit

Check 31: percolator::MarketGroupV16ViewMut::<'_, u64>::transfer_account_residual_reward_credit.pointer_dereference.5
	 - Status: SUCCESS
	 - Description: "dereference failure: pointer outside object bounds"
	 - Location: src/v16.rs:8642:28 in function percolator::MarketGroupV16ViewMut::<'_, u64>::transfer_account_residual_reward_credit

Check 32: percolator::MarketGroupV16ViewMut::<'_, u64>::transfer_account_residual_reward_credit.pointer_dereference.6
	 - Status: SUCCESS
	 - Description: "dereference failure: invalid integer address"
	 - Location: src/v16.rs:8642:28 in function percolator::MarketGroupV16ViewMut::<'_, u64>::transfer_account_residual_reward_credit

Check 33: percolator::MarketGroupV16ViewMut::<'_, u64>::transfer_account_residual_reward_credit.pointer_dereference.7
	 - Status: SUCCESS
	 - Description: "dereference failure: pointer NULL"
	 - Location: src/v16.rs:8642:28 in function percolator::MarketGroupV16ViewMut::<'_, u64>::transfer_account_residual_reward_credit

Check 34: percolator::MarketGroupV16ViewMut::<'_, u64>::transfer_account_residual_reward_credit.pointer_dereference.8
	 - Status: SUCCESS
	 - Description: "dereference failure: pointer invalid"
	 - Location: src/v16.rs:8642:28 in function percolator::MarketGroupV16ViewMut::<'_, u64>::transfer_account_residual_reward_credit

Check 35: percolator::MarketGroupV16ViewMut::<'_, u64>::transfer_account_residual_reward_credit.pointer_dereference.9
	 - Status: SUCCESS
	 - Description: "dereference failure: deallocated dynamic object"
	 - Location: src/v16.rs:8642:28 in function percolator::MarketGroupV16ViewMut::<'_, u64>::transfer_account_residual_reward_credit

Check 36: percolator::MarketGroupV16ViewMut::<'_, u64>::transfer_account_residual_reward_credit.pointer_dereference.10
	 - Status: SUCCESS
	 - Description: "dereference failure: dead object"
	 - Location: src/v16.rs:8642:28 in function percolator::MarketGroupV16ViewMut::<'_, u64>::transfer_account_residual_reward_credit

Check 37: percolator::MarketGroupV16ViewMut::<'_, u64>::transfer_account_residual_reward_credit.pointer_dereference.11
	 - Status: SUCCESS
	 - Description: "dereference failure: pointer outside object bounds"
	 - Location: src/v16.rs:8642:28 in function percolator::MarketGroupV16ViewMut::<'_, u64>::transfer_account_residual_reward_credit

Check 38: percolator::MarketGroupV16ViewMut::<'_, u64>::transfer_account_residual_reward_credit.pointer_dereference.12
	 - Status: SUCCESS
	 - Description: "dereference failure: invalid integer address"
	 - Location: src/v16.rs:8642:28 in function percolator::MarketGroupV16ViewMut::<'_, u64>::transfer_account_residual_reward_credit

Check 39: percolator::MarketGroupV16ViewMut::<'_, u64>::transfer_account_residual_reward_credit.pointer_dereference.13
	 - Status: SUCCESS
	 - Description: "dereference failure: pointer NULL"
	 - Location: src/v16.rs:8643:21 in function percolator::MarketGroupV16ViewMut::<'_, u64>::transfer_account_residual_reward_credit

Check 40: percolator::MarketGroupV16ViewMut::<'_, u64>::transfer_account_residual_reward_credit.pointer_dereference.14
	 - Status: SUCCESS
	 - Description: "dereference failure: pointer invalid"
	 - Location: src/v16.rs:8643:21 in function percolator::MarketGroupV16ViewMut::<'_, u64>::transfer_account_residual_reward_credit

Check 41: percolator::MarketGroupV16ViewMut::<'_, u64>::transfer_account_residual_reward_credit.pointer_dereference.15
	 - Status: SUCCESS
	 - Description: "dereference failure: deallocated dynamic object"
	 - Location: src/v16.rs:8643:21 in function percolator::MarketGroupV16ViewMut::<'_, u64>::transfer_account_residual_reward_credit

Check 42: percolator::MarketGroupV16ViewMut::<'_, u64>::transfer_account_residual_reward_credit.pointer_dereference.16
	 - Status: SUCCESS
	 - Description: "dereference failure: dead object"
	 - Location: src/v16.rs:8643:21 in function percolator::MarketGroupV16ViewMut::<'_, u64>::transfer_account_residual_reward_credit

Check 43: percolator::MarketGroupV16ViewMut::<'_, u64>::transfer_account_residual_reward_credit.pointer_dereference.17
	 - Status: SUCCESS
	 - Description: "dereference failure: pointer outside object bounds"
	 - Location: src/v16.rs:8643:21 in function percolator::MarketGroupV16ViewMut::<'_, u64>::transfer_account_residual_reward_credit

Check 44: percolator::MarketGroupV16ViewMut::<'_, u64>::transfer_account_residual_reward_credit.pointer_dereference.18
	 - Status: SUCCESS
	 - Description: "dereference failure: invalid integer address"
	 - Location: src/v16.rs:8643:21 in function percolator::MarketGroupV16ViewMut::<'_, u64>::transfer_account_residual_reward_credit

Check 45: percolator::MarketGroupV16ViewMut::<'_, u64>::transfer_account_residual_reward_credit.pointer_dereference.19
	 - Status: SUCCESS
	 - Description: "dereference failure: pointer NULL"
	 - Location: src/v16.rs:8643:21 in function percolator::MarketGroupV16ViewMut::<'_, u64>::transfer_account_residual_reward_credit

Check 46: percolator::MarketGroupV16ViewMut::<'_, u64>::transfer_account_residual_reward_credit.pointer_dereference.20
	 - Status: SUCCESS
	 - Description: "dereference failure: pointer invalid"
	 - Location: src/v16.rs:8643:21 in function percolator::MarketGroupV16ViewMut::<'_, u64>::transfer_account_residual_reward_credit

Check 47: percolator::MarketGroupV16ViewMut::<'_, u64>::transfer_account_residual_reward_credit.pointer_dereference.21
	 - Status: SUCCESS
	 - Description: "dereference failure: deallocated dynamic object"
	 - Location: src/v16.rs:8643:21 in function percolator::MarketGroupV16ViewMut::<'_, u64>::transfer_account_residual_reward_credit

Check 48: percolator::MarketGroupV16ViewMut::<'_, u64>::transfer_account_residual_reward_credit.pointer_dereference.22
	 - Status: SUCCESS
	 - Description: "dereference failure: dead object"
	 - Location: src/v16.rs:8643:21 in function percolator::MarketGroupV16ViewMut::<'_, u64>::transfer_account_residual_reward_credit

Check 49: percolator::MarketGroupV16ViewMut::<'_, u64>::transfer_account_residual_reward_credit.pointer_dereference.23
	 - Status: SUCCESS
	 - Description: "dereference failure: pointer outside object bounds"
	 - Location: src/v16.rs:8643:21 in function percolator::MarketGroupV16ViewMut::<'_, u64>::transfer_account_residual_reward_credit

Check 50: percolator::MarketGroupV16ViewMut::<'_, u64>::transfer_account_residual_reward_credit.pointer_dereference.24
	 - Status: SUCCESS
	 - Description: "dereference failure: invalid integer address"
	 - Location: src/v16.rs:8643:21 in function percolator::MarketGroupV16ViewMut::<'_, u64>::transfer_account_residual_reward_credit

Check 51: percolator::MarketGroupV16ViewMut::<'_, u64>::transfer_account_residual_reward_credit.pointer_dereference.25
	 - Status: SUCCESS
	 - Description: "dereference failure: pointer NULL"
	 - Location: src/v16.rs:8651:9 in function percolator::MarketGroupV16ViewMut::<'_, u64>::transfer_account_residual_reward_credit

Check 52: percolator::MarketGroupV16ViewMut::<'_, u64>::transfer_account_residual_reward_credit.pointer_dereference.26
	 - Status: SUCCESS
	 - Description: "dereference failure: pointer invalid"
	 - Location: src/v16.rs:8651:9 in function percolator::MarketGroupV16ViewMut::<'_, u64>::transfer_account_residual_reward_credit

Check 53: percolator::MarketGroupV16ViewMut::<'_, u64>::transfer_account_residual_reward_credit.pointer_dereference.27
	 - Status: SUCCESS
	 - Description: "dereference failure: deallocated dynamic object"
	 - Location: src/v16.rs:8651:9 in function percolator::MarketGroupV16ViewMut::<'_, u64>::transfer_account_residual_reward_credit

Check 54: percolator::MarketGroupV16ViewMut::<'_, u64>::transfer_account_residual_reward_credit.pointer_dereference.28
	 - Status: SUCCESS
	 - Description: "dereference failure: dead object"
	 - Location: src/v16.rs:8651:9 in function percolator::MarketGroupV16ViewMut::<'_, u64>::transfer_account_residual_reward_credit

Check 55: percolator::MarketGroupV16ViewMut::<'_, u64>::transfer_account_residual_reward_credit.pointer_dereference.29
	 - Status: SUCCESS
	 - Description: "dereference failure: pointer outside object bounds"
	 - Location: src/v16.rs:8651:9 in function percolator::MarketGroupV16ViewMut::<'_, u64>::transfer_account_residual_reward_credit

Check 56: percolator::MarketGroupV16ViewMut::<'_, u64>::transfer_account_residual_reward_credit.pointer_dereference.30
	 - Status: SUCCESS
	 - Description: "dereference failure: invalid integer address"
	 - Location: src/v16.rs:8651:9 in function percolator::MarketGroupV16ViewMut::<'_, u64>::transfer_account_residual_reward_credit

Check 57: percolator::MarketGroupV16ViewMut::<'_, u64>::transfer_account_residual_reward_credit.pointer_dereference.31
	 - Status: SUCCESS
	 - Description: "dereference failure: pointer NULL"
	 - Location: src/v16.rs:8651:9 in function percolator::MarketGroupV16ViewMut::<'_, u64>::transfer_account_residual_reward_credit

Check 58: percolator::MarketGroupV16ViewMut::<'_, u64>::transfer_account_residual_reward_credit.pointer_dereference.32
	 - Status: SUCCESS
	 - Description: "dereference failure: pointer invalid"
	 - Location: src/v16.rs:8651:9 in function percolator::MarketGroupV16ViewMut::<'_, u64>::transfer_account_residual_reward_credit

Check 59: percolator::MarketGroupV16ViewMut::<'_, u64>::transfer_account_residual_reward_credit.pointer_dereference.33
	 - Status: SUCCESS
	 - Description: "dereference failure: deallocated dynamic object"
	 - Location: src/v16.rs:8651:9 in function percolator::MarketGroupV16ViewMut::<'_, u64>::transfer_account_residual_reward_credit

Check 60: percolator::MarketGroupV16ViewMut::<'_, u64>::transfer_account_residual_reward_credit.pointer_dereference.34
	 - Status: SUCCESS
	 - Description: "dereference failure: dead object"
	 - Location: src/v16.rs:8651:9 in function percolator::MarketGroupV16ViewMut::<'_, u64>::transfer_account_residual_reward_credit

Check 61: percolator::MarketGroupV16ViewMut::<'_, u64>::transfer_account_residual_reward_credit.pointer_dereference.35
	 - Status: SUCCESS
	 - Description: "dereference failure: pointer outside object bounds"
	 - Location: src/v16.rs:8651:9 in function percolator::MarketGroupV16ViewMut::<'_, u64>::transfer_account_residual_reward_credit

Check 62: percolator::MarketGroupV16ViewMut::<'_, u64>::transfer_account_residual_reward_credit.pointer_dereference.36
	 - Status: SUCCESS
	 - Description: "dereference failure: invalid integer address"
	 - Location: src/v16.rs:8651:9 in function percolator::MarketGroupV16ViewMut::<'_, u64>::transfer_account_residual_reward_credit

Check 63: percolator::MarketGroupV16ViewMut::<'_, u64>::transfer_account_residual_reward_credit.pointer_dereference.37
	 - Status: SUCCESS
	 - Description: "dereference failure: pointer NULL"
	 - Location: src/v16.rs:8654:13 in function percolator::MarketGroupV16ViewMut::<'_, u64>::transfer_account_residual_reward_credit

Check 64: percolator::MarketGroupV16ViewMut::<'_, u64>::transfer_account_residual_reward_credit.pointer_dereference.38
	 - Status: SUCCESS
	 - Description: "dereference failure: pointer invalid"
	 - Location: src/v16.rs:8654:13 in function percolator::MarketGroupV16ViewMut::<'_, u64>::transfer_account_residual_reward_credit

Check 65: percolator::MarketGroupV16ViewMut::<'_, u64>::transfer_account_residual_reward_credit.pointer_dereference.39
	 - Status: SUCCESS
	 - Description: "dereference failure: deallocated dynamic object"
	 - Location: src/v16.rs:8654:13 in function percolator::MarketGroupV16ViewMut::<'_, u64>::transfer_account_residual_reward_credit

Check 66: percolator::MarketGroupV16ViewMut::<'_, u64>::transfer_account_residual_reward_credit.pointer_dereference.40
	 - Status: SUCCESS
	 - Description: "dereference failure: dead object"
	 - Location: src/v16.rs:8654:13 in function percolator::MarketGroupV16ViewMut::<'_, u64>::transfer_account_residual_reward_credit

Check 67: percolator::MarketGroupV16ViewMut::<'_, u64>::transfer_account_residual_reward_credit.pointer_dereference.41
	 - Status: SUCCESS
	 - Description: "dereference failure: pointer outside object bounds"
	 - Location: src/v16.rs:8654:13 in function percolator::MarketGroupV16ViewMut::<'_, u64>::transfer_account_residual_reward_credit

Check 68: percolator::MarketGroupV16ViewMut::<'_, u64>::transfer_account_residual_reward_credit.pointer_dereference.42
	 - Status: SUCCESS
	 - Description: "dereference failure: invalid integer address"
	 - Location: src/v16.rs:8654:13 in function percolator::MarketGroupV16ViewMut::<'_, u64>::transfer_account_residual_reward_credit

Check 69: percolator::MarketGroupV16ViewMut::<'_, u64>::transfer_account_residual_reward_credit.pointer_dereference.43
	 - Status: SUCCESS
	 - Description: "dereference failure: pointer NULL"
	 - Location: src/v16.rs:8654:13 in function percolator::MarketGroupV16ViewMut::<'_, u64>::transfer_account_residual_reward_credit

Check 70: percolator::MarketGroupV16ViewMut::<'_, u64>::transfer_account_residual_reward_credit.pointer_dereference.44
	 - Status: SUCCESS
	 - Description: "dereference failure: pointer invalid"
	 - Location: src/v16.rs:8654:13 in function percolator::MarketGroupV16ViewMut::<'_, u64>::transfer_account_residual_reward_credit

Check 71: percolator::MarketGroupV16ViewMut::<'_, u64>::transfer_account_residual_reward_credit.pointer_dereference.45
	 - Status: SUCCESS
	 - Description: "dereference failure: deallocated dynamic object"
	 - Location: src/v16.rs:8654:13 in function percolator::MarketGroupV16ViewMut::<'_, u64>::transfer_account_residual_reward_credit

Check 72: percolator::MarketGroupV16ViewMut::<'_, u64>::transfer_account_residual_reward_credit.pointer_dereference.46
	 - Status: SUCCESS
	 - Description: "dereference failure: dead object"
	 - Location: src/v16.rs:8654:13 in function percolator::MarketGroupV16ViewMut::<'_, u64>::transfer_account_residual_reward_credit

Check 73: percolator::MarketGroupV16ViewMut::<'_, u64>::transfer_account_residual_reward_credit.pointer_dereference.47
	 - Status: SUCCESS
	 - Description: "dereference failure: pointer outside object bounds"
	 - Location: src/v16.rs:8654:13 in function percolator::MarketGroupV16ViewMut::<'_, u64>::transfer_account_residual_reward_credit

Check 74: percolator::MarketGroupV16ViewMut::<'_, u64>::transfer_account_residual_reward_credit.pointer_dereference.48
	 - Status: SUCCESS
	 - Description: "dereference failure: invalid integer address"
	 - Location: src/v16.rs:8654:13 in function percolator::MarketGroupV16ViewMut::<'_, u64>::transfer_account_residual_reward_credit

Check 75: percolator::MarketGroupV16ViewMut::<'_, u64>::transfer_account_residual_reward_credit.pointer_dereference.49
	 - Status: SUCCESS
	 - Description: "dereference failure: pointer NULL"
	 - Location: src/v16.rs:8653:9 in function percolator::MarketGroupV16ViewMut::<'_, u64>::transfer_account_residual_reward_credit

Check 76: percolator::MarketGroupV16ViewMut::<'_, u64>::transfer_account_residual_reward_credit.pointer_dereference.50
	 - Status: SUCCESS
	 - Description: "dereference failure: pointer invalid"
	 - Location: src/v16.rs:8653:9 in function percolator::MarketGroupV16ViewMut::<'_, u64>::transfer_account_residual_reward_credit

Check 77: percolator::MarketGroupV16ViewMut::<'_, u64>::transfer_account_residual_reward_credit.pointer_dereference.51
	 - Status: SUCCESS
	 - Description: "dereference failure: deallocated dynamic object"
	 - Location: src/v16.rs:8653:9 in function percolator::MarketGroupV16ViewMut::<'_, u64>::transfer_account_residual_reward_credit

Check 78: percolator::MarketGroupV16ViewMut::<'_, u64>::transfer_account_residual_reward_credit.pointer_dereference.52
	 - Status: SUCCESS
	 - Description: "dereference failure: dead object"
	 - Location: src/v16.rs:8653:9 in function percolator::MarketGroupV16ViewMut::<'_, u64>::transfer_account_residual_reward_credit

Check 79: percolator::MarketGroupV16ViewMut::<'_, u64>::transfer_account_residual_reward_credit.pointer_dereference.53
	 - Status: SUCCESS
	 - Description: "dereference failure: pointer outside object bounds"
	 - Location: src/v16.rs:8653:9 in function percolator::MarketGroupV16ViewMut::<'_, u64>::transfer_account_residual_reward_credit

Check 80: percolator::MarketGroupV16ViewMut::<'_, u64>::transfer_account_residual_reward_credit.pointer_dereference.54
	 - Status: SUCCESS
	 - Description: "dereference failure: invalid integer address"
	 - Location: src/v16.rs:8653:9 in function percolator::MarketGroupV16ViewMut::<'_, u64>::transfer_account_residual_reward_credit

Check 81: percolator::MarketGroupV16ViewMut::<'_, u64>::transfer_account_residual_reward_credit.pointer_dereference.55
	 - Status: SUCCESS
	 - Description: "dereference failure: pointer NULL"
	 - Location: src/v16.rs:8653:9 in function percolator::MarketGroupV16ViewMut::<'_, u64>::transfer_account_residual_reward_credit

Check 82: percolator::MarketGroupV16ViewMut::<'_, u64>::transfer_account_residual_reward_credit.pointer_dereference.56
	 - Status: SUCCESS
	 - Description: "dereference failure: pointer invalid"
	 - Location: src/v16.rs:8653:9 in function percolator::MarketGroupV16ViewMut::<'_, u64>::transfer_account_residual_reward_credit

Check 83: percolator::MarketGroupV16ViewMut::<'_, u64>::transfer_account_residual_reward_credit.pointer_dereference.57
	 - Status: SUCCESS
	 - Description: "dereference failure: deallocated dynamic object"
	 - Location: src/v16.rs:8653:9 in function percolator::MarketGroupV16ViewMut::<'_, u64>::transfer_account_residual_reward_credit

Check 84: percolator::MarketGroupV16ViewMut::<'_, u64>::transfer_account_residual_reward_credit.pointer_dereference.58
	 - Status: SUCCESS
	 - Description: "dereference failure: dead object"
	 - Location: src/v16.rs:8653:9 in function percolator::MarketGroupV16ViewMut::<'_, u64>::transfer_account_residual_reward_credit

Check 85: percolator::MarketGroupV16ViewMut::<'_, u64>::transfer_account_residual_reward_credit.pointer_dereference.59
	 - Status: SUCCESS
	 - Description: "dereference failure: pointer outside object bounds"
	 - Location: src/v16.rs:8653:9 in function percolator::MarketGroupV16ViewMut::<'_, u64>::transfer_account_residual_reward_credit

Check 86: percolator::MarketGroupV16ViewMut::<'_, u64>::transfer_account_residual_reward_credit.pointer_dereference.60
	 - Status: SUCCESS
	 - Description: "dereference failure: invalid integer address"
	 - Location: src/v16.rs:8653:9 in function percolator::MarketGroupV16ViewMut::<'_, u64>::transfer_account_residual_reward_credit

Check 87: std::ptr::read::<percolator::PortfolioAccountV16Account>.pointer_dereference.1
	 - Status: SUCCESS
	 - Description: "dereference failure: pointer NULL"
	 - Location: ../../runner/.rustup/toolchains/nightly-2025-11-05-x86_64-unknown-linux-gnu/lib/rustlib/src/rust/library/core/src/ptr/mod.rs:1744:9 in function std::ptr::read::<percolator::PortfolioAccountV16Account>

Check 88: std::ptr::read::<percolator::PortfolioAccountV16Account>.pointer_dereference.2
	 - Status: SUCCESS
	 - Description: "dereference failure: pointer invalid"
	 - Location: ../../runner/.rustup/toolchains/nightly-2025-11-05-x86_64-unknown-linux-gnu/lib/rustlib/src/rust/library/core/src/ptr/mod.rs:1744:9 in function std::ptr::read::<percolator::PortfolioAccountV16Account>

Check 89: std::ptr::read::<percolator::PortfolioAccountV16Account>.pointer_dereference.3
	 - Status: SUCCESS
	 - Description: "dereference failure: deallocated dynamic object"
	 - Location: ../../runner/.rustup/toolchains/nightly-2025-11-05-x86_64-unknown-linux-gnu/lib/rustlib/src/rust/library/core/src/ptr/mod.rs:1744:9 in function std::ptr::read::<percolator::PortfolioAccountV16Account>

Check 90: std::ptr::read::<percolator::PortfolioAccountV16Account>.pointer_dereference.4
	 - Status: SUCCESS
	 - Description: "dereference failure: dead object"
	 - Location: ../../runner/.rustup/toolchains/nightly-2025-11-05-x86_64-unknown-linux-gnu/lib/rustlib/src/rust/library/core/src/ptr/mod.rs:1744:9 in function std::ptr::read::<percolator::PortfolioAccountV16Account>

Check 91: std::ptr::read::<percolator::PortfolioAccountV16Account>.pointer_dereference.5
	 - Status: SUCCESS
	 - Description: "dereference failure: pointer outside object bounds"
	 - Location: ../../runner/.rustup/toolchains/nightly-2025-11-05-x86_64-unknown-linux-gnu/lib/rustlib/src/rust/library/core/src/ptr/mod.rs:1744:9 in function std::ptr::read::<percolator::PortfolioAccountV16Account>

Check 92: std::ptr::read::<percolator::PortfolioAccountV16Account>.pointer_dereference.6
	 - Status: SUCCESS
	 - Description: "dereference failure: invalid integer address"
	 - Location: ../../runner/.rustup/toolchains/nightly-2025-11-05-x86_64-unknown-linux-gnu/lib/rustlib/src/rust/library/core/src/ptr/mod.rs:1744:9 in function std::ptr::read::<percolator::PortfolioAccountV16Account>

Check 93: proof_v16_residual_reward_credit_is_capped_by_principal_and_crystallized_loss.pointer_dereference.1
	 - Status: SUCCESS
	 - Description: "dereference failure: pointer NULL"
	 - Location: tests/proofs_v16.rs:11093:9 in function proof_v16_residual_reward_credit_is_capped_by_principal_and_crystallized_loss

Check 94: proof_v16_residual_reward_credit_is_capped_by_principal_and_crystallized_loss.pointer_dereference.2
	 - Status: SUCCESS
	 - Description: "dereference failure: pointer invalid"
	 - Location: tests/proofs_v16.rs:11093:9 in function proof_v16_residual_reward_credit_is_capped_by_principal_and_crystallized_loss

Check 95: proof_v16_residual_reward_credit_is_capped_by_principal_and_crystallized_loss.pointer_dereference.3
	 - Status: SUCCESS
	 - Description: "dereference failure: deallocated dynamic object"
	 - Location: tests/proofs_v16.rs:11093:9 in function proof_v16_residual_reward_credit_is_capped_by_principal_and_crystallized_loss

Check 96: proof_v16_residual_reward_credit_is_capped_by_principal_and_crystallized_loss.pointer_dereference.4
	 - Status: SUCCESS
	 - Description: "dereference failure: dead object"
	 - Location: tests/proofs_v16.rs:11093:9 in function proof_v16_residual_reward_credit_is_capped_by_principal_and_crystallized_loss

Check 97: proof_v16_residual_reward_credit_is_capped_by_principal_and_crystallized_loss.pointer_dereference.5
	 - Status: SUCCESS
	 - Description: "dereference failure: pointer outside object bounds"
	 - Location: tests/proofs_v16.rs:11093:9 in function proof_v16_residual_reward_credit_is_capped_by_principal_and_crystallized_loss

Check 98: proof_v16_residual_reward_credit_is_capped_by_principal_and_crystallized_loss.pointer_dereference.6
	 - Status: SUCCESS
	 - Description: "dereference failure: invalid integer address"
	 - Location: tests/proofs_v16.rs:11093:9 in function proof_v16_residual_reward_credit_is_capped_by_principal_and_crystallized_loss

Check 99: proof_v16_residual_reward_credit_is_capped_by_principal_and_crystallized_loss.pointer_dereference.7
	 - Status: SUCCESS
	 - Description: "dereference failure: pointer NULL"
	 - Location: tests/proofs_v16.rs:11097:9 in function proof_v16_residual_reward_credit_is_capped_by_principal_and_crystallized_loss

Check 100: proof_v16_residual_reward_credit_is_capped_by_principal_and_crystallized_loss.pointer_dereference.8
	 - Status: SUCCESS
	 - Description: "dereference failure: pointer invalid"
	 - Location: tests/proofs_v16.rs:11097:9 in function proof_v16_residual_reward_credit_is_capped_by_principal_and_crystallized_loss

Check 101: proof_v16_residual_reward_credit_is_capped_by_principal_and_crystallized_loss.pointer_dereference.9
	 - Status: SUCCESS
	 - Description: "dereference failure: deallocated dynamic object"
	 - Location: tests/proofs_v16.rs:11097:9 in function proof_v16_residual_reward_credit_is_capped_by_principal_and_crystallized_loss

Check 102: proof_v16_residual_reward_credit_is_capped_by_principal_and_crystallized_loss.pointer_dereference.10
	 - Status: SUCCESS
	 - Description: "dereference failure: dead object"
	 - Location: tests/proofs_v16.rs:11097:9 in function proof_v16_residual_reward_credit_is_capped_by_principal_and_crystallized_loss

Check 103: proof_v16_residual_reward_credit_is_capped_by_principal_and_crystallized_loss.pointer_dereference.11
	 - Status: SUCCESS
	 - Description: "dereference failure: pointer outside object bounds"
	 - Location: tests/proofs_v16.rs:11097:9 in function proof_v16_residual_reward_credit_is_capped_by_principal_and_crystallized_loss

Check 104: proof_v16_residual_reward_credit_is_capped_by_principal_and_crystallized_loss.pointer_dereference.12
	 - Status: SUCCESS
	 - Description: "dereference failure: invalid integer address"
	 - Location: tests/proofs_v16.rs:11097:9 in function proof_v16_residual_reward_credit_is_capped_by_principal_and_crystallized_loss

Check 105: proof_v16_residual_reward_credit_is_capped_by_principal_and_crystallized_loss.pointer_dereference.13
	 - Status: SUCCESS
	 - Description: "dereference failure: pointer NULL"
	 - Location: tests/proofs_v16.rs:11098:16 in function proof_v16_residual_reward_credit_is_capped_by_principal_and_crystallized_loss

Check 106: proof_v16_residual_reward_credit_is_capped_by_principal_and_crystallized_loss.pointer_dereference.14
	 - Status: SUCCESS
	 - Description: "dereference failure: pointer invalid"
	 - Location: tests/proofs_v16.rs:11098:16 in function proof_v16_residual_reward_credit_is_capped_by_principal_and_crystallized_loss

Check 107: proof_v16_residual_reward_credit_is_capped_by_principal_and_crystallized_loss.pointer_dereference.15
	 - Status: SUCCESS
	 - Description: "dereference failure: deallocated dynamic object"
	 - Location: tests/proofs_v16.rs:11098:16 in function proof_v16_residual_reward_credit_is_capped_by_principal_and_crystallized_loss

Check 108: proof_v16_residual_reward_credit_is_capped_by_principal_and_crystallized_loss.pointer_dereference.16
	 - Status: SUCCESS
	 - Description: "dereference failure: dead object"
	 - Location: tests/proofs_v16.rs:11098:16 in function proof_v16_residual_reward_credit_is_capped_by_principal_and_crystallized_loss

Check 109: proof_v16_residual_reward_credit_is_capped_by_principal_and_crystallized_loss.pointer_dereference.17
	 - Status: SUCCESS
	 - Description: "dereference failure: pointer outside object bounds"
	 - Location: tests/proofs_v16.rs:11098:16 in function proof_v16_residual_reward_credit_is_capped_by_principal_and_crystallized_loss

Check 110: proof_v16_residual_reward_credit_is_capped_by_principal_and_crystallized_loss.pointer_dereference.18
	 - Status: SUCCESS
	 - Description: "dereference failure: invalid integer address"
	 - Location: tests/proofs_v16.rs:11098:16 in function proof_v16_residual_reward_credit_is_capped_by_principal_and_crystallized_loss

Check 111: proof_v16_residual_reward_credit_is_capped_by_principal_and_crystallized_loss.pointer_dereference.19
	 - Status: SUCCESS
	 - Description: "dereference failure: pointer NULL"
	 - Location: tests/proofs_v16.rs:11101:9 in function proof_v16_residual_reward_credit_is_capped_by_principal_and_crystallized_loss

Check 112: proof_v16_residual_reward_credit_is_capped_by_principal_and_crystallized_loss.pointer_dereference.20
	 - Status: SUCCESS
	 - Description: "dereference failure: pointer invalid"
	 - Location: tests/proofs_v16.rs:11101:9 in function proof_v16_residual_reward_credit_is_capped_by_principal_and_crystallized_loss

Check 113: proof_v16_residual_reward_credit_is_capped_by_principal_and_crystallized_loss.pointer_dereference.21
	 - Status: SUCCESS
	 - Description: "dereference failure: deallocated dynamic object"
	 - Location: tests/proofs_v16.rs:11101:9 in function proof_v16_residual_reward_credit_is_capped_by_principal_and_crystallized_loss

Check 114: proof_v16_residual_reward_credit_is_capped_by_principal_and_crystallized_loss.pointer_dereference.22
	 - Status: SUCCESS
	 - Description: "dereference failure: dead object"
	 - Location: tests/proofs_v16.rs:11101:9 in function proof_v16_residual_reward_credit_is_capped_by_principal_and_crystallized_loss

Check 115: proof_v16_residual_reward_credit_is_capped_by_principal_and_crystallized_loss.pointer_dereference.23
	 - Status: SUCCESS
	 - Description: "dereference failure: pointer outside object bounds"
	 - Location: tests/proofs_v16.rs:11101:9 in function proof_v16_residual_reward_credit_is_capped_by_principal_and_crystallized_loss

Check 116: proof_v16_residual_reward_credit_is_capped_by_principal_and_crystallized_loss.pointer_dereference.24
	 - Status: SUCCESS
	 - Description: "dereference failure: invalid integer address"
	 - Location: tests/proofs_v16.rs:11101:9 in function proof_v16_residual_reward_credit_is_capped_by_principal_and_crystallized_loss

Check 117: core::fmt::rt::<impl std::fmt::Arguments<'_>>::new_v1::<2, 2>.pointer_dereference.1
	 - Status: SUCCESS
	 - Description: "dereference failure: dead object"
	 - Location: ../../runner/.rustup/toolchains/nightly-2025-11-05-x86_64-unknown-linux-gnu/lib/rustlib/src/rust/library/core/src/fmt/rt.rs:214:34 in function core::fmt::rt::<impl std::fmt::Arguments<'_>>::new_v1::<2, 2>

Check 118: std::cmp::impls::<impl std::cmp::PartialOrd for u128>::lt.pointer_dereference.1
	 - Status: SUCCESS
	 - Description: "dereference failure: pointer NULL"
	 - Location: ../../runner/.rustup/toolchains/nightly-2025-11-05-x86_64-unknown-linux-gnu/lib/rustlib/src/rust/library/core/src/cmp.rs:1903:50 in function std::cmp::impls::<impl std::cmp::PartialOrd for u128>::lt

Check 119: std::cmp::impls::<impl std::cmp::PartialOrd for u128>::lt.pointer_dereference.2
	 - Status: SUCCESS
	 - Description: "dereference failure: pointer invalid"
	 - Location: ../../runner/.rustup/toolchains/nightly-2025-11-05-x86_64-unknown-linux-gnu/lib/rustlib/src/rust/library/core/src/cmp.rs:1903:50 in function std::cmp::impls::<impl std::cmp::PartialOrd for u128>::lt

Check 120: std::cmp::impls::<impl std::cmp::PartialOrd for u128>::lt.pointer_dereference.3
	 - Status: SUCCESS
	 - Description: "dereference failure: deallocated dynamic object"
	 - Location: ../../runner/.rustup/toolchains/nightly-2025-11-05-x86_64-unknown-linux-gnu/lib/rustlib/src/rust/library/core/src/cmp.rs:1903:50 in function std::cmp::impls::<impl std::cmp::PartialOrd for u128>::lt

Check 121: std::cmp::impls::<impl std::cmp::PartialOrd for u128>::lt.pointer_dereference.4
	 - Status: SUCCESS
	 - Description: "dereference failure: dead object"
	 - Location: ../../runner/.rustup/toolchains/nightly-2025-11-05-x86_64-unknown-linux-gnu/lib/rustlib/src/rust/library/core/src/cmp.rs:1903:50 in function std::cmp::impls::<impl std::cmp::PartialOrd for u128>::lt

Check 122: std::cmp::impls::<impl std::cmp::PartialOrd for u128>::lt.pointer_dereference.5
	 - Status: SUCCESS
	 - Description: "dereference failure: pointer outside object bounds"
	 - Location: ../../runner/.rustup/toolchains/nightly-2025-11-05-x86_64-unknown-linux-gnu/lib/rustlib/src/rust/library/core/src/cmp.rs:1903:50 in function std::cmp::impls::<impl std::cmp::PartialOrd for u128>::lt

Check 123: std::cmp::impls::<impl std::cmp::PartialOrd for u128>::lt.pointer_dereference.6
	 - Status: SUCCESS
	 - Description: "dereference failure: invalid integer address"
	 - Location: ../../runner/.rustup/toolchains/nightly-2025-11-05-x86_64-unknown-linux-gnu/lib/rustlib/src/rust/library/core/src/cmp.rs:1903:50 in function std::cmp::impls::<impl std::cmp::PartialOrd for u128>::lt

Check 124: std::cmp::impls::<impl std::cmp::PartialOrd for u128>::lt.pointer_dereference.7
	 - Status: SUCCESS
	 - Description: "dereference failure: pointer NULL"
	 - Location: ../../runner/.rustup/toolchains/nightly-2025-11-05-x86_64-unknown-linux-gnu/lib/rustlib/src/rust/library/core/src/cmp.rs:1903:59 in function std::cmp::impls::<impl std::cmp::PartialOrd for u128>::lt

Check 125: std::cmp::impls::<impl std::cmp::PartialOrd for u128>::lt.pointer_dereference.8
	 - Status: SUCCESS
	 - Description: "dereference failure: pointer invalid"
	 - Location: ../../runner/.rustup/toolchains/nightly-2025-11-05-x86_64-unknown-linux-gnu/lib/rustlib/src/rust/library/core/src/cmp.rs:1903:59 in function std::cmp::impls::<impl std::cmp::PartialOrd for u128>::lt

Check 126: std::cmp::impls::<impl std::cmp::PartialOrd for u128>::lt.pointer_dereference.9
	 - Status: SUCCESS
	 - Description: "dereference failure: deallocated dynamic object"
	 - Location: ../../runner/.rustup/toolchains/nightly-2025-11-05-x86_64-unknown-linux-gnu/lib/rustlib/src/rust/library/core/src/cmp.rs:1903:59 in function std::cmp::impls::<impl std::cmp::PartialOrd for u128>::lt

Check 127: std::cmp::impls::<impl std::cmp::PartialOrd for u128>::lt.pointer_dereference.10
	 - Status: SUCCESS
	 - Description: "dereference failure: dead object"
	 - Location: ../../runner/.rustup/toolchains/nightly-2025-11-05-x86_64-unknown-linux-gnu/lib/rustlib/src/rust/library/core/src/cmp.rs:1903:59 in function std::cmp::impls::<impl std::cmp::PartialOrd for u128>::lt

Check 128: std::cmp::impls::<impl std::cmp::PartialOrd for u128>::lt.pointer_dereference.11
	 - Status: SUCCESS
	 - Description: "dereference failure: pointer outside object bounds"
	 - Location: ../../runner/.rustup/toolchains/nightly-2025-11-05-x86_64-unknown-linux-gnu/lib/rustlib/src/rust/library/core/src/cmp.rs:1903:59 in function std::cmp::impls::<impl std::cmp::PartialOrd for u128>::lt

Check 129: std::cmp::impls::<impl std::cmp::PartialOrd for u128>::lt.pointer_dereference.12
	 - Status: SUCCESS
	 - Description: "dereference failure: invalid integer address"
	 - Location: ../../runner/.rustup/toolchains/nightly-2025-11-05-x86_64-unknown-linux-gnu/lib/rustlib/src/rust/library/core/src/cmp.rs:1903:59 in function std::cmp::impls::<impl std::cmp::PartialOrd for u128>::lt


SUMMARY:
 ** 0 of 127 failed (1 unreachable)

 ** 2 of 2 cover properties satisfied


VERIFICATION:- SUCCESSFUL
Verification Time: 9.564456s

Manual Harness Summary:
Complete - 1 successfully verified harnesses, 0 failures, 1 total.
