Kani Rust Verifier 0.66.0 (cargo plugin)
   Compiling percolator v0.1.1 (/home/anatoly/percolator)
warning: variable does not need to be mutable
     --> src/v16.rs:11500:13
      |
11500 |         let mut ledger = account.header.close_progress.try_to_runtime()?;
      |             ----^^^^^^
      |             |
      |             help: remove this `mut`
      |
      = note: `#[warn(unused_mut)]` (part of `#[warn(unused)]`) on by default

    Finished `test` profile [unoptimized + debuginfo] target(s) in 0.92s
   Compilingwarning: variable does not need to be mutable
     --> src/v16.rs:11500:13
      |
11500 |         let mut ledger = account.header.close_progress.try_to_runtime()?;
      |             ----^^^^^^
      |             |
      |             help: remove this `mut`
      |
      = note: `#[warn(unused_mut)]` (part of `#[warn(unused)]`) on by default

 percolator v0.1.1 (/home/anatoly/percolator)
    Finished `test` profile [unoptimized + debuginfo] target(s) in 0.12s
   Compiling percolator v0.1.1 (/home/anatoly/percolator)
warning: variable does not need to be mutable
     --> src/v16.rs:11500:13
      |
11500 |         let mut ledger = account.header.close_progress.try_to_runtime()?;
      |             ----^^^^^^
      |             |
      |             help: remove this `mut`
      |
      = note: `#[warn(unused_mut)]` (part of `#[warn(unused)]`) on by default

warning: unused imports: `MarketGroupV16View` and `TradeRequestV16`
  --> tests/proofs_v16.rs:22:42
   |
22 |     Market, MarketGroupV16HeaderAccount, MarketGroupV16View, MarketGroupV16ViewMut,
   |                                          ^^^^^^^^^^^^^^^^^^
...
31 |     TradeRequestV16,
   |     ^^^^^^^^^^^^^^^
   |
   = note: `#[warn(unused_imports)]` (part of `#[warn(unused)]`) on by default

    Finished `test` profile [unoptimized + debuginfo] target(s) in 0.91s
   Compilingwarning: variable does not need to be mutable
     --> src/v16.rs:11500:13
      |
11500 |         let mut ledger = account.header.close_progress.try_to_runtime()?;
      |             ----^^^^^^
      |             |
      |             help: remove this `mut`
      |
      = note: `#[warn(unused_mut)]` (part of `#[warn(unused)]`) on by default

 percolator v0.1.1 (/home/anatoly/percolator)
    Finished `test` profile [unoptimized + debuginfo] target(s) in 0.08s
   Compilingwarning: variable does not need to be mutable
     --> src/v16.rs:11500:13
      |
11500 |         let mut ledger = account.header.close_progress.try_to_runtime()?;
      |             ----^^^^^^
      |             |
      |             help: remove this `mut`
      |
      = note: `#[warn(unused_mut)]` (part of `#[warn(unused)]`) on by default

 percolator v0.1.1 (/home/anatoly/percolator)
    Finished `test` profile [unoptimized + debuginfo] target(s) in 0.07s
   Compiling percolator v0.1.1 (/home/anatoly/percolator)
warning: variable does not need to be mutable
     --> src/v16.rs:11500:13
      |
11500 |         let mut ledger = account.header.close_progress.try_to_runtime()?;
      |             ----^^^^^^
      |             |
      |             help: remove this `mut`
      |
      = note: `#[warn(unused_mut)]` (part of `#[warn(unused)]`) on by default

    Finished `test` profile [unoptimized + debuginfo] target(s) in 0.08s
   Compiling percolator v0.1.1 (/home/anatoly/percolator)
warning: variable does not need to be mutable
     --> src/v16.rs:11500:13
      |
11500 |         let mut ledger = account.header.close_progress.try_to_runtime()?;
      |             ----^^^^^^
      |             |
      |             help: remove this `mut`
      |
      = note: `#[warn(unused_mut)]` (part of `#[warn(unused)]`) on by default

    Finished `test` profile [unoptimized + debuginfo] target(s) in 0.07s
   Compiling percolator v0.1.1 (/home/anatoly/percolator)
warning: variable does not need to be mutable
     --> src/v16.rs:11500:13
      |
11500 |         let mut ledger = account.header.close_progress.try_to_runtime()?;
      |             ----^^^^^^
      |             |
      |             help: remove this `mut`
      |
      = note: `#[warn(unused_mut)]` (part of `#[warn(unused)]`) on by default

    Finished `test` profile [unoptimized + debuginfo] target(s) in 0.14s
Checking harness proof_v16_adjust_u128_applies_exact_delta_or_fails_closed...
CBMC 6.8.0 (cbmc-6.8.0)
CBMC version 6.8.0 (cbmc-6.8.0) 64-bit x86_64 linux
Reading GOTO program from file /home/anatoly/percolator/target/kani-verify/kani/x86_64-unknown-linux-gnu/debug/deps/proofs_v16-e95354f86dfb168b__RNvCs35DYgTG8RvC_10proofs_v1657proof_v16_adjust_u128_applies_exact_delta_or_fails_closed.out
Generating GOTO Program
Adding CPROVER library (x86_64)
Removal of function pointers and virtual functions
Generic Property Instrumentation
Running with 16 object bits, 48 offset bits (user-specified)
Starting Bounded Model Checking
aborting path on assume(false) at file /home/runner/.rustup/toolchains/nightly-2025-11-05-x86_64-unknown-linux-gnu/lib/rustlib/src/rust/library/core/src/option.rs line 1337 column 15 function std::option::Option::<u128>::ok_or::<percolator::V16Error> thread 0
aborting path on assume(false) at file /home/runner/.rustup/toolchains/nightly-2025-11-05-x86_64-unknown-linux-gnu/lib/rustlib/src/rust/library/core/src/option.rs line 1337 column 15 function std::option::Option::<u128>::ok_or::<percolator::V16Error> thread 0
aborting path on assume(false) at file tests/proofs_v16.rs line 0 column 0 function <std::result::Result<u128, percolator::V16Error> as std::cmp::PartialEq>::eq thread 0
aborting path on assume(false) at file tests/proofs_v16.rs line 0 column 0 function <std::result::Result<u128, percolator::V16Error> as std::cmp::PartialEq>::eq thread 0
aborting path on assume(false) at file tests/proofs_v16.rs line 3041 column 1 function proof_v16_adjust_u128_applies_exact_delta_or_fails_closed thread 0
aborting path on assume(false) at file tests/proofs_v16.rs line 0 column 0 function <std::result::Result<u128, percolator::V16Error> as std::cmp::PartialEq>::eq thread 0
aborting path on assume(false) at file tests/proofs_v16.rs line 0 column 0 function <std::result::Result<u128, percolator::V16Error> as std::cmp::PartialEq>::eq thread 0
Runtime Symex: 0.0362731s
size of program expression: 3147 steps
slicing removed 1831 assignments
Generated 273 VCC(s), 57 remaining after simplification
Runtime Postprocess Equation: 0.00035378s
Passing problem to propositional reduction
converting SSA
Runtime Convert SSA: 0.00689271s
Running propositional reduction
Post-processing
Runtime Post-process: 4.888e-06s
Solving with CaDiCaL 2.0.0
11399 variables, 37211 clauses
SAT checker: instance is SATISFIABLE
Runtime Solver: 0.0364886s
Runtime decision procedure: 0.0435947s
Running propositional reduction
Solving with CaDiCaL 2.0.0
11400 variables, 37212 clauses
SAT checker: instance is SATISFIABLE
Runtime Solver: 0.00710923s
Runtime decision procedure: 0.00717375s
Running propositional reduction
Solving with CaDiCaL 2.0.0
11401 variables, 37213 clauses
SAT checker: instance is SATISFIABLE
Runtime Solver: 0.0579311s
Runtime decision procedure: 0.0580902s
Running propositional reduction
Solving with CaDiCaL 2.0.0
11402 variables, 37214 clauses
SAT checker: instance is SATISFIABLE
Runtime Solver: 0.165624s
Runtime decision procedure: 0.16576s
Running propositional reduction
Solving with CaDiCaL 2.0.0
11403 variables, 37215 clauses
SAT checker: instance is SATISFIABLE
Runtime Solver: 0.142074s
Runtime decision procedure: 0.142187s
Running propositional reduction
Solving with CaDiCaL 2.0.0
11404 variables, 37216 clauses
SAT checker: instance is UNSATISFIABLE
Runtime Solver: 0.795593s
Runtime decision procedure: 0.795654s

RESULTS:
Check 1: core::num::<impl u128>::checked_sub.arithmetic_overflow.1
	 - Status: SUCCESS
	 - Description: "attempt to compute `unchecked_sub` which would overflow"
	 - Location: ../../runner/.rustup/toolchains/nightly-2025-11-05-x86_64-unknown-linux-gnu/lib/rustlib/src/rust/library/core/src/num/uint_macros.rs:800:31 in function core::num::<impl u128>::checked_sub

Check 2: std::option::Option::<u128>::ok_or::<percolator::V16Error>.unreachable.1
	 - Status: SUCCESS
	 - Description: "unreachable code"
	 - Location: ../../runner/.rustup/toolchains/nightly-2025-11-05-x86_64-unknown-linux-gnu/lib/rustlib/src/rust/library/core/src/option.rs:1337:15 in function std::option::Option::<u128>::ok_or::<percolator::V16Error>

Check 3: <std::result::Result<u128, percolator::V16Error> as std::cmp::PartialEq>::eq.unreachable.1
	 - Status: SUCCESS
	 - Description: "unreachable code"
	 - Location: tests/proofs_v16.rs:0:0 in function <std::result::Result<u128, percolator::V16Error> as std::cmp::PartialEq>::eq

Check 4: proof_v16_adjust_u128_applies_exact_delta_or_fails_closed.assertion.1
	 - Status: SUCCESS
	 - Description: "attempt to subtract with overflow"
	 - Location: tests/proofs_v16.rs:3048:45 in function proof_v16_adjust_u128_applies_exact_delta_or_fails_closed

Check 5: proof_v16_adjust_u128_applies_exact_delta_or_fails_closed.assertion.2
	 - Status: SUCCESS
	 - Description: "attempt to subtract with overflow"
	 - Location: tests/proofs_v16.rs:3048:33 in function proof_v16_adjust_u128_applies_exact_delta_or_fails_closed

Check 6: proof_v16_adjust_u128_applies_exact_delta_or_fails_closed.cover.1
	 - Status: SATISFIED
	 - Description: "u128 adjustment covers increasing aggregate without overflow"
	 - Location: tests/proofs_v16.rs:3047:5 in function proof_v16_adjust_u128_applies_exact_delta_or_fails_closed

Check 7: proof_v16_adjust_u128_applies_exact_delta_or_fails_closed.assertion.3
	 - Status: SUCCESS
	 - Description: "attempt to subtract with overflow"
	 - Location: tests/proofs_v16.rs:3052:44 in function proof_v16_adjust_u128_applies_exact_delta_or_fails_closed

Check 8: proof_v16_adjust_u128_applies_exact_delta_or_fails_closed.assertion.4
	 - Status: SUCCESS
	 - Description: "attempt to subtract with overflow"
	 - Location: tests/proofs_v16.rs:3052:32 in function proof_v16_adjust_u128_applies_exact_delta_or_fails_closed

Check 9: proof_v16_adjust_u128_applies_exact_delta_or_fails_closed.cover.2
	 - Status: SATISFIED
	 - Description: "u128 adjustment covers fail-closed aggregate overflow"
	 - Location: tests/proofs_v16.rs:3051:5 in function proof_v16_adjust_u128_applies_exact_delta_or_fails_closed

Check 10: proof_v16_adjust_u128_applies_exact_delta_or_fails_closed.assertion.5
	 - Status: SUCCESS
	 - Description: "attempt to subtract with overflow"
	 - Location: tests/proofs_v16.rs:3056:33 in function proof_v16_adjust_u128_applies_exact_delta_or_fails_closed

Check 11: proof_v16_adjust_u128_applies_exact_delta_or_fails_closed.cover.3
	 - Status: SATISFIED
	 - Description: "u128 adjustment covers decreasing aggregate without underflow"
	 - Location: tests/proofs_v16.rs:3055:5 in function proof_v16_adjust_u128_applies_exact_delta_or_fails_closed

Check 12: proof_v16_adjust_u128_applies_exact_delta_or_fails_closed.assertion.6
	 - Status: SUCCESS
	 - Description: "attempt to subtract with overflow"
	 - Location: tests/proofs_v16.rs:3060:32 in function proof_v16_adjust_u128_applies_exact_delta_or_fails_closed

Check 13: proof_v16_adjust_u128_applies_exact_delta_or_fails_closed.cover.4
	 - Status: SATISFIED
	 - Description: "u128 adjustment covers fail-closed aggregate underflow"
	 - Location: tests/proofs_v16.rs:3059:5 in function proof_v16_adjust_u128_applies_exact_delta_or_fails_closed

Check 14: proof_v16_adjust_u128_applies_exact_delta_or_fails_closed.cover.5
	 - Status: SATISFIED
	 - Description: "u128 adjustment covers identity update"
	 - Location: tests/proofs_v16.rs:3063:5 in function proof_v16_adjust_u128_applies_exact_delta_or_fails_closed

Check 15: proof_v16_adjust_u128_applies_exact_delta_or_fails_closed.assertion.7
	 - Status: SUCCESS
	 - Description: "attempt to subtract with overflow"
	 - Location: tests/proofs_v16.rs:3065:21 in function proof_v16_adjust_u128_applies_exact_delta_or_fails_closed

Check 16: proof_v16_adjust_u128_applies_exact_delta_or_fails_closed.assertion.8
	 - Status: SUCCESS
	 - Description: "assertion failed: result == Err(V16Error::ArithmeticOverflow)"
	 - Location: tests/proofs_v16.rs:3070:13 in function proof_v16_adjust_u128_applies_exact_delta_or_fails_closed

Check 17: proof_v16_adjust_u128_applies_exact_delta_or_fails_closed.assertion.9
	 - Status: SUCCESS
	 - Description: "assertion failed: result == Ok(expected)"
	 - Location: tests/proofs_v16.rs:3067:13 in function proof_v16_adjust_u128_applies_exact_delta_or_fails_closed

Check 18: proof_v16_adjust_u128_applies_exact_delta_or_fails_closed.assertion.10
	 - Status: SUCCESS
	 - Description: "attempt to subtract with overflow"
	 - Location: tests/proofs_v16.rs:3068:24 in function proof_v16_adjust_u128_applies_exact_delta_or_fails_closed

Check 19: proof_v16_adjust_u128_applies_exact_delta_or_fails_closed.assertion.11
	 - Status: SUCCESS
	 - Description: "assertion failed: expected - current == delta"
	 - Location: tests/proofs_v16.rs:3068:13 in function proof_v16_adjust_u128_applies_exact_delta_or_fails_closed

Check 20: proof_v16_adjust_u128_applies_exact_delta_or_fails_closed.assertion.12
	 - Status: SUCCESS
	 - Description: "attempt to subtract with overflow"
	 - Location: tests/proofs_v16.rs:3073:21 in function proof_v16_adjust_u128_applies_exact_delta_or_fails_closed

Check 21: proof_v16_adjust_u128_applies_exact_delta_or_fails_closed.unreachable.1
	 - Status: SUCCESS
	 - Description: "unreachable code"
	 - Location: tests/proofs_v16.rs:3041:1 in function proof_v16_adjust_u128_applies_exact_delta_or_fails_closed

Check 22: proof_v16_adjust_u128_applies_exact_delta_or_fails_closed.assertion.13
	 - Status: SUCCESS
	 - Description: "assertion failed: result == Err(V16Error::CounterUnderflow)"
	 - Location: tests/proofs_v16.rs:3078:13 in function proof_v16_adjust_u128_applies_exact_delta_or_fails_closed

Check 23: proof_v16_adjust_u128_applies_exact_delta_or_fails_closed.assertion.14
	 - Status: SUCCESS
	 - Description: "assertion failed: result == Ok(expected)"
	 - Location: tests/proofs_v16.rs:3075:13 in function proof_v16_adjust_u128_applies_exact_delta_or_fails_closed

Check 24: proof_v16_adjust_u128_applies_exact_delta_or_fails_closed.assertion.15
	 - Status: SUCCESS
	 - Description: "attempt to subtract with overflow"
	 - Location: tests/proofs_v16.rs:3076:24 in function proof_v16_adjust_u128_applies_exact_delta_or_fails_closed

Check 25: proof_v16_adjust_u128_applies_exact_delta_or_fails_closed.assertion.16
	 - Status: SUCCESS
	 - Description: "assertion failed: current - expected == delta"
	 - Location: tests/proofs_v16.rs:3076:13 in function proof_v16_adjust_u128_applies_exact_delta_or_fails_closed

Check 26: percolator::v16::adjust_u128.assertion.1
	 - Status: SUCCESS
	 - Description: "attempt to subtract with overflow"
	 - Location: src/v16.rs:14802:26 in function percolator::v16::adjust_u128

Check 27: percolator::v16::adjust_u128.assertion.2
	 - Status: SUCCESS
	 - Description: "attempt to subtract with overflow"
	 - Location: src/v16.rs:14806:26 in function percolator::v16::adjust_u128

Check 28: core::num::<impl u128>::checked_add.arithmetic_overflow.1
	 - Status: SUCCESS
	 - Description: "attempt to compute `unchecked_add` which would overflow"
	 - Location: ../../runner/.rustup/toolchains/nightly-2025-11-05-x86_64-unknown-linux-gnu/lib/rustlib/src/rust/library/core/src/num/uint_macros.rs:646:31 in function core::num::<impl u128>::checked_add

Check 29: <std::result::Result<u128, percolator::V16Error> as std::cmp::PartialEq>::eq.pointer_dereference.1
	 - Status: SUCCESS
	 - Description: "dereference failure: pointer NULL"
	 - Location: ../../runner/.rustup/toolchains/nightly-2025-11-05-x86_64-unknown-linux-gnu/lib/rustlib/src/rust/library/core/src/result.rs:553:16 in function <std::result::Result<u128, percolator::V16Error> as std::cmp::PartialEq>::eq

Check 30: <std::result::Result<u128, percolator::V16Error> as std::cmp::PartialEq>::eq.pointer_dereference.2
	 - Status: SUCCESS
	 - Description: "dereference failure: pointer invalid"
	 - Location: ../../runner/.rustup/toolchains/nightly-2025-11-05-x86_64-unknown-linux-gnu/lib/rustlib/src/rust/library/core/src/result.rs:553:16 in function <std::result::Result<u128, percolator::V16Error> as std::cmp::PartialEq>::eq

Check 31: <std::result::Result<u128, percolator::V16Error> as std::cmp::PartialEq>::eq.pointer_dereference.3
	 - Status: SUCCESS
	 - Description: "dereference failure: deallocated dynamic object"
	 - Location: ../../runner/.rustup/toolchains/nightly-2025-11-05-x86_64-unknown-linux-gnu/lib/rustlib/src/rust/library/core/src/result.rs:553:16 in function <std::result::Result<u128, percolator::V16Error> as std::cmp::PartialEq>::eq

Check 32: <std::result::Result<u128, percolator::V16Error> as std::cmp::PartialEq>::eq.pointer_dereference.4
	 - Status: SUCCESS
	 - Description: "dereference failure: dead object"
	 - Location: ../../runner/.rustup/toolchains/nightly-2025-11-05-x86_64-unknown-linux-gnu/lib/rustlib/src/rust/library/core/src/result.rs:553:16 in function <std::result::Result<u128, percolator::V16Error> as std::cmp::PartialEq>::eq

Check 33: <std::result::Result<u128, percolator::V16Error> as std::cmp::PartialEq>::eq.pointer_dereference.5
	 - Status: SUCCESS
	 - Description: "dereference failure: pointer outside object bounds"
	 - Location: ../../runner/.rustup/toolchains/nightly-2025-11-05-x86_64-unknown-linux-gnu/lib/rustlib/src/rust/library/core/src/result.rs:553:16 in function <std::result::Result<u128, percolator::V16Error> as std::cmp::PartialEq>::eq

Check 34: <std::result::Result<u128, percolator::V16Error> as std::cmp::PartialEq>::eq.pointer_dereference.6
	 - Status: SUCCESS
	 - Description: "dereference failure: invalid integer address"
	 - Location: ../../runner/.rustup/toolchains/nightly-2025-11-05-x86_64-unknown-linux-gnu/lib/rustlib/src/rust/library/core/src/result.rs:553:16 in function <std::result::Result<u128, percolator::V16Error> as std::cmp::PartialEq>::eq

Check 35: <std::result::Result<u128, percolator::V16Error> as std::cmp::PartialEq>::eq.pointer_dereference.7
	 - Status: SUCCESS
	 - Description: "dereference failure: pointer NULL"
	 - Location: ../../runner/.rustup/toolchains/nightly-2025-11-05-x86_64-unknown-linux-gnu/lib/rustlib/src/rust/library/core/src/result.rs:553:16 in function <std::result::Result<u128, percolator::V16Error> as std::cmp::PartialEq>::eq

Check 36: <std::result::Result<u128, percolator::V16Error> as std::cmp::PartialEq>::eq.pointer_dereference.8
	 - Status: SUCCESS
	 - Description: "dereference failure: pointer invalid"
	 - Location: ../../runner/.rustup/toolchains/nightly-2025-11-05-x86_64-unknown-linux-gnu/lib/rustlib/src/rust/library/core/src/result.rs:553:16 in function <std::result::Result<u128, percolator::V16Error> as std::cmp::PartialEq>::eq

Check 37: <std::result::Result<u128, percolator::V16Error> as std::cmp::PartialEq>::eq.pointer_dereference.9
	 - Status: SUCCESS
	 - Description: "dereference failure: deallocated dynamic object"
	 - Location: ../../runner/.rustup/toolchains/nightly-2025-11-05-x86_64-unknown-linux-gnu/lib/rustlib/src/rust/library/core/src/result.rs:553:16 in function <std::result::Result<u128, percolator::V16Error> as std::cmp::PartialEq>::eq

Check 38: <std::result::Result<u128, percolator::V16Error> as std::cmp::PartialEq>::eq.pointer_dereference.10
	 - Status: SUCCESS
	 - Description: "dereference failure: dead object"
	 - Location: ../../runner/.rustup/toolchains/nightly-2025-11-05-x86_64-unknown-linux-gnu/lib/rustlib/src/rust/library/core/src/result.rs:553:16 in function <std::result::Result<u128, percolator::V16Error> as std::cmp::PartialEq>::eq

Check 39: <std::result::Result<u128, percolator::V16Error> as std::cmp::PartialEq>::eq.pointer_dereference.11
	 - Status: SUCCESS
	 - Description: "dereference failure: pointer outside object bounds"
	 - Location: ../../runner/.rustup/toolchains/nightly-2025-11-05-x86_64-unknown-linux-gnu/lib/rustlib/src/rust/library/core/src/result.rs:553:16 in function <std::result::Result<u128, percolator::V16Error> as std::cmp::PartialEq>::eq

Check 40: <std::result::Result<u128, percolator::V16Error> as std::cmp::PartialEq>::eq.pointer_dereference.12
	 - Status: SUCCESS
	 - Description: "dereference failure: invalid integer address"
	 - Location: ../../runner/.rustup/toolchains/nightly-2025-11-05-x86_64-unknown-linux-gnu/lib/rustlib/src/rust/library/core/src/result.rs:553:16 in function <std::result::Result<u128, percolator::V16Error> as std::cmp::PartialEq>::eq

Check 41: <std::result::Result<u128, percolator::V16Error> as std::cmp::PartialEq>::eq.pointer_dereference.13
	 - Status: SUCCESS
	 - Description: "dereference failure: pointer NULL"
	 - Location: ../../runner/.rustup/toolchains/nightly-2025-11-05-x86_64-unknown-linux-gnu/lib/rustlib/src/rust/library/core/src/result.rs:553:16 in function <std::result::Result<u128, percolator::V16Error> as std::cmp::PartialEq>::eq

Check 42: <std::result::Result<u128, percolator::V16Error> as std::cmp::PartialEq>::eq.pointer_dereference.14
	 - Status: SUCCESS
	 - Description: "dereference failure: pointer invalid"
	 - Location: ../../runner/.rustup/toolchains/nightly-2025-11-05-x86_64-unknown-linux-gnu/lib/rustlib/src/rust/library/core/src/result.rs:553:16 in function <std::result::Result<u128, percolator::V16Error> as std::cmp::PartialEq>::eq

Check 43: <std::result::Result<u128, percolator::V16Error> as std::cmp::PartialEq>::eq.pointer_dereference.15
	 - Status: SUCCESS
	 - Description: "dereference failure: deallocated dynamic object"
	 - Location: ../../runner/.rustup/toolchains/nightly-2025-11-05-x86_64-unknown-linux-gnu/lib/rustlib/src/rust/library/core/src/result.rs:553:16 in function <std::result::Result<u128, percolator::V16Error> as std::cmp::PartialEq>::eq

Check 44: <std::result::Result<u128, percolator::V16Error> as std::cmp::PartialEq>::eq.pointer_dereference.16
	 - Status: SUCCESS
	 - Description: "dereference failure: dead object"
	 - Location: ../../runner/.rustup/toolchains/nightly-2025-11-05-x86_64-unknown-linux-gnu/lib/rustlib/src/rust/library/core/src/result.rs:553:16 in function <std::result::Result<u128, percolator::V16Error> as std::cmp::PartialEq>::eq

Check 45: <std::result::Result<u128, percolator::V16Error> as std::cmp::PartialEq>::eq.pointer_dereference.17
	 - Status: SUCCESS
	 - Description: "dereference failure: pointer outside object bounds"
	 - Location: ../../runner/.rustup/toolchains/nightly-2025-11-05-x86_64-unknown-linux-gnu/lib/rustlib/src/rust/library/core/src/result.rs:553:16 in function <std::result::Result<u128, percolator::V16Error> as std::cmp::PartialEq>::eq

Check 46: <std::result::Result<u128, percolator::V16Error> as std::cmp::PartialEq>::eq.pointer_dereference.18
	 - Status: SUCCESS
	 - Description: "dereference failure: invalid integer address"
	 - Location: ../../runner/.rustup/toolchains/nightly-2025-11-05-x86_64-unknown-linux-gnu/lib/rustlib/src/rust/library/core/src/result.rs:553:16 in function <std::result::Result<u128, percolator::V16Error> as std::cmp::PartialEq>::eq

Check 47: <std::result::Result<u128, percolator::V16Error> as std::cmp::PartialEq>::eq.pointer_dereference.19
	 - Status: SUCCESS
	 - Description: "dereference failure: pointer NULL"
	 - Location: ../../runner/.rustup/toolchains/nightly-2025-11-05-x86_64-unknown-linux-gnu/lib/rustlib/src/rust/library/core/src/result.rs:553:16 in function <std::result::Result<u128, percolator::V16Error> as std::cmp::PartialEq>::eq

Check 48: <std::result::Result<u128, percolator::V16Error> as std::cmp::PartialEq>::eq.pointer_dereference.20
	 - Status: SUCCESS
	 - Description: "dereference failure: pointer invalid"
	 - Location: ../../runner/.rustup/toolchains/nightly-2025-11-05-x86_64-unknown-linux-gnu/lib/rustlib/src/rust/library/core/src/result.rs:553:16 in function <std::result::Result<u128, percolator::V16Error> as std::cmp::PartialEq>::eq

Check 49: <std::result::Result<u128, percolator::V16Error> as std::cmp::PartialEq>::eq.pointer_dereference.21
	 - Status: SUCCESS
	 - Description: "dereference failure: deallocated dynamic object"
	 - Location: ../../runner/.rustup/toolchains/nightly-2025-11-05-x86_64-unknown-linux-gnu/lib/rustlib/src/rust/library/core/src/result.rs:553:16 in function <std::result::Result<u128, percolator::V16Error> as std::cmp::PartialEq>::eq

Check 50: <std::result::Result<u128, percolator::V16Error> as std::cmp::PartialEq>::eq.pointer_dereference.22
	 - Status: SUCCESS
	 - Description: "dereference failure: dead object"
	 - Location: ../../runner/.rustup/toolchains/nightly-2025-11-05-x86_64-unknown-linux-gnu/lib/rustlib/src/rust/library/core/src/result.rs:553:16 in function <std::result::Result<u128, percolator::V16Error> as std::cmp::PartialEq>::eq

Check 51: <std::result::Result<u128, percolator::V16Error> as std::cmp::PartialEq>::eq.pointer_dereference.23
	 - Status: SUCCESS
	 - Description: "dereference failure: pointer outside object bounds"
	 - Location: ../../runner/.rustup/toolchains/nightly-2025-11-05-x86_64-unknown-linux-gnu/lib/rustlib/src/rust/library/core/src/result.rs:553:16 in function <std::result::Result<u128, percolator::V16Error> as std::cmp::PartialEq>::eq

Check 52: <std::result::Result<u128, percolator::V16Error> as std::cmp::PartialEq>::eq.pointer_dereference.24
	 - Status: SUCCESS
	 - Description: "dereference failure: invalid integer address"
	 - Location: ../../runner/.rustup/toolchains/nightly-2025-11-05-x86_64-unknown-linux-gnu/lib/rustlib/src/rust/library/core/src/result.rs:553:16 in function <std::result::Result<u128, percolator::V16Error> as std::cmp::PartialEq>::eq

Check 53: <std::result::Result<u128, percolator::V16Error> as std::cmp::PartialEq>::eq.pointer_dereference.25
	 - Status: SUCCESS
	 - Description: "dereference failure: pointer NULL"
	 - Location: ../../runner/.rustup/toolchains/nightly-2025-11-05-x86_64-unknown-linux-gnu/lib/rustlib/src/rust/library/core/src/result.rs:553:16 in function <std::result::Result<u128, percolator::V16Error> as std::cmp::PartialEq>::eq

Check 54: <std::result::Result<u128, percolator::V16Error> as std::cmp::PartialEq>::eq.pointer_dereference.26
	 - Status: SUCCESS
	 - Description: "dereference failure: pointer invalid"
	 - Location: ../../runner/.rustup/toolchains/nightly-2025-11-05-x86_64-unknown-linux-gnu/lib/rustlib/src/rust/library/core/src/result.rs:553:16 in function <std::result::Result<u128, percolator::V16Error> as std::cmp::PartialEq>::eq

Check 55: <std::result::Result<u128, percolator::V16Error> as std::cmp::PartialEq>::eq.pointer_dereference.27
	 - Status: SUCCESS
	 - Description: "dereference failure: deallocated dynamic object"
	 - Location: ../../runner/.rustup/toolchains/nightly-2025-11-05-x86_64-unknown-linux-gnu/lib/rustlib/src/rust/library/core/src/result.rs:553:16 in function <std::result::Result<u128, percolator::V16Error> as std::cmp::PartialEq>::eq

Check 56: <std::result::Result<u128, percolator::V16Error> as std::cmp::PartialEq>::eq.pointer_dereference.28
	 - Status: SUCCESS
	 - Description: "dereference failure: dead object"
	 - Location: ../../runner/.rustup/toolchains/nightly-2025-11-05-x86_64-unknown-linux-gnu/lib/rustlib/src/rust/library/core/src/result.rs:553:16 in function <std::result::Result<u128, percolator::V16Error> as std::cmp::PartialEq>::eq

Check 57: <std::result::Result<u128, percolator::V16Error> as std::cmp::PartialEq>::eq.pointer_dereference.29
	 - Status: SUCCESS
	 - Description: "dereference failure: pointer outside object bounds"
	 - Location: ../../runner/.rustup/toolchains/nightly-2025-11-05-x86_64-unknown-linux-gnu/lib/rustlib/src/rust/library/core/src/result.rs:553:16 in function <std::result::Result<u128, percolator::V16Error> as std::cmp::PartialEq>::eq

Check 58: <std::result::Result<u128, percolator::V16Error> as std::cmp::PartialEq>::eq.pointer_dereference.30
	 - Status: SUCCESS
	 - Description: "dereference failure: invalid integer address"
	 - Location: ../../runner/.rustup/toolchains/nightly-2025-11-05-x86_64-unknown-linux-gnu/lib/rustlib/src/rust/library/core/src/result.rs:553:16 in function <std::result::Result<u128, percolator::V16Error> as std::cmp::PartialEq>::eq

Check 59: <percolator::V16Error as std::cmp::PartialEq>::eq.pointer_dereference.1
	 - Status: SUCCESS
	 - Description: "dereference failure: pointer NULL"
	 - Location: src/v16.rs:166:30 in function <percolator::V16Error as std::cmp::PartialEq>::eq

Check 60: <percolator::V16Error as std::cmp::PartialEq>::eq.pointer_dereference.2
	 - Status: SUCCESS
	 - Description: "dereference failure: pointer invalid"
	 - Location: src/v16.rs:166:30 in function <percolator::V16Error as std::cmp::PartialEq>::eq

Check 61: <percolator::V16Error as std::cmp::PartialEq>::eq.pointer_dereference.3
	 - Status: SUCCESS
	 - Description: "dereference failure: deallocated dynamic object"
	 - Location: src/v16.rs:166:30 in function <percolator::V16Error as std::cmp::PartialEq>::eq

Check 62: <percolator::V16Error as std::cmp::PartialEq>::eq.pointer_dereference.4
	 - Status: SUCCESS
	 - Description: "dereference failure: dead object"
	 - Location: src/v16.rs:166:30 in function <percolator::V16Error as std::cmp::PartialEq>::eq

Check 63: <percolator::V16Error as std::cmp::PartialEq>::eq.pointer_dereference.5
	 - Status: SUCCESS
	 - Description: "dereference failure: pointer outside object bounds"
	 - Location: src/v16.rs:166:30 in function <percolator::V16Error as std::cmp::PartialEq>::eq

Check 64: <percolator::V16Error as std::cmp::PartialEq>::eq.pointer_dereference.6
	 - Status: SUCCESS
	 - Description: "dereference failure: invalid integer address"
	 - Location: src/v16.rs:166:30 in function <percolator::V16Error as std::cmp::PartialEq>::eq

Check 65: <percolator::V16Error as std::cmp::PartialEq>::eq.pointer_dereference.7
	 - Status: SUCCESS
	 - Description: "dereference failure: pointer NULL"
	 - Location: src/v16.rs:166:30 in function <percolator::V16Error as std::cmp::PartialEq>::eq

Check 66: <percolator::V16Error as std::cmp::PartialEq>::eq.pointer_dereference.8
	 - Status: SUCCESS
	 - Description: "dereference failure: pointer invalid"
	 - Location: src/v16.rs:166:30 in function <percolator::V16Error as std::cmp::PartialEq>::eq

Check 67: <percolator::V16Error as std::cmp::PartialEq>::eq.pointer_dereference.9
	 - Status: SUCCESS
	 - Description: "dereference failure: deallocated dynamic object"
	 - Location: src/v16.rs:166:30 in function <percolator::V16Error as std::cmp::PartialEq>::eq

Check 68: <percolator::V16Error as std::cmp::PartialEq>::eq.pointer_dereference.10
	 - Status: SUCCESS
	 - Description: "dereference failure: dead object"
	 - Location: src/v16.rs:166:30 in function <percolator::V16Error as std::cmp::PartialEq>::eq

Check 69: <percolator::V16Error as std::cmp::PartialEq>::eq.pointer_dereference.11
	 - Status: SUCCESS
	 - Description: "dereference failure: pointer outside object bounds"
	 - Location: src/v16.rs:166:30 in function <percolator::V16Error as std::cmp::PartialEq>::eq

Check 70: <percolator::V16Error as std::cmp::PartialEq>::eq.pointer_dereference.12
	 - Status: SUCCESS
	 - Description: "dereference failure: invalid integer address"
	 - Location: src/v16.rs:166:30 in function <percolator::V16Error as std::cmp::PartialEq>::eq

Check 71: std::cmp::impls::<impl std::cmp::PartialEq for u128>::eq.pointer_dereference.1
	 - Status: SUCCESS
	 - Description: "dereference failure: pointer NULL"
	 - Location: ../../runner/.rustup/toolchains/nightly-2025-11-05-x86_64-unknown-linux-gnu/lib/rustlib/src/rust/library/core/src/cmp.rs:1865:54 in function std::cmp::impls::<impl std::cmp::PartialEq for u128>::eq

Check 72: std::cmp::impls::<impl std::cmp::PartialEq for u128>::eq.pointer_dereference.2
	 - Status: SUCCESS
	 - Description: "dereference failure: pointer invalid"
	 - Location: ../../runner/.rustup/toolchains/nightly-2025-11-05-x86_64-unknown-linux-gnu/lib/rustlib/src/rust/library/core/src/cmp.rs:1865:54 in function std::cmp::impls::<impl std::cmp::PartialEq for u128>::eq

Check 73: std::cmp::impls::<impl std::cmp::PartialEq for u128>::eq.pointer_dereference.3
	 - Status: SUCCESS
	 - Description: "dereference failure: deallocated dynamic object"
	 - Location: ../../runner/.rustup/toolchains/nightly-2025-11-05-x86_64-unknown-linux-gnu/lib/rustlib/src/rust/library/core/src/cmp.rs:1865:54 in function std::cmp::impls::<impl std::cmp::PartialEq for u128>::eq

Check 74: std::cmp::impls::<impl std::cmp::PartialEq for u128>::eq.pointer_dereference.4
	 - Status: SUCCESS
	 - Description: "dereference failure: dead object"
	 - Location: ../../runner/.rustup/toolchains/nightly-2025-11-05-x86_64-unknown-linux-gnu/lib/rustlib/src/rust/library/core/src/cmp.rs:1865:54 in function std::cmp::impls::<impl std::cmp::PartialEq for u128>::eq

Check 75: std::cmp::impls::<impl std::cmp::PartialEq for u128>::eq.pointer_dereference.5
	 - Status: SUCCESS
	 - Description: "dereference failure: pointer outside object bounds"
	 - Location: ../../runner/.rustup/toolchains/nightly-2025-11-05-x86_64-unknown-linux-gnu/lib/rustlib/src/rust/library/core/src/cmp.rs:1865:54 in function std::cmp::impls::<impl std::cmp::PartialEq for u128>::eq

Check 76: std::cmp::impls::<impl std::cmp::PartialEq for u128>::eq.pointer_dereference.6
	 - Status: SUCCESS
	 - Description: "dereference failure: invalid integer address"
	 - Location: ../../runner/.rustup/toolchains/nightly-2025-11-05-x86_64-unknown-linux-gnu/lib/rustlib/src/rust/library/core/src/cmp.rs:1865:54 in function std::cmp::impls::<impl std::cmp::PartialEq for u128>::eq

Check 77: std::cmp::impls::<impl std::cmp::PartialEq for u128>::eq.pointer_dereference.7
	 - Status: SUCCESS
	 - Description: "dereference failure: pointer NULL"
	 - Location: ../../runner/.rustup/toolchains/nightly-2025-11-05-x86_64-unknown-linux-gnu/lib/rustlib/src/rust/library/core/src/cmp.rs:1865:63 in function std::cmp::impls::<impl std::cmp::PartialEq for u128>::eq

Check 78: std::cmp::impls::<impl std::cmp::PartialEq for u128>::eq.pointer_dereference.8
	 - Status: SUCCESS
	 - Description: "dereference failure: pointer invalid"
	 - Location: ../../runner/.rustup/toolchains/nightly-2025-11-05-x86_64-unknown-linux-gnu/lib/rustlib/src/rust/library/core/src/cmp.rs:1865:63 in function std::cmp::impls::<impl std::cmp::PartialEq for u128>::eq

Check 79: std::cmp::impls::<impl std::cmp::PartialEq for u128>::eq.pointer_dereference.9
	 - Status: SUCCESS
	 - Description: "dereference failure: deallocated dynamic object"
	 - Location: ../../runner/.rustup/toolchains/nightly-2025-11-05-x86_64-unknown-linux-gnu/lib/rustlib/src/rust/library/core/src/cmp.rs:1865:63 in function std::cmp::impls::<impl std::cmp::PartialEq for u128>::eq

Check 80: std::cmp::impls::<impl std::cmp::PartialEq for u128>::eq.pointer_dereference.10
	 - Status: SUCCESS
	 - Description: "dereference failure: dead object"
	 - Location: ../../runner/.rustup/toolchains/nightly-2025-11-05-x86_64-unknown-linux-gnu/lib/rustlib/src/rust/library/core/src/cmp.rs:1865:63 in function std::cmp::impls::<impl std::cmp::PartialEq for u128>::eq

Check 81: std::cmp::impls::<impl std::cmp::PartialEq for u128>::eq.pointer_dereference.11
	 - Status: SUCCESS
	 - Description: "dereference failure: pointer outside object bounds"
	 - Location: ../../runner/.rustup/toolchains/nightly-2025-11-05-x86_64-unknown-linux-gnu/lib/rustlib/src/rust/library/core/src/cmp.rs:1865:63 in function std::cmp::impls::<impl std::cmp::PartialEq for u128>::eq

Check 82: std::cmp::impls::<impl std::cmp::PartialEq for u128>::eq.pointer_dereference.12
	 - Status: SUCCESS
	 - Description: "dereference failure: invalid integer address"
	 - Location: ../../runner/.rustup/toolchains/nightly-2025-11-05-x86_64-unknown-linux-gnu/lib/rustlib/src/rust/library/core/src/cmp.rs:1865:63 in function std::cmp::impls::<impl std::cmp::PartialEq for u128>::eq

Check 83: std::cmp::impls::<impl std::cmp::PartialEq for &u128>::eq.pointer_dereference.1
	 - Status: SUCCESS
	 - Description: "dereference failure: pointer NULL"
	 - Location: ../../runner/.rustup/toolchains/nightly-2025-11-05-x86_64-unknown-linux-gnu/lib/rustlib/src/rust/library/core/src/cmp.rs:2090:27 in function std::cmp::impls::<impl std::cmp::PartialEq for &u128>::eq

Check 84: std::cmp::impls::<impl std::cmp::PartialEq for &u128>::eq.pointer_dereference.2
	 - Status: SUCCESS
	 - Description: "dereference failure: pointer invalid"
	 - Location: ../../runner/.rustup/toolchains/nightly-2025-11-05-x86_64-unknown-linux-gnu/lib/rustlib/src/rust/library/core/src/cmp.rs:2090:27 in function std::cmp::impls::<impl std::cmp::PartialEq for &u128>::eq

Check 85: std::cmp::impls::<impl std::cmp::PartialEq for &u128>::eq.pointer_dereference.3
	 - Status: SUCCESS
	 - Description: "dereference failure: deallocated dynamic object"
	 - Location: ../../runner/.rustup/toolchains/nightly-2025-11-05-x86_64-unknown-linux-gnu/lib/rustlib/src/rust/library/core/src/cmp.rs:2090:27 in function std::cmp::impls::<impl std::cmp::PartialEq for &u128>::eq

Check 86: std::cmp::impls::<impl std::cmp::PartialEq for &u128>::eq.pointer_dereference.4
	 - Status: SUCCESS
	 - Description: "dereference failure: dead object"
	 - Location: ../../runner/.rustup/toolchains/nightly-2025-11-05-x86_64-unknown-linux-gnu/lib/rustlib/src/rust/library/core/src/cmp.rs:2090:27 in function std::cmp::impls::<impl std::cmp::PartialEq for &u128>::eq

Check 87: std::cmp::impls::<impl std::cmp::PartialEq for &u128>::eq.pointer_dereference.5
	 - Status: SUCCESS
	 - Description: "dereference failure: pointer outside object bounds"
	 - Location: ../../runner/.rustup/toolchains/nightly-2025-11-05-x86_64-unknown-linux-gnu/lib/rustlib/src/rust/library/core/src/cmp.rs:2090:27 in function std::cmp::impls::<impl std::cmp::PartialEq for &u128>::eq

Check 88: std::cmp::impls::<impl std::cmp::PartialEq for &u128>::eq.pointer_dereference.6
	 - Status: SUCCESS
	 - Description: "dereference failure: invalid integer address"
	 - Location: ../../runner/.rustup/toolchains/nightly-2025-11-05-x86_64-unknown-linux-gnu/lib/rustlib/src/rust/library/core/src/cmp.rs:2090:27 in function std::cmp::impls::<impl std::cmp::PartialEq for &u128>::eq

Check 89: std::cmp::impls::<impl std::cmp::PartialEq for &u128>::eq.pointer_dereference.7
	 - Status: SUCCESS
	 - Description: "dereference failure: pointer NULL"
	 - Location: ../../runner/.rustup/toolchains/nightly-2025-11-05-x86_64-unknown-linux-gnu/lib/rustlib/src/rust/library/core/src/cmp.rs:2090:34 in function std::cmp::impls::<impl std::cmp::PartialEq for &u128>::eq

Check 90: std::cmp::impls::<impl std::cmp::PartialEq for &u128>::eq.pointer_dereference.8
	 - Status: SUCCESS
	 - Description: "dereference failure: pointer invalid"
	 - Location: ../../runner/.rustup/toolchains/nightly-2025-11-05-x86_64-unknown-linux-gnu/lib/rustlib/src/rust/library/core/src/cmp.rs:2090:34 in function std::cmp::impls::<impl std::cmp::PartialEq for &u128>::eq

Check 91: std::cmp::impls::<impl std::cmp::PartialEq for &u128>::eq.pointer_dereference.9
	 - Status: SUCCESS
	 - Description: "dereference failure: deallocated dynamic object"
	 - Location: ../../runner/.rustup/toolchains/nightly-2025-11-05-x86_64-unknown-linux-gnu/lib/rustlib/src/rust/library/core/src/cmp.rs:2090:34 in function std::cmp::impls::<impl std::cmp::PartialEq for &u128>::eq

Check 92: std::cmp::impls::<impl std::cmp::PartialEq for &u128>::eq.pointer_dereference.10
	 - Status: SUCCESS
	 - Description: "dereference failure: dead object"
	 - Location: ../../runner/.rustup/toolchains/nightly-2025-11-05-x86_64-unknown-linux-gnu/lib/rustlib/src/rust/library/core/src/cmp.rs:2090:34 in function std::cmp::impls::<impl std::cmp::PartialEq for &u128>::eq

Check 93: std::cmp::impls::<impl std::cmp::PartialEq for &u128>::eq.pointer_dereference.11
	 - Status: SUCCESS
	 - Description: "dereference failure: pointer outside object bounds"
	 - Location: ../../runner/.rustup/toolchains/nightly-2025-11-05-x86_64-unknown-linux-gnu/lib/rustlib/src/rust/library/core/src/cmp.rs:2090:34 in function std::cmp::impls::<impl std::cmp::PartialEq for &u128>::eq

Check 94: std::cmp::impls::<impl std::cmp::PartialEq for &u128>::eq.pointer_dereference.12
	 - Status: SUCCESS
	 - Description: "dereference failure: invalid integer address"
	 - Location: ../../runner/.rustup/toolchains/nightly-2025-11-05-x86_64-unknown-linux-gnu/lib/rustlib/src/rust/library/core/src/cmp.rs:2090:34 in function std::cmp::impls::<impl std::cmp::PartialEq for &u128>::eq

Check 95: std::cmp::impls::<impl std::cmp::PartialEq for &percolator::V16Error>::eq.pointer_dereference.1
	 - Status: SUCCESS
	 - Description: "dereference failure: pointer NULL"
	 - Location: ../../runner/.rustup/toolchains/nightly-2025-11-05-x86_64-unknown-linux-gnu/lib/rustlib/src/rust/library/core/src/cmp.rs:2090:27 in function std::cmp::impls::<impl std::cmp::PartialEq for &percolator::V16Error>::eq

Check 96: std::cmp::impls::<impl std::cmp::PartialEq for &percolator::V16Error>::eq.pointer_dereference.2
	 - Status: SUCCESS
	 - Description: "dereference failure: pointer invalid"
	 - Location: ../../runner/.rustup/toolchains/nightly-2025-11-05-x86_64-unknown-linux-gnu/lib/rustlib/src/rust/library/core/src/cmp.rs:2090:27 in function std::cmp::impls::<impl std::cmp::PartialEq for &percolator::V16Error>::eq

Check 97: std::cmp::impls::<impl std::cmp::PartialEq for &percolator::V16Error>::eq.pointer_dereference.3
	 - Status: SUCCESS
	 - Description: "dereference failure: deallocated dynamic object"
	 - Location: ../../runner/.rustup/toolchains/nightly-2025-11-05-x86_64-unknown-linux-gnu/lib/rustlib/src/rust/library/core/src/cmp.rs:2090:27 in function std::cmp::impls::<impl std::cmp::PartialEq for &percolator::V16Error>::eq

Check 98: std::cmp::impls::<impl std::cmp::PartialEq for &percolator::V16Error>::eq.pointer_dereference.4
	 - Status: SUCCESS
	 - Description: "dereference failure: dead object"
	 - Location: ../../runner/.rustup/toolchains/nightly-2025-11-05-x86_64-unknown-linux-gnu/lib/rustlib/src/rust/library/core/src/cmp.rs:2090:27 in function std::cmp::impls::<impl std::cmp::PartialEq for &percolator::V16Error>::eq

Check 99: std::cmp::impls::<impl std::cmp::PartialEq for &percolator::V16Error>::eq.pointer_dereference.5
	 - Status: SUCCESS
	 - Description: "dereference failure: pointer outside object bounds"
	 - Location: ../../runner/.rustup/toolchains/nightly-2025-11-05-x86_64-unknown-linux-gnu/lib/rustlib/src/rust/library/core/src/cmp.rs:2090:27 in function std::cmp::impls::<impl std::cmp::PartialEq for &percolator::V16Error>::eq

Check 100: std::cmp::impls::<impl std::cmp::PartialEq for &percolator::V16Error>::eq.pointer_dereference.6
	 - Status: SUCCESS
	 - Description: "dereference failure: invalid integer address"
	 - Location: ../../runner/.rustup/toolchains/nightly-2025-11-05-x86_64-unknown-linux-gnu/lib/rustlib/src/rust/library/core/src/cmp.rs:2090:27 in function std::cmp::impls::<impl std::cmp::PartialEq for &percolator::V16Error>::eq

Check 101: std::cmp::impls::<impl std::cmp::PartialEq for &percolator::V16Error>::eq.pointer_dereference.7
	 - Status: SUCCESS
	 - Description: "dereference failure: pointer NULL"
	 - Location: ../../runner/.rustup/toolchains/nightly-2025-11-05-x86_64-unknown-linux-gnu/lib/rustlib/src/rust/library/core/src/cmp.rs:2090:34 in function std::cmp::impls::<impl std::cmp::PartialEq for &percolator::V16Error>::eq

Check 102: std::cmp::impls::<impl std::cmp::PartialEq for &percolator::V16Error>::eq.pointer_dereference.8
	 - Status: SUCCESS
	 - Description: "dereference failure: pointer invalid"
	 - Location: ../../runner/.rustup/toolchains/nightly-2025-11-05-x86_64-unknown-linux-gnu/lib/rustlib/src/rust/library/core/src/cmp.rs:2090:34 in function std::cmp::impls::<impl std::cmp::PartialEq for &percolator::V16Error>::eq

Check 103: std::cmp::impls::<impl std::cmp::PartialEq for &percolator::V16Error>::eq.pointer_dereference.9
	 - Status: SUCCESS
	 - Description: "dereference failure: deallocated dynamic object"
	 - Location: ../../runner/.rustup/toolchains/nightly-2025-11-05-x86_64-unknown-linux-gnu/lib/rustlib/src/rust/library/core/src/cmp.rs:2090:34 in function std::cmp::impls::<impl std::cmp::PartialEq for &percolator::V16Error>::eq

Check 104: std::cmp::impls::<impl std::cmp::PartialEq for &percolator::V16Error>::eq.pointer_dereference.10
	 - Status: SUCCESS
	 - Description: "dereference failure: dead object"
	 - Location: ../../runner/.rustup/toolchains/nightly-2025-11-05-x86_64-unknown-linux-gnu/lib/rustlib/src/rust/library/core/src/cmp.rs:2090:34 in function std::cmp::impls::<impl std::cmp::PartialEq for &percolator::V16Error>::eq

Check 105: std::cmp::impls::<impl std::cmp::PartialEq for &percolator::V16Error>::eq.pointer_dereference.11
	 - Status: SUCCESS
	 - Description: "dereference failure: pointer outside object bounds"
	 - Location: ../../runner/.rustup/toolchains/nightly-2025-11-05-x86_64-unknown-linux-gnu/lib/rustlib/src/rust/library/core/src/cmp.rs:2090:34 in function std::cmp::impls::<impl std::cmp::PartialEq for &percolator::V16Error>::eq

Check 106: std::cmp::impls::<impl std::cmp::PartialEq for &percolator::V16Error>::eq.pointer_dereference.12
	 - Status: SUCCESS
	 - Description: "dereference failure: invalid integer address"
	 - Location: ../../runner/.rustup/toolchains/nightly-2025-11-05-x86_64-unknown-linux-gnu/lib/rustlib/src/rust/library/core/src/cmp.rs:2090:34 in function std::cmp::impls::<impl std::cmp::PartialEq for &percolator::V16Error>::eq


SUMMARY:
 ** 0 of 101 failed

 ** 5 of 5 cover properties satisfied


VERIFICATION:- SUCCESSFUL
Verification Time: 1.3689219s

Checking harness proof_v16_adjust_u128_applies_exact_delta_or_fails_closed...
CBMC 6.8.0 (cbmc-6.8.0)
CBMC version 6.8.0 (cbmc-6.8.0) 64-bit x86_64 linux
Reading GOTO program from file /home/anatoly/percolator/target/kani-verify/kani/x86_64-unknown-linux-gnu/debug/deps/proofs_v16_arithmetic-ab47d683aa3cadb1__RNvCs1aP5DBWFFXf_21proofs_v16_arithmetic57proof_v16_adjust_u128_applies_exact_delta_or_fails_closed.out
Generating GOTO Program
Adding CPROVER library (x86_64)
Removal of function pointers and virtual functions
Generic Property Instrumentation
Running with 16 object bits, 48 offset bits (user-specified)
Starting Bounded Model Checking
aborting path on assume(false) at file /home/runner/.rustup/toolchains/nightly-2025-11-05-x86_64-unknown-linux-gnu/lib/rustlib/src/rust/library/core/src/option.rs line 1337 column 15 function std::option::Option::<u128>::ok_or::<percolator::V16Error> thread 0
aborting path on assume(false) at file /home/runner/.rustup/toolchains/nightly-2025-11-05-x86_64-unknown-linux-gnu/lib/rustlib/src/rust/library/core/src/option.rs line 1337 column 15 function std::option::Option::<u128>::ok_or::<percolator::V16Error> thread 0
aborting path on assume(false) at file tests/proofs_v16_arithmetic.rs line 0 column 0 function <std::result::Result<u128, percolator::V16Error> as std::cmp::PartialEq>::eq thread 0
aborting path on assume(false) at file tests/proofs_v16_arithmetic.rs line 0 column 0 function <std::result::Result<u128, percolator::V16Error> as std::cmp::PartialEq>::eq thread 0
Runtime Symex: 0.0221089s
size of program expression: 1775 steps
slicing removed 1080 assignments
Generated 146 VCC(s), 32 remaining after simplification
Runtime Postprocess Equation: 0.000176555s
Passing problem to propositional reduction
converting SSA
Runtime Convert SSA: 0.00322606s
Running propositional reduction
Post-processing
Runtime Post-process: 6.019e-06s
Solving with CaDiCaL 2.0.0
6346 variables, 13577 clauses
SAT checker: instance is SATISFIABLE
Runtime Solver: 0.000375863s
Runtime decision procedure: 0.0037301s
Running propositional reduction
Solving with CaDiCaL 2.0.0
6347 variables, 13578 clauses
SAT checker: instance is SATISFIABLE
Runtime Solver: 0.00071993s
Runtime decision procedure: 0.000761542s
Running propositional reduction
Solving with CaDiCaL 2.0.0
6348 variables, 13579 clauses
SAT checker: instance is SATISFIABLE
Runtime Solver: 0.000715974s
Runtime decision procedure: 0.000755422s
Running propositional reduction
Solving with CaDiCaL 2.0.0
6349 variables, 13580 clauses
SAT checker: instance is SATISFIABLE
Runtime Solver: 0.000185828s
Runtime decision procedure: 0.000224587s
Running propositional reduction
Solving with CaDiCaL 2.0.0
6350 variables, 13581 clauses
SAT checker: instance is UNSATISFIABLE
Runtime Solver: 0.0183654s
Runtime decision procedure: 0.0183913s

RESULTS:
Check 1: std::option::Option::<u128>::ok_or::<percolator::V16Error>.unreachable.1
	 - Status: SUCCESS
	 - Description: "unreachable code"
	 - Location: ../../runner/.rustup/toolchains/nightly-2025-11-05-x86_64-unknown-linux-gnu/lib/rustlib/src/rust/library/core/src/option.rs:1337:15 in function std::option::Option::<u128>::ok_or::<percolator::V16Error>

Check 2: core::num::<impl u128>::checked_sub.arithmetic_overflow.1
	 - Status: SUCCESS
	 - Description: "attempt to compute `unchecked_sub` which would overflow"
	 - Location: ../../runner/.rustup/toolchains/nightly-2025-11-05-x86_64-unknown-linux-gnu/lib/rustlib/src/rust/library/core/src/num/uint_macros.rs:800:31 in function core::num::<impl u128>::checked_sub

Check 3: percolator::v16::adjust_u128.assertion.1
	 - Status: SUCCESS
	 - Description: "attempt to subtract with overflow"
	 - Location: src/v16.rs:14802:26 in function percolator::v16::adjust_u128

Check 4: percolator::v16::adjust_u128.assertion.2
	 - Status: SUCCESS
	 - Description: "attempt to subtract with overflow"
	 - Location: src/v16.rs:14806:26 in function percolator::v16::adjust_u128

Check 5: proof_v16_adjust_u128_applies_exact_delta_or_fails_closed.cover.1
	 - Status: SATISFIED
	 - Description: "adjust_u128 proof covers positive delta"
	 - Location: tests/proofs_v16_arithmetic.rs:263:5 in function proof_v16_adjust_u128_applies_exact_delta_or_fails_closed

Check 6: proof_v16_adjust_u128_applies_exact_delta_or_fails_closed.assertion.1
	 - Status: SUCCESS
	 - Description: "attempt to subtract with overflow"
	 - Location: tests/proofs_v16_arithmetic.rs:265:22 in function proof_v16_adjust_u128_applies_exact_delta_or_fails_closed

Check 7: proof_v16_adjust_u128_applies_exact_delta_or_fails_closed.cover.2
	 - Status: SATISFIED
	 - Description: "adjust_u128 proof covers fail-closed underflow"
	 - Location: tests/proofs_v16_arithmetic.rs:264:5 in function proof_v16_adjust_u128_applies_exact_delta_or_fails_closed

Check 8: proof_v16_adjust_u128_applies_exact_delta_or_fails_closed.assertion.2
	 - Status: SUCCESS
	 - Description: "attempt to subtract with overflow"
	 - Location: tests/proofs_v16_arithmetic.rs:269:41 in function proof_v16_adjust_u128_applies_exact_delta_or_fails_closed

Check 9: proof_v16_adjust_u128_applies_exact_delta_or_fails_closed.assertion.3
	 - Status: SUCCESS
	 - Description: "attempt to add with overflow"
	 - Location: tests/proofs_v16_arithmetic.rs:269:31 in function proof_v16_adjust_u128_applies_exact_delta_or_fails_closed

Check 10: proof_v16_adjust_u128_applies_exact_delta_or_fails_closed.assertion.4
	 - Status: SUCCESS
	 - Description: "assertion failed: result == Ok(current + (new - old))"
	 - Location: tests/proofs_v16_arithmetic.rs:269:9 in function proof_v16_adjust_u128_applies_exact_delta_or_fails_closed

Check 11: proof_v16_adjust_u128_applies_exact_delta_or_fails_closed.assertion.5
	 - Status: SUCCESS
	 - Description: "attempt to subtract with overflow"
	 - Location: tests/proofs_v16_arithmetic.rs:270:15 in function proof_v16_adjust_u128_applies_exact_delta_or_fails_closed

Check 12: proof_v16_adjust_u128_applies_exact_delta_or_fails_closed.assertion.6
	 - Status: SUCCESS
	 - Description: "attempt to subtract with overflow"
	 - Location: tests/proofs_v16_arithmetic.rs:271:41 in function proof_v16_adjust_u128_applies_exact_delta_or_fails_closed

Check 13: proof_v16_adjust_u128_applies_exact_delta_or_fails_closed.assertion.7
	 - Status: SUCCESS
	 - Description: "attempt to subtract with overflow"
	 - Location: tests/proofs_v16_arithmetic.rs:271:31 in function proof_v16_adjust_u128_applies_exact_delta_or_fails_closed

Check 14: proof_v16_adjust_u128_applies_exact_delta_or_fails_closed.assertion.8
	 - Status: SUCCESS
	 - Description: "assertion failed: result == Ok(current - (old - new))"
	 - Location: tests/proofs_v16_arithmetic.rs:271:9 in function proof_v16_adjust_u128_applies_exact_delta_or_fails_closed

Check 15: proof_v16_adjust_u128_applies_exact_delta_or_fails_closed.assertion.9
	 - Status: SUCCESS
	 - Description: "assertion failed: result.is_err()"
	 - Location: tests/proofs_v16_arithmetic.rs:273:9 in function proof_v16_adjust_u128_applies_exact_delta_or_fails_closed

Check 16: core::num::<impl u128>::checked_add.arithmetic_overflow.1
	 - Status: SUCCESS
	 - Description: "attempt to compute `unchecked_add` which would overflow"
	 - Location: ../../runner/.rustup/toolchains/nightly-2025-11-05-x86_64-unknown-linux-gnu/lib/rustlib/src/rust/library/core/src/num/uint_macros.rs:646:31 in function core::num::<impl u128>::checked_add

Check 17: <std::result::Result<u128, percolator::V16Error> as std::cmp::PartialEq>::eq.unreachable.1
	 - Status: SUCCESS
	 - Description: "unreachable code"
	 - Location: tests/proofs_v16_arithmetic.rs:0:0 in function <std::result::Result<u128, percolator::V16Error> as std::cmp::PartialEq>::eq

Check 18: std::cmp::impls::<impl std::cmp::PartialEq for &u128>::eq.pointer_dereference.1
	 - Status: SUCCESS
	 - Description: "dereference failure: pointer NULL"
	 - Location: ../../runner/.rustup/toolchains/nightly-2025-11-05-x86_64-unknown-linux-gnu/lib/rustlib/src/rust/library/core/src/cmp.rs:2090:27 in function std::cmp::impls::<impl std::cmp::PartialEq for &u128>::eq

Check 19: std::cmp::impls::<impl std::cmp::PartialEq for &u128>::eq.pointer_dereference.2
	 - Status: SUCCESS
	 - Description: "dereference failure: pointer invalid"
	 - Location: ../../runner/.rustup/toolchains/nightly-2025-11-05-x86_64-unknown-linux-gnu/lib/rustlib/src/rust/library/core/src/cmp.rs:2090:27 in function std::cmp::impls::<impl std::cmp::PartialEq for &u128>::eq

Check 20: std::cmp::impls::<impl std::cmp::PartialEq for &u128>::eq.pointer_dereference.3
	 - Status: SUCCESS
	 - Description: "dereference failure: deallocated dynamic object"
	 - Location: ../../runner/.rustup/toolchains/nightly-2025-11-05-x86_64-unknown-linux-gnu/lib/rustlib/src/rust/library/core/src/cmp.rs:2090:27 in function std::cmp::impls::<impl std::cmp::PartialEq for &u128>::eq

Check 21: std::cmp::impls::<impl std::cmp::PartialEq for &u128>::eq.pointer_dereference.4
	 - Status: SUCCESS
	 - Description: "dereference failure: dead object"
	 - Location: ../../runner/.rustup/toolchains/nightly-2025-11-05-x86_64-unknown-linux-gnu/lib/rustlib/src/rust/library/core/src/cmp.rs:2090:27 in function std::cmp::impls::<impl std::cmp::PartialEq for &u128>::eq

Check 22: std::cmp::impls::<impl std::cmp::PartialEq for &u128>::eq.pointer_dereference.5
	 - Status: SUCCESS
	 - Description: "dereference failure: pointer outside object bounds"
	 - Location: ../../runner/.rustup/toolchains/nightly-2025-11-05-x86_64-unknown-linux-gnu/lib/rustlib/src/rust/library/core/src/cmp.rs:2090:27 in function std::cmp::impls::<impl std::cmp::PartialEq for &u128>::eq

Check 23: std::cmp::impls::<impl std::cmp::PartialEq for &u128>::eq.pointer_dereference.6
	 - Status: SUCCESS
	 - Description: "dereference failure: invalid integer address"
	 - Location: ../../runner/.rustup/toolchains/nightly-2025-11-05-x86_64-unknown-linux-gnu/lib/rustlib/src/rust/library/core/src/cmp.rs:2090:27 in function std::cmp::impls::<impl std::cmp::PartialEq for &u128>::eq

Check 24: std::cmp::impls::<impl std::cmp::PartialEq for &u128>::eq.pointer_dereference.7
	 - Status: SUCCESS
	 - Description: "dereference failure: pointer NULL"
	 - Location: ../../runner/.rustup/toolchains/nightly-2025-11-05-x86_64-unknown-linux-gnu/lib/rustlib/src/rust/library/core/src/cmp.rs:2090:34 in function std::cmp::impls::<impl std::cmp::PartialEq for &u128>::eq

Check 25: std::cmp::impls::<impl std::cmp::PartialEq for &u128>::eq.pointer_dereference.8
	 - Status: SUCCESS
	 - Description: "dereference failure: pointer invalid"
	 - Location: ../../runner/.rustup/toolchains/nightly-2025-11-05-x86_64-unknown-linux-gnu/lib/rustlib/src/rust/library/core/src/cmp.rs:2090:34 in function std::cmp::impls::<impl std::cmp::PartialEq for &u128>::eq

Check 26: std::cmp::impls::<impl std::cmp::PartialEq for &u128>::eq.pointer_dereference.9
	 - Status: SUCCESS
	 - Description: "dereference failure: deallocated dynamic object"
	 - Location: ../../runner/.rustup/toolchains/nightly-2025-11-05-x86_64-unknown-linux-gnu/lib/rustlib/src/rust/library/core/src/cmp.rs:2090:34 in function std::cmp::impls::<impl std::cmp::PartialEq for &u128>::eq

Check 27: std::cmp::impls::<impl std::cmp::PartialEq for &u128>::eq.pointer_dereference.10
	 - Status: SUCCESS
	 - Description: "dereference failure: dead object"
	 - Location: ../../runner/.rustup/toolchains/nightly-2025-11-05-x86_64-unknown-linux-gnu/lib/rustlib/src/rust/library/core/src/cmp.rs:2090:34 in function std::cmp::impls::<impl std::cmp::PartialEq for &u128>::eq

Check 28: std::cmp::impls::<impl std::cmp::PartialEq for &u128>::eq.pointer_dereference.11
	 - Status: SUCCESS
	 - Description: "dereference failure: pointer outside object bounds"
	 - Location: ../../runner/.rustup/toolchains/nightly-2025-11-05-x86_64-unknown-linux-gnu/lib/rustlib/src/rust/library/core/src/cmp.rs:2090:34 in function std::cmp::impls::<impl std::cmp::PartialEq for &u128>::eq

Check 29: std::cmp::impls::<impl std::cmp::PartialEq for &u128>::eq.pointer_dereference.12
	 - Status: SUCCESS
	 - Description: "dereference failure: invalid integer address"
	 - Location: ../../runner/.rustup/toolchains/nightly-2025-11-05-x86_64-unknown-linux-gnu/lib/rustlib/src/rust/library/core/src/cmp.rs:2090:34 in function std::cmp::impls::<impl std::cmp::PartialEq for &u128>::eq

Check 30: <std::result::Result<u128, percolator::V16Error> as std::cmp::PartialEq>::eq.pointer_dereference.1
	 - Status: SUCCESS
	 - Description: "dereference failure: pointer NULL"
	 - Location: ../../runner/.rustup/toolchains/nightly-2025-11-05-x86_64-unknown-linux-gnu/lib/rustlib/src/rust/library/core/src/result.rs:553:16 in function <std::result::Result<u128, percolator::V16Error> as std::cmp::PartialEq>::eq

Check 31: <std::result::Result<u128, percolator::V16Error> as std::cmp::PartialEq>::eq.pointer_dereference.2
	 - Status: SUCCESS
	 - Description: "dereference failure: pointer invalid"
	 - Location: ../../runner/.rustup/toolchains/nightly-2025-11-05-x86_64-unknown-linux-gnu/lib/rustlib/src/rust/library/core/src/result.rs:553:16 in function <std::result::Result<u128, percolator::V16Error> as std::cmp::PartialEq>::eq

Check 32: <std::result::Result<u128, percolator::V16Error> as std::cmp::PartialEq>::eq.pointer_dereference.3
	 - Status: SUCCESS
	 - Description: "dereference failure: deallocated dynamic object"
	 - Location: ../../runner/.rustup/toolchains/nightly-2025-11-05-x86_64-unknown-linux-gnu/lib/rustlib/src/rust/library/core/src/result.rs:553:16 in function <std::result::Result<u128, percolator::V16Error> as std::cmp::PartialEq>::eq

Check 33: <std::result::Result<u128, percolator::V16Error> as std::cmp::PartialEq>::eq.pointer_dereference.4
	 - Status: SUCCESS
	 - Description: "dereference failure: dead object"
	 - Location: ../../runner/.rustup/toolchains/nightly-2025-11-05-x86_64-unknown-linux-gnu/lib/rustlib/src/rust/library/core/src/result.rs:553:16 in function <std::result::Result<u128, percolator::V16Error> as std::cmp::PartialEq>::eq

Check 34: <std::result::Result<u128, percolator::V16Error> as std::cmp::PartialEq>::eq.pointer_dereference.5
	 - Status: SUCCESS
	 - Description: "dereference failure: pointer outside object bounds"
	 - Location: ../../runner/.rustup/toolchains/nightly-2025-11-05-x86_64-unknown-linux-gnu/lib/rustlib/src/rust/library/core/src/result.rs:553:16 in function <std::result::Result<u128, percolator::V16Error> as std::cmp::PartialEq>::eq

Check 35: <std::result::Result<u128, percolator::V16Error> as std::cmp::PartialEq>::eq.pointer_dereference.6
	 - Status: SUCCESS
	 - Description: "dereference failure: invalid integer address"
	 - Location: ../../runner/.rustup/toolchains/nightly-2025-11-05-x86_64-unknown-linux-gnu/lib/rustlib/src/rust/library/core/src/result.rs:553:16 in function <std::result::Result<u128, percolator::V16Error> as std::cmp::PartialEq>::eq

Check 36: <std::result::Result<u128, percolator::V16Error> as std::cmp::PartialEq>::eq.pointer_dereference.7
	 - Status: SUCCESS
	 - Description: "dereference failure: pointer NULL"
	 - Location: ../../runner/.rustup/toolchains/nightly-2025-11-05-x86_64-unknown-linux-gnu/lib/rustlib/src/rust/library/core/src/result.rs:553:16 in function <std::result::Result<u128, percolator::V16Error> as std::cmp::PartialEq>::eq

Check 37: <std::result::Result<u128, percolator::V16Error> as std::cmp::PartialEq>::eq.pointer_dereference.8
	 - Status: SUCCESS
	 - Description: "dereference failure: pointer invalid"
	 - Location: ../../runner/.rustup/toolchains/nightly-2025-11-05-x86_64-unknown-linux-gnu/lib/rustlib/src/rust/library/core/src/result.rs:553:16 in function <std::result::Result<u128, percolator::V16Error> as std::cmp::PartialEq>::eq

Check 38: <std::result::Result<u128, percolator::V16Error> as std::cmp::PartialEq>::eq.pointer_dereference.9
	 - Status: SUCCESS
	 - Description: "dereference failure: deallocated dynamic object"
	 - Location: ../../runner/.rustup/toolchains/nightly-2025-11-05-x86_64-unknown-linux-gnu/lib/rustlib/src/rust/library/core/src/result.rs:553:16 in function <std::result::Result<u128, percolator::V16Error> as std::cmp::PartialEq>::eq

Check 39: <std::result::Result<u128, percolator::V16Error> as std::cmp::PartialEq>::eq.pointer_dereference.10
	 - Status: SUCCESS
	 - Description: "dereference failure: dead object"
	 - Location: ../../runner/.rustup/toolchains/nightly-2025-11-05-x86_64-unknown-linux-gnu/lib/rustlib/src/rust/library/core/src/result.rs:553:16 in function <std::result::Result<u128, percolator::V16Error> as std::cmp::PartialEq>::eq

Check 40: <std::result::Result<u128, percolator::V16Error> as std::cmp::PartialEq>::eq.pointer_dereference.11
	 - Status: SUCCESS
	 - Description: "dereference failure: pointer outside object bounds"
	 - Location: ../../runner/.rustup/toolchains/nightly-2025-11-05-x86_64-unknown-linux-gnu/lib/rustlib/src/rust/library/core/src/result.rs:553:16 in function <std::result::Result<u128, percolator::V16Error> as std::cmp::PartialEq>::eq

Check 41: <std::result::Result<u128, percolator::V16Error> as std::cmp::PartialEq>::eq.pointer_dereference.12
	 - Status: SUCCESS
	 - Description: "dereference failure: invalid integer address"
	 - Location: ../../runner/.rustup/toolchains/nightly-2025-11-05-x86_64-unknown-linux-gnu/lib/rustlib/src/rust/library/core/src/result.rs:553:16 in function <std::result::Result<u128, percolator::V16Error> as std::cmp::PartialEq>::eq

Check 42: <std::result::Result<u128, percolator::V16Error> as std::cmp::PartialEq>::eq.pointer_dereference.13
	 - Status: SUCCESS
	 - Description: "dereference failure: pointer NULL"
	 - Location: ../../runner/.rustup/toolchains/nightly-2025-11-05-x86_64-unknown-linux-gnu/lib/rustlib/src/rust/library/core/src/result.rs:553:16 in function <std::result::Result<u128, percolator::V16Error> as std::cmp::PartialEq>::eq

Check 43: <std::result::Result<u128, percolator::V16Error> as std::cmp::PartialEq>::eq.pointer_dereference.14
	 - Status: SUCCESS
	 - Description: "dereference failure: pointer invalid"
	 - Location: ../../runner/.rustup/toolchains/nightly-2025-11-05-x86_64-unknown-linux-gnu/lib/rustlib/src/rust/library/core/src/result.rs:553:16 in function <std::result::Result<u128, percolator::V16Error> as std::cmp::PartialEq>::eq

Check 44: <std::result::Result<u128, percolator::V16Error> as std::cmp::PartialEq>::eq.pointer_dereference.15
	 - Status: SUCCESS
	 - Description: "dereference failure: deallocated dynamic object"
	 - Location: ../../runner/.rustup/toolchains/nightly-2025-11-05-x86_64-unknown-linux-gnu/lib/rustlib/src/rust/library/core/src/result.rs:553:16 in function <std::result::Result<u128, percolator::V16Error> as std::cmp::PartialEq>::eq

Check 45: <std::result::Result<u128, percolator::V16Error> as std::cmp::PartialEq>::eq.pointer_dereference.16
	 - Status: SUCCESS
	 - Description: "dereference failure: dead object"
	 - Location: ../../runner/.rustup/toolchains/nightly-2025-11-05-x86_64-unknown-linux-gnu/lib/rustlib/src/rust/library/core/src/result.rs:553:16 in function <std::result::Result<u128, percolator::V16Error> as std::cmp::PartialEq>::eq

Check 46: <std::result::Result<u128, percolator::V16Error> as std::cmp::PartialEq>::eq.pointer_dereference.17
	 - Status: SUCCESS
	 - Description: "dereference failure: pointer outside object bounds"
	 - Location: ../../runner/.rustup/toolchains/nightly-2025-11-05-x86_64-unknown-linux-gnu/lib/rustlib/src/rust/library/core/src/result.rs:553:16 in function <std::result::Result<u128, percolator::V16Error> as std::cmp::PartialEq>::eq

Check 47: <std::result::Result<u128, percolator::V16Error> as std::cmp::PartialEq>::eq.pointer_dereference.18
	 - Status: SUCCESS
	 - Description: "dereference failure: invalid integer address"
	 - Location: ../../runner/.rustup/toolchains/nightly-2025-11-05-x86_64-unknown-linux-gnu/lib/rustlib/src/rust/library/core/src/result.rs:553:16 in function <std::result::Result<u128, percolator::V16Error> as std::cmp::PartialEq>::eq

Check 48: <std::result::Result<u128, percolator::V16Error> as std::cmp::PartialEq>::eq.pointer_dereference.19
	 - Status: SUCCESS
	 - Description: "dereference failure: pointer NULL"
	 - Location: ../../runner/.rustup/toolchains/nightly-2025-11-05-x86_64-unknown-linux-gnu/lib/rustlib/src/rust/library/core/src/result.rs:553:16 in function <std::result::Result<u128, percolator::V16Error> as std::cmp::PartialEq>::eq

Check 49: <std::result::Result<u128, percolator::V16Error> as std::cmp::PartialEq>::eq.pointer_dereference.20
	 - Status: SUCCESS
	 - Description: "dereference failure: pointer invalid"
	 - Location: ../../runner/.rustup/toolchains/nightly-2025-11-05-x86_64-unknown-linux-gnu/lib/rustlib/src/rust/library/core/src/result.rs:553:16 in function <std::result::Result<u128, percolator::V16Error> as std::cmp::PartialEq>::eq

Check 50: <std::result::Result<u128, percolator::V16Error> as std::cmp::PartialEq>::eq.pointer_dereference.21
	 - Status: SUCCESS
	 - Description: "dereference failure: deallocated dynamic object"
	 - Location: ../../runner/.rustup/toolchains/nightly-2025-11-05-x86_64-unknown-linux-gnu/lib/rustlib/src/rust/library/core/src/result.rs:553:16 in function <std::result::Result<u128, percolator::V16Error> as std::cmp::PartialEq>::eq

Check 51: <std::result::Result<u128, percolator::V16Error> as std::cmp::PartialEq>::eq.pointer_dereference.22
	 - Status: SUCCESS
	 - Description: "dereference failure: dead object"
	 - Location: ../../runner/.rustup/toolchains/nightly-2025-11-05-x86_64-unknown-linux-gnu/lib/rustlib/src/rust/library/core/src/result.rs:553:16 in function <std::result::Result<u128, percolator::V16Error> as std::cmp::PartialEq>::eq

Check 52: <std::result::Result<u128, percolator::V16Error> as std::cmp::PartialEq>::eq.pointer_dereference.23
	 - Status: SUCCESS
	 - Description: "dereference failure: pointer outside object bounds"
	 - Location: ../../runner/.rustup/toolchains/nightly-2025-11-05-x86_64-unknown-linux-gnu/lib/rustlib/src/rust/library/core/src/result.rs:553:16 in function <std::result::Result<u128, percolator::V16Error> as std::cmp::PartialEq>::eq

Check 53: <std::result::Result<u128, percolator::V16Error> as std::cmp::PartialEq>::eq.pointer_dereference.24
	 - Status: SUCCESS
	 - Description: "dereference failure: invalid integer address"
	 - Location: ../../runner/.rustup/toolchains/nightly-2025-11-05-x86_64-unknown-linux-gnu/lib/rustlib/src/rust/library/core/src/result.rs:553:16 in function <std::result::Result<u128, percolator::V16Error> as std::cmp::PartialEq>::eq

Check 54: <std::result::Result<u128, percolator::V16Error> as std::cmp::PartialEq>::eq.pointer_dereference.25
	 - Status: SUCCESS
	 - Description: "dereference failure: pointer NULL"
	 - Location: ../../runner/.rustup/toolchains/nightly-2025-11-05-x86_64-unknown-linux-gnu/lib/rustlib/src/rust/library/core/src/result.rs:553:16 in function <std::result::Result<u128, percolator::V16Error> as std::cmp::PartialEq>::eq

Check 55: <std::result::Result<u128, percolator::V16Error> as std::cmp::PartialEq>::eq.pointer_dereference.26
	 - Status: SUCCESS
	 - Description: "dereference failure: pointer invalid"
	 - Location: ../../runner/.rustup/toolchains/nightly-2025-11-05-x86_64-unknown-linux-gnu/lib/rustlib/src/rust/library/core/src/result.rs:553:16 in function <std::result::Result<u128, percolator::V16Error> as std::cmp::PartialEq>::eq

Check 56: <std::result::Result<u128, percolator::V16Error> as std::cmp::PartialEq>::eq.pointer_dereference.27
	 - Status: SUCCESS
	 - Description: "dereference failure: deallocated dynamic object"
	 - Location: ../../runner/.rustup/toolchains/nightly-2025-11-05-x86_64-unknown-linux-gnu/lib/rustlib/src/rust/library/core/src/result.rs:553:16 in function <std::result::Result<u128, percolator::V16Error> as std::cmp::PartialEq>::eq

Check 57: <std::result::Result<u128, percolator::V16Error> as std::cmp::PartialEq>::eq.pointer_dereference.28
	 - Status: SUCCESS
	 - Description: "dereference failure: dead object"
	 - Location: ../../runner/.rustup/toolchains/nightly-2025-11-05-x86_64-unknown-linux-gnu/lib/rustlib/src/rust/library/core/src/result.rs:553:16 in function <std::result::Result<u128, percolator::V16Error> as std::cmp::PartialEq>::eq

Check 58: <std::result::Result<u128, percolator::V16Error> as std::cmp::PartialEq>::eq.pointer_dereference.29
	 - Status: SUCCESS
	 - Description: "dereference failure: pointer outside object bounds"
	 - Location: ../../runner/.rustup/toolchains/nightly-2025-11-05-x86_64-unknown-linux-gnu/lib/rustlib/src/rust/library/core/src/result.rs:553:16 in function <std::result::Result<u128, percolator::V16Error> as std::cmp::PartialEq>::eq

Check 59: <std::result::Result<u128, percolator::V16Error> as std::cmp::PartialEq>::eq.pointer_dereference.30
	 - Status: SUCCESS
	 - Description: "dereference failure: invalid integer address"
	 - Location: ../../runner/.rustup/toolchains/nightly-2025-11-05-x86_64-unknown-linux-gnu/lib/rustlib/src/rust/library/core/src/result.rs:553:16 in function <std::result::Result<u128, percolator::V16Error> as std::cmp::PartialEq>::eq

Check 60: std::result::Result::<u128, percolator::V16Error>::is_ok.pointer_dereference.1
	 - Status: SUCCESS
	 - Description: "dereference failure: pointer NULL"
	 - Location: ../../runner/.rustup/toolchains/nightly-2025-11-05-x86_64-unknown-linux-gnu/lib/rustlib/src/rust/library/core/src/result.rs:594:18 in function std::result::Result::<u128, percolator::V16Error>::is_ok

Check 61: std::result::Result::<u128, percolator::V16Error>::is_ok.pointer_dereference.2
	 - Status: SUCCESS
	 - Description: "dereference failure: pointer invalid"
	 - Location: ../../runner/.rustup/toolchains/nightly-2025-11-05-x86_64-unknown-linux-gnu/lib/rustlib/src/rust/library/core/src/result.rs:594:18 in function std::result::Result::<u128, percolator::V16Error>::is_ok

Check 62: std::result::Result::<u128, percolator::V16Error>::is_ok.pointer_dereference.3
	 - Status: SUCCESS
	 - Description: "dereference failure: deallocated dynamic object"
	 - Location: ../../runner/.rustup/toolchains/nightly-2025-11-05-x86_64-unknown-linux-gnu/lib/rustlib/src/rust/library/core/src/result.rs:594:18 in function std::result::Result::<u128, percolator::V16Error>::is_ok

Check 63: std::result::Result::<u128, percolator::V16Error>::is_ok.pointer_dereference.4
	 - Status: SUCCESS
	 - Description: "dereference failure: dead object"
	 - Location: ../../runner/.rustup/toolchains/nightly-2025-11-05-x86_64-unknown-linux-gnu/lib/rustlib/src/rust/library/core/src/result.rs:594:18 in function std::result::Result::<u128, percolator::V16Error>::is_ok

Check 64: std::result::Result::<u128, percolator::V16Error>::is_ok.pointer_dereference.5
	 - Status: SUCCESS
	 - Description: "dereference failure: pointer outside object bounds"
	 - Location: ../../runner/.rustup/toolchains/nightly-2025-11-05-x86_64-unknown-linux-gnu/lib/rustlib/src/rust/library/core/src/result.rs:594:18 in function std::result::Result::<u128, percolator::V16Error>::is_ok

Check 65: std::result::Result::<u128, percolator::V16Error>::is_ok.pointer_dereference.6
	 - Status: SUCCESS
	 - Description: "dereference failure: invalid integer address"
	 - Location: ../../runner/.rustup/toolchains/nightly-2025-11-05-x86_64-unknown-linux-gnu/lib/rustlib/src/rust/library/core/src/result.rs:594:18 in function std::result::Result::<u128, percolator::V16Error>::is_ok

Check 66: std::cmp::impls::<impl std::cmp::PartialEq for &percolator::V16Error>::eq.pointer_dereference.1
	 - Status: SUCCESS
	 - Description: "dereference failure: pointer NULL"
	 - Location: ../../runner/.rustup/toolchains/nightly-2025-11-05-x86_64-unknown-linux-gnu/lib/rustlib/src/rust/library/core/src/cmp.rs:2090:27 in function std::cmp::impls::<impl std::cmp::PartialEq for &percolator::V16Error>::eq

Check 67: std::cmp::impls::<impl std::cmp::PartialEq for &percolator::V16Error>::eq.pointer_dereference.2
	 - Status: SUCCESS
	 - Description: "dereference failure: pointer invalid"
	 - Location: ../../runner/.rustup/toolchains/nightly-2025-11-05-x86_64-unknown-linux-gnu/lib/rustlib/src/rust/library/core/src/cmp.rs:2090:27 in function std::cmp::impls::<impl std::cmp::PartialEq for &percolator::V16Error>::eq

Check 68: std::cmp::impls::<impl std::cmp::PartialEq for &percolator::V16Error>::eq.pointer_dereference.3
	 - Status: SUCCESS
	 - Description: "dereference failure: deallocated dynamic object"
	 - Location: ../../runner/.rustup/toolchains/nightly-2025-11-05-x86_64-unknown-linux-gnu/lib/rustlib/src/rust/library/core/src/cmp.rs:2090:27 in function std::cmp::impls::<impl std::cmp::PartialEq for &percolator::V16Error>::eq

Check 69: std::cmp::impls::<impl std::cmp::PartialEq for &percolator::V16Error>::eq.pointer_dereference.4
	 - Status: SUCCESS
	 - Description: "dereference failure: dead object"
	 - Location: ../../runner/.rustup/toolchains/nightly-2025-11-05-x86_64-unknown-linux-gnu/lib/rustlib/src/rust/library/core/src/cmp.rs:2090:27 in function std::cmp::impls::<impl std::cmp::PartialEq for &percolator::V16Error>::eq

Check 70: std::cmp::impls::<impl std::cmp::PartialEq for &percolator::V16Error>::eq.pointer_dereference.5
	 - Status: SUCCESS
	 - Description: "dereference failure: pointer outside object bounds"
	 - Location: ../../runner/.rustup/toolchains/nightly-2025-11-05-x86_64-unknown-linux-gnu/lib/rustlib/src/rust/library/core/src/cmp.rs:2090:27 in function std::cmp::impls::<impl std::cmp::PartialEq for &percolator::V16Error>::eq

Check 71: std::cmp::impls::<impl std::cmp::PartialEq for &percolator::V16Error>::eq.pointer_dereference.6
	 - Status: SUCCESS
	 - Description: "dereference failure: invalid integer address"
	 - Location: ../../runner/.rustup/toolchains/nightly-2025-11-05-x86_64-unknown-linux-gnu/lib/rustlib/src/rust/library/core/src/cmp.rs:2090:27 in function std::cmp::impls::<impl std::cmp::PartialEq for &percolator::V16Error>::eq

Check 72: std::cmp::impls::<impl std::cmp::PartialEq for &percolator::V16Error>::eq.pointer_dereference.7
	 - Status: SUCCESS
	 - Description: "dereference failure: pointer NULL"
	 - Location: ../../runner/.rustup/toolchains/nightly-2025-11-05-x86_64-unknown-linux-gnu/lib/rustlib/src/rust/library/core/src/cmp.rs:2090:34 in function std::cmp::impls::<impl std::cmp::PartialEq for &percolator::V16Error>::eq

Check 73: std::cmp::impls::<impl std::cmp::PartialEq for &percolator::V16Error>::eq.pointer_dereference.8
	 - Status: SUCCESS
	 - Description: "dereference failure: pointer invalid"
	 - Location: ../../runner/.rustup/toolchains/nightly-2025-11-05-x86_64-unknown-linux-gnu/lib/rustlib/src/rust/library/core/src/cmp.rs:2090:34 in function std::cmp::impls::<impl std::cmp::PartialEq for &percolator::V16Error>::eq

Check 74: std::cmp::impls::<impl std::cmp::PartialEq for &percolator::V16Error>::eq.pointer_dereference.9
	 - Status: SUCCESS
	 - Description: "dereference failure: deallocated dynamic object"
	 - Location: ../../runner/.rustup/toolchains/nightly-2025-11-05-x86_64-unknown-linux-gnu/lib/rustlib/src/rust/library/core/src/cmp.rs:2090:34 in function std::cmp::impls::<impl std::cmp::PartialEq for &percolator::V16Error>::eq

Check 75: std::cmp::impls::<impl std::cmp::PartialEq for &percolator::V16Error>::eq.pointer_dereference.10
	 - Status: SUCCESS
	 - Description: "dereference failure: dead object"
	 - Location: ../../runner/.rustup/toolchains/nightly-2025-11-05-x86_64-unknown-linux-gnu/lib/rustlib/src/rust/library/core/src/cmp.rs:2090:34 in function std::cmp::impls::<impl std::cmp::PartialEq for &percolator::V16Error>::eq

Check 76: std::cmp::impls::<impl std::cmp::PartialEq for &percolator::V16Error>::eq.pointer_dereference.11
	 - Status: SUCCESS
	 - Description: "dereference failure: pointer outside object bounds"
	 - Location: ../../runner/.rustup/toolchains/nightly-2025-11-05-x86_64-unknown-linux-gnu/lib/rustlib/src/rust/library/core/src/cmp.rs:2090:34 in function std::cmp::impls::<impl std::cmp::PartialEq for &percolator::V16Error>::eq

Check 77: std::cmp::impls::<impl std::cmp::PartialEq for &percolator::V16Error>::eq.pointer_dereference.12
	 - Status: SUCCESS
	 - Description: "dereference failure: invalid integer address"
	 - Location: ../../runner/.rustup/toolchains/nightly-2025-11-05-x86_64-unknown-linux-gnu/lib/rustlib/src/rust/library/core/src/cmp.rs:2090:34 in function std::cmp::impls::<impl std::cmp::PartialEq for &percolator::V16Error>::eq

Check 78: <percolator::V16Error as std::cmp::PartialEq>::eq.pointer_dereference.1
	 - Status: SUCCESS
	 - Description: "dereference failure: pointer NULL"
	 - Location: src/v16.rs:166:30 in function <percolator::V16Error as std::cmp::PartialEq>::eq

Check 79: <percolator::V16Error as std::cmp::PartialEq>::eq.pointer_dereference.2
	 - Status: SUCCESS
	 - Description: "dereference failure: pointer invalid"
	 - Location: src/v16.rs:166:30 in function <percolator::V16Error as std::cmp::PartialEq>::eq

Check 80: <percolator::V16Error as std::cmp::PartialEq>::eq.pointer_dereference.3
	 - Status: SUCCESS
	 - Description: "dereference failure: deallocated dynamic object"
	 - Location: src/v16.rs:166:30 in function <percolator::V16Error as std::cmp::PartialEq>::eq

Check 81: <percolator::V16Error as std::cmp::PartialEq>::eq.pointer_dereference.4
	 - Status: SUCCESS
	 - Description: "dereference failure: dead object"
	 - Location: src/v16.rs:166:30 in function <percolator::V16Error as std::cmp::PartialEq>::eq

Check 82: <percolator::V16Error as std::cmp::PartialEq>::eq.pointer_dereference.5
	 - Status: SUCCESS
	 - Description: "dereference failure: pointer outside object bounds"
	 - Location: src/v16.rs:166:30 in function <percolator::V16Error as std::cmp::PartialEq>::eq

Check 83: <percolator::V16Error as std::cmp::PartialEq>::eq.pointer_dereference.6
	 - Status: SUCCESS
	 - Description: "dereference failure: invalid integer address"
	 - Location: src/v16.rs:166:30 in function <percolator::V16Error as std::cmp::PartialEq>::eq

Check 84: <percolator::V16Error as std::cmp::PartialEq>::eq.pointer_dereference.7
	 - Status: SUCCESS
	 - Description: "dereference failure: pointer NULL"
	 - Location: src/v16.rs:166:30 in function <percolator::V16Error as std::cmp::PartialEq>::eq

Check 85: <percolator::V16Error as std::cmp::PartialEq>::eq.pointer_dereference.8
	 - Status: SUCCESS
	 - Description: "dereference failure: pointer invalid"
	 - Location: src/v16.rs:166:30 in function <percolator::V16Error as std::cmp::PartialEq>::eq

Check 86: <percolator::V16Error as std::cmp::PartialEq>::eq.pointer_dereference.9
	 - Status: SUCCESS
	 - Description: "dereference failure: deallocated dynamic object"
	 - Location: src/v16.rs:166:30 in function <percolator::V16Error as std::cmp::PartialEq>::eq

Check 87: <percolator::V16Error as std::cmp::PartialEq>::eq.pointer_dereference.10
	 - Status: SUCCESS
	 - Description: "dereference failure: dead object"
	 - Location: src/v16.rs:166:30 in function <percolator::V16Error as std::cmp::PartialEq>::eq

Check 88: <percolator::V16Error as std::cmp::PartialEq>::eq.pointer_dereference.11
	 - Status: SUCCESS
	 - Description: "dereference failure: pointer outside object bounds"
	 - Location: src/v16.rs:166:30 in function <percolator::V16Error as std::cmp::PartialEq>::eq

Check 89: <percolator::V16Error as std::cmp::PartialEq>::eq.pointer_dereference.12
	 - Status: SUCCESS
	 - Description: "dereference failure: invalid integer address"
	 - Location: src/v16.rs:166:30 in function <percolator::V16Error as std::cmp::PartialEq>::eq

Check 90: std::cmp::impls::<impl std::cmp::PartialEq for u128>::eq.pointer_dereference.1
	 - Status: SUCCESS
	 - Description: "dereference failure: pointer NULL"
	 - Location: ../../runner/.rustup/toolchains/nightly-2025-11-05-x86_64-unknown-linux-gnu/lib/rustlib/src/rust/library/core/src/cmp.rs:1865:54 in function std::cmp::impls::<impl std::cmp::PartialEq for u128>::eq

Check 91: std::cmp::impls::<impl std::cmp::PartialEq for u128>::eq.pointer_dereference.2
	 - Status: SUCCESS
	 - Description: "dereference failure: pointer invalid"
	 - Location: ../../runner/.rustup/toolchains/nightly-2025-11-05-x86_64-unknown-linux-gnu/lib/rustlib/src/rust/library/core/src/cmp.rs:1865:54 in function std::cmp::impls::<impl std::cmp::PartialEq for u128>::eq

Check 92: std::cmp::impls::<impl std::cmp::PartialEq for u128>::eq.pointer_dereference.3
	 - Status: SUCCESS
	 - Description: "dereference failure: deallocated dynamic object"
	 - Location: ../../runner/.rustup/toolchains/nightly-2025-11-05-x86_64-unknown-linux-gnu/lib/rustlib/src/rust/library/core/src/cmp.rs:1865:54 in function std::cmp::impls::<impl std::cmp::PartialEq for u128>::eq

Check 93: std::cmp::impls::<impl std::cmp::PartialEq for u128>::eq.pointer_dereference.4
	 - Status: SUCCESS
	 - Description: "dereference failure: dead object"
	 - Location: ../../runner/.rustup/toolchains/nightly-2025-11-05-x86_64-unknown-linux-gnu/lib/rustlib/src/rust/library/core/src/cmp.rs:1865:54 in function std::cmp::impls::<impl std::cmp::PartialEq for u128>::eq

Check 94: std::cmp::impls::<impl std::cmp::PartialEq for u128>::eq.pointer_dereference.5
	 - Status: SUCCESS
	 - Description: "dereference failure: pointer outside object bounds"
	 - Location: ../../runner/.rustup/toolchains/nightly-2025-11-05-x86_64-unknown-linux-gnu/lib/rustlib/src/rust/library/core/src/cmp.rs:1865:54 in function std::cmp::impls::<impl std::cmp::PartialEq for u128>::eq

Check 95: std::cmp::impls::<impl std::cmp::PartialEq for u128>::eq.pointer_dereference.6
	 - Status: SUCCESS
	 - Description: "dereference failure: invalid integer address"
	 - Location: ../../runner/.rustup/toolchains/nightly-2025-11-05-x86_64-unknown-linux-gnu/lib/rustlib/src/rust/library/core/src/cmp.rs:1865:54 in function std::cmp::impls::<impl std::cmp::PartialEq for u128>::eq

Check 96: std::cmp::impls::<impl std::cmp::PartialEq for u128>::eq.pointer_dereference.7
	 - Status: SUCCESS
	 - Description: "dereference failure: pointer NULL"
	 - Location: ../../runner/.rustup/toolchains/nightly-2025-11-05-x86_64-unknown-linux-gnu/lib/rustlib/src/rust/library/core/src/cmp.rs:1865:63 in function std::cmp::impls::<impl std::cmp::PartialEq for u128>::eq

Check 97: std::cmp::impls::<impl std::cmp::PartialEq for u128>::eq.pointer_dereference.8
	 - Status: SUCCESS
	 - Description: "dereference failure: pointer invalid"
	 - Location: ../../runner/.rustup/toolchains/nightly-2025-11-05-x86_64-unknown-linux-gnu/lib/rustlib/src/rust/library/core/src/cmp.rs:1865:63 in function std::cmp::impls::<impl std::cmp::PartialEq for u128>::eq

Check 98: std::cmp::impls::<impl std::cmp::PartialEq for u128>::eq.pointer_dereference.9
	 - Status: SUCCESS
	 - Description: "dereference failure: deallocated dynamic object"
	 - Location: ../../runner/.rustup/toolchains/nightly-2025-11-05-x86_64-unknown-linux-gnu/lib/rustlib/src/rust/library/core/src/cmp.rs:1865:63 in function std::cmp::impls::<impl std::cmp::PartialEq for u128>::eq

Check 99: std::cmp::impls::<impl std::cmp::PartialEq for u128>::eq.pointer_dereference.10
	 - Status: SUCCESS
	 - Description: "dereference failure: dead object"
	 - Location: ../../runner/.rustup/toolchains/nightly-2025-11-05-x86_64-unknown-linux-gnu/lib/rustlib/src/rust/library/core/src/cmp.rs:1865:63 in function std::cmp::impls::<impl std::cmp::PartialEq for u128>::eq

Check 100: std::cmp::impls::<impl std::cmp::PartialEq for u128>::eq.pointer_dereference.11
	 - Status: SUCCESS
	 - Description: "dereference failure: pointer outside object bounds"
	 - Location: ../../runner/.rustup/toolchains/nightly-2025-11-05-x86_64-unknown-linux-gnu/lib/rustlib/src/rust/library/core/src/cmp.rs:1865:63 in function std::cmp::impls::<impl std::cmp::PartialEq for u128>::eq

Check 101: std::cmp::impls::<impl std::cmp::PartialEq for u128>::eq.pointer_dereference.12
	 - Status: SUCCESS
	 - Description: "dereference failure: invalid integer address"
	 - Location: ../../runner/.rustup/toolchains/nightly-2025-11-05-x86_64-unknown-linux-gnu/lib/rustlib/src/rust/library/core/src/cmp.rs:1865:63 in function std::cmp::impls::<impl std::cmp::PartialEq for u128>::eq


SUMMARY:
 ** 0 of 99 failed

 ** 2 of 2 cover properties satisfied


VERIFICATION:- SUCCESSFUL
Verification Time: 0.10223448s

Manual Harness Summary:
Complete - 2 successfully verified harnesses, 0 failures, 2 total.
