Kani Rust Verifier 0.66.0 (cargo plugin)
   Compiling percolator v0.1.1 (/home/anatoly/percolator)
warning: variable does not need to be mutable
     --> src/v16.rs:11500:13
      |
11500 |         let mut ledger = account.header.close_progress.try_to_runtime()?;
      |             ----^^^^^^
      |             |
      |             help: remove this `mut`
      |
      = note: `#[warn(unused_mut)]` (part of `#[warn(unused)]`) on by default

    Finished `test` profile [unoptimized + debuginfo] target(s) in 0.93s
   Compiling percolator v0.1.1 (/home/anatoly/percolator)
warning: variable does not need to be mutable
     --> src/v16.rs:11500:13
      |
11500 |         let mut ledger = account.header.close_progress.try_to_runtime()?;
      |             ----^^^^^^
      |             |
      |             help: remove this `mut`
      |
      = note: `#[warn(unused_mut)]` (part of `#[warn(unused)]`) on by default

    Finished `test` profile [unoptimized + debuginfo] target(s) in 1.06s
   Compiling percolator v0.1.1 (/home/anatoly/percolator)
warning: variable does not need to be mutable
     --> src/v16.rs:11500:13
      |
11500 |         let mut ledger = account.header.close_progress.try_to_runtime()?;
      |             ----^^^^^^
      |             |
      |             help: remove this `mut`
      |
      = note: `#[warn(unused_mut)]` (part of `#[warn(unused)]`) on by default

warning: unused imports: `MarketGroupV16View` and `TradeRequestV16`
  --> tests/proofs_v16.rs:22:42
   |
22 |     Market, MarketGroupV16HeaderAccount, MarketGroupV16View, MarketGroupV16ViewMut,
   |                                          ^^^^^^^^^^^^^^^^^^
...
31 |     TradeRequestV16,
   |     ^^^^^^^^^^^^^^^
   |
   = note: `#[warn(unused_imports)]` (part of `#[warn(unused)]`) on by default

warning: Found the following unsupported constructs:
             - caller_location (1)
             - foreign function (1)
         
         Verification will fail if one or more of these constructs is reachable.
         See https://model-checking.github.io/kani/rust-feature-support.html for more details.

    Finished `test` profile [unoptimized + debuginfo] target(s) in 1.03s
   Compiling percolator v0.1.1 (/home/anatoly/percolator)
warning: variable does not need to be mutable
     --> src/v16.rs:11500:13
      |
11500 |         let mut ledger = account.header.close_progress.try_to_runtime()?;
      |             ----^^^^^^
      |             |
      |             help: remove this `mut`
      |
      = note: `#[warn(unused_mut)]` (part of `#[warn(unused)]`) on by default

    Finished `test` profile [unoptimized + debuginfo] target(s) in 0.06s
   Compiling percolator v0.1.1 (/home/anatoly/percolator)
warning: variable does not need to be mutable
     --> src/v16.rs:11500:13
      |
11500 |         let mut ledger = account.header.close_progress.try_to_runtime()?;
      |             ----^^^^^^
      |             |
      |             help: remove this `mut`
      |
      = note: `#[warn(unused_mut)]` (part of `#[warn(unused)]`) on by default

    Finished `test` profile [unoptimized + debuginfo] target(s) in 0.07s
   Compiling percolator v0.1.1 (/home/anatoly/percolator)
warning: variable does not need to be mutable
     --> src/v16.rs:11500:13
      |
11500 |         let mut ledger = account.header.close_progress.try_to_runtime()?;
      |             ----^^^^^^
      |             |
      |             help: remove this `mut`
      |
      = note: `#[warn(unused_mut)]` (part of `#[warn(unused)]`) on by default

    Finished `test` profile [unoptimized + debuginfo] target(s) in 0.08s
   Compiling percolator v0.1.1 (/home/anatoly/percolator)
warning: variable does not need to be mutable
     --> src/v16.rs:11500:13
      |
11500 |         let mut ledger = account.header.close_progress.try_to_runtime()?;
      |             ----^^^^^^
      |             |
      |             help: remove this `mut`
      |
      = note: `#[warn(unused_mut)]` (part of `#[warn(unused)]`) on by default

    Finished `test` profile [unoptimized + debuginfo] target(s) in 0.07s
   Compilingwarning: variable does not need to be mutable
     --> src/v16.rs:11500:13
      |
11500 |         let mut ledger = account.header.close_progress.try_to_runtime()?;
      |             ----^^^^^^
      |             |
      |             help: remove this `mut`
      |
      = note: `#[warn(unused_mut)]` (part of `#[warn(unused)]`) on by default

 percolator v0.1.1 (/home/anatoly/percolator)
    Finished `test` profile [unoptimized + debuginfo] target(s) in 0.13s
Checking harness proof_v16_active_bitmap_set_get_count_is_exact_and_bounds_checked...
CBMC 6.8.0 (cbmc-6.8.0)
CBMC version 6.8.0 (cbmc-6.8.0) 64-bit x86_64 linux
Reading GOTO program from file /home/anatoly/percolator/target/kani-verify/kani/x86_64-unknown-linux-gnu/debug/deps/proofs_v16-3b41a53ce0ce5864__RNvCs35DYgTG8RvC_10proofs_v1665proof_v16_active_bitmap_set_get_count_is_exact_and_bounds_checked.out
Generating GOTO Program
Adding CPROVER library (x86_64)
Removal of function pointers and virtual functions
Generic Property Instrumentation
Running with 16 object bits, 48 offset bits (user-specified)
Starting Bounded Model Checking
aborting path on assume(false) at file /home/runner/.rustup/toolchains/nightly-2025-11-05-x86_64-unknown-linux-gnu/lib/rustlib/src/rust/library/core/src/result.rs line 1231 column 15 function std::result::Result::<(), percolator::V16Error>::unwrap thread 0
aborting path on assume(false) at file /home/runner/.rustup/toolchains/nightly-2025-11-05-x86_64-unknown-linux-gnu/lib/rustlib/src/rust/library/core/src/result.rs line 1862 column 5 function std::result::unwrap_failed thread 0
aborting path on assume(false) at file /home/runner/.rustup/toolchains/nightly-2025-11-05-x86_64-unknown-linux-gnu/lib/rustlib/src/rust/library/core/src/result.rs line 1233 column 23 function std::result::Result::<(), percolator::V16Error>::unwrap thread 0
Unwinding loop _RNvNtCs4R3y7dmBGud_10percolator3v1624active_bitmap_count_onesCs35DYgTG8RvC_10proofs_v16.0 iteration 1 file /home/anatoly/percolator/src/v16.rs line 327 column 5 function percolator::active_bitmap_count_ones thread 0
Unwinding loop _RNvNtCs4R3y7dmBGud_10percolator3v1624active_bitmap_count_onesCs35DYgTG8RvC_10proofs_v16.0 iteration 1 file /home/anatoly/percolator/src/v16.rs line 327 column 5 function percolator::active_bitmap_count_ones thread 0
Unwinding loop _RNvNtCs4R3y7dmBGud_10percolator3v1622active_bitmap_is_emptyCs35DYgTG8RvC_10proofs_v16.0 iteration 1 file /home/anatoly/percolator/src/v16.rs line 192 column 5 function percolator::active_bitmap_is_empty thread 0
Unwinding loop _RNvNtCs4R3y7dmBGud_10percolator3v1622active_bitmap_is_emptyCs35DYgTG8RvC_10proofs_v16.0 iteration 1 file /home/anatoly/percolator/src/v16.rs line 192 column 5 function percolator::active_bitmap_is_empty thread 0
aborting path on assume(false) at file tests/proofs_v16.rs line 168 column 1 function proof_v16_active_bitmap_set_get_count_is_exact_and_bounds_checked thread 0
Runtime Symex: 0.0350196s
size of program expression: 3748 steps
slicing removed 2087 assignments
Generated 147 VCC(s), 82 remaining after simplification
Runtime Postprocess Equation: 0.000297547s
Passing problem to propositional reduction
converting SSA
Runtime Convert SSA: 0.0134091s
Running propositional reduction
Post-processing
Runtime Post-process: 4.707e-06s
Solving with CaDiCaL 2.0.0
30573 variables, 89915 clauses
SAT checker: instance is SATISFIABLE
Runtime Solver: 0.00118278s
Runtime decision procedure: 0.0150035s
Running propositional reduction
Solving with CaDiCaL 2.0.0
30574 variables, 89916 clauses
SAT checker: instance is SATISFIABLE
Runtime Solver: 0.00272577s
Runtime decision procedure: 0.00286216s
Running propositional reduction
Solving with CaDiCaL 2.0.0
30575 variables, 89917 clauses
SAT checker: instance is SATISFIABLE
Runtime Solver: 0.000745248s
Runtime decision procedure: 0.000857185s
Running propositional reduction
Solving with CaDiCaL 2.0.0
30576 variables, 89918 clauses
SAT checker: instance is SATISFIABLE
Runtime Solver: 0.0219444s
Runtime decision procedure: 0.022053s
Running propositional reduction
Solving with CaDiCaL 2.0.0
30577 variables, 89919 clauses
SAT checker: instance is UNSATISFIABLE
Runtime Solver: 0.000468092s
Runtime decision procedure: 0.00053353s

RESULTS:
Check 1: percolator::active_bitmap_count_ones.assertion.1
	 - Status: SUCCESS
	 - Description: "index out of bounds: the length is less than or equal to the given index"
	 - Location: src/v16.rs:328:38 in function percolator::active_bitmap_count_ones

Check 2: percolator::active_bitmap_count_ones.assertion.2
	 - Status: SUCCESS
	 - Description: "attempt to add with overflow"
	 - Location: src/v16.rs:329:9 in function percolator::active_bitmap_count_ones

Check 3: percolator::active_bitmap_is_empty.assertion.1
	 - Status: SUCCESS
	 - Description: "index out of bounds: the length is less than or equal to the given index"
	 - Location: src/v16.rs:193:12 in function percolator::active_bitmap_is_empty

Check 4: percolator::active_bitmap_is_empty.assertion.2
	 - Status: SUCCESS
	 - Description: "attempt to add with overflow"
	 - Location: src/v16.rs:196:9 in function percolator::active_bitmap_is_empty

Check 5: std::result::unwrap_failed.assertion.1
	 - Status: SUCCESS
	 - Description: "This is a placeholder message; Kani doesn't support message formatted at runtime"
	 - Location: ../../runner/.rustup/toolchains/nightly-2025-11-05-x86_64-unknown-linux-gnu/lib/rustlib/src/rust/library/core/src/result.rs:1862:5 in function std::result::unwrap_failed

Check 6: std::result::Result::<(), percolator::V16Error>::unwrap.unreachable.1
	 - Status: SUCCESS
	 - Description: "unreachable code"
	 - Location: ../../runner/.rustup/toolchains/nightly-2025-11-05-x86_64-unknown-linux-gnu/lib/rustlib/src/rust/library/core/src/result.rs:1231:15 in function std::result::Result::<(), percolator::V16Error>::unwrap

Check 7: proof_v16_active_bitmap_set_get_count_is_exact_and_bounds_checked.assertion.1
	 - Status: SUCCESS
	 - Description: "attempt to add with overflow"
	 - Location: tests/proofs_v16.rs:172:41 in function proof_v16_active_bitmap_set_get_count_is_exact_and_bounds_checked

Check 8: proof_v16_active_bitmap_set_get_count_is_exact_and_bounds_checked.assertion.2
	 - Status: SUCCESS
	 - Description: "index out of bounds: the length is less than or equal to the given index"
	 - Location: tests/proofs_v16.rs:180:24 in function proof_v16_active_bitmap_set_get_count_is_exact_and_bounds_checked

Check 9: proof_v16_active_bitmap_set_get_count_is_exact_and_bounds_checked.cover.1
	 - Status: SATISFIED
	 - Description: "in-bounds unset active leg can be recorded"
	 - Location: tests/proofs_v16.rs:186:5 in function proof_v16_active_bitmap_set_get_count_is_exact_and_bounds_checked

Check 10: proof_v16_active_bitmap_set_get_count_is_exact_and_bounds_checked.cover.2
	 - Status: SATISFIED
	 - Description: "in-bounds already-active leg set is idempotent"
	 - Location: tests/proofs_v16.rs:190:5 in function proof_v16_active_bitmap_set_get_count_is_exact_and_bounds_checked

Check 11: proof_v16_active_bitmap_set_get_count_is_exact_and_bounds_checked.cover.3
	 - Status: SATISFIED
	 - Description: "out-of-bounds active leg set fails closed"
	 - Location: tests/proofs_v16.rs:194:5 in function proof_v16_active_bitmap_set_get_count_is_exact_and_bounds_checked

Check 12: proof_v16_active_bitmap_set_get_count_is_exact_and_bounds_checked.assertion.3
	 - Status: SUCCESS
	 - Description: "assertion failed: V16_ACTIVE_BITMAP_WORDS == 1"
	 - Location: tests/proofs_v16.rs:198:5 in function proof_v16_active_bitmap_set_get_count_is_exact_and_bounds_checked

Check 13: proof_v16_active_bitmap_set_get_count_is_exact_and_bounds_checked.assertion.4
	 - Status: SUCCESS
	 - Description: "assertion failed: active_bitmap_is_empty(V16_EMPTY_ACTIVE_BITMAP)"
	 - Location: tests/proofs_v16.rs:199:5 in function proof_v16_active_bitmap_set_get_count_is_exact_and_bounds_checked

Check 14: proof_v16_active_bitmap_set_get_count_is_exact_and_bounds_checked.assertion.5
	 - Status: SUCCESS
	 - Description: "assertion failed: result.is_ok()"
	 - Location: tests/proofs_v16.rs:202:9 in function proof_v16_active_bitmap_set_get_count_is_exact_and_bounds_checked

Check 15: proof_v16_active_bitmap_set_get_count_is_exact_and_bounds_checked.assertion.6
	 - Status: SUCCESS
	 - Description: "assertion failed: active_bitmap_get(bitmap, slot)"
	 - Location: tests/proofs_v16.rs:203:9 in function proof_v16_active_bitmap_set_get_count_is_exact_and_bounds_checked

Check 16: proof_v16_active_bitmap_set_get_count_is_exact_and_bounds_checked.assertion.7
	 - Status: SUCCESS
	 - Description: "assertion failed: !active_bitmap_is_empty(bitmap)"
	 - Location: tests/proofs_v16.rs:204:9 in function proof_v16_active_bitmap_set_get_count_is_exact_and_bounds_checked

Check 17: proof_v16_active_bitmap_set_get_count_is_exact_and_bounds_checked.assertion.8
	 - Status: SUCCESS
	 - Description: "index out of bounds: the length is less than or equal to the given index"
	 - Location: tests/proofs_v16.rs:205:20 in function proof_v16_active_bitmap_set_get_count_is_exact_and_bounds_checked

Check 18: proof_v16_active_bitmap_set_get_count_is_exact_and_bounds_checked.assertion.9
	 - Status: SUCCESS
	 - Description: "attempt to shift left with overflow"
	 - Location: tests/proofs_v16.rs:205:46 in function proof_v16_active_bitmap_set_get_count_is_exact_and_bounds_checked

Check 19: proof_v16_active_bitmap_set_get_count_is_exact_and_bounds_checked.assertion.10
	 - Status: SUCCESS
	 - Description: "assertion failed: bitmap[0] == before_word0 | (1u64 << slot)"
	 - Location: tests/proofs_v16.rs:205:9 in function proof_v16_active_bitmap_set_get_count_is_exact_and_bounds_checked

Check 20: proof_v16_active_bitmap_set_get_count_is_exact_and_bounds_checked.assertion.11
	 - Status: SUCCESS
	 - Description: "assertion failed: after_count == before_count"
	 - Location: tests/proofs_v16.rs:207:13 in function proof_v16_active_bitmap_set_get_count_is_exact_and_bounds_checked

Check 21: proof_v16_active_bitmap_set_get_count_is_exact_and_bounds_checked.assertion.12
	 - Status: SUCCESS
	 - Description: "attempt to add with overflow"
	 - Location: tests/proofs_v16.rs:209:37 in function proof_v16_active_bitmap_set_get_count_is_exact_and_bounds_checked

Check 22: proof_v16_active_bitmap_set_get_count_is_exact_and_bounds_checked.assertion.13
	 - Status: SUCCESS
	 - Description: "assertion failed: after_count == before_count + 1"
	 - Location: tests/proofs_v16.rs:209:13 in function proof_v16_active_bitmap_set_get_count_is_exact_and_bounds_checked

Check 23: proof_v16_active_bitmap_set_get_count_is_exact_and_bounds_checked.unreachable.1
	 - Status: SUCCESS
	 - Description: "unreachable code"
	 - Location: tests/proofs_v16.rs:168:1 in function proof_v16_active_bitmap_set_get_count_is_exact_and_bounds_checked

Check 24: proof_v16_active_bitmap_set_get_count_is_exact_and_bounds_checked.assertion.14
	 - Status: SUCCESS
	 - Description: "assertion failed: matches!(result, Err(V16Error::InvalidConfig))"
	 - Location: tests/proofs_v16.rs:212:9 in function proof_v16_active_bitmap_set_get_count_is_exact_and_bounds_checked

Check 25: proof_v16_active_bitmap_set_get_count_is_exact_and_bounds_checked.assertion.15
	 - Status: SUCCESS
	 - Description: "index out of bounds: the length is less than or equal to the given index"
	 - Location: tests/proofs_v16.rs:213:20 in function proof_v16_active_bitmap_set_get_count_is_exact_and_bounds_checked

Check 26: proof_v16_active_bitmap_set_get_count_is_exact_and_bounds_checked.assertion.16
	 - Status: SUCCESS
	 - Description: "assertion failed: bitmap[0] == before_word0"
	 - Location: tests/proofs_v16.rs:213:9 in function proof_v16_active_bitmap_set_get_count_is_exact_and_bounds_checked

Check 27: proof_v16_active_bitmap_set_get_count_is_exact_and_bounds_checked.assertion.17
	 - Status: SUCCESS
	 - Description: "assertion failed: !active_bitmap_get(bitmap, slot)"
	 - Location: tests/proofs_v16.rs:214:9 in function proof_v16_active_bitmap_set_get_count_is_exact_and_bounds_checked

Check 28: proof_v16_active_bitmap_set_get_count_is_exact_and_bounds_checked.assertion.18
	 - Status: SUCCESS
	 - Description: "assertion failed: after_count == before_count"
	 - Location: tests/proofs_v16.rs:215:9 in function proof_v16_active_bitmap_set_get_count_is_exact_and_bounds_checked

Check 29: percolator::active_bitmap_get.assertion.1
	 - Status: SUCCESS
	 - Description: "attempt to divide by zero"
	 - Location: src/v16.rs:206:16 in function percolator::active_bitmap_get

Check 30: percolator::active_bitmap_get.arithmetic_overflow.1
	 - Status: SUCCESS
	 - Description: "attempt to divide by zero"
	 - Location: src/v16.rs:206:16 in function percolator::active_bitmap_get

Check 31: percolator::active_bitmap_get.assertion.2
	 - Status: SUCCESS
	 - Description: "attempt to calculate the remainder with a divisor of zero"
	 - Location: src/v16.rs:207:15 in function percolator::active_bitmap_get

Check 32: percolator::active_bitmap_get.arithmetic_overflow.2
	 - Status: SUCCESS
	 - Description: "attempt to calculate the remainder with a divisor of zero"
	 - Location: src/v16.rs:207:15 in function percolator::active_bitmap_get

Check 33: percolator::active_bitmap_get.assertion.3
	 - Status: SUCCESS
	 - Description: "index out of bounds: the length is less than or equal to the given index"
	 - Location: src/v16.rs:208:7 in function percolator::active_bitmap_get

Check 34: percolator::active_bitmap_get.assertion.4
	 - Status: SUCCESS
	 - Description: "attempt to shift right with overflow"
	 - Location: src/v16.rs:208:6 in function percolator::active_bitmap_get

Check 35: percolator::v16::active_bitmap_set.assertion.1
	 - Status: SUCCESS
	 - Description: "attempt to divide by zero"
	 - Location: src/v16.rs:216:16 in function percolator::v16::active_bitmap_set

Check 36: percolator::v16::active_bitmap_set.arithmetic_overflow.1
	 - Status: SUCCESS
	 - Description: "attempt to divide by zero"
	 - Location: src/v16.rs:216:16 in function percolator::v16::active_bitmap_set

Check 37: percolator::v16::active_bitmap_set.assertion.2
	 - Status: SUCCESS
	 - Description: "attempt to calculate the remainder with a divisor of zero"
	 - Location: src/v16.rs:217:15 in function percolator::v16::active_bitmap_set

Check 38: percolator::v16::active_bitmap_set.arithmetic_overflow.2
	 - Status: SUCCESS
	 - Description: "attempt to calculate the remainder with a divisor of zero"
	 - Location: src/v16.rs:217:15 in function percolator::v16::active_bitmap_set

Check 39: percolator::v16::active_bitmap_set.assertion.3
	 - Status: SUCCESS
	 - Description: "attempt to shift left with overflow"
	 - Location: src/v16.rs:218:21 in function percolator::v16::active_bitmap_set

Check 40: percolator::v16::active_bitmap_set.assertion.4
	 - Status: SUCCESS
	 - Description: "index out of bounds: the length is less than or equal to the given index"
	 - Location: src/v16.rs:218:5 in function percolator::v16::active_bitmap_set

Check 41: core::fmt::rt::<impl std::fmt::Arguments<'_>>::new_v1::<2, 2>.pointer_dereference.1
	 - Status: SUCCESS
	 - Description: "dereference failure: dead object"
	 - Location: ../../runner/.rustup/toolchains/nightly-2025-11-05-x86_64-unknown-linux-gnu/lib/rustlib/src/rust/library/core/src/fmt/rt.rs:214:34 in function core::fmt::rt::<impl std::fmt::Arguments<'_>>::new_v1::<2, 2>

Check 42: std::result::Result::<(), percolator::V16Error>::is_ok.pointer_dereference.1
	 - Status: SUCCESS
	 - Description: "dereference failure: pointer NULL"
	 - Location: ../../runner/.rustup/toolchains/nightly-2025-11-05-x86_64-unknown-linux-gnu/lib/rustlib/src/rust/library/core/src/result.rs:594:18 in function std::result::Result::<(), percolator::V16Error>::is_ok

Check 43: std::result::Result::<(), percolator::V16Error>::is_ok.pointer_dereference.2
	 - Status: SUCCESS
	 - Description: "dereference failure: pointer invalid"
	 - Location: ../../runner/.rustup/toolchains/nightly-2025-11-05-x86_64-unknown-linux-gnu/lib/rustlib/src/rust/library/core/src/result.rs:594:18 in function std::result::Result::<(), percolator::V16Error>::is_ok

Check 44: std::result::Result::<(), percolator::V16Error>::is_ok.pointer_dereference.3
	 - Status: SUCCESS
	 - Description: "dereference failure: deallocated dynamic object"
	 - Location: ../../runner/.rustup/toolchains/nightly-2025-11-05-x86_64-unknown-linux-gnu/lib/rustlib/src/rust/library/core/src/result.rs:594:18 in function std::result::Result::<(), percolator::V16Error>::is_ok

Check 45: std::result::Result::<(), percolator::V16Error>::is_ok.pointer_dereference.4
	 - Status: SUCCESS
	 - Description: "dereference failure: dead object"
	 - Location: ../../runner/.rustup/toolchains/nightly-2025-11-05-x86_64-unknown-linux-gnu/lib/rustlib/src/rust/library/core/src/result.rs:594:18 in function std::result::Result::<(), percolator::V16Error>::is_ok

Check 46: std::result::Result::<(), percolator::V16Error>::is_ok.pointer_dereference.5
	 - Status: SUCCESS
	 - Description: "dereference failure: pointer outside object bounds"
	 - Location: ../../runner/.rustup/toolchains/nightly-2025-11-05-x86_64-unknown-linux-gnu/lib/rustlib/src/rust/library/core/src/result.rs:594:18 in function std::result::Result::<(), percolator::V16Error>::is_ok

Check 47: std::result::Result::<(), percolator::V16Error>::is_ok.pointer_dereference.6
	 - Status: SUCCESS
	 - Description: "dereference failure: invalid integer address"
	 - Location: ../../runner/.rustup/toolchains/nightly-2025-11-05-x86_64-unknown-linux-gnu/lib/rustlib/src/rust/library/core/src/result.rs:594:18 in function std::result::Result::<(), percolator::V16Error>::is_ok

Check 48: percolator::v16::active_bitmap_set.pointer_dereference.1
	 - Status: SUCCESS
	 - Description: "dereference failure: pointer NULL"
	 - Location: src/v16.rs:218:5 in function percolator::v16::active_bitmap_set

Check 49: percolator::v16::active_bitmap_set.pointer_dereference.2
	 - Status: SUCCESS
	 - Description: "dereference failure: pointer invalid"
	 - Location: src/v16.rs:218:5 in function percolator::v16::active_bitmap_set

Check 50: percolator::v16::active_bitmap_set.pointer_dereference.3
	 - Status: SUCCESS
	 - Description: "dereference failure: deallocated dynamic object"
	 - Location: src/v16.rs:218:5 in function percolator::v16::active_bitmap_set

Check 51: percolator::v16::active_bitmap_set.pointer_dereference.4
	 - Status: SUCCESS
	 - Description: "dereference failure: dead object"
	 - Location: src/v16.rs:218:5 in function percolator::v16::active_bitmap_set

Check 52: percolator::v16::active_bitmap_set.pointer_dereference.5
	 - Status: SUCCESS
	 - Description: "dereference failure: pointer outside object bounds"
	 - Location: src/v16.rs:218:5 in function percolator::v16::active_bitmap_set

Check 53: percolator::v16::active_bitmap_set.pointer_dereference.6
	 - Status: SUCCESS
	 - Description: "dereference failure: invalid integer address"
	 - Location: src/v16.rs:218:5 in function percolator::v16::active_bitmap_set

Check 54: percolator::v16::active_bitmap_set.array_bounds.1
	 - Status: SUCCESS
	 - Description: "index out of bounds: the length is less than or equal to the given index"
	 - Location: src/v16.rs:218:5 in function percolator::v16::active_bitmap_set

Check 55: percolator::v16::active_bitmap_set.pointer_dereference.7
	 - Status: SUCCESS
	 - Description: "dereference failure: dead object"
	 - Location: src/v16.rs:219:5 in function percolator::v16::active_bitmap_set

Check 56: percolator::active_bitmap_is_empty.array_bounds.1
	 - Status: SUCCESS
	 - Description: "index out of bounds: the length is less than or equal to the given index"
	 - Location: src/v16.rs:193:12 in function percolator::active_bitmap_is_empty

Check 57: percolator::active_bitmap_count_ones.array_bounds.1
	 - Status: SUCCESS
	 - Description: "index out of bounds: the length is less than or equal to the given index"
	 - Location: src/v16.rs:328:38 in function percolator::active_bitmap_count_ones

Check 58: percolator::active_bitmap_get.array_bounds.1
	 - Status: SUCCESS
	 - Description: "index out of bounds: the length is less than or equal to the given index"
	 - Location: src/v16.rs:208:7 in function percolator::active_bitmap_get

Check 59: proof_v16_active_bitmap_set_get_count_is_exact_and_bounds_checked.array_bounds.1
	 - Status: SUCCESS
	 - Description: "index out of bounds: the length is less than or equal to the given index"
	 - Location: tests/proofs_v16.rs:180:24 in function proof_v16_active_bitmap_set_get_count_is_exact_and_bounds_checked

Check 60: proof_v16_active_bitmap_set_get_count_is_exact_and_bounds_checked.array_bounds.2
	 - Status: SUCCESS
	 - Description: "index out of bounds: the length is less than or equal to the given index"
	 - Location: tests/proofs_v16.rs:205:20 in function proof_v16_active_bitmap_set_get_count_is_exact_and_bounds_checked

Check 61: proof_v16_active_bitmap_set_get_count_is_exact_and_bounds_checked.pointer_dereference.1
	 - Status: SUCCESS
	 - Description: "dereference failure: dead object"
	 - Location: tests/proofs_v16.rs:212:26 in function proof_v16_active_bitmap_set_get_count_is_exact_and_bounds_checked

Check 62: proof_v16_active_bitmap_set_get_count_is_exact_and_bounds_checked.array_bounds.3
	 - Status: SUCCESS
	 - Description: "index out of bounds: the length is less than or equal to the given index"
	 - Location: tests/proofs_v16.rs:213:20 in function proof_v16_active_bitmap_set_get_count_is_exact_and_bounds_checked

Check 63: std::result::Result::<(), percolator::V16Error>::unwrap.pointer_dereference.1
	 - Status: SUCCESS
	 - Description: "dereference failure: dead object"
	 - Location: ../../runner/.rustup/toolchains/nightly-2025-11-05-x86_64-unknown-linux-gnu/lib/rustlib/src/rust/library/core/src/result.rs:1231:15 in function std::result::Result::<(), percolator::V16Error>::unwrap


SUMMARY:
 ** 0 of 60 failed

 ** 3 of 3 cover properties satisfied


VERIFICATION:- SUCCESSFUL
Verification Time: 0.23401268s

Manual Harness Summary:
Complete - 1 successfully verified harnesses, 0 failures, 1 total.
