Kani Rust Verifier 0.66.0 (cargo plugin)
   Compiling percolator v0.1.1 (/home/anatoly/percolator)
warning: variable does not need to be mutable
     --> src/v16.rs:11500:13
      |
11500 |         let mut ledger = account.header.close_progress.try_to_runtime()?;
      |             ----^^^^^^
      |             |
      |             help: remove this `mut`
      |
      = note: `#[warn(unused_mut)]` (part of `#[warn(unused)]`) on by default

    Finished `test` profile [unoptimized + debuginfo] target(s) in 0.93s
   Compiling percolator v0.1.1 (/home/anatoly/percolator)
warning: variable does not need to be mutable
     --> src/v16.rs:11500:13
      |
11500 |         let mut ledger = account.header.close_progress.try_to_runtime()?;
      |             ----^^^^^^
      |             |
      |             help: remove this `mut`
      |
      = note: `#[warn(unused_mut)]` (part of `#[warn(unused)]`) on by default

    Finished `test` profile [unoptimized + debuginfo] target(s) in 0.12s
   Compiling percolator v0.1.1 (/home/anatoly/percolator)
warning: variable does not need to be mutable
     --> src/v16.rs:11500:13
      |
11500 |         let mut ledger = account.header.close_progress.try_to_runtime()?;
      |             ----^^^^^^
      |             |
      |             help: remove this `mut`
      |
      = note: `#[warn(unused_mut)]` (part of `#[warn(unused)]`) on by default

warning: unused imports: `MarketGroupV16View` and `TradeRequestV16`
  --> tests/proofs_v16.rs:22:42
   |
22 |     Market, MarketGroupV16HeaderAccount, MarketGroupV16View, MarketGroupV16ViewMut,
   |                                          ^^^^^^^^^^^^^^^^^^
...
31 |     TradeRequestV16,
   |     ^^^^^^^^^^^^^^^
   |
   = note: `#[warn(unused_imports)]` (part of `#[warn(unused)]`) on by default

warning: Found the following unsupported constructs:
             - caller_location (1)
             - foreign function (1)
         
         Verification will fail if one or more of these constructs is reachable.
         See https://model-checking.github.io/kani/rust-feature-support.html for more details.

    Finished `test` profile [unoptimized + debuginfo] target(s) in 1.02s
   Compiling percolator v0.1.1 (/home/anatoly/percolator)
warning: variable does not need to be mutable
     --> src/v16.rs:11500:13
      |
11500 |         let mut ledger = account.header.close_progress.try_to_runtime()?;
      |             ----^^^^^^
      |             |
      |             help: remove this `mut`
      |
      = note: `#[warn(unused_mut)]` (part of `#[warn(unused)]`) on by default

    Finished `test` profile [unoptimized + debuginfo] target(s) in 0.07s
   Compiling percolator v0.1.1 (/home/anatoly/percolator)
warning: variable does not need to be mutable
     --> src/v16.rs:11500:13
      |
11500 |         let mut ledger = account.header.close_progress.try_to_runtime()?;
      |             ----^^^^^^
      |             |
      |             help: remove this `mut`
      |
      = note: `#[warn(unused_mut)]` (part of `#[warn(unused)]`) on by default

    Finished `test` profile [unoptimized + debuginfo] target(s) in 0.07s
   Compiling percolator v0.1.1 (/home/anatoly/percolator)
warning: variable does not need to be mutable
     --> src/v16.rs:11500:13
      |
11500 |         let mut ledger = account.header.close_progress.try_to_runtime()?;
      |             ----^^^^^^
      |             |
      |             help: remove this `mut`
      |
      = note: `#[warn(unused_mut)]` (part of `#[warn(unused)]`) on by default

    Finished `test` profile [unoptimized + debuginfo] target(s) in 0.08s
   Compilingwarning: variable does not need to be mutable
     --> src/v16.rs:11500:13
      |
11500 |         let mut ledger = account.header.close_progress.try_to_runtime()?;
      |             ----^^^^^^
      |             |
      |             help: remove this `mut`
      |
      = note: `#[warn(unused_mut)]` (part of `#[warn(unused)]`) on by default

 percolator v0.1.1 (/home/anatoly/percolator)
    Finished `test` profile [unoptimized + debuginfo] target(s) in 0.07s
   Compiling percolator v0.1.1 (/home/anatoly/percolator)
warning: variable does not need to be mutable
     --> src/v16.rs:11500:13
      |
11500 |         let mut ledger = account.header.close_progress.try_to_runtime()?;
      |             ----^^^^^^
      |             |
      |             help: remove this `mut`
      |
      = note: `#[warn(unused_mut)]` (part of `#[warn(unused)]`) on by default

    Finished `test` profile [unoptimized + debuginfo] target(s) in 0.14s
Checking harness proof_v16_resolved_winddown_releases_liened_source_claim...
CBMC 6.8.0 (cbmc-6.8.0)
CBMC version 6.8.0 (cbmc-6.8.0) 64-bit x86_64 linux
Reading GOTO program from file /home/anatoly/percolator/target/kani-verify/kani/x86_64-unknown-linux-gnu/debug/deps/proofs_v16-293f7d2bb7eed15f__RNvCs35DYgTG8RvC_10proofs_v1656proof_v16_resolved_winddown_releases_liened_source_claim.out
Generating GOTO Program
Adding CPROVER library (x86_64)
Removal of function pointers and virtual functions
Generic Property Instrumentation
Running with 16 object bits, 48 offset bits (user-specified)
Starting Bounded Model Checking
aborting path on assume(false) at file /home/runner/.rustup/toolchains/nightly-2025-11-05-x86_64-unknown-linux-gnu/lib/rustlib/src/rust/library/core/src/result.rs line 1231 column 15 function std::result::Result::<(percolator::BackingBucketV16, percolator::SourceCreditStateV16), percolator::V16Error>::unwrap thread 0
aborting path on assume(false) at file /home/runner/.rustup/toolchains/nightly-2025-11-05-x86_64-unknown-linux-gnu/lib/rustlib/src/rust/library/core/src/result.rs line 1862 column 5 function std::result::unwrap_failed thread 0
aborting path on assume(false) at file /home/runner/.rustup/toolchains/nightly-2025-11-05-x86_64-unknown-linux-gnu/lib/rustlib/src/rust/library/core/src/result.rs line 1233 column 23 function std::result::Result::<(percolator::BackingBucketV16, percolator::SourceCreditStateV16), percolator::V16Error>::unwrap thread 0
Runtime Symex: 0.0476888s
size of program expression: 3898 steps
slicing removed 2558 assignments
Generated 29 VCC(s), 24 remaining after simplification
Runtime Postprocess Equation: 0.000352629s
Passing problem to propositional reduction
converting SSA
Runtime Convert SSA: 0.00550585s
Running propositional reduction
Post-processing
Runtime Post-process: 6.15e-06s
Solving with CaDiCaL 2.0.0
14401 variables, 20161 clauses
SAT checker: instance is SATISFIABLE
Runtime Solver: 0.00032646s
Runtime decision procedure: 0.00603616s
Running propositional reduction
Solving with CaDiCaL 2.0.0
14402 variables, 20162 clauses
SAT checker: instance is SATISFIABLE
Runtime Solver: 0.000291307s
Runtime decision procedure: 0.000352819s
Running propositional reduction
Solving with CaDiCaL 2.0.0
14403 variables, 20163 clauses
SAT checker: instance is UNSATISFIABLE
Runtime Solver: 0.0187214s
Runtime decision procedure: 0.0187547s

RESULTS:
Check 1: std::option::Option::<u128>::ok_or::<percolator::V16Error>.unreachable.1
	 - Status: SUCCESS
	 - Description: "unreachable code"
	 - Location: ../../runner/.rustup/toolchains/nightly-2025-11-05-x86_64-unknown-linux-gnu/lib/rustlib/src/rust/library/core/src/option.rs:1337:15 in function std::option::Option::<u128>::ok_or::<percolator::V16Error>

Check 2: percolator::v16::V16Core::prepare_counterparty_lien_terminal_release_delta.assertion.1
	 - Status: SUCCESS
	 - Description: "attempt to subtract with overflow"
	 - Location: src/v16.rs:1456:9 in function percolator::v16::V16Core::prepare_counterparty_lien_terminal_release_delta

Check 3: percolator::v16::V16Core::prepare_counterparty_lien_terminal_release_delta.unreachable.1
	 - Status: SUCCESS
	 - Description: "unreachable code"
	 - Location: src/v16.rs:1457:45 in function percolator::v16::V16Core::prepare_counterparty_lien_terminal_release_delta

Check 4: percolator::v16::V16Core::prepare_counterparty_lien_terminal_release_delta.assertion.2
	 - Status: SUCCESS
	 - Description: "attempt to subtract with overflow"
	 - Location: src/v16.rs:1461:9 in function percolator::v16::V16Core::prepare_counterparty_lien_terminal_release_delta

Check 5: std::result::unwrap_failed.assertion.1
	 - Status: SUCCESS
	 - Description: "This is a placeholder message; Kani doesn't support message formatted at runtime"
	 - Location: ../../runner/.rustup/toolchains/nightly-2025-11-05-x86_64-unknown-linux-gnu/lib/rustlib/src/rust/library/core/src/result.rs:1862:5 in function std::result::unwrap_failed

Check 6: proof_v16_resolved_winddown_releases_liened_source_claim.assertion.1
	 - Status: SUCCESS
	 - Description: "attempt to multiply with overflow"
	 - Location: tests/proofs_v16.rs:6758:18 in function proof_v16_resolved_winddown_releases_liened_source_claim

Check 7: proof_v16_resolved_winddown_releases_liened_source_claim.cover.1
	 - Status: SATISFIED
	 - Description: "terminal wind-down releases wide counterparty lien"
	 - Location: tests/proofs_v16.rs:6783:5 in function proof_v16_resolved_winddown_releases_liened_source_claim

Check 8: proof_v16_resolved_winddown_releases_liened_source_claim.assertion.2
	 - Status: SUCCESS
	 - Description: "assertion failed: bucket_after.valid_liened_backing_num == 0"
	 - Location: tests/proofs_v16.rs:6787:5 in function proof_v16_resolved_winddown_releases_liened_source_claim

Check 9: proof_v16_resolved_winddown_releases_liened_source_claim.assertion.3
	 - Status: SUCCESS
	 - Description: "assertion failed: bucket_after.fresh_unliened_backing_num == amount"
	 - Location: tests/proofs_v16.rs:6788:5 in function proof_v16_resolved_winddown_releases_liened_source_claim

Check 10: proof_v16_resolved_winddown_releases_liened_source_claim.assertion.4
	 - Status: SUCCESS
	 - Description: "assertion failed: bucket_after.consumed_liened_backing_num == 0"
	 - Location: tests/proofs_v16.rs:6789:5 in function proof_v16_resolved_winddown_releases_liened_source_claim

Check 11: proof_v16_resolved_winddown_releases_liened_source_claim.assertion.5
	 - Status: SUCCESS
	 - Description: "assertion failed: source_after.valid_liened_backing_num == 0"
	 - Location: tests/proofs_v16.rs:6790:5 in function proof_v16_resolved_winddown_releases_liened_source_claim

Check 12: proof_v16_resolved_winddown_releases_liened_source_claim.assertion.6
	 - Status: SUCCESS
	 - Description: "assertion failed: source_after.fresh_reserved_backing_num == amount"
	 - Location: tests/proofs_v16.rs:6791:5 in function proof_v16_resolved_winddown_releases_liened_source_claim

Check 13: proof_v16_resolved_winddown_releases_liened_source_claim.assertion.7
	 - Status: SUCCESS
	 - Description: "assertion failed: source_after.spent_backing_num == 0"
	 - Location: tests/proofs_v16.rs:6792:5 in function proof_v16_resolved_winddown_releases_liened_source_claim

Check 14: proof_v16_resolved_winddown_releases_liened_source_claim.assertion.8
	 - Status: SUCCESS
	 - Description: "assertion failed: source_after.provider_receivable_num == 0"
	 - Location: tests/proofs_v16.rs:6793:5 in function proof_v16_resolved_winddown_releases_liened_source_claim

Check 15: core::num::<impl u128>::checked_add.arithmetic_overflow.1
	 - Status: SUCCESS
	 - Description: "attempt to compute `unchecked_add` which would overflow"
	 - Location: ../../runner/.rustup/toolchains/nightly-2025-11-05-x86_64-unknown-linux-gnu/lib/rustlib/src/rust/library/core/src/num/uint_macros.rs:646:31 in function core::num::<impl u128>::checked_add

Check 16: <std::result::Result<u128, percolator::V16Error> as std::ops::Try>::branch.unreachable.1
	 - Status: SUCCESS
	 - Description: "unreachable code"
	 - Location: ../../runner/.rustup/toolchains/nightly-2025-11-05-x86_64-unknown-linux-gnu/lib/rustlib/src/rust/library/core/src/result.rs:2168:15 in function <std::result::Result<u128, percolator::V16Error> as std::ops::Try>::branch

Check 17: std::result::Result::<(percolator::BackingBucketV16, percolator::SourceCreditStateV16), percolator::V16Error>::unwrap.unreachable.1
	 - Status: SUCCESS
	 - Description: "unreachable code"
	 - Location: ../../runner/.rustup/toolchains/nightly-2025-11-05-x86_64-unknown-linux-gnu/lib/rustlib/src/rust/library/core/src/result.rs:1231:15 in function std::result::Result::<(percolator::BackingBucketV16, percolator::SourceCreditStateV16), percolator::V16Error>::unwrap

Check 18: <std::result::Result<(percolator::BackingBucketV16, percolator::SourceCreditStateV16), percolator::V16Error> as std::ops::FromResidual<std::result::Result<std::convert::Infallible, percolator::V16Error>>>::from_residual.pointer_dereference.1
	 - Status: SUCCESS
	 - Description: "dereference failure: dead object"
	 - Location: ../../runner/.rustup/toolchains/nightly-2025-11-05-x86_64-unknown-linux-gnu/lib/rustlib/src/rust/library/core/src/result.rs:2184:23 in function <std::result::Result<(percolator::BackingBucketV16, percolator::SourceCreditStateV16), percolator::V16Error> as std::ops::FromResidual<std::result::Result<std::convert::Infallible, percolator::V16Error>>>::from_residual

Check 19: core::fmt::rt::<impl std::fmt::Arguments<'_>>::new_v1::<2, 2>.pointer_dereference.1
	 - Status: SUCCESS
	 - Description: "dereference failure: dead object"
	 - Location: ../../runner/.rustup/toolchains/nightly-2025-11-05-x86_64-unknown-linux-gnu/lib/rustlib/src/rust/library/core/src/fmt/rt.rs:214:34 in function core::fmt::rt::<impl std::fmt::Arguments<'_>>::new_v1::<2, 2>

Check 20: std::result::Result::<(percolator::BackingBucketV16, percolator::SourceCreditStateV16), percolator::V16Error>::unwrap.pointer_dereference.1
	 - Status: SUCCESS
	 - Description: "dereference failure: dead object"
	 - Location: ../../runner/.rustup/toolchains/nightly-2025-11-05-x86_64-unknown-linux-gnu/lib/rustlib/src/rust/library/core/src/result.rs:1231:15 in function std::result::Result::<(percolator::BackingBucketV16, percolator::SourceCreditStateV16), percolator::V16Error>::unwrap

Check 21: percolator::v16::V16Core::prepare_counterparty_lien_terminal_release_delta.pointer_dereference.1
	 - Status: SUCCESS
	 - Description: "dereference failure: dead object"
	 - Location: src/v16.rs:1454:20 in function percolator::v16::V16Core::prepare_counterparty_lien_terminal_release_delta


SUMMARY:
 ** 0 of 20 failed

 ** 1 of 1 cover properties satisfied


VERIFICATION:- SUCCESSFUL
Verification Time: 0.15763508s

Manual Harness Summary:
Complete - 1 successfully verified harnesses, 0 failures, 1 total.
