Kani Rust Verifier 0.66.0 (cargo plugin)
   Compiling percolator v0.1.1 (/home/anatoly/percolator)
warning: variable does not need to be mutable
     --> src/v16.rs:11500:13
      |
11500 |         let mut ledger = account.header.close_progress.try_to_runtime()?;
      |             ----^^^^^^
      |             |
      |             help: remove this `mut`
      |
      = note: `#[warn(unused_mut)]` (part of `#[warn(unused)]`) on by default

    Finished `test` profile [unoptimized + debuginfo] target(s) in 0.92s
   Compiling percolator v0.1.1 (/home/anatoly/percolator)
warning: variable does not need to be mutable
     --> src/v16.rs:11500:13
      |
11500 |         let mut ledger = account.header.close_progress.try_to_runtime()?;
      |             ----^^^^^^
      |             |
      |             help: remove this `mut`
      |
      = note: `#[warn(unused_mut)]` (part of `#[warn(unused)]`) on by default

    Finished `test` profile [unoptimized + debuginfo] target(s) in 0.12s
   Compiling percolator v0.1.1 (/home/anatoly/percolator)
warning: variable does not need to be mutable
     --> src/v16.rs:11500:13
      |
11500 |         let mut ledger = account.header.close_progress.try_to_runtime()?;
      |             ----^^^^^^
      |             |
      |             help: remove this `mut`
      |
      = note: `#[warn(unused_mut)]` (part of `#[warn(unused)]`) on by default

warning: unused imports: `MarketGroupV16View` and `TradeRequestV16`
  --> tests/proofs_v16.rs:22:42
   |
22 |     Market, MarketGroupV16HeaderAccount, MarketGroupV16View, MarketGroupV16ViewMut,
   |                                          ^^^^^^^^^^^^^^^^^^
...
31 |     TradeRequestV16,
   |     ^^^^^^^^^^^^^^^
   |
   = note: `#[warn(unused_imports)]` (part of `#[warn(unused)]`) on by default

    Finished `test` profile [unoptimized + debuginfo] target(s) in 0.91s
   Compiling percolator v0.1.1 (/home/anatoly/percolator)
warning: variable does not need to be mutable
     --> src/v16.rs:11500:13
      |
11500 |         let mut ledger = account.header.close_progress.try_to_runtime()?;
      |             ----^^^^^^
      |             |
      |             help: remove this `mut`
      |
      = note: `#[warn(unused_mut)]` (part of `#[warn(unused)]`) on by default

    Finished `test` profile [unoptimized + debuginfo] target(s) in 0.06s
   Compiling percolator v0.1.1 (/home/anatoly/percolator)
warning: variable does not need to be mutable
     --> src/v16.rs:11500:13
      |
11500 |         let mut ledger = account.header.close_progress.try_to_runtime()?;
      |             ----^^^^^^
      |             |
      |             help: remove this `mut`
      |
      = note: `#[warn(unused_mut)]` (part of `#[warn(unused)]`) on by default

    Finished `test` profile [unoptimized + debuginfo] target(s) in 0.07s
   Compiling percolator v0.1.1 (/home/anatoly/percolator)
warning: variable does not need to be mutable
     --> src/v16.rs:11500:13
      |
11500 |         let mut ledger = account.header.close_progress.try_to_runtime()?;
      |             ----^^^^^^
      |             |
      |             help: remove this `mut`
      |
      = note: `#[warn(unused_mut)]` (part of `#[warn(unused)]`) on by default

    Finished `test` profile [unoptimized + debuginfo] target(s) in 0.08s
   Compilingwarning: variable does not need to be mutable
     --> src/v16.rs:11500:13
      |
11500 |         let mut ledger = account.header.close_progress.try_to_runtime()?;
      |             ----^^^^^^
      |             |
      |             help: remove this `mut`
      |
      = note: `#[warn(unused_mut)]` (part of `#[warn(unused)]`) on by default

 percolator v0.1.1 (/home/anatoly/percolator)
    Finished `test` profile [unoptimized + debuginfo] target(s) in 0.07s
warning: variable does not need to be mutable
     --> src/v16.rs:11500:13
      |
11500 |         let mut ledger = account.header.close_progress.try_to_runtime()?;
      |             ----^^^^^^
      |             |
      |             help: remove this `mut`
      |
      = note: `#[warn(unused_mut)]` (part of `#[warn(unused)]`) on by default

   Compiling percolator v0.1.1 (/home/anatoly/percolator)
    Finished `test` profile [unoptimized + debuginfo] target(s) in 0.14s
Checking harness proof_v16_domain_insurance_spent_delta_cannot_create_unbacked_budget...
CBMC 6.8.0 (cbmc-6.8.0)
CBMC version 6.8.0 (cbmc-6.8.0) 64-bit x86_64 linux
Reading GOTO program from file /home/anatoly/percolator/target/kani-verify/kani/x86_64-unknown-linux-gnu/debug/deps/proofs_v16-b9889ed32fb6e748__RNvCs35DYgTG8RvC_10proofs_v1668proof_v16_domain_insurance_spent_delta_cannot_create_unbacked_budget.out
Generating GOTO Program
Adding CPROVER library (x86_64)
Removal of function pointers and virtual functions
Generic Property Instrumentation
Running with 16 object bits, 48 offset bits (user-specified)
Starting Bounded Model Checking
aborting path on assume(false) at file /home/runner/.rustup/toolchains/nightly-2025-11-05-x86_64-unknown-linux-gnu/lib/rustlib/src/rust/library/core/src/option.rs line 1337 column 15 function std::option::Option::<u128>::ok_or::<percolator::V16Error> thread 0
aborting path on assume(false) at file /home/runner/.rustup/toolchains/nightly-2025-11-05-x86_64-unknown-linux-gnu/lib/rustlib/src/rust/library/core/src/result.rs line 2168 column 15 function <std::result::Result<u128, percolator::V16Error> as std::ops::Try>::branch thread 0
aborting path on assume(false) at file /home/runner/.rustup/toolchains/nightly-2025-11-05-x86_64-unknown-linux-gnu/lib/rustlib/src/rust/library/core/src/option.rs line 1337 column 15 function std::option::Option::<u128>::ok_or::<percolator::V16Error> thread 0
aborting path on assume(false) at file /home/runner/.rustup/toolchains/nightly-2025-11-05-x86_64-unknown-linux-gnu/lib/rustlib/src/rust/library/core/src/result.rs line 2168 column 15 function <std::result::Result<u128, percolator::V16Error> as std::ops::Try>::branch thread 0
aborting path on assume(false) at file /home/runner/.rustup/toolchains/nightly-2025-11-05-x86_64-unknown-linux-gnu/lib/rustlib/src/rust/library/core/src/option.rs line 1337 column 15 function std::option::Option::<u128>::ok_or::<percolator::V16Error> thread 0
aborting path on assume(false) at file /home/runner/.rustup/toolchains/nightly-2025-11-05-x86_64-unknown-linux-gnu/lib/rustlib/src/rust/library/core/src/option.rs line 1337 column 15 function std::option::Option::<u128>::ok_or::<percolator::V16Error> thread 0
aborting path on assume(false) at file /home/runner/.rustup/toolchains/nightly-2025-11-05-x86_64-unknown-linux-gnu/lib/rustlib/src/rust/library/core/src/result.rs line 2168 column 15 function <std::result::Result<u128, percolator::V16Error> as std::ops::Try>::branch thread 0
aborting path on assume(false) at file tests/proofs_v16.rs line 0 column 0 function percolator::MarketGroupV16ViewMut::<'_, u64>::set_domain_insurance_spent_delta thread 0
aborting path on assume(false) at file tests/proofs_v16.rs line 10178 column 1 function proof_v16_domain_insurance_spent_delta_cannot_create_unbacked_budget thread 0
Runtime Symex: 0.0467939s
size of program expression: 3693 steps
slicing removed 2728 assignments
Generated 49 VCC(s), 43 remaining after simplification
Runtime Postprocess Equation: 0.000412879s
Passing problem to propositional reduction
converting SSA
Runtime Convert SSA: 0.00954034s
Running propositional reduction
Post-processing
Runtime Post-process: 5.127e-06s
Solving with CaDiCaL 2.0.0
17552 variables, 50326 clauses
SAT checker: instance is SATISFIABLE
Runtime Solver: 0.13766s
Runtime decision procedure: 0.147559s
Running propositional reduction
Solving with CaDiCaL 2.0.0
17553 variables, 50327 clauses
SAT checker: instance is SATISFIABLE
Runtime Solver: 0.0340467s
Runtime decision procedure: 0.0342023s
Running propositional reduction
Solving with CaDiCaL 2.0.0
17554 variables, 50328 clauses
SAT checker: instance is SATISFIABLE
Runtime Solver: 0.0114024s
Runtime decision procedure: 0.0116579s
Running propositional reduction
Solving with CaDiCaL 2.0.0
17555 variables, 50329 clauses
SAT checker: instance is SATISFIABLE
Runtime Solver: 0.0147498s
Runtime decision procedure: 0.014928s
Running propositional reduction
Solving with CaDiCaL 2.0.0
17556 variables, 50330 clauses
SAT checker: instance is SATISFIABLE
Runtime Solver: 0.00371481s
Runtime decision procedure: 0.00393602s
Running propositional reduction
Solving with CaDiCaL 2.0.0
17557 variables, 50331 clauses
SAT checker: instance is SATISFIABLE
Runtime Solver: 0.375854s
Runtime decision procedure: 0.376059s
Running propositional reduction
Solving with CaDiCaL 2.0.0
17558 variables, 50332 clauses
SAT checker: instance is UNSATISFIABLE
Runtime Solver: 1.3443s
Runtime decision procedure: 1.34433s

RESULTS:
Check 1: <std::result::Result<u128, percolator::V16Error> as std::ops::Try>::branch.unreachable.1
	 - Status: SUCCESS
	 - Description: "unreachable code"
	 - Location: ../../runner/.rustup/toolchains/nightly-2025-11-05-x86_64-unknown-linux-gnu/lib/rustlib/src/rust/library/core/src/result.rs:2168:15 in function <std::result::Result<u128, percolator::V16Error> as std::ops::Try>::branch

Check 2: proof_v16_domain_insurance_spent_delta_cannot_create_unbacked_budget.assertion.1
	 - Status: SUCCESS
	 - Description: "attempt to subtract with overflow"
	 - Location: tests/proofs_v16.rs:10187:25 in function proof_v16_domain_insurance_spent_delta_cannot_create_unbacked_budget

Check 3: proof_v16_domain_insurance_spent_delta_cannot_create_unbacked_budget.assertion.2
	 - Status: SUCCESS
	 - Description: "attempt to subtract with overflow"
	 - Location: tests/proofs_v16.rs:10188:25 in function proof_v16_domain_insurance_spent_delta_cannot_create_unbacked_budget

Check 4: proof_v16_domain_insurance_spent_delta_cannot_create_unbacked_budget.assertion.3
	 - Status: SUCCESS
	 - Description: "attempt to subtract with overflow"
	 - Location: tests/proofs_v16.rs:10189:37 in function proof_v16_domain_insurance_spent_delta_cannot_create_unbacked_budget

Check 5: proof_v16_domain_insurance_spent_delta_cannot_create_unbacked_budget.assertion.4
	 - Status: SUCCESS
	 - Description: "attempt to subtract with overflow"
	 - Location: tests/proofs_v16.rs:10190:37 in function proof_v16_domain_insurance_spent_delta_cannot_create_unbacked_budget

Check 6: proof_v16_domain_insurance_spent_delta_cannot_create_unbacked_budget.assertion.5
	 - Status: SUCCESS
	 - Description: "attempt to add with overflow"
	 - Location: tests/proofs_v16.rs:10191:27 in function proof_v16_domain_insurance_spent_delta_cannot_create_unbacked_budget

Check 7: proof_v16_domain_insurance_spent_delta_cannot_create_unbacked_budget.assertion.6
	 - Status: SUCCESS
	 - Description: "attempt to subtract with overflow"
	 - Location: tests/proofs_v16.rs:10192:37 in function proof_v16_domain_insurance_spent_delta_cannot_create_unbacked_budget

Check 8: proof_v16_domain_insurance_spent_delta_cannot_create_unbacked_budget.assertion.7
	 - Status: SUCCESS
	 - Description: "attempt to add with overflow"
	 - Location: tests/proofs_v16.rs:10193:21 in function proof_v16_domain_insurance_spent_delta_cannot_create_unbacked_budget

Check 9: proof_v16_domain_insurance_spent_delta_cannot_create_unbacked_budget.assertion.8
	 - Status: SUCCESS
	 - Description: "attempt to add with overflow"
	 - Location: tests/proofs_v16.rs:10201:26 in function proof_v16_domain_insurance_spent_delta_cannot_create_unbacked_budget

Check 10: proof_v16_domain_insurance_spent_delta_cannot_create_unbacked_budget.cover.1
	 - Status: SATISFIED
	 - Description: "domain spent delta covers backed spent clearing"
	 - Location: tests/proofs_v16.rs:10204:5 in function proof_v16_domain_insurance_spent_delta_cannot_create_unbacked_budget

Check 11: proof_v16_domain_insurance_spent_delta_cannot_create_unbacked_budget.cover.2
	 - Status: SATISFIED
	 - Description: "domain spent delta rejects unbacked spent clearing"
	 - Location: tests/proofs_v16.rs:10208:5 in function proof_v16_domain_insurance_spent_delta_cannot_create_unbacked_budget

Check 12: proof_v16_domain_insurance_spent_delta_cannot_create_unbacked_budget.assertion.9
	 - Status: SUCCESS
	 - Description: "assertion failed: result.is_ok() == expected_ok"
	 - Location: tests/proofs_v16.rs:10212:5 in function proof_v16_domain_insurance_spent_delta_cannot_create_unbacked_budget

Check 13: proof_v16_domain_insurance_spent_delta_cannot_create_unbacked_budget.unreachable.1
	 - Status: SUCCESS
	 - Description: "unreachable code"
	 - Location: tests/proofs_v16.rs:10178:1 in function proof_v16_domain_insurance_spent_delta_cannot_create_unbacked_budget

Check 14: proof_v16_domain_insurance_spent_delta_cannot_create_unbacked_budget.assertion.10
	 - Status: SUCCESS
	 - Description: "assertion failed: next_total == expected_total"
	 - Location: tests/proofs_v16.rs:10214:9 in function proof_v16_domain_insurance_spent_delta_cannot_create_unbacked_budget

Check 15: proof_v16_domain_insurance_spent_delta_cannot_create_unbacked_budget.assertion.11
	 - Status: SUCCESS
	 - Description: "assertion failed: next_total <= insurance"
	 - Location: tests/proofs_v16.rs:10215:9 in function proof_v16_domain_insurance_spent_delta_cannot_create_unbacked_budget

Check 16: std::option::Option::<u128>::ok_or::<percolator::V16Error>.unreachable.1
	 - Status: SUCCESS
	 - Description: "unreachable code"
	 - Location: ../../runner/.rustup/toolchains/nightly-2025-11-05-x86_64-unknown-linux-gnu/lib/rustlib/src/rust/library/core/src/option.rs:1337:15 in function std::option::Option::<u128>::ok_or::<percolator::V16Error>

Check 17: core::num::<impl u128>::checked_sub.arithmetic_overflow.1
	 - Status: SUCCESS
	 - Description: "attempt to compute `unchecked_sub` which would overflow"
	 - Location: ../../runner/.rustup/toolchains/nightly-2025-11-05-x86_64-unknown-linux-gnu/lib/rustlib/src/rust/library/core/src/num/uint_macros.rs:800:31 in function core::num::<impl u128>::checked_sub

Check 18: core::num::<impl u128>::checked_add.arithmetic_overflow.1
	 - Status: SUCCESS
	 - Description: "attempt to compute `unchecked_add` which would overflow"
	 - Location: ../../runner/.rustup/toolchains/nightly-2025-11-05-x86_64-unknown-linux-gnu/lib/rustlib/src/rust/library/core/src/num/uint_macros.rs:646:31 in function core::num::<impl u128>::checked_add

Check 19: percolator::MarketGroupV16ViewMut::<'_, u64>::set_domain_insurance_spent_delta.unreachable.1
	 - Status: SUCCESS
	 - Description: "unreachable code"
	 - Location: tests/proofs_v16.rs:0:0 in function percolator::MarketGroupV16ViewMut::<'_, u64>::set_domain_insurance_spent_delta

Check 20: percolator::MarketGroupV16ViewMut::<'_, u64>::apply_total_delta.assertion.1
	 - Status: SUCCESS
	 - Description: "attempt to subtract with overflow"
	 - Location: src/v16.rs:6049:30 in function percolator::MarketGroupV16ViewMut::<'_, u64>::apply_total_delta

Check 21: percolator::MarketGroupV16ViewMut::<'_, u64>::apply_total_delta.assertion.2
	 - Status: SUCCESS
	 - Description: "attempt to subtract with overflow"
	 - Location: src/v16.rs:6053:30 in function percolator::MarketGroupV16ViewMut::<'_, u64>::apply_total_delta

Check 22: std::result::Result::<u128, percolator::V16Error>::is_ok.pointer_dereference.1
	 - Status: SUCCESS
	 - Description: "dereference failure: pointer NULL"
	 - Location: ../../runner/.rustup/toolchains/nightly-2025-11-05-x86_64-unknown-linux-gnu/lib/rustlib/src/rust/library/core/src/result.rs:594:18 in function std::result::Result::<u128, percolator::V16Error>::is_ok

Check 23: std::result::Result::<u128, percolator::V16Error>::is_ok.pointer_dereference.2
	 - Status: SUCCESS
	 - Description: "dereference failure: pointer invalid"
	 - Location: ../../runner/.rustup/toolchains/nightly-2025-11-05-x86_64-unknown-linux-gnu/lib/rustlib/src/rust/library/core/src/result.rs:594:18 in function std::result::Result::<u128, percolator::V16Error>::is_ok

Check 24: std::result::Result::<u128, percolator::V16Error>::is_ok.pointer_dereference.3
	 - Status: SUCCESS
	 - Description: "dereference failure: deallocated dynamic object"
	 - Location: ../../runner/.rustup/toolchains/nightly-2025-11-05-x86_64-unknown-linux-gnu/lib/rustlib/src/rust/library/core/src/result.rs:594:18 in function std::result::Result::<u128, percolator::V16Error>::is_ok

Check 25: std::result::Result::<u128, percolator::V16Error>::is_ok.pointer_dereference.4
	 - Status: SUCCESS
	 - Description: "dereference failure: dead object"
	 - Location: ../../runner/.rustup/toolchains/nightly-2025-11-05-x86_64-unknown-linux-gnu/lib/rustlib/src/rust/library/core/src/result.rs:594:18 in function std::result::Result::<u128, percolator::V16Error>::is_ok

Check 26: std::result::Result::<u128, percolator::V16Error>::is_ok.pointer_dereference.5
	 - Status: SUCCESS
	 - Description: "dereference failure: pointer outside object bounds"
	 - Location: ../../runner/.rustup/toolchains/nightly-2025-11-05-x86_64-unknown-linux-gnu/lib/rustlib/src/rust/library/core/src/result.rs:594:18 in function std::result::Result::<u128, percolator::V16Error>::is_ok

Check 27: std::result::Result::<u128, percolator::V16Error>::is_ok.pointer_dereference.6
	 - Status: SUCCESS
	 - Description: "dereference failure: invalid integer address"
	 - Location: ../../runner/.rustup/toolchains/nightly-2025-11-05-x86_64-unknown-linux-gnu/lib/rustlib/src/rust/library/core/src/result.rs:594:18 in function std::result::Result::<u128, percolator::V16Error>::is_ok


SUMMARY:
 ** 0 of 25 failed

 ** 2 of 2 cover properties satisfied


VERIFICATION:- SUCCESSFUL
Verification Time: 2.0966876s

Manual Harness Summary:
Complete - 1 successfully verified harnesses, 0 failures, 1 total.
