Kani Rust Verifier 0.66.0 (cargo plugin)
   Compiling percolator v0.1.1 (/home/anatoly/percolator)
warning: variable does not need to be mutable
     --> src/v16.rs:11500:13
      |
11500 |         let mut ledger = account.header.close_progress.try_to_runtime()?;
      |             ----^^^^^^
      |             |
      |             help: remove this `mut`
      |
      = note: `#[warn(unused_mut)]` (part of `#[warn(unused)]`) on by default

    Finished `test` profile [unoptimized + debuginfo] target(s) in 0.92s
   Compiling percolator v0.1.1 (/home/anatoly/percolator)
warning: variable does not need to be mutable
     --> src/v16.rs:11500:13
      |
11500 |         let mut ledger = account.header.close_progress.try_to_runtime()?;
      |             ----^^^^^^
      |             |
      |             help: remove this `mut`
      |
      = note: `#[warn(unused_mut)]` (part of `#[warn(unused)]`) on by default

    Finished `test` profile [unoptimized + debuginfo] target(s) in 0.12s
   Compiling percolator v0.1.1 (/home/anatoly/percolator)
warning: variable does not need to be mutable
     --> src/v16.rs:11500:13
      |
11500 |         let mut ledger = account.header.close_progress.try_to_runtime()?;
      |             ----^^^^^^
      |             |
      |             help: remove this `mut`
      |
      = note: `#[warn(unused_mut)]` (part of `#[warn(unused)]`) on by default

warning: unused imports: `MarketGroupV16View` and `TradeRequestV16`
  --> tests/proofs_v16.rs:22:42
   |
22 |     Market, MarketGroupV16HeaderAccount, MarketGroupV16View, MarketGroupV16ViewMut,
   |                                          ^^^^^^^^^^^^^^^^^^
...
31 |     TradeRequestV16,
   |     ^^^^^^^^^^^^^^^
   |
   = note: `#[warn(unused_imports)]` (part of `#[warn(unused)]`) on by default

warning: Found the following unsupported constructs:
             - caller_location (1)
             - foreign function (1)
         
         Verification will fail if one or more of these constructs is reachable.
         See https://model-checking.github.io/kani/rust-feature-support.html for more details.

    Finished `test` profile [unoptimized + debuginfo] target(s) in 1.04s
   Compiling percolator v0.1.1 (/home/anatoly/percolator)
warning: variable does not need to be mutable
     --> src/v16.rs:11500:13
      |
11500 |         let mut ledger = account.header.close_progress.try_to_runtime()?;
      |             ----^^^^^^
      |             |
      |             help: remove this `mut`
      |
      = note: `#[warn(unused_mut)]` (part of `#[warn(unused)]`) on by default

    Finished `test` profile [unoptimized + debuginfo] target(s) in 0.07s
   Compiling percolator v0.1.1 (/home/anatoly/percolator)
warning: variable does not need to be mutable
     --> src/v16.rs:11500:13
      |
11500 |         let mut ledger = account.header.close_progress.try_to_runtime()?;
      |             ----^^^^^^
      |             |
      |             help: remove this `mut`
      |
      = note: `#[warn(unused_mut)]` (part of `#[warn(unused)]`) on by default

    Finished `test` profile [unoptimized + debuginfo] target(s) in 0.07s
   Compiling percolator v0.1.1 (/home/anatoly/percolator)
warning: variable does not need to be mutable
     --> src/v16.rs:11500:13
      |
11500 |         let mut ledger = account.header.close_progress.try_to_runtime()?;
      |             ----^^^^^^
      |             |
      |             help: remove this `mut`
      |
      = note: `#[warn(unused_mut)]` (part of `#[warn(unused)]`) on by default

    Finished `test` profile [unoptimized + debuginfo] target(s) in 0.08s
   Compiling percolator v0.1.1 (/home/anatoly/percolator)
warning: variable does not need to be mutable
     --> src/v16.rs:11500:13
      |
11500 |         let mut ledger = account.header.close_progress.try_to_runtime()?;
      |             ----^^^^^^
      |             |
      |             help: remove this `mut`
      |
      = note: `#[warn(unused_mut)]` (part of `#[warn(unused)]`) on by default

    Finished `test` profile [unoptimized + debuginfo] target(s) in 0.07s
   Compiling percolator v0.1.1 (/home/anatoly/percolator)
warning: variable does not need to be mutable
     --> src/v16.rs:11500:13
      |
11500 |         let mut ledger = account.header.close_progress.try_to_runtime()?;
      |             ----^^^^^^
      |             |
      |             help: remove this `mut`
      |
      = note: `#[warn(unused_mut)]` (part of `#[warn(unused)]`) on by default

    Finished `test` profile [unoptimized + debuginfo] target(s) in 0.14s
Checking harness proof_v16_health_cert_capital_debit_preserves_im_or_rejects...
CBMC 6.8.0 (cbmc-6.8.0)
CBMC version 6.8.0 (cbmc-6.8.0) 64-bit x86_64 linux
Reading GOTO program from file /home/anatoly/percolator/target/kani-verify/kani/x86_64-unknown-linux-gnu/debug/deps/proofs_v16-9aa7265574666614__RNvCs35DYgTG8RvC_10proofs_v1659proof_v16_health_cert_capital_debit_preserves_im_or_rejects.out
Generating GOTO Program
Adding CPROVER library (x86_64)
Removal of function pointers and virtual functions
Generic Property Instrumentation
Running with 16 object bits, 48 offset bits (user-specified)
Starting Bounded Model Checking
aborting path on assume(false) at file /home/runner/.rustup/toolchains/nightly-2025-11-05-x86_64-unknown-linux-gnu/lib/rustlib/src/rust/library/core/src/result.rs line 966 column 15 function std::result::Result::<i128, std::num::TryFromIntError>::map_err::<percolator::V16Error, {closure@percolator::v16::health_cert_after_capital_debit::{closure#0}}> thread 0
aborting path on assume(false) at file /home/runner/.rustup/toolchains/nightly-2025-11-05-x86_64-unknown-linux-gnu/lib/rustlib/src/rust/library/core/src/result.rs line 2168 column 15 function <std::result::Result<i128, percolator::V16Error> as std::ops::Try>::branch thread 0
aborting path on assume(false) at file /home/runner/.rustup/toolchains/nightly-2025-11-05-x86_64-unknown-linux-gnu/lib/rustlib/src/rust/library/core/src/option.rs line 1337 column 15 function std::option::Option::<i128>::ok_or::<percolator::V16Error> thread 0
aborting path on assume(false) at file /home/runner/.rustup/toolchains/nightly-2025-11-05-x86_64-unknown-linux-gnu/lib/rustlib/src/rust/library/core/src/result.rs line 2168 column 15 function <std::result::Result<i128, percolator::V16Error> as std::ops::Try>::branch thread 0
aborting path on assume(false) at file tests/proofs_v16.rs line 0 column 0 function percolator::v16::health_cert_after_capital_debit thread 0
aborting path on assume(false) at file /home/runner/.rustup/toolchains/nightly-2025-11-05-x86_64-unknown-linux-gnu/lib/rustlib/src/rust/library/core/src/result.rs line 713 column 15 function std::result::Result::<i128, std::num::TryFromIntError>::ok thread 0
aborting path on assume(false) at file /home/runner/.rustup/toolchains/nightly-2025-11-05-x86_64-unknown-linux-gnu/lib/rustlib/src/rust/library/core/src/option.rs line 1544 column 15 function std::option::Option::<i128>::and_then::<i128, {closure@tests/proofs_v16.rs:5955:19: 5955:29}> thread 0
aborting path on assume(false) at file /home/runner/.rustup/toolchains/nightly-2025-11-05-x86_64-unknown-linux-gnu/lib/rustlib/src/rust/library/core/src/option.rs line 1163 column 15 function std::option::Option::<i128>::map::<bool, {closure@tests/proofs_v16.rs:5957:14: 5957:27}> thread 0
aborting path on assume(false) at file /home/runner/.rustup/toolchains/nightly-2025-11-05-x86_64-unknown-linux-gnu/lib/rustlib/src/rust/library/core/src/option.rs line 1041 column 15 function std::option::Option::<bool>::unwrap_or thread 0
aborting path on assume(false) at file /home/runner/.rustup/toolchains/nightly-2025-11-05-x86_64-unknown-linux-gnu/lib/rustlib/src/rust/library/core/src/result.rs line 1231 column 15 function std::result::Result::<percolator::HealthCertV16, percolator::V16Error>::unwrap thread 0
aborting path on assume(false) at file /home/runner/.rustup/toolchains/nightly-2025-11-05-x86_64-unknown-linux-gnu/lib/rustlib/src/rust/library/core/src/result.rs line 1862 column 5 function std::result::unwrap_failed thread 0
aborting path on assume(false) at file /home/runner/.rustup/toolchains/nightly-2025-11-05-x86_64-unknown-linux-gnu/lib/rustlib/src/rust/library/core/src/result.rs line 1233 column 23 function std::result::Result::<percolator::HealthCertV16, percolator::V16Error>::unwrap thread 0
aborting path on assume(false) at file /home/runner/.rustup/toolchains/nightly-2025-11-05-x86_64-unknown-linux-gnu/lib/rustlib/src/rust/library/core/src/option.rs line 1013 column 15 function std::option::Option::<i128>::unwrap thread 0
aborting path on assume(false) at file /home/runner/.rustup/toolchains/nightly-2025-11-05-x86_64-unknown-linux-gnu/lib/rustlib/src/rust/library/core/src/option.rs line 2174 column 5 function std::option::unwrap_failed thread 0
aborting path on assume(false) at file /home/runner/.rustup/toolchains/nightly-2025-11-05-x86_64-unknown-linux-gnu/lib/rustlib/src/rust/library/core/src/option.rs line 1015 column 21 function std::option::Option::<i128>::unwrap thread 0
aborting path on assume(false) at file /home/runner/.rustup/toolchains/nightly-2025-11-05-x86_64-unknown-linux-gnu/lib/rustlib/src/rust/library/core/src/option.rs line 1013 column 15 function std::option::Option::<i128>::unwrap thread 0
aborting path on assume(false) at file /home/runner/.rustup/toolchains/nightly-2025-11-05-x86_64-unknown-linux-gnu/lib/rustlib/src/rust/library/core/src/option.rs line 2174 column 5 function std::option::unwrap_failed thread 0
aborting path on assume(false) at file /home/runner/.rustup/toolchains/nightly-2025-11-05-x86_64-unknown-linux-gnu/lib/rustlib/src/rust/library/core/src/option.rs line 1015 column 21 function std::option::Option::<i128>::unwrap thread 0
aborting path on assume(false) at file tests/proofs_v16.rs line 0 column 0 function <std::result::Result<percolator::HealthCertV16, percolator::V16Error> as std::cmp::PartialEq>::eq thread 0
aborting path on assume(false) at file tests/proofs_v16.rs line 0 column 0 function <std::result::Result<percolator::HealthCertV16, percolator::V16Error> as std::cmp::PartialEq>::eq thread 0
aborting path on assume(false) at file tests/proofs_v16.rs line 0 column 0 function <std::result::Result<percolator::HealthCertV16, percolator::V16Error> as std::cmp::PartialEq>::eq thread 0
Runtime Symex: 0.0794672s
size of program expression: 6233 steps
slicing removed 3700 assignments
Generated 252 VCC(s), 46 remaining after simplification
Runtime Postprocess Equation: 0.000844597s
Passing problem to propositional reduction
converting SSA
Runtime Convert SSA: 0.0149201s
Running propositional reduction
Post-processing
Runtime Post-process: 5.177e-06s
Solving with CaDiCaL 2.0.0
32895 variables, 71912 clauses
SAT checker: instance is SATISFIABLE
Runtime Solver: 0.00201378s
Runtime decision procedure: 0.0173711s
Running propositional reduction
Solving with CaDiCaL 2.0.0
32896 variables, 71913 clauses
SAT checker: instance is SATISFIABLE
Runtime Solver: 0.00962456s
Runtime decision procedure: 0.00980304s
Running propositional reduction
Solving with CaDiCaL 2.0.0
32897 variables, 71914 clauses
SAT checker: instance is SATISFIABLE
Runtime Solver: 0.0215497s
Runtime decision procedure: 0.0216964s
Running propositional reduction
Solving with CaDiCaL 2.0.0
32898 variables, 71915 clauses
SAT checker: instance is SATISFIABLE
Runtime Solver: 0.00798282s
Runtime decision procedure: 0.00837359s
Running propositional reduction
Solving with CaDiCaL 2.0.0
32899 variables, 71916 clauses
SAT checker: instance is SATISFIABLE
Runtime Solver: 0.0281338s
Runtime decision procedure: 0.0282749s
Running propositional reduction
Solving with CaDiCaL 2.0.0
32900 variables, 71917 clauses
SAT checker: instance is SATISFIABLE
Runtime Solver: 0.43854s
Runtime decision procedure: 0.439095s
Running propositional reduction
Solving with CaDiCaL 2.0.0
32901 variables, 71918 clauses
SAT checker: instance is UNSATISFIABLE
Runtime Solver: 0.294745s
Runtime decision procedure: 0.294997s

RESULTS:
Check 1: std::option::unwrap_failed.assertion.1
	 - Status: SUCCESS
	 - Description: "called `Option::unwrap()` on a `None` value"
	 - Location: ../../runner/.rustup/toolchains/nightly-2025-11-05-x86_64-unknown-linux-gnu/lib/rustlib/src/rust/library/core/src/option.rs:2174:5 in function std::option::unwrap_failed

Check 2: std::option::Option::<i128>::map::<bool, {closure@tests/proofs_v16.rs:5957:14: 5957:27}>.unreachable.1
	 - Status: SUCCESS
	 - Description: "unreachable code"
	 - Location: ../../runner/.rustup/toolchains/nightly-2025-11-05-x86_64-unknown-linux-gnu/lib/rustlib/src/rust/library/core/src/option.rs:1163:15 in function std::option::Option::<i128>::map::<bool, {closure@tests/proofs_v16.rs:5957:14: 5957:27}>

Check 3: std::result::Result::<i128, std::num::TryFromIntError>::map_err::<percolator::V16Error, {closure@percolator::v16::health_cert_after_capital_debit::{closure#0}}>.unreachable.1
	 - Status: SUCCESS
	 - Description: "unreachable code"
	 - Location: ../../runner/.rustup/toolchains/nightly-2025-11-05-x86_64-unknown-linux-gnu/lib/rustlib/src/rust/library/core/src/result.rs:966:15 in function std::result::Result::<i128, std::num::TryFromIntError>::map_err::<percolator::V16Error, {closure@percolator::v16::health_cert_after_capital_debit::{closure#0}}>

Check 4: memcmp.precondition.1
	 - Status: SUCCESS
	 - Description: "memcmp region 1 readable"
	 - Location: <builtin-library-memcmp>:19 in function memcmp

Check 5: memcmp.precondition.2
	 - Status: SUCCESS
	 - Description: "memcpy region 2 readable"
	 - Location: <builtin-library-memcmp>:21 in function memcmp

Check 6: std::result::Result::<i128, std::num::TryFromIntError>::ok.unreachable.1
	 - Status: SUCCESS
	 - Description: "unreachable code"
	 - Location: ../../runner/.rustup/toolchains/nightly-2025-11-05-x86_64-unknown-linux-gnu/lib/rustlib/src/rust/library/core/src/result.rs:713:15 in function std::result::Result::<i128, std::num::TryFromIntError>::ok

Check 7: <std::result::Result<i128, percolator::V16Error> as std::ops::Try>::branch.unreachable.1
	 - Status: SUCCESS
	 - Description: "unreachable code"
	 - Location: ../../runner/.rustup/toolchains/nightly-2025-11-05-x86_64-unknown-linux-gnu/lib/rustlib/src/rust/library/core/src/result.rs:2168:15 in function <std::result::Result<i128, percolator::V16Error> as std::ops::Try>::branch

Check 8: std::option::Option::<bool>::unwrap_or.unreachable.1
	 - Status: SUCCESS
	 - Description: "unreachable code"
	 - Location: ../../runner/.rustup/toolchains/nightly-2025-11-05-x86_64-unknown-linux-gnu/lib/rustlib/src/rust/library/core/src/option.rs:1041:15 in function std::option::Option::<bool>::unwrap_or

Check 9: <std::result::Result<percolator::HealthCertV16, percolator::V16Error> as std::cmp::PartialEq>::eq.unreachable.1
	 - Status: SUCCESS
	 - Description: "unreachable code"
	 - Location: tests/proofs_v16.rs:0:0 in function <std::result::Result<percolator::HealthCertV16, percolator::V16Error> as std::cmp::PartialEq>::eq

Check 10: std::option::Option::<i128>::and_then::<i128, {closure@tests/proofs_v16.rs:5955:19: 5955:29}>.unreachable.1
	 - Status: SUCCESS
	 - Description: "unreachable code"
	 - Location: ../../runner/.rustup/toolchains/nightly-2025-11-05-x86_64-unknown-linux-gnu/lib/rustlib/src/rust/library/core/src/option.rs:1544:15 in function std::option::Option::<i128>::and_then::<i128, {closure@tests/proofs_v16.rs:5955:19: 5955:29}>

Check 11: std::result::unwrap_failed.assertion.1
	 - Status: SUCCESS
	 - Description: "This is a placeholder message; Kani doesn't support message formatted at runtime"
	 - Location: ../../runner/.rustup/toolchains/nightly-2025-11-05-x86_64-unknown-linux-gnu/lib/rustlib/src/rust/library/core/src/result.rs:1862:5 in function std::result::unwrap_failed

Check 12: std::option::Option::<i128>::ok_or::<percolator::V16Error>.unreachable.1
	 - Status: SUCCESS
	 - Description: "unreachable code"
	 - Location: ../../runner/.rustup/toolchains/nightly-2025-11-05-x86_64-unknown-linux-gnu/lib/rustlib/src/rust/library/core/src/option.rs:1337:15 in function std::option::Option::<i128>::ok_or::<percolator::V16Error>

Check 13: proof_v16_health_cert_capital_debit_preserves_im_or_rejects.assertion.1
	 - Status: SUCCESS
	 - Description: "assertion failed: result.is_ok() == expected_ok"
	 - Location: tests/proofs_v16.rs:5960:5 in function proof_v16_health_cert_capital_debit_preserves_im_or_rejects

Check 14: proof_v16_health_cert_capital_debit_preserves_im_or_rejects.cover.1
	 - Status: SATISFIED
	 - Description: "health cert fee debit covers positive fee with IM still satisfied"
	 - Location: tests/proofs_v16.rs:5963:9 in function proof_v16_health_cert_capital_debit_preserves_im_or_rejects

Check 15: proof_v16_health_cert_capital_debit_preserves_im_or_rejects.cover.2
	 - Status: SATISFIED
	 - Description: "health cert fee debit covers exact post-fee IM boundary"
	 - Location: tests/proofs_v16.rs:5967:9 in function proof_v16_health_cert_capital_debit_preserves_im_or_rejects

Check 16: proof_v16_health_cert_capital_debit_preserves_im_or_rejects.assertion.2
	 - Status: SUCCESS
	 - Description: "assertion failed: next.certified_equity == next_equity_expected.unwrap()"
	 - Location: tests/proofs_v16.rs:5971:9 in function proof_v16_health_cert_capital_debit_preserves_im_or_rejects

Check 17: proof_v16_health_cert_capital_debit_preserves_im_or_rejects.assertion.3
	 - Status: SUCCESS
	 - Description: "assertion failed: next.certified_initial_req == im"
	 - Location: tests/proofs_v16.rs:5972:9 in function proof_v16_health_cert_capital_debit_preserves_im_or_rejects

Check 18: proof_v16_health_cert_capital_debit_preserves_im_or_rejects.assertion.4
	 - Status: SUCCESS
	 - Description: "assertion failed: next.certified_maintenance_req == maintenance"
	 - Location: tests/proofs_v16.rs:5973:9 in function proof_v16_health_cert_capital_debit_preserves_im_or_rejects

Check 19: proof_v16_health_cert_capital_debit_preserves_im_or_rejects.assertion.5
	 - Status: SUCCESS
	 - Description: "assertion failed: next.valid == cert.valid"
	 - Location: tests/proofs_v16.rs:5974:9 in function proof_v16_health_cert_capital_debit_preserves_im_or_rejects

Check 20: proof_v16_health_cert_capital_debit_preserves_im_or_rejects.assertion.6
	 - Status: SUCCESS
	 - Description: "assertion failed: (next.certified_equity as u128) >= next.certified_initial_req"
	 - Location: tests/proofs_v16.rs:5975:9 in function proof_v16_health_cert_capital_debit_preserves_im_or_rejects

Check 21: proof_v16_health_cert_capital_debit_preserves_im_or_rejects.assertion.7
	 - Status: SUCCESS
	 - Description: "assertion failed: next.certified_liq_deficit ==
maintenance.saturating_sub(next.certified_equity as u128)"
	 - Location: tests/proofs_v16.rs:5976:9 in function proof_v16_health_cert_capital_debit_preserves_im_or_rejects

Check 22: proof_v16_health_cert_capital_debit_preserves_im_or_rejects.cover.3
	 - Status: SATISFIED
	 - Description: "health cert fee debit rejects insufficient post-fee IM"
	 - Location: tests/proofs_v16.rs:5981:9 in function proof_v16_health_cert_capital_debit_preserves_im_or_rejects

Check 23: proof_v16_health_cert_capital_debit_preserves_im_or_rejects.cover.4
	 - Status: SATISFIED
	 - Description: "health cert fee debit covers arithmetic rejection"
	 - Location: tests/proofs_v16.rs:5985:9 in function proof_v16_health_cert_capital_debit_preserves_im_or_rejects

Check 24: proof_v16_health_cert_capital_debit_preserves_im_or_rejects.assertion.8
	 - Status: SUCCESS
	 - Description: "assertion failed: result == Err(V16Error::ArithmeticOverflow)"
	 - Location: tests/proofs_v16.rs:5990:13 in function proof_v16_health_cert_capital_debit_preserves_im_or_rejects

Check 25: proof_v16_health_cert_capital_debit_preserves_im_or_rejects.assertion.9
	 - Status: SUCCESS
	 - Description: "assertion failed: result == Err(V16Error::ArithmeticOverflow)"
	 - Location: tests/proofs_v16.rs:5992:13 in function proof_v16_health_cert_capital_debit_preserves_im_or_rejects

Check 26: proof_v16_health_cert_capital_debit_preserves_im_or_rejects.assertion.10
	 - Status: SUCCESS
	 - Description: "assertion failed: result == Err(V16Error::LockActive)"
	 - Location: tests/proofs_v16.rs:5994:13 in function proof_v16_health_cert_capital_debit_preserves_im_or_rejects

Check 27: std::option::Option::<i128>::unwrap.unreachable.1
	 - Status: SUCCESS
	 - Description: "unreachable code"
	 - Location: ../../runner/.rustup/toolchains/nightly-2025-11-05-x86_64-unknown-linux-gnu/lib/rustlib/src/rust/library/core/src/option.rs:1013:15 in function std::option::Option::<i128>::unwrap

Check 28: std::result::Result::<percolator::HealthCertV16, percolator::V16Error>::unwrap.unreachable.1
	 - Status: SUCCESS
	 - Description: "unreachable code"
	 - Location: ../../runner/.rustup/toolchains/nightly-2025-11-05-x86_64-unknown-linux-gnu/lib/rustlib/src/rust/library/core/src/result.rs:1231:15 in function std::result::Result::<percolator::HealthCertV16, percolator::V16Error>::unwrap

Check 29: percolator::v16::health_cert_after_capital_debit.unreachable.1
	 - Status: SUCCESS
	 - Description: "unreachable code"
	 - Location: tests/proofs_v16.rs:0:0 in function percolator::v16::health_cert_after_capital_debit

Check 30: percolator::v16::health_cert_after_capital_debit.pointer_dereference.1
	 - Status: SUCCESS
	 - Description: "dereference failure: dead object"
	 - Location: src/v16.rs:133:16 in function percolator::v16::health_cert_after_capital_debit

Check 31: memcmp.pointer_dereference.1
	 - Status: SUCCESS
	 - Description: "dereference failure: pointer NULL"
	 - Location: <builtin-library-memcmp>:27 in function memcmp

Check 32: memcmp.pointer_dereference.2
	 - Status: SUCCESS
	 - Description: "dereference failure: pointer invalid"
	 - Location: <builtin-library-memcmp>:27 in function memcmp

Check 33: memcmp.pointer_dereference.3
	 - Status: SUCCESS
	 - Description: "dereference failure: deallocated dynamic object"
	 - Location: <builtin-library-memcmp>:27 in function memcmp

Check 34: memcmp.pointer_dereference.4
	 - Status: SUCCESS
	 - Description: "dereference failure: dead object"
	 - Location: <builtin-library-memcmp>:27 in function memcmp

Check 35: memcmp.pointer_dereference.5
	 - Status: SUCCESS
	 - Description: "dereference failure: pointer outside object bounds"
	 - Location: <builtin-library-memcmp>:27 in function memcmp

Check 36: memcmp.pointer_dereference.6
	 - Status: SUCCESS
	 - Description: "dereference failure: invalid integer address"
	 - Location: <builtin-library-memcmp>:27 in function memcmp

Check 37: memcmp.pointer_dereference.7
	 - Status: SUCCESS
	 - Description: "dereference failure: pointer NULL"
	 - Location: <builtin-library-memcmp>:27 in function memcmp

Check 38: memcmp.pointer_dereference.8
	 - Status: SUCCESS
	 - Description: "dereference failure: pointer invalid"
	 - Location: <builtin-library-memcmp>:27 in function memcmp

Check 39: memcmp.pointer_dereference.9
	 - Status: SUCCESS
	 - Description: "dereference failure: deallocated dynamic object"
	 - Location: <builtin-library-memcmp>:27 in function memcmp

Check 40: memcmp.pointer_dereference.10
	 - Status: SUCCESS
	 - Description: "dereference failure: dead object"
	 - Location: <builtin-library-memcmp>:27 in function memcmp

Check 41: memcmp.pointer_dereference.11
	 - Status: SUCCESS
	 - Description: "dereference failure: pointer outside object bounds"
	 - Location: <builtin-library-memcmp>:27 in function memcmp

Check 42: memcmp.pointer_dereference.12
	 - Status: SUCCESS
	 - Description: "dereference failure: invalid integer address"
	 - Location: <builtin-library-memcmp>:27 in function memcmp

Check 43: std::cmp::impls::<impl std::cmp::PartialEq for &percolator::HealthCertV16>::eq.pointer_dereference.1
	 - Status: SUCCESS
	 - Description: "dereference failure: pointer NULL"
	 - Location: ../../runner/.rustup/toolchains/nightly-2025-11-05-x86_64-unknown-linux-gnu/lib/rustlib/src/rust/library/core/src/cmp.rs:2090:27 in function std::cmp::impls::<impl std::cmp::PartialEq for &percolator::HealthCertV16>::eq

Check 44: std::cmp::impls::<impl std::cmp::PartialEq for &percolator::HealthCertV16>::eq.pointer_dereference.2
	 - Status: SUCCESS
	 - Description: "dereference failure: pointer invalid"
	 - Location: ../../runner/.rustup/toolchains/nightly-2025-11-05-x86_64-unknown-linux-gnu/lib/rustlib/src/rust/library/core/src/cmp.rs:2090:27 in function std::cmp::impls::<impl std::cmp::PartialEq for &percolator::HealthCertV16>::eq

Check 45: std::cmp::impls::<impl std::cmp::PartialEq for &percolator::HealthCertV16>::eq.pointer_dereference.3
	 - Status: SUCCESS
	 - Description: "dereference failure: deallocated dynamic object"
	 - Location: ../../runner/.rustup/toolchains/nightly-2025-11-05-x86_64-unknown-linux-gnu/lib/rustlib/src/rust/library/core/src/cmp.rs:2090:27 in function std::cmp::impls::<impl std::cmp::PartialEq for &percolator::HealthCertV16>::eq

Check 46: std::cmp::impls::<impl std::cmp::PartialEq for &percolator::HealthCertV16>::eq.pointer_dereference.4
	 - Status: SUCCESS
	 - Description: "dereference failure: dead object"
	 - Location: ../../runner/.rustup/toolchains/nightly-2025-11-05-x86_64-unknown-linux-gnu/lib/rustlib/src/rust/library/core/src/cmp.rs:2090:27 in function std::cmp::impls::<impl std::cmp::PartialEq for &percolator::HealthCertV16>::eq

Check 47: std::cmp::impls::<impl std::cmp::PartialEq for &percolator::HealthCertV16>::eq.pointer_dereference.5
	 - Status: SUCCESS
	 - Description: "dereference failure: pointer outside object bounds"
	 - Location: ../../runner/.rustup/toolchains/nightly-2025-11-05-x86_64-unknown-linux-gnu/lib/rustlib/src/rust/library/core/src/cmp.rs:2090:27 in function std::cmp::impls::<impl std::cmp::PartialEq for &percolator::HealthCertV16>::eq

Check 48: std::cmp::impls::<impl std::cmp::PartialEq for &percolator::HealthCertV16>::eq.pointer_dereference.6
	 - Status: SUCCESS
	 - Description: "dereference failure: invalid integer address"
	 - Location: ../../runner/.rustup/toolchains/nightly-2025-11-05-x86_64-unknown-linux-gnu/lib/rustlib/src/rust/library/core/src/cmp.rs:2090:27 in function std::cmp::impls::<impl std::cmp::PartialEq for &percolator::HealthCertV16>::eq

Check 49: std::cmp::impls::<impl std::cmp::PartialEq for &percolator::HealthCertV16>::eq.pointer_dereference.7
	 - Status: SUCCESS
	 - Description: "dereference failure: pointer NULL"
	 - Location: ../../runner/.rustup/toolchains/nightly-2025-11-05-x86_64-unknown-linux-gnu/lib/rustlib/src/rust/library/core/src/cmp.rs:2090:34 in function std::cmp::impls::<impl std::cmp::PartialEq for &percolator::HealthCertV16>::eq

Check 50: std::cmp::impls::<impl std::cmp::PartialEq for &percolator::HealthCertV16>::eq.pointer_dereference.8
	 - Status: SUCCESS
	 - Description: "dereference failure: pointer invalid"
	 - Location: ../../runner/.rustup/toolchains/nightly-2025-11-05-x86_64-unknown-linux-gnu/lib/rustlib/src/rust/library/core/src/cmp.rs:2090:34 in function std::cmp::impls::<impl std::cmp::PartialEq for &percolator::HealthCertV16>::eq

Check 51: std::cmp::impls::<impl std::cmp::PartialEq for &percolator::HealthCertV16>::eq.pointer_dereference.9
	 - Status: SUCCESS
	 - Description: "dereference failure: deallocated dynamic object"
	 - Location: ../../runner/.rustup/toolchains/nightly-2025-11-05-x86_64-unknown-linux-gnu/lib/rustlib/src/rust/library/core/src/cmp.rs:2090:34 in function std::cmp::impls::<impl std::cmp::PartialEq for &percolator::HealthCertV16>::eq

Check 52: std::cmp::impls::<impl std::cmp::PartialEq for &percolator::HealthCertV16>::eq.pointer_dereference.10
	 - Status: SUCCESS
	 - Description: "dereference failure: dead object"
	 - Location: ../../runner/.rustup/toolchains/nightly-2025-11-05-x86_64-unknown-linux-gnu/lib/rustlib/src/rust/library/core/src/cmp.rs:2090:34 in function std::cmp::impls::<impl std::cmp::PartialEq for &percolator::HealthCertV16>::eq

Check 53: std::cmp::impls::<impl std::cmp::PartialEq for &percolator::HealthCertV16>::eq.pointer_dereference.11
	 - Status: SUCCESS
	 - Description: "dereference failure: pointer outside object bounds"
	 - Location: ../../runner/.rustup/toolchains/nightly-2025-11-05-x86_64-unknown-linux-gnu/lib/rustlib/src/rust/library/core/src/cmp.rs:2090:34 in function std::cmp::impls::<impl std::cmp::PartialEq for &percolator::HealthCertV16>::eq

Check 54: std::cmp::impls::<impl std::cmp::PartialEq for &percolator::HealthCertV16>::eq.pointer_dereference.12
	 - Status: SUCCESS
	 - Description: "dereference failure: invalid integer address"
	 - Location: ../../runner/.rustup/toolchains/nightly-2025-11-05-x86_64-unknown-linux-gnu/lib/rustlib/src/rust/library/core/src/cmp.rs:2090:34 in function std::cmp::impls::<impl std::cmp::PartialEq for &percolator::HealthCertV16>::eq

Check 55: std::cmp::impls::<impl std::cmp::PartialEq for &percolator::V16Error>::eq.pointer_dereference.1
	 - Status: SUCCESS
	 - Description: "dereference failure: pointer NULL"
	 - Location: ../../runner/.rustup/toolchains/nightly-2025-11-05-x86_64-unknown-linux-gnu/lib/rustlib/src/rust/library/core/src/cmp.rs:2090:27 in function std::cmp::impls::<impl std::cmp::PartialEq for &percolator::V16Error>::eq

Check 56: std::cmp::impls::<impl std::cmp::PartialEq for &percolator::V16Error>::eq.pointer_dereference.2
	 - Status: SUCCESS
	 - Description: "dereference failure: pointer invalid"
	 - Location: ../../runner/.rustup/toolchains/nightly-2025-11-05-x86_64-unknown-linux-gnu/lib/rustlib/src/rust/library/core/src/cmp.rs:2090:27 in function std::cmp::impls::<impl std::cmp::PartialEq for &percolator::V16Error>::eq

Check 57: std::cmp::impls::<impl std::cmp::PartialEq for &percolator::V16Error>::eq.pointer_dereference.3
	 - Status: SUCCESS
	 - Description: "dereference failure: deallocated dynamic object"
	 - Location: ../../runner/.rustup/toolchains/nightly-2025-11-05-x86_64-unknown-linux-gnu/lib/rustlib/src/rust/library/core/src/cmp.rs:2090:27 in function std::cmp::impls::<impl std::cmp::PartialEq for &percolator::V16Error>::eq

Check 58: std::cmp::impls::<impl std::cmp::PartialEq for &percolator::V16Error>::eq.pointer_dereference.4
	 - Status: SUCCESS
	 - Description: "dereference failure: dead object"
	 - Location: ../../runner/.rustup/toolchains/nightly-2025-11-05-x86_64-unknown-linux-gnu/lib/rustlib/src/rust/library/core/src/cmp.rs:2090:27 in function std::cmp::impls::<impl std::cmp::PartialEq for &percolator::V16Error>::eq

Check 59: std::cmp::impls::<impl std::cmp::PartialEq for &percolator::V16Error>::eq.pointer_dereference.5
	 - Status: SUCCESS
	 - Description: "dereference failure: pointer outside object bounds"
	 - Location: ../../runner/.rustup/toolchains/nightly-2025-11-05-x86_64-unknown-linux-gnu/lib/rustlib/src/rust/library/core/src/cmp.rs:2090:27 in function std::cmp::impls::<impl std::cmp::PartialEq for &percolator::V16Error>::eq

Check 60: std::cmp::impls::<impl std::cmp::PartialEq for &percolator::V16Error>::eq.pointer_dereference.6
	 - Status: SUCCESS
	 - Description: "dereference failure: invalid integer address"
	 - Location: ../../runner/.rustup/toolchains/nightly-2025-11-05-x86_64-unknown-linux-gnu/lib/rustlib/src/rust/library/core/src/cmp.rs:2090:27 in function std::cmp::impls::<impl std::cmp::PartialEq for &percolator::V16Error>::eq

Check 61: std::cmp::impls::<impl std::cmp::PartialEq for &percolator::V16Error>::eq.pointer_dereference.7
	 - Status: SUCCESS
	 - Description: "dereference failure: pointer NULL"
	 - Location: ../../runner/.rustup/toolchains/nightly-2025-11-05-x86_64-unknown-linux-gnu/lib/rustlib/src/rust/library/core/src/cmp.rs:2090:34 in function std::cmp::impls::<impl std::cmp::PartialEq for &percolator::V16Error>::eq

Check 62: std::cmp::impls::<impl std::cmp::PartialEq for &percolator::V16Error>::eq.pointer_dereference.8
	 - Status: SUCCESS
	 - Description: "dereference failure: pointer invalid"
	 - Location: ../../runner/.rustup/toolchains/nightly-2025-11-05-x86_64-unknown-linux-gnu/lib/rustlib/src/rust/library/core/src/cmp.rs:2090:34 in function std::cmp::impls::<impl std::cmp::PartialEq for &percolator::V16Error>::eq

Check 63: std::cmp::impls::<impl std::cmp::PartialEq for &percolator::V16Error>::eq.pointer_dereference.9
	 - Status: SUCCESS
	 - Description: "dereference failure: deallocated dynamic object"
	 - Location: ../../runner/.rustup/toolchains/nightly-2025-11-05-x86_64-unknown-linux-gnu/lib/rustlib/src/rust/library/core/src/cmp.rs:2090:34 in function std::cmp::impls::<impl std::cmp::PartialEq for &percolator::V16Error>::eq

Check 64: std::cmp::impls::<impl std::cmp::PartialEq for &percolator::V16Error>::eq.pointer_dereference.10
	 - Status: SUCCESS
	 - Description: "dereference failure: dead object"
	 - Location: ../../runner/.rustup/toolchains/nightly-2025-11-05-x86_64-unknown-linux-gnu/lib/rustlib/src/rust/library/core/src/cmp.rs:2090:34 in function std::cmp::impls::<impl std::cmp::PartialEq for &percolator::V16Error>::eq

Check 65: std::cmp::impls::<impl std::cmp::PartialEq for &percolator::V16Error>::eq.pointer_dereference.11
	 - Status: SUCCESS
	 - Description: "dereference failure: pointer outside object bounds"
	 - Location: ../../runner/.rustup/toolchains/nightly-2025-11-05-x86_64-unknown-linux-gnu/lib/rustlib/src/rust/library/core/src/cmp.rs:2090:34 in function std::cmp::impls::<impl std::cmp::PartialEq for &percolator::V16Error>::eq

Check 66: std::cmp::impls::<impl std::cmp::PartialEq for &percolator::V16Error>::eq.pointer_dereference.12
	 - Status: SUCCESS
	 - Description: "dereference failure: invalid integer address"
	 - Location: ../../runner/.rustup/toolchains/nightly-2025-11-05-x86_64-unknown-linux-gnu/lib/rustlib/src/rust/library/core/src/cmp.rs:2090:34 in function std::cmp::impls::<impl std::cmp::PartialEq for &percolator::V16Error>::eq

Check 67: std::result::Result::<percolator::HealthCertV16, percolator::V16Error>::unwrap.pointer_dereference.1
	 - Status: SUCCESS
	 - Description: "dereference failure: dead object"
	 - Location: ../../runner/.rustup/toolchains/nightly-2025-11-05-x86_64-unknown-linux-gnu/lib/rustlib/src/rust/library/core/src/result.rs:1231:15 in function std::result::Result::<percolator::HealthCertV16, percolator::V16Error>::unwrap

Check 68: <std::result::Result<percolator::HealthCertV16, percolator::V16Error> as std::ops::FromResidual<std::result::Result<std::convert::Infallible, percolator::V16Error>>>::from_residual.pointer_dereference.1
	 - Status: SUCCESS
	 - Description: "dereference failure: dead object"
	 - Location: ../../runner/.rustup/toolchains/nightly-2025-11-05-x86_64-unknown-linux-gnu/lib/rustlib/src/rust/library/core/src/result.rs:2184:23 in function <std::result::Result<percolator::HealthCertV16, percolator::V16Error> as std::ops::FromResidual<std::result::Result<std::convert::Infallible, percolator::V16Error>>>::from_residual

Check 69: proof_v16_health_cert_capital_debit_preserves_im_or_rejects::{closure#1}.pointer_dereference.1
	 - Status: SUCCESS
	 - Description: "dereference failure: pointer NULL"
	 - Location: tests/proofs_v16.rs:5957:73 in function proof_v16_health_cert_capital_debit_preserves_im_or_rejects::{closure#1}

Check 70: proof_v16_health_cert_capital_debit_preserves_im_or_rejects::{closure#1}.pointer_dereference.2
	 - Status: SUCCESS
	 - Description: "dereference failure: pointer invalid"
	 - Location: tests/proofs_v16.rs:5957:73 in function proof_v16_health_cert_capital_debit_preserves_im_or_rejects::{closure#1}

Check 71: proof_v16_health_cert_capital_debit_preserves_im_or_rejects::{closure#1}.pointer_dereference.3
	 - Status: SUCCESS
	 - Description: "dereference failure: deallocated dynamic object"
	 - Location: tests/proofs_v16.rs:5957:73 in function proof_v16_health_cert_capital_debit_preserves_im_or_rejects::{closure#1}

Check 72: proof_v16_health_cert_capital_debit_preserves_im_or_rejects::{closure#1}.pointer_dereference.4
	 - Status: SUCCESS
	 - Description: "dereference failure: dead object"
	 - Location: tests/proofs_v16.rs:5957:73 in function proof_v16_health_cert_capital_debit_preserves_im_or_rejects::{closure#1}

Check 73: proof_v16_health_cert_capital_debit_preserves_im_or_rejects::{closure#1}.pointer_dereference.5
	 - Status: SUCCESS
	 - Description: "dereference failure: pointer outside object bounds"
	 - Location: tests/proofs_v16.rs:5957:73 in function proof_v16_health_cert_capital_debit_preserves_im_or_rejects::{closure#1}

Check 74: proof_v16_health_cert_capital_debit_preserves_im_or_rejects::{closure#1}.pointer_dereference.6
	 - Status: SUCCESS
	 - Description: "dereference failure: invalid integer address"
	 - Location: tests/proofs_v16.rs:5957:73 in function proof_v16_health_cert_capital_debit_preserves_im_or_rejects::{closure#1}

Check 75: std::option::Option::<i128>::is_some.pointer_dereference.1
	 - Status: SUCCESS
	 - Description: "dereference failure: pointer NULL"
	 - Location: ../../runner/.rustup/toolchains/nightly-2025-11-05-x86_64-unknown-linux-gnu/lib/rustlib/src/rust/library/core/src/option.rs:635:18 in function std::option::Option::<i128>::is_some

Check 76: std::option::Option::<i128>::is_some.pointer_dereference.2
	 - Status: SUCCESS
	 - Description: "dereference failure: pointer invalid"
	 - Location: ../../runner/.rustup/toolchains/nightly-2025-11-05-x86_64-unknown-linux-gnu/lib/rustlib/src/rust/library/core/src/option.rs:635:18 in function std::option::Option::<i128>::is_some

Check 77: std::option::Option::<i128>::is_some.pointer_dereference.3
	 - Status: SUCCESS
	 - Description: "dereference failure: deallocated dynamic object"
	 - Location: ../../runner/.rustup/toolchains/nightly-2025-11-05-x86_64-unknown-linux-gnu/lib/rustlib/src/rust/library/core/src/option.rs:635:18 in function std::option::Option::<i128>::is_some

Check 78: std::option::Option::<i128>::is_some.pointer_dereference.4
	 - Status: SUCCESS
	 - Description: "dereference failure: dead object"
	 - Location: ../../runner/.rustup/toolchains/nightly-2025-11-05-x86_64-unknown-linux-gnu/lib/rustlib/src/rust/library/core/src/option.rs:635:18 in function std::option::Option::<i128>::is_some

Check 79: std::option::Option::<i128>::is_some.pointer_dereference.5
	 - Status: SUCCESS
	 - Description: "dereference failure: pointer outside object bounds"
	 - Location: ../../runner/.rustup/toolchains/nightly-2025-11-05-x86_64-unknown-linux-gnu/lib/rustlib/src/rust/library/core/src/option.rs:635:18 in function std::option::Option::<i128>::is_some

Check 80: std::option::Option::<i128>::is_some.pointer_dereference.6
	 - Status: SUCCESS
	 - Description: "dereference failure: invalid integer address"
	 - Location: ../../runner/.rustup/toolchains/nightly-2025-11-05-x86_64-unknown-linux-gnu/lib/rustlib/src/rust/library/core/src/option.rs:635:18 in function std::option::Option::<i128>::is_some

Check 81: std::option::Option::<bool>::unwrap_or.pointer_dereference.1
	 - Status: SUCCESS
	 - Description: "dereference failure: dead object"
	 - Location: ../../runner/.rustup/toolchains/nightly-2025-11-05-x86_64-unknown-linux-gnu/lib/rustlib/src/rust/library/core/src/option.rs:1041:15 in function std::option::Option::<bool>::unwrap_or

Check 82: core::fmt::rt::<impl std::fmt::Arguments<'_>>::new_v1::<2, 2>.pointer_dereference.1
	 - Status: SUCCESS
	 - Description: "dereference failure: dead object"
	 - Location: ../../runner/.rustup/toolchains/nightly-2025-11-05-x86_64-unknown-linux-gnu/lib/rustlib/src/rust/library/core/src/fmt/rt.rs:214:34 in function core::fmt::rt::<impl std::fmt::Arguments<'_>>::new_v1::<2, 2>

Check 83: std::option::Option::<i128>::map::<bool, {closure@tests/proofs_v16.rs:5957:14: 5957:27}>.pointer_dereference.1
	 - Status: SUCCESS
	 - Description: "dereference failure: dead object"
	 - Location: ../../runner/.rustup/toolchains/nightly-2025-11-05-x86_64-unknown-linux-gnu/lib/rustlib/src/rust/library/core/src/option.rs:1165:21 in function std::option::Option::<i128>::map::<bool, {closure@tests/proofs_v16.rs:5957:14: 5957:27}>

Check 84: <percolator::V16Error as std::cmp::PartialEq>::eq.pointer_dereference.1
	 - Status: SUCCESS
	 - Description: "dereference failure: pointer NULL"
	 - Location: src/v16.rs:166:30 in function <percolator::V16Error as std::cmp::PartialEq>::eq

Check 85: <percolator::V16Error as std::cmp::PartialEq>::eq.pointer_dereference.2
	 - Status: SUCCESS
	 - Description: "dereference failure: pointer invalid"
	 - Location: src/v16.rs:166:30 in function <percolator::V16Error as std::cmp::PartialEq>::eq

Check 86: <percolator::V16Error as std::cmp::PartialEq>::eq.pointer_dereference.3
	 - Status: SUCCESS
	 - Description: "dereference failure: deallocated dynamic object"
	 - Location: src/v16.rs:166:30 in function <percolator::V16Error as std::cmp::PartialEq>::eq

Check 87: <percolator::V16Error as std::cmp::PartialEq>::eq.pointer_dereference.4
	 - Status: SUCCESS
	 - Description: "dereference failure: dead object"
	 - Location: src/v16.rs:166:30 in function <percolator::V16Error as std::cmp::PartialEq>::eq

Check 88: <percolator::V16Error as std::cmp::PartialEq>::eq.pointer_dereference.5
	 - Status: SUCCESS
	 - Description: "dereference failure: pointer outside object bounds"
	 - Location: src/v16.rs:166:30 in function <percolator::V16Error as std::cmp::PartialEq>::eq

Check 89: <percolator::V16Error as std::cmp::PartialEq>::eq.pointer_dereference.6
	 - Status: SUCCESS
	 - Description: "dereference failure: invalid integer address"
	 - Location: src/v16.rs:166:30 in function <percolator::V16Error as std::cmp::PartialEq>::eq

Check 90: <percolator::V16Error as std::cmp::PartialEq>::eq.pointer_dereference.7
	 - Status: SUCCESS
	 - Description: "dereference failure: pointer NULL"
	 - Location: src/v16.rs:166:30 in function <percolator::V16Error as std::cmp::PartialEq>::eq

Check 91: <percolator::V16Error as std::cmp::PartialEq>::eq.pointer_dereference.8
	 - Status: SUCCESS
	 - Description: "dereference failure: pointer invalid"
	 - Location: src/v16.rs:166:30 in function <percolator::V16Error as std::cmp::PartialEq>::eq

Check 92: <percolator::V16Error as std::cmp::PartialEq>::eq.pointer_dereference.9
	 - Status: SUCCESS
	 - Description: "dereference failure: deallocated dynamic object"
	 - Location: src/v16.rs:166:30 in function <percolator::V16Error as std::cmp::PartialEq>::eq

Check 93: <percolator::V16Error as std::cmp::PartialEq>::eq.pointer_dereference.10
	 - Status: SUCCESS
	 - Description: "dereference failure: dead object"
	 - Location: src/v16.rs:166:30 in function <percolator::V16Error as std::cmp::PartialEq>::eq

Check 94: <percolator::V16Error as std::cmp::PartialEq>::eq.pointer_dereference.11
	 - Status: SUCCESS
	 - Description: "dereference failure: pointer outside object bounds"
	 - Location: src/v16.rs:166:30 in function <percolator::V16Error as std::cmp::PartialEq>::eq

Check 95: <percolator::V16Error as std::cmp::PartialEq>::eq.pointer_dereference.12
	 - Status: SUCCESS
	 - Description: "dereference failure: invalid integer address"
	 - Location: src/v16.rs:166:30 in function <percolator::V16Error as std::cmp::PartialEq>::eq

Check 96: std::result::Result::<percolator::HealthCertV16, percolator::V16Error>::is_ok.pointer_dereference.1
	 - Status: SUCCESS
	 - Description: "dereference failure: pointer NULL"
	 - Location: ../../runner/.rustup/toolchains/nightly-2025-11-05-x86_64-unknown-linux-gnu/lib/rustlib/src/rust/library/core/src/result.rs:594:18 in function std::result::Result::<percolator::HealthCertV16, percolator::V16Error>::is_ok

Check 97: std::result::Result::<percolator::HealthCertV16, percolator::V16Error>::is_ok.pointer_dereference.2
	 - Status: SUCCESS
	 - Description: "dereference failure: pointer invalid"
	 - Location: ../../runner/.rustup/toolchains/nightly-2025-11-05-x86_64-unknown-linux-gnu/lib/rustlib/src/rust/library/core/src/result.rs:594:18 in function std::result::Result::<percolator::HealthCertV16, percolator::V16Error>::is_ok

Check 98: std::result::Result::<percolator::HealthCertV16, percolator::V16Error>::is_ok.pointer_dereference.3
	 - Status: SUCCESS
	 - Description: "dereference failure: deallocated dynamic object"
	 - Location: ../../runner/.rustup/toolchains/nightly-2025-11-05-x86_64-unknown-linux-gnu/lib/rustlib/src/rust/library/core/src/result.rs:594:18 in function std::result::Result::<percolator::HealthCertV16, percolator::V16Error>::is_ok

Check 99: std::result::Result::<percolator::HealthCertV16, percolator::V16Error>::is_ok.pointer_dereference.4
	 - Status: SUCCESS
	 - Description: "dereference failure: dead object"
	 - Location: ../../runner/.rustup/toolchains/nightly-2025-11-05-x86_64-unknown-linux-gnu/lib/rustlib/src/rust/library/core/src/result.rs:594:18 in function std::result::Result::<percolator::HealthCertV16, percolator::V16Error>::is_ok

Check 100: std::result::Result::<percolator::HealthCertV16, percolator::V16Error>::is_ok.pointer_dereference.5
	 - Status: SUCCESS
	 - Description: "dereference failure: pointer outside object bounds"
	 - Location: ../../runner/.rustup/toolchains/nightly-2025-11-05-x86_64-unknown-linux-gnu/lib/rustlib/src/rust/library/core/src/result.rs:594:18 in function std::result::Result::<percolator::HealthCertV16, percolator::V16Error>::is_ok

Check 101: std::result::Result::<percolator::HealthCertV16, percolator::V16Error>::is_ok.pointer_dereference.6
	 - Status: SUCCESS
	 - Description: "dereference failure: invalid integer address"
	 - Location: ../../runner/.rustup/toolchains/nightly-2025-11-05-x86_64-unknown-linux-gnu/lib/rustlib/src/rust/library/core/src/result.rs:594:18 in function std::result::Result::<percolator::HealthCertV16, percolator::V16Error>::is_ok

Check 102: <std::result::Result<percolator::HealthCertV16, percolator::V16Error> as std::cmp::PartialEq>::eq.pointer_dereference.1
	 - Status: SUCCESS
	 - Description: "dereference failure: pointer NULL"
	 - Location: ../../runner/.rustup/toolchains/nightly-2025-11-05-x86_64-unknown-linux-gnu/lib/rustlib/src/rust/library/core/src/result.rs:553:16 in function <std::result::Result<percolator::HealthCertV16, percolator::V16Error> as std::cmp::PartialEq>::eq

Check 103: <std::result::Result<percolator::HealthCertV16, percolator::V16Error> as std::cmp::PartialEq>::eq.pointer_dereference.2
	 - Status: SUCCESS
	 - Description: "dereference failure: pointer invalid"
	 - Location: ../../runner/.rustup/toolchains/nightly-2025-11-05-x86_64-unknown-linux-gnu/lib/rustlib/src/rust/library/core/src/result.rs:553:16 in function <std::result::Result<percolator::HealthCertV16, percolator::V16Error> as std::cmp::PartialEq>::eq

Check 104: <std::result::Result<percolator::HealthCertV16, percolator::V16Error> as std::cmp::PartialEq>::eq.pointer_dereference.3
	 - Status: SUCCESS
	 - Description: "dereference failure: deallocated dynamic object"
	 - Location: ../../runner/.rustup/toolchains/nightly-2025-11-05-x86_64-unknown-linux-gnu/lib/rustlib/src/rust/library/core/src/result.rs:553:16 in function <std::result::Result<percolator::HealthCertV16, percolator::V16Error> as std::cmp::PartialEq>::eq

Check 105: <std::result::Result<percolator::HealthCertV16, percolator::V16Error> as std::cmp::PartialEq>::eq.pointer_dereference.4
	 - Status: SUCCESS
	 - Description: "dereference failure: dead object"
	 - Location: ../../runner/.rustup/toolchains/nightly-2025-11-05-x86_64-unknown-linux-gnu/lib/rustlib/src/rust/library/core/src/result.rs:553:16 in function <std::result::Result<percolator::HealthCertV16, percolator::V16Error> as std::cmp::PartialEq>::eq

Check 106: <std::result::Result<percolator::HealthCertV16, percolator::V16Error> as std::cmp::PartialEq>::eq.pointer_dereference.5
	 - Status: SUCCESS
	 - Description: "dereference failure: pointer outside object bounds"
	 - Location: ../../runner/.rustup/toolchains/nightly-2025-11-05-x86_64-unknown-linux-gnu/lib/rustlib/src/rust/library/core/src/result.rs:553:16 in function <std::result::Result<percolator::HealthCertV16, percolator::V16Error> as std::cmp::PartialEq>::eq

Check 107: <std::result::Result<percolator::HealthCertV16, percolator::V16Error> as std::cmp::PartialEq>::eq.pointer_dereference.6
	 - Status: SUCCESS
	 - Description: "dereference failure: invalid integer address"
	 - Location: ../../runner/.rustup/toolchains/nightly-2025-11-05-x86_64-unknown-linux-gnu/lib/rustlib/src/rust/library/core/src/result.rs:553:16 in function <std::result::Result<percolator::HealthCertV16, percolator::V16Error> as std::cmp::PartialEq>::eq

Check 108: <std::result::Result<percolator::HealthCertV16, percolator::V16Error> as std::cmp::PartialEq>::eq.pointer_dereference.7
	 - Status: SUCCESS
	 - Description: "dereference failure: pointer NULL"
	 - Location: ../../runner/.rustup/toolchains/nightly-2025-11-05-x86_64-unknown-linux-gnu/lib/rustlib/src/rust/library/core/src/result.rs:553:16 in function <std::result::Result<percolator::HealthCertV16, percolator::V16Error> as std::cmp::PartialEq>::eq

Check 109: <std::result::Result<percolator::HealthCertV16, percolator::V16Error> as std::cmp::PartialEq>::eq.pointer_dereference.8
	 - Status: SUCCESS
	 - Description: "dereference failure: pointer invalid"
	 - Location: ../../runner/.rustup/toolchains/nightly-2025-11-05-x86_64-unknown-linux-gnu/lib/rustlib/src/rust/library/core/src/result.rs:553:16 in function <std::result::Result<percolator::HealthCertV16, percolator::V16Error> as std::cmp::PartialEq>::eq

Check 110: <std::result::Result<percolator::HealthCertV16, percolator::V16Error> as std::cmp::PartialEq>::eq.pointer_dereference.9
	 - Status: SUCCESS
	 - Description: "dereference failure: deallocated dynamic object"
	 - Location: ../../runner/.rustup/toolchains/nightly-2025-11-05-x86_64-unknown-linux-gnu/lib/rustlib/src/rust/library/core/src/result.rs:553:16 in function <std::result::Result<percolator::HealthCertV16, percolator::V16Error> as std::cmp::PartialEq>::eq

Check 111: <std::result::Result<percolator::HealthCertV16, percolator::V16Error> as std::cmp::PartialEq>::eq.pointer_dereference.10
	 - Status: SUCCESS
	 - Description: "dereference failure: dead object"
	 - Location: ../../runner/.rustup/toolchains/nightly-2025-11-05-x86_64-unknown-linux-gnu/lib/rustlib/src/rust/library/core/src/result.rs:553:16 in function <std::result::Result<percolator::HealthCertV16, percolator::V16Error> as std::cmp::PartialEq>::eq

Check 112: <std::result::Result<percolator::HealthCertV16, percolator::V16Error> as std::cmp::PartialEq>::eq.pointer_dereference.11
	 - Status: SUCCESS
	 - Description: "dereference failure: pointer outside object bounds"
	 - Location: ../../runner/.rustup/toolchains/nightly-2025-11-05-x86_64-unknown-linux-gnu/lib/rustlib/src/rust/library/core/src/result.rs:553:16 in function <std::result::Result<percolator::HealthCertV16, percolator::V16Error> as std::cmp::PartialEq>::eq

Check 113: <std::result::Result<percolator::HealthCertV16, percolator::V16Error> as std::cmp::PartialEq>::eq.pointer_dereference.12
	 - Status: SUCCESS
	 - Description: "dereference failure: invalid integer address"
	 - Location: ../../runner/.rustup/toolchains/nightly-2025-11-05-x86_64-unknown-linux-gnu/lib/rustlib/src/rust/library/core/src/result.rs:553:16 in function <std::result::Result<percolator::HealthCertV16, percolator::V16Error> as std::cmp::PartialEq>::eq

Check 114: <std::result::Result<percolator::HealthCertV16, percolator::V16Error> as std::cmp::PartialEq>::eq.pointer_dereference.13
	 - Status: SUCCESS
	 - Description: "dereference failure: pointer NULL"
	 - Location: ../../runner/.rustup/toolchains/nightly-2025-11-05-x86_64-unknown-linux-gnu/lib/rustlib/src/rust/library/core/src/result.rs:553:16 in function <std::result::Result<percolator::HealthCertV16, percolator::V16Error> as std::cmp::PartialEq>::eq

Check 115: <std::result::Result<percolator::HealthCertV16, percolator::V16Error> as std::cmp::PartialEq>::eq.pointer_dereference.14
	 - Status: SUCCESS
	 - Description: "dereference failure: pointer invalid"
	 - Location: ../../runner/.rustup/toolchains/nightly-2025-11-05-x86_64-unknown-linux-gnu/lib/rustlib/src/rust/library/core/src/result.rs:553:16 in function <std::result::Result<percolator::HealthCertV16, percolator::V16Error> as std::cmp::PartialEq>::eq

Check 116: <std::result::Result<percolator::HealthCertV16, percolator::V16Error> as std::cmp::PartialEq>::eq.pointer_dereference.15
	 - Status: SUCCESS
	 - Description: "dereference failure: deallocated dynamic object"
	 - Location: ../../runner/.rustup/toolchains/nightly-2025-11-05-x86_64-unknown-linux-gnu/lib/rustlib/src/rust/library/core/src/result.rs:553:16 in function <std::result::Result<percolator::HealthCertV16, percolator::V16Error> as std::cmp::PartialEq>::eq

Check 117: <std::result::Result<percolator::HealthCertV16, percolator::V16Error> as std::cmp::PartialEq>::eq.pointer_dereference.16
	 - Status: SUCCESS
	 - Description: "dereference failure: dead object"
	 - Location: ../../runner/.rustup/toolchains/nightly-2025-11-05-x86_64-unknown-linux-gnu/lib/rustlib/src/rust/library/core/src/result.rs:553:16 in function <std::result::Result<percolator::HealthCertV16, percolator::V16Error> as std::cmp::PartialEq>::eq

Check 118: <std::result::Result<percolator::HealthCertV16, percolator::V16Error> as std::cmp::PartialEq>::eq.pointer_dereference.17
	 - Status: SUCCESS
	 - Description: "dereference failure: pointer outside object bounds"
	 - Location: ../../runner/.rustup/toolchains/nightly-2025-11-05-x86_64-unknown-linux-gnu/lib/rustlib/src/rust/library/core/src/result.rs:553:16 in function <std::result::Result<percolator::HealthCertV16, percolator::V16Error> as std::cmp::PartialEq>::eq

Check 119: <std::result::Result<percolator::HealthCertV16, percolator::V16Error> as std::cmp::PartialEq>::eq.pointer_dereference.18
	 - Status: SUCCESS
	 - Description: "dereference failure: invalid integer address"
	 - Location: ../../runner/.rustup/toolchains/nightly-2025-11-05-x86_64-unknown-linux-gnu/lib/rustlib/src/rust/library/core/src/result.rs:553:16 in function <std::result::Result<percolator::HealthCertV16, percolator::V16Error> as std::cmp::PartialEq>::eq

Check 120: <std::result::Result<percolator::HealthCertV16, percolator::V16Error> as std::cmp::PartialEq>::eq.pointer_dereference.19
	 - Status: SUCCESS
	 - Description: "dereference failure: pointer NULL"
	 - Location: ../../runner/.rustup/toolchains/nightly-2025-11-05-x86_64-unknown-linux-gnu/lib/rustlib/src/rust/library/core/src/result.rs:553:16 in function <std::result::Result<percolator::HealthCertV16, percolator::V16Error> as std::cmp::PartialEq>::eq

Check 121: <std::result::Result<percolator::HealthCertV16, percolator::V16Error> as std::cmp::PartialEq>::eq.pointer_dereference.20
	 - Status: SUCCESS
	 - Description: "dereference failure: pointer invalid"
	 - Location: ../../runner/.rustup/toolchains/nightly-2025-11-05-x86_64-unknown-linux-gnu/lib/rustlib/src/rust/library/core/src/result.rs:553:16 in function <std::result::Result<percolator::HealthCertV16, percolator::V16Error> as std::cmp::PartialEq>::eq

Check 122: <std::result::Result<percolator::HealthCertV16, percolator::V16Error> as std::cmp::PartialEq>::eq.pointer_dereference.21
	 - Status: SUCCESS
	 - Description: "dereference failure: deallocated dynamic object"
	 - Location: ../../runner/.rustup/toolchains/nightly-2025-11-05-x86_64-unknown-linux-gnu/lib/rustlib/src/rust/library/core/src/result.rs:553:16 in function <std::result::Result<percolator::HealthCertV16, percolator::V16Error> as std::cmp::PartialEq>::eq

Check 123: <std::result::Result<percolator::HealthCertV16, percolator::V16Error> as std::cmp::PartialEq>::eq.pointer_dereference.22
	 - Status: SUCCESS
	 - Description: "dereference failure: dead object"
	 - Location: ../../runner/.rustup/toolchains/nightly-2025-11-05-x86_64-unknown-linux-gnu/lib/rustlib/src/rust/library/core/src/result.rs:553:16 in function <std::result::Result<percolator::HealthCertV16, percolator::V16Error> as std::cmp::PartialEq>::eq

Check 124: <std::result::Result<percolator::HealthCertV16, percolator::V16Error> as std::cmp::PartialEq>::eq.pointer_dereference.23
	 - Status: SUCCESS
	 - Description: "dereference failure: pointer outside object bounds"
	 - Location: ../../runner/.rustup/toolchains/nightly-2025-11-05-x86_64-unknown-linux-gnu/lib/rustlib/src/rust/library/core/src/result.rs:553:16 in function <std::result::Result<percolator::HealthCertV16, percolator::V16Error> as std::cmp::PartialEq>::eq

Check 125: <std::result::Result<percolator::HealthCertV16, percolator::V16Error> as std::cmp::PartialEq>::eq.pointer_dereference.24
	 - Status: SUCCESS
	 - Description: "dereference failure: invalid integer address"
	 - Location: ../../runner/.rustup/toolchains/nightly-2025-11-05-x86_64-unknown-linux-gnu/lib/rustlib/src/rust/library/core/src/result.rs:553:16 in function <std::result::Result<percolator::HealthCertV16, percolator::V16Error> as std::cmp::PartialEq>::eq

Check 126: <std::result::Result<percolator::HealthCertV16, percolator::V16Error> as std::cmp::PartialEq>::eq.pointer_dereference.25
	 - Status: SUCCESS
	 - Description: "dereference failure: pointer NULL"
	 - Location: ../../runner/.rustup/toolchains/nightly-2025-11-05-x86_64-unknown-linux-gnu/lib/rustlib/src/rust/library/core/src/result.rs:553:16 in function <std::result::Result<percolator::HealthCertV16, percolator::V16Error> as std::cmp::PartialEq>::eq

Check 127: <std::result::Result<percolator::HealthCertV16, percolator::V16Error> as std::cmp::PartialEq>::eq.pointer_dereference.26
	 - Status: SUCCESS
	 - Description: "dereference failure: pointer invalid"
	 - Location: ../../runner/.rustup/toolchains/nightly-2025-11-05-x86_64-unknown-linux-gnu/lib/rustlib/src/rust/library/core/src/result.rs:553:16 in function <std::result::Result<percolator::HealthCertV16, percolator::V16Error> as std::cmp::PartialEq>::eq

Check 128: <std::result::Result<percolator::HealthCertV16, percolator::V16Error> as std::cmp::PartialEq>::eq.pointer_dereference.27
	 - Status: SUCCESS
	 - Description: "dereference failure: deallocated dynamic object"
	 - Location: ../../runner/.rustup/toolchains/nightly-2025-11-05-x86_64-unknown-linux-gnu/lib/rustlib/src/rust/library/core/src/result.rs:553:16 in function <std::result::Result<percolator::HealthCertV16, percolator::V16Error> as std::cmp::PartialEq>::eq

Check 129: <std::result::Result<percolator::HealthCertV16, percolator::V16Error> as std::cmp::PartialEq>::eq.pointer_dereference.28
	 - Status: SUCCESS
	 - Description: "dereference failure: dead object"
	 - Location: ../../runner/.rustup/toolchains/nightly-2025-11-05-x86_64-unknown-linux-gnu/lib/rustlib/src/rust/library/core/src/result.rs:553:16 in function <std::result::Result<percolator::HealthCertV16, percolator::V16Error> as std::cmp::PartialEq>::eq

Check 130: <std::result::Result<percolator::HealthCertV16, percolator::V16Error> as std::cmp::PartialEq>::eq.pointer_dereference.29
	 - Status: SUCCESS
	 - Description: "dereference failure: pointer outside object bounds"
	 - Location: ../../runner/.rustup/toolchains/nightly-2025-11-05-x86_64-unknown-linux-gnu/lib/rustlib/src/rust/library/core/src/result.rs:553:16 in function <std::result::Result<percolator::HealthCertV16, percolator::V16Error> as std::cmp::PartialEq>::eq

Check 131: <std::result::Result<percolator::HealthCertV16, percolator::V16Error> as std::cmp::PartialEq>::eq.pointer_dereference.30
	 - Status: SUCCESS
	 - Description: "dereference failure: invalid integer address"
	 - Location: ../../runner/.rustup/toolchains/nightly-2025-11-05-x86_64-unknown-linux-gnu/lib/rustlib/src/rust/library/core/src/result.rs:553:16 in function <std::result::Result<percolator::HealthCertV16, percolator::V16Error> as std::cmp::PartialEq>::eq

Check 132: <percolator::HealthCertV16 as std::cmp::PartialEq>::eq.pointer_dereference.1
	 - Status: SUCCESS
	 - Description: "dereference failure: pointer NULL"
	 - Location: src/v16.rs:3468:5 in function <percolator::HealthCertV16 as std::cmp::PartialEq>::eq

Check 133: <percolator::HealthCertV16 as std::cmp::PartialEq>::eq.pointer_dereference.2
	 - Status: SUCCESS
	 - Description: "dereference failure: pointer invalid"
	 - Location: src/v16.rs:3468:5 in function <percolator::HealthCertV16 as std::cmp::PartialEq>::eq

Check 134: <percolator::HealthCertV16 as std::cmp::PartialEq>::eq.pointer_dereference.3
	 - Status: SUCCESS
	 - Description: "dereference failure: deallocated dynamic object"
	 - Location: src/v16.rs:3468:5 in function <percolator::HealthCertV16 as std::cmp::PartialEq>::eq

Check 135: <percolator::HealthCertV16 as std::cmp::PartialEq>::eq.pointer_dereference.4
	 - Status: SUCCESS
	 - Description: "dereference failure: dead object"
	 - Location: src/v16.rs:3468:5 in function <percolator::HealthCertV16 as std::cmp::PartialEq>::eq

Check 136: <percolator::HealthCertV16 as std::cmp::PartialEq>::eq.pointer_dereference.5
	 - Status: SUCCESS
	 - Description: "dereference failure: pointer outside object bounds"
	 - Location: src/v16.rs:3468:5 in function <percolator::HealthCertV16 as std::cmp::PartialEq>::eq

Check 137: <percolator::HealthCertV16 as std::cmp::PartialEq>::eq.pointer_dereference.6
	 - Status: SUCCESS
	 - Description: "dereference failure: invalid integer address"
	 - Location: src/v16.rs:3468:5 in function <percolator::HealthCertV16 as std::cmp::PartialEq>::eq

Check 138: <percolator::HealthCertV16 as std::cmp::PartialEq>::eq.pointer_dereference.7
	 - Status: SUCCESS
	 - Description: "dereference failure: pointer NULL"
	 - Location: src/v16.rs:3468:5 in function <percolator::HealthCertV16 as std::cmp::PartialEq>::eq

Check 139: <percolator::HealthCertV16 as std::cmp::PartialEq>::eq.pointer_dereference.8
	 - Status: SUCCESS
	 - Description: "dereference failure: pointer invalid"
	 - Location: src/v16.rs:3468:5 in function <percolator::HealthCertV16 as std::cmp::PartialEq>::eq

Check 140: <percolator::HealthCertV16 as std::cmp::PartialEq>::eq.pointer_dereference.9
	 - Status: SUCCESS
	 - Description: "dereference failure: deallocated dynamic object"
	 - Location: src/v16.rs:3468:5 in function <percolator::HealthCertV16 as std::cmp::PartialEq>::eq

Check 141: <percolator::HealthCertV16 as std::cmp::PartialEq>::eq.pointer_dereference.10
	 - Status: SUCCESS
	 - Description: "dereference failure: dead object"
	 - Location: src/v16.rs:3468:5 in function <percolator::HealthCertV16 as std::cmp::PartialEq>::eq

Check 142: <percolator::HealthCertV16 as std::cmp::PartialEq>::eq.pointer_dereference.11
	 - Status: SUCCESS
	 - Description: "dereference failure: pointer outside object bounds"
	 - Location: src/v16.rs:3468:5 in function <percolator::HealthCertV16 as std::cmp::PartialEq>::eq

Check 143: <percolator::HealthCertV16 as std::cmp::PartialEq>::eq.pointer_dereference.12
	 - Status: SUCCESS
	 - Description: "dereference failure: invalid integer address"
	 - Location: src/v16.rs:3468:5 in function <percolator::HealthCertV16 as std::cmp::PartialEq>::eq

Check 144: <percolator::HealthCertV16 as std::cmp::PartialEq>::eq.pointer_dereference.13
	 - Status: SUCCESS
	 - Description: "dereference failure: pointer NULL"
	 - Location: src/v16.rs:3469:5 in function <percolator::HealthCertV16 as std::cmp::PartialEq>::eq

Check 145: <percolator::HealthCertV16 as std::cmp::PartialEq>::eq.pointer_dereference.14
	 - Status: SUCCESS
	 - Description: "dereference failure: pointer invalid"
	 - Location: src/v16.rs:3469:5 in function <percolator::HealthCertV16 as std::cmp::PartialEq>::eq

Check 146: <percolator::HealthCertV16 as std::cmp::PartialEq>::eq.pointer_dereference.15
	 - Status: SUCCESS
	 - Description: "dereference failure: deallocated dynamic object"
	 - Location: src/v16.rs:3469:5 in function <percolator::HealthCertV16 as std::cmp::PartialEq>::eq

Check 147: <percolator::HealthCertV16 as std::cmp::PartialEq>::eq.pointer_dereference.16
	 - Status: SUCCESS
	 - Description: "dereference failure: dead object"
	 - Location: src/v16.rs:3469:5 in function <percolator::HealthCertV16 as std::cmp::PartialEq>::eq

Check 148: <percolator::HealthCertV16 as std::cmp::PartialEq>::eq.pointer_dereference.17
	 - Status: SUCCESS
	 - Description: "dereference failure: pointer outside object bounds"
	 - Location: src/v16.rs:3469:5 in function <percolator::HealthCertV16 as std::cmp::PartialEq>::eq

Check 149: <percolator::HealthCertV16 as std::cmp::PartialEq>::eq.pointer_dereference.18
	 - Status: SUCCESS
	 - Description: "dereference failure: invalid integer address"
	 - Location: src/v16.rs:3469:5 in function <percolator::HealthCertV16 as std::cmp::PartialEq>::eq

Check 150: <percolator::HealthCertV16 as std::cmp::PartialEq>::eq.pointer_dereference.19
	 - Status: SUCCESS
	 - Description: "dereference failure: pointer NULL"
	 - Location: src/v16.rs:3469:5 in function <percolator::HealthCertV16 as std::cmp::PartialEq>::eq

Check 151: <percolator::HealthCertV16 as std::cmp::PartialEq>::eq.pointer_dereference.20
	 - Status: SUCCESS
	 - Description: "dereference failure: pointer invalid"
	 - Location: src/v16.rs:3469:5 in function <percolator::HealthCertV16 as std::cmp::PartialEq>::eq

Check 152: <percolator::HealthCertV16 as std::cmp::PartialEq>::eq.pointer_dereference.21
	 - Status: SUCCESS
	 - Description: "dereference failure: deallocated dynamic object"
	 - Location: src/v16.rs:3469:5 in function <percolator::HealthCertV16 as std::cmp::PartialEq>::eq

Check 153: <percolator::HealthCertV16 as std::cmp::PartialEq>::eq.pointer_dereference.22
	 - Status: SUCCESS
	 - Description: "dereference failure: dead object"
	 - Location: src/v16.rs:3469:5 in function <percolator::HealthCertV16 as std::cmp::PartialEq>::eq

Check 154: <percolator::HealthCertV16 as std::cmp::PartialEq>::eq.pointer_dereference.23
	 - Status: SUCCESS
	 - Description: "dereference failure: pointer outside object bounds"
	 - Location: src/v16.rs:3469:5 in function <percolator::HealthCertV16 as std::cmp::PartialEq>::eq

Check 155: <percolator::HealthCertV16 as std::cmp::PartialEq>::eq.pointer_dereference.24
	 - Status: SUCCESS
	 - Description: "dereference failure: invalid integer address"
	 - Location: src/v16.rs:3469:5 in function <percolator::HealthCertV16 as std::cmp::PartialEq>::eq

Check 156: <percolator::HealthCertV16 as std::cmp::PartialEq>::eq.pointer_dereference.25
	 - Status: SUCCESS
	 - Description: "dereference failure: pointer NULL"
	 - Location: src/v16.rs:3470:5 in function <percolator::HealthCertV16 as std::cmp::PartialEq>::eq

Check 157: <percolator::HealthCertV16 as std::cmp::PartialEq>::eq.pointer_dereference.26
	 - Status: SUCCESS
	 - Description: "dereference failure: pointer invalid"
	 - Location: src/v16.rs:3470:5 in function <percolator::HealthCertV16 as std::cmp::PartialEq>::eq

Check 158: <percolator::HealthCertV16 as std::cmp::PartialEq>::eq.pointer_dereference.27
	 - Status: SUCCESS
	 - Description: "dereference failure: deallocated dynamic object"
	 - Location: src/v16.rs:3470:5 in function <percolator::HealthCertV16 as std::cmp::PartialEq>::eq

Check 159: <percolator::HealthCertV16 as std::cmp::PartialEq>::eq.pointer_dereference.28
	 - Status: SUCCESS
	 - Description: "dereference failure: dead object"
	 - Location: src/v16.rs:3470:5 in function <percolator::HealthCertV16 as std::cmp::PartialEq>::eq

Check 160: <percolator::HealthCertV16 as std::cmp::PartialEq>::eq.pointer_dereference.29
	 - Status: SUCCESS
	 - Description: "dereference failure: pointer outside object bounds"
	 - Location: src/v16.rs:3470:5 in function <percolator::HealthCertV16 as std::cmp::PartialEq>::eq

Check 161: <percolator::HealthCertV16 as std::cmp::PartialEq>::eq.pointer_dereference.30
	 - Status: SUCCESS
	 - Description: "dereference failure: invalid integer address"
	 - Location: src/v16.rs:3470:5 in function <percolator::HealthCertV16 as std::cmp::PartialEq>::eq

Check 162: <percolator::HealthCertV16 as std::cmp::PartialEq>::eq.pointer_dereference.31
	 - Status: SUCCESS
	 - Description: "dereference failure: pointer NULL"
	 - Location: src/v16.rs:3470:5 in function <percolator::HealthCertV16 as std::cmp::PartialEq>::eq

Check 163: <percolator::HealthCertV16 as std::cmp::PartialEq>::eq.pointer_dereference.32
	 - Status: SUCCESS
	 - Description: "dereference failure: pointer invalid"
	 - Location: src/v16.rs:3470:5 in function <percolator::HealthCertV16 as std::cmp::PartialEq>::eq

Check 164: <percolator::HealthCertV16 as std::cmp::PartialEq>::eq.pointer_dereference.33
	 - Status: SUCCESS
	 - Description: "dereference failure: deallocated dynamic object"
	 - Location: src/v16.rs:3470:5 in function <percolator::HealthCertV16 as std::cmp::PartialEq>::eq

Check 165: <percolator::HealthCertV16 as std::cmp::PartialEq>::eq.pointer_dereference.34
	 - Status: SUCCESS
	 - Description: "dereference failure: dead object"
	 - Location: src/v16.rs:3470:5 in function <percolator::HealthCertV16 as std::cmp::PartialEq>::eq

Check 166: <percolator::HealthCertV16 as std::cmp::PartialEq>::eq.pointer_dereference.35
	 - Status: SUCCESS
	 - Description: "dereference failure: pointer outside object bounds"
	 - Location: src/v16.rs:3470:5 in function <percolator::HealthCertV16 as std::cmp::PartialEq>::eq

Check 167: <percolator::HealthCertV16 as std::cmp::PartialEq>::eq.pointer_dereference.36
	 - Status: SUCCESS
	 - Description: "dereference failure: invalid integer address"
	 - Location: src/v16.rs:3470:5 in function <percolator::HealthCertV16 as std::cmp::PartialEq>::eq

Check 168: <percolator::HealthCertV16 as std::cmp::PartialEq>::eq.pointer_dereference.37
	 - Status: SUCCESS
	 - Description: "dereference failure: pointer NULL"
	 - Location: src/v16.rs:3471:5 in function <percolator::HealthCertV16 as std::cmp::PartialEq>::eq

Check 169: <percolator::HealthCertV16 as std::cmp::PartialEq>::eq.pointer_dereference.38
	 - Status: SUCCESS
	 - Description: "dereference failure: pointer invalid"
	 - Location: src/v16.rs:3471:5 in function <percolator::HealthCertV16 as std::cmp::PartialEq>::eq

Check 170: <percolator::HealthCertV16 as std::cmp::PartialEq>::eq.pointer_dereference.39
	 - Status: SUCCESS
	 - Description: "dereference failure: deallocated dynamic object"
	 - Location: src/v16.rs:3471:5 in function <percolator::HealthCertV16 as std::cmp::PartialEq>::eq

Check 171: <percolator::HealthCertV16 as std::cmp::PartialEq>::eq.pointer_dereference.40
	 - Status: SUCCESS
	 - Description: "dereference failure: dead object"
	 - Location: src/v16.rs:3471:5 in function <percolator::HealthCertV16 as std::cmp::PartialEq>::eq

Check 172: <percolator::HealthCertV16 as std::cmp::PartialEq>::eq.pointer_dereference.41
	 - Status: SUCCESS
	 - Description: "dereference failure: pointer outside object bounds"
	 - Location: src/v16.rs:3471:5 in function <percolator::HealthCertV16 as std::cmp::PartialEq>::eq

Check 173: <percolator::HealthCertV16 as std::cmp::PartialEq>::eq.pointer_dereference.42
	 - Status: SUCCESS
	 - Description: "dereference failure: invalid integer address"
	 - Location: src/v16.rs:3471:5 in function <percolator::HealthCertV16 as std::cmp::PartialEq>::eq

Check 174: <percolator::HealthCertV16 as std::cmp::PartialEq>::eq.pointer_dereference.43
	 - Status: SUCCESS
	 - Description: "dereference failure: pointer NULL"
	 - Location: src/v16.rs:3471:5 in function <percolator::HealthCertV16 as std::cmp::PartialEq>::eq

Check 175: <percolator::HealthCertV16 as std::cmp::PartialEq>::eq.pointer_dereference.44
	 - Status: SUCCESS
	 - Description: "dereference failure: pointer invalid"
	 - Location: src/v16.rs:3471:5 in function <percolator::HealthCertV16 as std::cmp::PartialEq>::eq

Check 176: <percolator::HealthCertV16 as std::cmp::PartialEq>::eq.pointer_dereference.45
	 - Status: SUCCESS
	 - Description: "dereference failure: deallocated dynamic object"
	 - Location: src/v16.rs:3471:5 in function <percolator::HealthCertV16 as std::cmp::PartialEq>::eq

Check 177: <percolator::HealthCertV16 as std::cmp::PartialEq>::eq.pointer_dereference.46
	 - Status: SUCCESS
	 - Description: "dereference failure: dead object"
	 - Location: src/v16.rs:3471:5 in function <percolator::HealthCertV16 as std::cmp::PartialEq>::eq

Check 178: <percolator::HealthCertV16 as std::cmp::PartialEq>::eq.pointer_dereference.47
	 - Status: SUCCESS
	 - Description: "dereference failure: pointer outside object bounds"
	 - Location: src/v16.rs:3471:5 in function <percolator::HealthCertV16 as std::cmp::PartialEq>::eq

Check 179: <percolator::HealthCertV16 as std::cmp::PartialEq>::eq.pointer_dereference.48
	 - Status: SUCCESS
	 - Description: "dereference failure: invalid integer address"
	 - Location: src/v16.rs:3471:5 in function <percolator::HealthCertV16 as std::cmp::PartialEq>::eq

Check 180: <percolator::HealthCertV16 as std::cmp::PartialEq>::eq.pointer_dereference.49
	 - Status: SUCCESS
	 - Description: "dereference failure: pointer NULL"
	 - Location: src/v16.rs:3472:5 in function <percolator::HealthCertV16 as std::cmp::PartialEq>::eq

Check 181: <percolator::HealthCertV16 as std::cmp::PartialEq>::eq.pointer_dereference.50
	 - Status: SUCCESS
	 - Description: "dereference failure: pointer invalid"
	 - Location: src/v16.rs:3472:5 in function <percolator::HealthCertV16 as std::cmp::PartialEq>::eq

Check 182: <percolator::HealthCertV16 as std::cmp::PartialEq>::eq.pointer_dereference.51
	 - Status: SUCCESS
	 - Description: "dereference failure: deallocated dynamic object"
	 - Location: src/v16.rs:3472:5 in function <percolator::HealthCertV16 as std::cmp::PartialEq>::eq

Check 183: <percolator::HealthCertV16 as std::cmp::PartialEq>::eq.pointer_dereference.52
	 - Status: SUCCESS
	 - Description: "dereference failure: dead object"
	 - Location: src/v16.rs:3472:5 in function <percolator::HealthCertV16 as std::cmp::PartialEq>::eq

Check 184: <percolator::HealthCertV16 as std::cmp::PartialEq>::eq.pointer_dereference.53
	 - Status: SUCCESS
	 - Description: "dereference failure: pointer outside object bounds"
	 - Location: src/v16.rs:3472:5 in function <percolator::HealthCertV16 as std::cmp::PartialEq>::eq

Check 185: <percolator::HealthCertV16 as std::cmp::PartialEq>::eq.pointer_dereference.54
	 - Status: SUCCESS
	 - Description: "dereference failure: invalid integer address"
	 - Location: src/v16.rs:3472:5 in function <percolator::HealthCertV16 as std::cmp::PartialEq>::eq

Check 186: <percolator::HealthCertV16 as std::cmp::PartialEq>::eq.pointer_dereference.55
	 - Status: SUCCESS
	 - Description: "dereference failure: pointer NULL"
	 - Location: src/v16.rs:3472:5 in function <percolator::HealthCertV16 as std::cmp::PartialEq>::eq

Check 187: <percolator::HealthCertV16 as std::cmp::PartialEq>::eq.pointer_dereference.56
	 - Status: SUCCESS
	 - Description: "dereference failure: pointer invalid"
	 - Location: src/v16.rs:3472:5 in function <percolator::HealthCertV16 as std::cmp::PartialEq>::eq

Check 188: <percolator::HealthCertV16 as std::cmp::PartialEq>::eq.pointer_dereference.57
	 - Status: SUCCESS
	 - Description: "dereference failure: deallocated dynamic object"
	 - Location: src/v16.rs:3472:5 in function <percolator::HealthCertV16 as std::cmp::PartialEq>::eq

Check 189: <percolator::HealthCertV16 as std::cmp::PartialEq>::eq.pointer_dereference.58
	 - Status: SUCCESS
	 - Description: "dereference failure: dead object"
	 - Location: src/v16.rs:3472:5 in function <percolator::HealthCertV16 as std::cmp::PartialEq>::eq

Check 190: <percolator::HealthCertV16 as std::cmp::PartialEq>::eq.pointer_dereference.59
	 - Status: SUCCESS
	 - Description: "dereference failure: pointer outside object bounds"
	 - Location: src/v16.rs:3472:5 in function <percolator::HealthCertV16 as std::cmp::PartialEq>::eq

Check 191: <percolator::HealthCertV16 as std::cmp::PartialEq>::eq.pointer_dereference.60
	 - Status: SUCCESS
	 - Description: "dereference failure: invalid integer address"
	 - Location: src/v16.rs:3472:5 in function <percolator::HealthCertV16 as std::cmp::PartialEq>::eq

Check 192: <percolator::HealthCertV16 as std::cmp::PartialEq>::eq.pointer_dereference.61
	 - Status: SUCCESS
	 - Description: "dereference failure: pointer NULL"
	 - Location: src/v16.rs:3473:5 in function <percolator::HealthCertV16 as std::cmp::PartialEq>::eq

Check 193: <percolator::HealthCertV16 as std::cmp::PartialEq>::eq.pointer_dereference.62
	 - Status: SUCCESS
	 - Description: "dereference failure: pointer invalid"
	 - Location: src/v16.rs:3473:5 in function <percolator::HealthCertV16 as std::cmp::PartialEq>::eq

Check 194: <percolator::HealthCertV16 as std::cmp::PartialEq>::eq.pointer_dereference.63
	 - Status: SUCCESS
	 - Description: "dereference failure: deallocated dynamic object"
	 - Location: src/v16.rs:3473:5 in function <percolator::HealthCertV16 as std::cmp::PartialEq>::eq

Check 195: <percolator::HealthCertV16 as std::cmp::PartialEq>::eq.pointer_dereference.64
	 - Status: SUCCESS
	 - Description: "dereference failure: dead object"
	 - Location: src/v16.rs:3473:5 in function <percolator::HealthCertV16 as std::cmp::PartialEq>::eq

Check 196: <percolator::HealthCertV16 as std::cmp::PartialEq>::eq.pointer_dereference.65
	 - Status: SUCCESS
	 - Description: "dereference failure: pointer outside object bounds"
	 - Location: src/v16.rs:3473:5 in function <percolator::HealthCertV16 as std::cmp::PartialEq>::eq

Check 197: <percolator::HealthCertV16 as std::cmp::PartialEq>::eq.pointer_dereference.66
	 - Status: SUCCESS
	 - Description: "dereference failure: invalid integer address"
	 - Location: src/v16.rs:3473:5 in function <percolator::HealthCertV16 as std::cmp::PartialEq>::eq

Check 198: <percolator::HealthCertV16 as std::cmp::PartialEq>::eq.pointer_dereference.67
	 - Status: SUCCESS
	 - Description: "dereference failure: pointer NULL"
	 - Location: src/v16.rs:3473:5 in function <percolator::HealthCertV16 as std::cmp::PartialEq>::eq

Check 199: <percolator::HealthCertV16 as std::cmp::PartialEq>::eq.pointer_dereference.68
	 - Status: SUCCESS
	 - Description: "dereference failure: pointer invalid"
	 - Location: src/v16.rs:3473:5 in function <percolator::HealthCertV16 as std::cmp::PartialEq>::eq

Check 200: <percolator::HealthCertV16 as std::cmp::PartialEq>::eq.pointer_dereference.69
	 - Status: SUCCESS
	 - Description: "dereference failure: deallocated dynamic object"
	 - Location: src/v16.rs:3473:5 in function <percolator::HealthCertV16 as std::cmp::PartialEq>::eq

Check 201: <percolator::HealthCertV16 as std::cmp::PartialEq>::eq.pointer_dereference.70
	 - Status: SUCCESS
	 - Description: "dereference failure: dead object"
	 - Location: src/v16.rs:3473:5 in function <percolator::HealthCertV16 as std::cmp::PartialEq>::eq

Check 202: <percolator::HealthCertV16 as std::cmp::PartialEq>::eq.pointer_dereference.71
	 - Status: SUCCESS
	 - Description: "dereference failure: pointer outside object bounds"
	 - Location: src/v16.rs:3473:5 in function <percolator::HealthCertV16 as std::cmp::PartialEq>::eq

Check 203: <percolator::HealthCertV16 as std::cmp::PartialEq>::eq.pointer_dereference.72
	 - Status: SUCCESS
	 - Description: "dereference failure: invalid integer address"
	 - Location: src/v16.rs:3473:5 in function <percolator::HealthCertV16 as std::cmp::PartialEq>::eq

Check 204: <percolator::HealthCertV16 as std::cmp::PartialEq>::eq.pointer_dereference.73
	 - Status: SUCCESS
	 - Description: "dereference failure: pointer NULL"
	 - Location: src/v16.rs:3474:5 in function <percolator::HealthCertV16 as std::cmp::PartialEq>::eq

Check 205: <percolator::HealthCertV16 as std::cmp::PartialEq>::eq.pointer_dereference.74
	 - Status: SUCCESS
	 - Description: "dereference failure: pointer invalid"
	 - Location: src/v16.rs:3474:5 in function <percolator::HealthCertV16 as std::cmp::PartialEq>::eq

Check 206: <percolator::HealthCertV16 as std::cmp::PartialEq>::eq.pointer_dereference.75
	 - Status: SUCCESS
	 - Description: "dereference failure: deallocated dynamic object"
	 - Location: src/v16.rs:3474:5 in function <percolator::HealthCertV16 as std::cmp::PartialEq>::eq

Check 207: <percolator::HealthCertV16 as std::cmp::PartialEq>::eq.pointer_dereference.76
	 - Status: SUCCESS
	 - Description: "dereference failure: dead object"
	 - Location: src/v16.rs:3474:5 in function <percolator::HealthCertV16 as std::cmp::PartialEq>::eq

Check 208: <percolator::HealthCertV16 as std::cmp::PartialEq>::eq.pointer_dereference.77
	 - Status: SUCCESS
	 - Description: "dereference failure: pointer outside object bounds"
	 - Location: src/v16.rs:3474:5 in function <percolator::HealthCertV16 as std::cmp::PartialEq>::eq

Check 209: <percolator::HealthCertV16 as std::cmp::PartialEq>::eq.pointer_dereference.78
	 - Status: SUCCESS
	 - Description: "dereference failure: invalid integer address"
	 - Location: src/v16.rs:3474:5 in function <percolator::HealthCertV16 as std::cmp::PartialEq>::eq

Check 210: <percolator::HealthCertV16 as std::cmp::PartialEq>::eq.pointer_dereference.79
	 - Status: SUCCESS
	 - Description: "dereference failure: pointer NULL"
	 - Location: src/v16.rs:3474:5 in function <percolator::HealthCertV16 as std::cmp::PartialEq>::eq

Check 211: <percolator::HealthCertV16 as std::cmp::PartialEq>::eq.pointer_dereference.80
	 - Status: SUCCESS
	 - Description: "dereference failure: pointer invalid"
	 - Location: src/v16.rs:3474:5 in function <percolator::HealthCertV16 as std::cmp::PartialEq>::eq

Check 212: <percolator::HealthCertV16 as std::cmp::PartialEq>::eq.pointer_dereference.81
	 - Status: SUCCESS
	 - Description: "dereference failure: deallocated dynamic object"
	 - Location: src/v16.rs:3474:5 in function <percolator::HealthCertV16 as std::cmp::PartialEq>::eq

Check 213: <percolator::HealthCertV16 as std::cmp::PartialEq>::eq.pointer_dereference.82
	 - Status: SUCCESS
	 - Description: "dereference failure: dead object"
	 - Location: src/v16.rs:3474:5 in function <percolator::HealthCertV16 as std::cmp::PartialEq>::eq

Check 214: <percolator::HealthCertV16 as std::cmp::PartialEq>::eq.pointer_dereference.83
	 - Status: SUCCESS
	 - Description: "dereference failure: pointer outside object bounds"
	 - Location: src/v16.rs:3474:5 in function <percolator::HealthCertV16 as std::cmp::PartialEq>::eq

Check 215: <percolator::HealthCertV16 as std::cmp::PartialEq>::eq.pointer_dereference.84
	 - Status: SUCCESS
	 - Description: "dereference failure: invalid integer address"
	 - Location: src/v16.rs:3474:5 in function <percolator::HealthCertV16 as std::cmp::PartialEq>::eq

Check 216: <percolator::HealthCertV16 as std::cmp::PartialEq>::eq.pointer_dereference.85
	 - Status: SUCCESS
	 - Description: "dereference failure: pointer NULL"
	 - Location: src/v16.rs:3475:5 in function <percolator::HealthCertV16 as std::cmp::PartialEq>::eq

Check 217: <percolator::HealthCertV16 as std::cmp::PartialEq>::eq.pointer_dereference.86
	 - Status: SUCCESS
	 - Description: "dereference failure: pointer invalid"
	 - Location: src/v16.rs:3475:5 in function <percolator::HealthCertV16 as std::cmp::PartialEq>::eq

Check 218: <percolator::HealthCertV16 as std::cmp::PartialEq>::eq.pointer_dereference.87
	 - Status: SUCCESS
	 - Description: "dereference failure: deallocated dynamic object"
	 - Location: src/v16.rs:3475:5 in function <percolator::HealthCertV16 as std::cmp::PartialEq>::eq

Check 219: <percolator::HealthCertV16 as std::cmp::PartialEq>::eq.pointer_dereference.88
	 - Status: SUCCESS
	 - Description: "dereference failure: dead object"
	 - Location: src/v16.rs:3475:5 in function <percolator::HealthCertV16 as std::cmp::PartialEq>::eq

Check 220: <percolator::HealthCertV16 as std::cmp::PartialEq>::eq.pointer_dereference.89
	 - Status: SUCCESS
	 - Description: "dereference failure: pointer outside object bounds"
	 - Location: src/v16.rs:3475:5 in function <percolator::HealthCertV16 as std::cmp::PartialEq>::eq

Check 221: <percolator::HealthCertV16 as std::cmp::PartialEq>::eq.pointer_dereference.90
	 - Status: SUCCESS
	 - Description: "dereference failure: invalid integer address"
	 - Location: src/v16.rs:3475:5 in function <percolator::HealthCertV16 as std::cmp::PartialEq>::eq

Check 222: <percolator::HealthCertV16 as std::cmp::PartialEq>::eq.pointer_dereference.91
	 - Status: SUCCESS
	 - Description: "dereference failure: pointer NULL"
	 - Location: src/v16.rs:3475:5 in function <percolator::HealthCertV16 as std::cmp::PartialEq>::eq

Check 223: <percolator::HealthCertV16 as std::cmp::PartialEq>::eq.pointer_dereference.92
	 - Status: SUCCESS
	 - Description: "dereference failure: pointer invalid"
	 - Location: src/v16.rs:3475:5 in function <percolator::HealthCertV16 as std::cmp::PartialEq>::eq

Check 224: <percolator::HealthCertV16 as std::cmp::PartialEq>::eq.pointer_dereference.93
	 - Status: SUCCESS
	 - Description: "dereference failure: deallocated dynamic object"
	 - Location: src/v16.rs:3475:5 in function <percolator::HealthCertV16 as std::cmp::PartialEq>::eq

Check 225: <percolator::HealthCertV16 as std::cmp::PartialEq>::eq.pointer_dereference.94
	 - Status: SUCCESS
	 - Description: "dereference failure: dead object"
	 - Location: src/v16.rs:3475:5 in function <percolator::HealthCertV16 as std::cmp::PartialEq>::eq

Check 226: <percolator::HealthCertV16 as std::cmp::PartialEq>::eq.pointer_dereference.95
	 - Status: SUCCESS
	 - Description: "dereference failure: pointer outside object bounds"
	 - Location: src/v16.rs:3475:5 in function <percolator::HealthCertV16 as std::cmp::PartialEq>::eq

Check 227: <percolator::HealthCertV16 as std::cmp::PartialEq>::eq.pointer_dereference.96
	 - Status: SUCCESS
	 - Description: "dereference failure: invalid integer address"
	 - Location: src/v16.rs:3475:5 in function <percolator::HealthCertV16 as std::cmp::PartialEq>::eq

Check 228: <percolator::HealthCertV16 as std::cmp::PartialEq>::eq.pointer_dereference.97
	 - Status: SUCCESS
	 - Description: "dereference failure: pointer NULL"
	 - Location: src/v16.rs:3476:5 in function <percolator::HealthCertV16 as std::cmp::PartialEq>::eq

Check 229: <percolator::HealthCertV16 as std::cmp::PartialEq>::eq.pointer_dereference.98
	 - Status: SUCCESS
	 - Description: "dereference failure: pointer invalid"
	 - Location: src/v16.rs:3476:5 in function <percolator::HealthCertV16 as std::cmp::PartialEq>::eq

Check 230: <percolator::HealthCertV16 as std::cmp::PartialEq>::eq.pointer_dereference.99
	 - Status: SUCCESS
	 - Description: "dereference failure: deallocated dynamic object"
	 - Location: src/v16.rs:3476:5 in function <percolator::HealthCertV16 as std::cmp::PartialEq>::eq

Check 231: <percolator::HealthCertV16 as std::cmp::PartialEq>::eq.pointer_dereference.100
	 - Status: SUCCESS
	 - Description: "dereference failure: dead object"
	 - Location: src/v16.rs:3476:5 in function <percolator::HealthCertV16 as std::cmp::PartialEq>::eq

Check 232: <percolator::HealthCertV16 as std::cmp::PartialEq>::eq.pointer_dereference.101
	 - Status: SUCCESS
	 - Description: "dereference failure: pointer outside object bounds"
	 - Location: src/v16.rs:3476:5 in function <percolator::HealthCertV16 as std::cmp::PartialEq>::eq

Check 233: <percolator::HealthCertV16 as std::cmp::PartialEq>::eq.pointer_dereference.102
	 - Status: SUCCESS
	 - Description: "dereference failure: invalid integer address"
	 - Location: src/v16.rs:3476:5 in function <percolator::HealthCertV16 as std::cmp::PartialEq>::eq

Check 234: <percolator::HealthCertV16 as std::cmp::PartialEq>::eq.pointer_dereference.103
	 - Status: SUCCESS
	 - Description: "dereference failure: pointer NULL"
	 - Location: src/v16.rs:3476:5 in function <percolator::HealthCertV16 as std::cmp::PartialEq>::eq

Check 235: <percolator::HealthCertV16 as std::cmp::PartialEq>::eq.pointer_dereference.104
	 - Status: SUCCESS
	 - Description: "dereference failure: pointer invalid"
	 - Location: src/v16.rs:3476:5 in function <percolator::HealthCertV16 as std::cmp::PartialEq>::eq

Check 236: <percolator::HealthCertV16 as std::cmp::PartialEq>::eq.pointer_dereference.105
	 - Status: SUCCESS
	 - Description: "dereference failure: deallocated dynamic object"
	 - Location: src/v16.rs:3476:5 in function <percolator::HealthCertV16 as std::cmp::PartialEq>::eq

Check 237: <percolator::HealthCertV16 as std::cmp::PartialEq>::eq.pointer_dereference.106
	 - Status: SUCCESS
	 - Description: "dereference failure: dead object"
	 - Location: src/v16.rs:3476:5 in function <percolator::HealthCertV16 as std::cmp::PartialEq>::eq

Check 238: <percolator::HealthCertV16 as std::cmp::PartialEq>::eq.pointer_dereference.107
	 - Status: SUCCESS
	 - Description: "dereference failure: pointer outside object bounds"
	 - Location: src/v16.rs:3476:5 in function <percolator::HealthCertV16 as std::cmp::PartialEq>::eq

Check 239: <percolator::HealthCertV16 as std::cmp::PartialEq>::eq.pointer_dereference.108
	 - Status: SUCCESS
	 - Description: "dereference failure: invalid integer address"
	 - Location: src/v16.rs:3476:5 in function <percolator::HealthCertV16 as std::cmp::PartialEq>::eq

Check 240: <percolator::HealthCertV16 as std::cmp::PartialEq>::eq.pointer_dereference.109
	 - Status: SUCCESS
	 - Description: "dereference failure: pointer NULL"
	 - Location: src/v16.rs:3478:5 in function <percolator::HealthCertV16 as std::cmp::PartialEq>::eq

Check 241: <percolator::HealthCertV16 as std::cmp::PartialEq>::eq.pointer_dereference.110
	 - Status: SUCCESS
	 - Description: "dereference failure: pointer invalid"
	 - Location: src/v16.rs:3478:5 in function <percolator::HealthCertV16 as std::cmp::PartialEq>::eq

Check 242: <percolator::HealthCertV16 as std::cmp::PartialEq>::eq.pointer_dereference.111
	 - Status: SUCCESS
	 - Description: "dereference failure: deallocated dynamic object"
	 - Location: src/v16.rs:3478:5 in function <percolator::HealthCertV16 as std::cmp::PartialEq>::eq

Check 243: <percolator::HealthCertV16 as std::cmp::PartialEq>::eq.pointer_dereference.112
	 - Status: SUCCESS
	 - Description: "dereference failure: dead object"
	 - Location: src/v16.rs:3478:5 in function <percolator::HealthCertV16 as std::cmp::PartialEq>::eq

Check 244: <percolator::HealthCertV16 as std::cmp::PartialEq>::eq.pointer_dereference.113
	 - Status: SUCCESS
	 - Description: "dereference failure: pointer outside object bounds"
	 - Location: src/v16.rs:3478:5 in function <percolator::HealthCertV16 as std::cmp::PartialEq>::eq

Check 245: <percolator::HealthCertV16 as std::cmp::PartialEq>::eq.pointer_dereference.114
	 - Status: SUCCESS
	 - Description: "dereference failure: invalid integer address"
	 - Location: src/v16.rs:3478:5 in function <percolator::HealthCertV16 as std::cmp::PartialEq>::eq

Check 246: <percolator::HealthCertV16 as std::cmp::PartialEq>::eq.pointer_dereference.115
	 - Status: SUCCESS
	 - Description: "dereference failure: pointer NULL"
	 - Location: src/v16.rs:3478:5 in function <percolator::HealthCertV16 as std::cmp::PartialEq>::eq

Check 247: <percolator::HealthCertV16 as std::cmp::PartialEq>::eq.pointer_dereference.116
	 - Status: SUCCESS
	 - Description: "dereference failure: pointer invalid"
	 - Location: src/v16.rs:3478:5 in function <percolator::HealthCertV16 as std::cmp::PartialEq>::eq

Check 248: <percolator::HealthCertV16 as std::cmp::PartialEq>::eq.pointer_dereference.117
	 - Status: SUCCESS
	 - Description: "dereference failure: deallocated dynamic object"
	 - Location: src/v16.rs:3478:5 in function <percolator::HealthCertV16 as std::cmp::PartialEq>::eq

Check 249: <percolator::HealthCertV16 as std::cmp::PartialEq>::eq.pointer_dereference.118
	 - Status: SUCCESS
	 - Description: "dereference failure: dead object"
	 - Location: src/v16.rs:3478:5 in function <percolator::HealthCertV16 as std::cmp::PartialEq>::eq

Check 250: <percolator::HealthCertV16 as std::cmp::PartialEq>::eq.pointer_dereference.119
	 - Status: SUCCESS
	 - Description: "dereference failure: pointer outside object bounds"
	 - Location: src/v16.rs:3478:5 in function <percolator::HealthCertV16 as std::cmp::PartialEq>::eq

Check 251: <percolator::HealthCertV16 as std::cmp::PartialEq>::eq.pointer_dereference.120
	 - Status: SUCCESS
	 - Description: "dereference failure: invalid integer address"
	 - Location: src/v16.rs:3478:5 in function <percolator::HealthCertV16 as std::cmp::PartialEq>::eq

Check 252: proof_v16_health_cert_capital_debit_preserves_im_or_rejects::{closure#0}.pointer_dereference.1
	 - Status: SUCCESS
	 - Description: "dereference failure: pointer NULL"
	 - Location: tests/proofs_v16.rs:5955:30 in function proof_v16_health_cert_capital_debit_preserves_im_or_rejects::{closure#0}

Check 253: proof_v16_health_cert_capital_debit_preserves_im_or_rejects::{closure#0}.pointer_dereference.2
	 - Status: SUCCESS
	 - Description: "dereference failure: pointer invalid"
	 - Location: tests/proofs_v16.rs:5955:30 in function proof_v16_health_cert_capital_debit_preserves_im_or_rejects::{closure#0}

Check 254: proof_v16_health_cert_capital_debit_preserves_im_or_rejects::{closure#0}.pointer_dereference.3
	 - Status: SUCCESS
	 - Description: "dereference failure: deallocated dynamic object"
	 - Location: tests/proofs_v16.rs:5955:30 in function proof_v16_health_cert_capital_debit_preserves_im_or_rejects::{closure#0}

Check 255: proof_v16_health_cert_capital_debit_preserves_im_or_rejects::{closure#0}.pointer_dereference.4
	 - Status: SUCCESS
	 - Description: "dereference failure: dead object"
	 - Location: tests/proofs_v16.rs:5955:30 in function proof_v16_health_cert_capital_debit_preserves_im_or_rejects::{closure#0}

Check 256: proof_v16_health_cert_capital_debit_preserves_im_or_rejects::{closure#0}.pointer_dereference.5
	 - Status: SUCCESS
	 - Description: "dereference failure: pointer outside object bounds"
	 - Location: tests/proofs_v16.rs:5955:30 in function proof_v16_health_cert_capital_debit_preserves_im_or_rejects::{closure#0}

Check 257: proof_v16_health_cert_capital_debit_preserves_im_or_rejects::{closure#0}.pointer_dereference.6
	 - Status: SUCCESS
	 - Description: "dereference failure: invalid integer address"
	 - Location: tests/proofs_v16.rs:5955:30 in function proof_v16_health_cert_capital_debit_preserves_im_or_rejects::{closure#0}


SUMMARY:
 ** 0 of 253 failed

 ** 4 of 4 cover properties satisfied


VERIFICATION:- SUCCESSFUL
Verification Time: 1.1808577s

Manual Harness Summary:
Complete - 1 successfully verified harnesses, 0 failures, 1 total.
