Kani Rust Verifier 0.66.0 (cargo plugin)
   Compiling percolator v0.1.1 (/home/anatoly/percolator)
warning: variable does not need to be mutable
     --> src/v16.rs:11500:13
      |
11500 |         let mut ledger = account.header.close_progress.try_to_runtime()?;
      |             ----^^^^^^
      |             |
      |             help: remove this `mut`
      |
      = note: `#[warn(unused_mut)]` (part of `#[warn(unused)]`) on by default

    Finished `test` profile [unoptimized + debuginfo] target(s) in 0.92s
   Compiling percolator v0.1.1 (/home/anatoly/percolator)
warning: variable does not need to be mutable
     --> src/v16.rs:11500:13
      |
11500 |         let mut ledger = account.header.close_progress.try_to_runtime()?;
      |             ----^^^^^^
      |             |
      |             help: remove this `mut`
      |
      = note: `#[warn(unused_mut)]` (part of `#[warn(unused)]`) on by default

    Finished `test` profile [unoptimized + debuginfo] target(s) in 0.12s
   Compiling percolator v0.1.1 (/home/anatoly/percolator)
warning: variable does not need to be mutable
     --> src/v16.rs:11500:13
      |
11500 |         let mut ledger = account.header.close_progress.try_to_runtime()?;
      |             ----^^^^^^
      |             |
      |             help: remove this `mut`
      |
      = note: `#[warn(unused_mut)]` (part of `#[warn(unused)]`) on by default

warning: unused imports: `MarketGroupV16View` and `TradeRequestV16`
  --> tests/proofs_v16.rs:22:42
   |
22 |     Market, MarketGroupV16HeaderAccount, MarketGroupV16View, MarketGroupV16ViewMut,
   |                                          ^^^^^^^^^^^^^^^^^^
...
31 |     TradeRequestV16,
   |     ^^^^^^^^^^^^^^^
   |
   = note: `#[warn(unused_imports)]` (part of `#[warn(unused)]`) on by default

    Finished `test` profile [unoptimized + debuginfo] target(s) in 0.91s
   Compiling percolator v0.1.1 (/home/anatoly/percolator)
warning: variable does not need to be mutable
     --> src/v16.rs:11500:13
      |
11500 |         let mut ledger = account.header.close_progress.try_to_runtime()?;
      |             ----^^^^^^
      |             |
      |             help: remove this `mut`
      |
      = note: `#[warn(unused_mut)]` (part of `#[warn(unused)]`) on by default

    Finished `test` profile [unoptimized + debuginfo] target(s) in 0.06s
   Compiling percolator v0.1.1 (/home/anatoly/percolator)
warning: variable does not need to be mutable
     --> src/v16.rs:11500:13
      |
11500 |         let mut ledger = account.header.close_progress.try_to_runtime()?;
      |             ----^^^^^^
      |             |
      |             help: remove this `mut`
      |
      = note: `#[warn(unused_mut)]` (part of `#[warn(unused)]`) on by default

    Finished `test` profile [unoptimized + debuginfo] target(s) in 0.07s
   Compiling percolator v0.1.1 (/home/anatoly/percolator)
warning: variable does not need to be mutable
     --> src/v16.rs:11500:13
      |
11500 |         let mut ledger = account.header.close_progress.try_to_runtime()?;
      |             ----^^^^^^
      |             |
      |             help: remove this `mut`
      |
      = note: `#[warn(unused_mut)]` (part of `#[warn(unused)]`) on by default

    Finished `test` profile [unoptimized + debuginfo] target(s) in 0.08s
   Compilingwarning: variable does not need to be mutable
     --> src/v16.rs:11500:13
      |
11500 |         let mut ledger = account.header.close_progress.try_to_runtime()?;
      |             ----^^^^^^
      |             |
      |             help: remove this `mut`
      |
      = note: `#[warn(unused_mut)]` (part of `#[warn(unused)]`) on by default

 percolator v0.1.1 (/home/anatoly/percolator)
    Finished `test` profile [unoptimized + debuginfo] target(s) in 0.07s
   Compilingwarning: variable does not need to be mutable
     --> src/v16.rs:11500:13
      |
11500 |         let mut ledger = account.header.close_progress.try_to_runtime()?;
      |             ----^^^^^^
      |             |
      |             help: remove this `mut`
      |
      = note: `#[warn(unused_mut)]` (part of `#[warn(unused)]`) on by default

 percolator v0.1.1 (/home/anatoly/percolator)
    Finished `test` profile [unoptimized + debuginfo] target(s) in 0.14s
Checking harness proof_v16_domain_insurance_budget_delta_cannot_overallocate_pooled_insurance...
CBMC 6.8.0 (cbmc-6.8.0)
CBMC version 6.8.0 (cbmc-6.8.0) 64-bit x86_64 linux
Reading GOTO program from file /home/anatoly/percolator/target/kani-verify/kani/x86_64-unknown-linux-gnu/debug/deps/proofs_v16-50cbfbaef92e6b7c__RNvCs35DYgTG8RvC_10proofs_v1676proof_v16_domain_insurance_budget_delta_cannot_overallocate_pooled_insurance.out
Generating GOTO Program
Adding CPROVER library (x86_64)
Removal of function pointers and virtual functions
Generic Property Instrumentation
Running with 16 object bits, 48 offset bits (user-specified)
Starting Bounded Model Checking
aborting path on assume(false) at file /home/runner/.rustup/toolchains/nightly-2025-11-05-x86_64-unknown-linux-gnu/lib/rustlib/src/rust/library/core/src/option.rs line 1337 column 15 function std::option::Option::<u128>::ok_or::<percolator::V16Error> thread 0
aborting path on assume(false) at file /home/runner/.rustup/toolchains/nightly-2025-11-05-x86_64-unknown-linux-gnu/lib/rustlib/src/rust/library/core/src/result.rs line 2168 column 15 function <std::result::Result<u128, percolator::V16Error> as std::ops::Try>::branch thread 0
aborting path on assume(false) at file /home/runner/.rustup/toolchains/nightly-2025-11-05-x86_64-unknown-linux-gnu/lib/rustlib/src/rust/library/core/src/option.rs line 1337 column 15 function std::option::Option::<u128>::ok_or::<percolator::V16Error> thread 0
aborting path on assume(false) at file /home/runner/.rustup/toolchains/nightly-2025-11-05-x86_64-unknown-linux-gnu/lib/rustlib/src/rust/library/core/src/result.rs line 2168 column 15 function <std::result::Result<u128, percolator::V16Error> as std::ops::Try>::branch thread 0
aborting path on assume(false) at file /home/runner/.rustup/toolchains/nightly-2025-11-05-x86_64-unknown-linux-gnu/lib/rustlib/src/rust/library/core/src/option.rs line 1337 column 15 function std::option::Option::<u128>::ok_or::<percolator::V16Error> thread 0
aborting path on assume(false) at file /home/runner/.rustup/toolchains/nightly-2025-11-05-x86_64-unknown-linux-gnu/lib/rustlib/src/rust/library/core/src/option.rs line 1337 column 15 function std::option::Option::<u128>::ok_or::<percolator::V16Error> thread 0
aborting path on assume(false) at file /home/runner/.rustup/toolchains/nightly-2025-11-05-x86_64-unknown-linux-gnu/lib/rustlib/src/rust/library/core/src/result.rs line 2168 column 15 function <std::result::Result<u128, percolator::V16Error> as std::ops::Try>::branch thread 0
aborting path on assume(false) at file tests/proofs_v16.rs line 0 column 0 function percolator::MarketGroupV16ViewMut::<'_, u64>::set_domain_insurance_budget_delta thread 0
aborting path on assume(false) at file tests/proofs_v16.rs line 10380 column 1 function proof_v16_domain_insurance_budget_delta_cannot_overallocate_pooled_insurance thread 0
Runtime Symex: 0.0470736s
size of program expression: 3753 steps
slicing removed 2755 assignments
Generated 53 VCC(s), 47 remaining after simplification
Runtime Postprocess Equation: 0.000424487s
Passing problem to propositional reduction
converting SSA
Runtime Convert SSA: 0.00973543s
Running propositional reduction
Post-processing
Runtime Post-process: 6.169e-06s
Solving with CaDiCaL 2.0.0
17812 variables, 51889 clauses
SAT checker: instance is SATISFIABLE
Runtime Solver: 0.00259556s
Runtime decision procedure: 0.0125834s
Running propositional reduction
Solving with CaDiCaL 2.0.0
17813 variables, 51890 clauses
SAT checker: instance is SATISFIABLE
Runtime Solver: 0.000839028s
Runtime decision procedure: 0.000914642s
Running propositional reduction
Solving with CaDiCaL 2.0.0
17814 variables, 51891 clauses
SAT checker: instance is SATISFIABLE
Runtime Solver: 0.129427s
Runtime decision procedure: 0.129637s
Running propositional reduction
Solving with CaDiCaL 2.0.0
17815 variables, 51892 clauses
SAT checker: instance is SATISFIABLE
Runtime Solver: 0.335034s
Runtime decision procedure: 0.335232s
Running propositional reduction
Solving with CaDiCaL 2.0.0
17816 variables, 51893 clauses
SAT checker: instance is UNSATISFIABLE
Runtime Solver: 1.26052s
Runtime decision procedure: 1.26056s

RESULTS:
Check 1: std::option::Option::<u128>::ok_or::<percolator::V16Error>.unreachable.1
	 - Status: SUCCESS
	 - Description: "unreachable code"
	 - Location: ../../runner/.rustup/toolchains/nightly-2025-11-05-x86_64-unknown-linux-gnu/lib/rustlib/src/rust/library/core/src/option.rs:1337:15 in function std::option::Option::<u128>::ok_or::<percolator::V16Error>

Check 2: proof_v16_domain_insurance_budget_delta_cannot_overallocate_pooled_insurance.assertion.1
	 - Status: SUCCESS
	 - Description: "attempt to subtract with overflow"
	 - Location: tests/proofs_v16.rs:10388:25 in function proof_v16_domain_insurance_budget_delta_cannot_overallocate_pooled_insurance

Check 3: proof_v16_domain_insurance_budget_delta_cannot_overallocate_pooled_insurance.assertion.2
	 - Status: SUCCESS
	 - Description: "attempt to add with overflow"
	 - Location: tests/proofs_v16.rs:10389:22 in function proof_v16_domain_insurance_budget_delta_cannot_overallocate_pooled_insurance

Check 4: proof_v16_domain_insurance_budget_delta_cannot_overallocate_pooled_insurance.assertion.3
	 - Status: SUCCESS
	 - Description: "attempt to subtract with overflow"
	 - Location: tests/proofs_v16.rs:10390:25 in function proof_v16_domain_insurance_budget_delta_cannot_overallocate_pooled_insurance

Check 5: proof_v16_domain_insurance_budget_delta_cannot_overallocate_pooled_insurance.assertion.4
	 - Status: SUCCESS
	 - Description: "attempt to subtract with overflow"
	 - Location: tests/proofs_v16.rs:10391:25 in function proof_v16_domain_insurance_budget_delta_cannot_overallocate_pooled_insurance

Check 6: proof_v16_domain_insurance_budget_delta_cannot_overallocate_pooled_insurance.assertion.5
	 - Status: SUCCESS
	 - Description: "attempt to subtract with overflow"
	 - Location: tests/proofs_v16.rs:10392:37 in function proof_v16_domain_insurance_budget_delta_cannot_overallocate_pooled_insurance

Check 7: proof_v16_domain_insurance_budget_delta_cannot_overallocate_pooled_insurance.assertion.6
	 - Status: SUCCESS
	 - Description: "attempt to subtract with overflow"
	 - Location: tests/proofs_v16.rs:10393:37 in function proof_v16_domain_insurance_budget_delta_cannot_overallocate_pooled_insurance

Check 8: proof_v16_domain_insurance_budget_delta_cannot_overallocate_pooled_insurance.assertion.7
	 - Status: SUCCESS
	 - Description: "attempt to add with overflow"
	 - Location: tests/proofs_v16.rs:10394:27 in function proof_v16_domain_insurance_budget_delta_cannot_overallocate_pooled_insurance

Check 9: proof_v16_domain_insurance_budget_delta_cannot_overallocate_pooled_insurance.assertion.8
	 - Status: SUCCESS
	 - Description: "attempt to subtract with overflow"
	 - Location: tests/proofs_v16.rs:10395:37 in function proof_v16_domain_insurance_budget_delta_cannot_overallocate_pooled_insurance

Check 10: proof_v16_domain_insurance_budget_delta_cannot_overallocate_pooled_insurance.assertion.9
	 - Status: SUCCESS
	 - Description: "attempt to add with overflow"
	 - Location: tests/proofs_v16.rs:10396:21 in function proof_v16_domain_insurance_budget_delta_cannot_overallocate_pooled_insurance

Check 11: proof_v16_domain_insurance_budget_delta_cannot_overallocate_pooled_insurance.assertion.10
	 - Status: SUCCESS
	 - Description: "attempt to add with overflow"
	 - Location: tests/proofs_v16.rs:10404:26 in function proof_v16_domain_insurance_budget_delta_cannot_overallocate_pooled_insurance

Check 12: proof_v16_domain_insurance_budget_delta_cannot_overallocate_pooled_insurance.cover.1
	 - Status: SATISFIED
	 - Description: "domain budget delta covers backed budget credit"
	 - Location: tests/proofs_v16.rs:10407:5 in function proof_v16_domain_insurance_budget_delta_cannot_overallocate_pooled_insurance

Check 13: proof_v16_domain_insurance_budget_delta_cannot_overallocate_pooled_insurance.cover.2
	 - Status: SATISFIED
	 - Description: "domain budget delta rejects over-allocation of pooled insurance"
	 - Location: tests/proofs_v16.rs:10411:5 in function proof_v16_domain_insurance_budget_delta_cannot_overallocate_pooled_insurance

Check 14: proof_v16_domain_insurance_budget_delta_cannot_overallocate_pooled_insurance.assertion.11
	 - Status: SUCCESS
	 - Description: "assertion failed: result.is_ok() == expected_ok"
	 - Location: tests/proofs_v16.rs:10415:5 in function proof_v16_domain_insurance_budget_delta_cannot_overallocate_pooled_insurance

Check 15: proof_v16_domain_insurance_budget_delta_cannot_overallocate_pooled_insurance.unreachable.1
	 - Status: SUCCESS
	 - Description: "unreachable code"
	 - Location: tests/proofs_v16.rs:10380:1 in function proof_v16_domain_insurance_budget_delta_cannot_overallocate_pooled_insurance

Check 16: proof_v16_domain_insurance_budget_delta_cannot_overallocate_pooled_insurance.assertion.12
	 - Status: SUCCESS
	 - Description: "assertion failed: next_total == expected_total"
	 - Location: tests/proofs_v16.rs:10417:9 in function proof_v16_domain_insurance_budget_delta_cannot_overallocate_pooled_insurance

Check 17: proof_v16_domain_insurance_budget_delta_cannot_overallocate_pooled_insurance.assertion.13
	 - Status: SUCCESS
	 - Description: "assertion failed: next_total <= insurance"
	 - Location: tests/proofs_v16.rs:10418:9 in function proof_v16_domain_insurance_budget_delta_cannot_overallocate_pooled_insurance

Check 18: core::num::<impl u128>::checked_add.arithmetic_overflow.1
	 - Status: SUCCESS
	 - Description: "attempt to compute `unchecked_add` which would overflow"
	 - Location: ../../runner/.rustup/toolchains/nightly-2025-11-05-x86_64-unknown-linux-gnu/lib/rustlib/src/rust/library/core/src/num/uint_macros.rs:646:31 in function core::num::<impl u128>::checked_add

Check 19: percolator::MarketGroupV16ViewMut::<'_, u64>::apply_total_delta.assertion.1
	 - Status: SUCCESS
	 - Description: "attempt to subtract with overflow"
	 - Location: src/v16.rs:6049:30 in function percolator::MarketGroupV16ViewMut::<'_, u64>::apply_total_delta

Check 20: percolator::MarketGroupV16ViewMut::<'_, u64>::apply_total_delta.assertion.2
	 - Status: UNREACHABLE
	 - Description: "attempt to subtract with overflow"
	 - Location: src/v16.rs:6053:30 in function percolator::MarketGroupV16ViewMut::<'_, u64>::apply_total_delta

Check 21: core::num::<impl u128>::checked_sub.arithmetic_overflow.1
	 - Status: SUCCESS
	 - Description: "attempt to compute `unchecked_sub` which would overflow"
	 - Location: ../../runner/.rustup/toolchains/nightly-2025-11-05-x86_64-unknown-linux-gnu/lib/rustlib/src/rust/library/core/src/num/uint_macros.rs:800:31 in function core::num::<impl u128>::checked_sub

Check 22: <std::result::Result<u128, percolator::V16Error> as std::ops::Try>::branch.unreachable.1
	 - Status: SUCCESS
	 - Description: "unreachable code"
	 - Location: ../../runner/.rustup/toolchains/nightly-2025-11-05-x86_64-unknown-linux-gnu/lib/rustlib/src/rust/library/core/src/result.rs:2168:15 in function <std::result::Result<u128, percolator::V16Error> as std::ops::Try>::branch

Check 23: percolator::MarketGroupV16ViewMut::<'_, u64>::set_domain_insurance_budget_delta.unreachable.1
	 - Status: SUCCESS
	 - Description: "unreachable code"
	 - Location: tests/proofs_v16.rs:0:0 in function percolator::MarketGroupV16ViewMut::<'_, u64>::set_domain_insurance_budget_delta

Check 24: std::result::Result::<u128, percolator::V16Error>::is_ok.pointer_dereference.1
	 - Status: SUCCESS
	 - Description: "dereference failure: pointer NULL"
	 - Location: ../../runner/.rustup/toolchains/nightly-2025-11-05-x86_64-unknown-linux-gnu/lib/rustlib/src/rust/library/core/src/result.rs:594:18 in function std::result::Result::<u128, percolator::V16Error>::is_ok

Check 25: std::result::Result::<u128, percolator::V16Error>::is_ok.pointer_dereference.2
	 - Status: SUCCESS
	 - Description: "dereference failure: pointer invalid"
	 - Location: ../../runner/.rustup/toolchains/nightly-2025-11-05-x86_64-unknown-linux-gnu/lib/rustlib/src/rust/library/core/src/result.rs:594:18 in function std::result::Result::<u128, percolator::V16Error>::is_ok

Check 26: std::result::Result::<u128, percolator::V16Error>::is_ok.pointer_dereference.3
	 - Status: SUCCESS
	 - Description: "dereference failure: deallocated dynamic object"
	 - Location: ../../runner/.rustup/toolchains/nightly-2025-11-05-x86_64-unknown-linux-gnu/lib/rustlib/src/rust/library/core/src/result.rs:594:18 in function std::result::Result::<u128, percolator::V16Error>::is_ok

Check 27: std::result::Result::<u128, percolator::V16Error>::is_ok.pointer_dereference.4
	 - Status: SUCCESS
	 - Description: "dereference failure: dead object"
	 - Location: ../../runner/.rustup/toolchains/nightly-2025-11-05-x86_64-unknown-linux-gnu/lib/rustlib/src/rust/library/core/src/result.rs:594:18 in function std::result::Result::<u128, percolator::V16Error>::is_ok

Check 28: std::result::Result::<u128, percolator::V16Error>::is_ok.pointer_dereference.5
	 - Status: SUCCESS
	 - Description: "dereference failure: pointer outside object bounds"
	 - Location: ../../runner/.rustup/toolchains/nightly-2025-11-05-x86_64-unknown-linux-gnu/lib/rustlib/src/rust/library/core/src/result.rs:594:18 in function std::result::Result::<u128, percolator::V16Error>::is_ok

Check 29: std::result::Result::<u128, percolator::V16Error>::is_ok.pointer_dereference.6
	 - Status: SUCCESS
	 - Description: "dereference failure: invalid integer address"
	 - Location: ../../runner/.rustup/toolchains/nightly-2025-11-05-x86_64-unknown-linux-gnu/lib/rustlib/src/rust/library/core/src/result.rs:594:18 in function std::result::Result::<u128, percolator::V16Error>::is_ok


SUMMARY:
 ** 0 of 27 failed (1 unreachable)

 ** 2 of 2 cover properties satisfied


VERIFICATION:- SUCCESSFUL
Verification Time: 1.9072549s

Manual Harness Summary:
Complete - 1 successfully verified harnesses, 0 failures, 1 total.
