Kani Rust Verifier 0.66.0 (cargo plugin)
   Compiling percolator v0.1.1 (/home/anatoly/percolator)
warning: variable does not need to be mutable
     --> src/v16.rs:11500:13
      |
11500 |         let mut ledger = account.header.close_progress.try_to_runtime()?;
      |             ----^^^^^^
      |             |
      |             help: remove this `mut`
      |
      = note: `#[warn(unused_mut)]` (part of `#[warn(unused)]`) on by default

    Finished `test` profile [unoptimized + debuginfo] target(s) in 0.93s
   Compiling percolator v0.1.1 (/home/anatoly/percolator)
warning: variable does not need to be mutable
     --> src/v16.rs:11500:13
      |
11500 |         let mut ledger = account.header.close_progress.try_to_runtime()?;
      |             ----^^^^^^
      |             |
      |             help: remove this `mut`
      |
      = note: `#[warn(unused_mut)]` (part of `#[warn(unused)]`) on by default

    Finished `test` profile [unoptimized + debuginfo] target(s) in 0.12s
   Compiling percolator v0.1.1 (/home/anatoly/percolator)
warning: variable does not need to be mutable
     --> src/v16.rs:11500:13
      |
11500 |         let mut ledger = account.header.close_progress.try_to_runtime()?;
      |             ----^^^^^^
      |             |
      |             help: remove this `mut`
      |
      = note: `#[warn(unused_mut)]` (part of `#[warn(unused)]`) on by default

warning: unused imports: `MarketGroupV16View` and `TradeRequestV16`
  --> tests/proofs_v16.rs:22:42
   |
22 |     Market, MarketGroupV16HeaderAccount, MarketGroupV16View, MarketGroupV16ViewMut,
   |                                          ^^^^^^^^^^^^^^^^^^
...
31 |     TradeRequestV16,
   |     ^^^^^^^^^^^^^^^
   |
   = note: `#[warn(unused_imports)]` (part of `#[warn(unused)]`) on by default

    Finished `test` profile [unoptimized + debuginfo] target(s) in 0.92s
   Compilingwarning: variable does not need to be mutable
     --> src/v16.rs:11500:13
      |
11500 |         let mut ledger = account.header.close_progress.try_to_runtime()?;
      |             ----^^^^^^
      |             |
      |             help: remove this `mut`
      |
      = note: `#[warn(unused_mut)]` (part of `#[warn(unused)]`) on by default

 percolator v0.1.1 (/home/anatoly/percolator)
    Finished `test` profile [unoptimized + debuginfo] target(s) in 0.06s
   Compiling percolator v0.1.1 (/home/anatoly/percolator)
warning: variable does not need to be mutable
     --> src/v16.rs:11500:13
      |
11500 |         let mut ledger = account.header.close_progress.try_to_runtime()?;
      |             ----^^^^^^
      |             |
      |             help: remove this `mut`
      |
      = note: `#[warn(unused_mut)]` (part of `#[warn(unused)]`) on by default

    Finished `test` profile [unoptimized + debuginfo] target(s) in 0.07s
   Compilingwarning: variable does not need to be mutable
     --> src/v16.rs:11500:13
      |
11500 |         let mut ledger = account.header.close_progress.try_to_runtime()?;
      |             ----^^^^^^
      |             |
      |             help: remove this `mut`
      |
      = note: `#[warn(unused_mut)]` (part of `#[warn(unused)]`) on by default

 percolator v0.1.1 (/home/anatoly/percolator)
    Finished `test` profile [unoptimized + debuginfo] target(s) in 0.08s
   Compiling percolator v0.1.1 (/home/anatoly/percolator)
warning: variable does not need to be mutable
     --> src/v16.rs:11500:13
      |
11500 |         let mut ledger = account.header.close_progress.try_to_runtime()?;
      |             ----^^^^^^
      |             |
      |             help: remove this `mut`
      |
      = note: `#[warn(unused_mut)]` (part of `#[warn(unused)]`) on by default

    Finished `test` profile [unoptimized + debuginfo] target(s) in 0.07s
   Compiling percolator v0.1.1 (/home/anatoly/percolator)
warning: variable does not need to be mutable
     --> src/v16.rs:11500:13
      |
11500 |         let mut ledger = account.header.close_progress.try_to_runtime()?;
      |             ----^^^^^^
      |             |
      |             help: remove this `mut`
      |
      = note: `#[warn(unused_mut)]` (part of `#[warn(unused)]`) on by default

    Finished `test` profile [unoptimized + debuginfo] target(s) in 0.14s
Checking harness proof_v16_credit_account_from_insurance_uses_only_unbudgeted_surplus...
CBMC 6.8.0 (cbmc-6.8.0)
CBMC version 6.8.0 (cbmc-6.8.0) 64-bit x86_64 linux
Reading GOTO program from file /home/anatoly/percolator/target/kani-verify/kani/x86_64-unknown-linux-gnu/debug/deps/proofs_v16-013f6d85bd39b946__RNvCs35DYgTG8RvC_10proofs_v1668proof_v16_credit_account_from_insurance_uses_only_unbudgeted_surplus.out
Generating GOTO Program
Adding CPROVER library (x86_64)
Removal of function pointers and virtual functions
Generic Property Instrumentation
Running with 16 object bits, 48 offset bits (user-specified)
Starting Bounded Model Checking
aborting path on assume(false) at file /home/runner/.rustup/toolchains/nightly-2025-11-05-x86_64-unknown-linux-gnu/lib/rustlib/src/rust/library/core/src/option.rs line 1337 column 15 function std::option::Option::<u128>::ok_or::<percolator::V16Error> thread 0
aborting path on assume(false) at file /home/runner/.rustup/toolchains/nightly-2025-11-05-x86_64-unknown-linux-gnu/lib/rustlib/src/rust/library/core/src/result.rs line 2168 column 15 function <std::result::Result<u128, percolator::V16Error> as std::ops::Try>::branch thread 0
aborting path on assume(false) at file /home/runner/.rustup/toolchains/nightly-2025-11-05-x86_64-unknown-linux-gnu/lib/rustlib/src/rust/library/core/src/option.rs line 1337 column 15 function std::option::Option::<u128>::ok_or::<percolator::V16Error> thread 0
aborting path on assume(false) at file /home/runner/.rustup/toolchains/nightly-2025-11-05-x86_64-unknown-linux-gnu/lib/rustlib/src/rust/library/core/src/result.rs line 2168 column 15 function <std::result::Result<u128, percolator::V16Error> as std::ops::Try>::branch thread 0
aborting path on assume(false) at file /home/runner/.rustup/toolchains/nightly-2025-11-05-x86_64-unknown-linux-gnu/lib/rustlib/src/rust/library/core/src/option.rs line 1337 column 15 function std::option::Option::<u128>::ok_or::<percolator::V16Error> thread 0
aborting path on assume(false) at file /home/runner/.rustup/toolchains/nightly-2025-11-05-x86_64-unknown-linux-gnu/lib/rustlib/src/rust/library/core/src/result.rs line 2168 column 15 function <std::result::Result<u128, percolator::V16Error> as std::ops::Try>::branch thread 0
aborting path on assume(false) at file tests/proofs_v16.rs line 0 column 0 function percolator::MarketGroupV16ViewMut::<'_, u64>::credit_account_from_insurance_delta thread 0
aborting path on assume(false) at file tests/proofs_v16.rs line 8814 column 1 function proof_v16_credit_account_from_insurance_uses_only_unbudgeted_surplus thread 0
aborting path on assume(false) at file tests/proofs_v16.rs line 0 column 0 function <std::result::Result<(u128, u128, u128), percolator::V16Error> as std::cmp::PartialEq>::eq thread 0
aborting path on assume(false) at file tests/proofs_v16.rs line 0 column 0 function <std::result::Result<(u128, u128, u128), percolator::V16Error> as std::cmp::PartialEq>::eq thread 0
aborting path on assume(false) at file tests/proofs_v16.rs line 0 column 0 function <std::result::Result<(u128, u128, u128), percolator::V16Error> as std::cmp::PartialEq>::eq thread 0
aborting path on assume(false) at file /home/runner/.rustup/toolchains/nightly-2025-11-05-x86_64-unknown-linux-gnu/lib/rustlib/src/rust/library/core/src/option.rs line 1013 column 15 function std::option::Option::<u128>::unwrap thread 0
aborting path on assume(false) at file /home/runner/.rustup/toolchains/nightly-2025-11-05-x86_64-unknown-linux-gnu/lib/rustlib/src/rust/library/core/src/option.rs line 2174 column 5 function std::option::unwrap_failed thread 0
aborting path on assume(false) at file /home/runner/.rustup/toolchains/nightly-2025-11-05-x86_64-unknown-linux-gnu/lib/rustlib/src/rust/library/core/src/option.rs line 1015 column 21 function std::option::Option::<u128>::unwrap thread 0
aborting path on assume(false) at file /home/runner/.rustup/toolchains/nightly-2025-11-05-x86_64-unknown-linux-gnu/lib/rustlib/src/rust/library/core/src/option.rs line 1013 column 15 function std::option::Option::<u128>::unwrap thread 0
aborting path on assume(false) at file /home/runner/.rustup/toolchains/nightly-2025-11-05-x86_64-unknown-linux-gnu/lib/rustlib/src/rust/library/core/src/option.rs line 2174 column 5 function std::option::unwrap_failed thread 0
aborting path on assume(false) at file /home/runner/.rustup/toolchains/nightly-2025-11-05-x86_64-unknown-linux-gnu/lib/rustlib/src/rust/library/core/src/option.rs line 1015 column 21 function std::option::Option::<u128>::unwrap thread 0
aborting path on assume(false) at file /home/runner/.rustup/toolchains/nightly-2025-11-05-x86_64-unknown-linux-gnu/lib/rustlib/src/rust/library/core/src/option.rs line 1013 column 15 function std::option::Option::<u128>::unwrap thread 0
aborting path on assume(false) at file /home/runner/.rustup/toolchains/nightly-2025-11-05-x86_64-unknown-linux-gnu/lib/rustlib/src/rust/library/core/src/option.rs line 2174 column 5 function std::option::unwrap_failed thread 0
aborting path on assume(false) at file /home/runner/.rustup/toolchains/nightly-2025-11-05-x86_64-unknown-linux-gnu/lib/rustlib/src/rust/library/core/src/option.rs line 1015 column 21 function std::option::Option::<u128>::unwrap thread 0
aborting path on assume(false) at file /home/runner/.rustup/toolchains/nightly-2025-11-05-x86_64-unknown-linux-gnu/lib/rustlib/src/rust/library/core/src/option.rs line 1013 column 15 function std::option::Option::<u128>::unwrap thread 0
aborting path on assume(false) at file /home/runner/.rustup/toolchains/nightly-2025-11-05-x86_64-unknown-linux-gnu/lib/rustlib/src/rust/library/core/src/option.rs line 2174 column 5 function std::option::unwrap_failed thread 0
aborting path on assume(false) at file /home/runner/.rustup/toolchains/nightly-2025-11-05-x86_64-unknown-linux-gnu/lib/rustlib/src/rust/library/core/src/option.rs line 1015 column 21 function std::option::Option::<u128>::unwrap thread 0
Runtime Symex: 0.0692082s
size of program expression: 5582 steps
slicing removed 3543 assignments
Generated 248 VCC(s), 68 remaining after simplification
Runtime Postprocess Equation: 0.0007338s
Passing problem to propositional reduction
converting SSA
Runtime Convert SSA: 0.0114577s
Running propositional reduction
Post-processing
Runtime Post-process: 4.717e-06s
Solving with CaDiCaL 2.0.0
23983 variables, 61585 clauses
SAT checker: instance is SATISFIABLE
Runtime Solver: 0.00183237s
Runtime decision procedure: 0.0136498s
Running propositional reduction
Solving with CaDiCaL 2.0.0
23984 variables, 61586 clauses
SAT checker: instance is SATISFIABLE
Runtime Solver: 0.00808241s
Runtime decision procedure: 0.00820613s
Running propositional reduction
Solving with CaDiCaL 2.0.0
23985 variables, 61587 clauses
SAT checker: instance is SATISFIABLE
Runtime Solver: 0.00457984s
Runtime decision procedure: 0.00468515s
Running propositional reduction
Solving with CaDiCaL 2.0.0
23986 variables, 61588 clauses
SAT checker: instance is SATISFIABLE
Runtime Solver: 0.027504s
Runtime decision procedure: 0.0276167s
Running propositional reduction
Solving with CaDiCaL 2.0.0
23987 variables, 61589 clauses
SAT checker: instance is SATISFIABLE
Runtime Solver: 0.204338s
Runtime decision procedure: 0.204798s
Running propositional reduction
Solving with CaDiCaL 2.0.0
23988 variables, 61590 clauses
SAT checker: instance is SATISFIABLE
Runtime Solver: 1.26526s
Runtime decision procedure: 1.2657s
Running propositional reduction
Solving with CaDiCaL 2.0.0
23989 variables, 61591 clauses
SAT checker: instance is UNSATISFIABLE
Runtime Solver: 0.0468011s
Runtime decision procedure: 0.0470664s

RESULTS:
Check 1: core::num::<impl u128>::checked_add.arithmetic_overflow.1
	 - Status: SUCCESS
	 - Description: "attempt to compute `unchecked_add` which would overflow"
	 - Location: ../../runner/.rustup/toolchains/nightly-2025-11-05-x86_64-unknown-linux-gnu/lib/rustlib/src/rust/library/core/src/num/uint_macros.rs:646:31 in function core::num::<impl u128>::checked_add

Check 2: std::option::Option::<u128>::ok_or::<percolator::V16Error>.unreachable.1
	 - Status: SUCCESS
	 - Description: "unreachable code"
	 - Location: ../../runner/.rustup/toolchains/nightly-2025-11-05-x86_64-unknown-linux-gnu/lib/rustlib/src/rust/library/core/src/option.rs:1337:15 in function std::option::Option::<u128>::ok_or::<percolator::V16Error>

Check 3: <std::result::Result<(u128, u128, u128), percolator::V16Error> as std::cmp::PartialEq>::eq.unreachable.1
	 - Status: SUCCESS
	 - Description: "unreachable code"
	 - Location: tests/proofs_v16.rs:0:0 in function <std::result::Result<(u128, u128, u128), percolator::V16Error> as std::cmp::PartialEq>::eq

Check 4: std::option::unwrap_failed.assertion.1
	 - Status: SUCCESS
	 - Description: "called `Option::unwrap()` on a `None` value"
	 - Location: ../../runner/.rustup/toolchains/nightly-2025-11-05-x86_64-unknown-linux-gnu/lib/rustlib/src/rust/library/core/src/option.rs:2174:5 in function std::option::unwrap_failed

Check 5: <std::result::Result<u128, percolator::V16Error> as std::ops::Try>::branch.unreachable.1
	 - Status: SUCCESS
	 - Description: "unreachable code"
	 - Location: ../../runner/.rustup/toolchains/nightly-2025-11-05-x86_64-unknown-linux-gnu/lib/rustlib/src/rust/library/core/src/result.rs:2168:15 in function <std::result::Result<u128, percolator::V16Error> as std::ops::Try>::branch

Check 6: percolator::MarketGroupV16ViewMut::<'_, u64>::credit_account_from_insurance_delta.unreachable.1
	 - Status: SUCCESS
	 - Description: "unreachable code"
	 - Location: tests/proofs_v16.rs:0:0 in function percolator::MarketGroupV16ViewMut::<'_, u64>::credit_account_from_insurance_delta

Check 7: proof_v16_credit_account_from_insurance_uses_only_unbudgeted_surplus.assertion.1
	 - Status: SUCCESS
	 - Description: "attempt to subtract with overflow"
	 - Location: tests/proofs_v16.rs:8821:27 in function proof_v16_credit_account_from_insurance_uses_only_unbudgeted_surplus

Check 8: proof_v16_credit_account_from_insurance_uses_only_unbudgeted_surplus.assertion.2
	 - Status: SUCCESS
	 - Description: "attempt to subtract with overflow"
	 - Location: tests/proofs_v16.rs:8829:24 in function proof_v16_credit_account_from_insurance_uses_only_unbudgeted_surplus

Check 9: proof_v16_credit_account_from_insurance_uses_only_unbudgeted_surplus.cover.1
	 - Status: SATISFIED
	 - Description: "credit-account-from-insurance delta covers nonzero unbudgeted surplus reward"
	 - Location: tests/proofs_v16.rs:8833:5 in function proof_v16_credit_account_from_insurance_uses_only_unbudgeted_surplus

Check 10: proof_v16_credit_account_from_insurance_uses_only_unbudgeted_surplus.assertion.3
	 - Status: SUCCESS
	 - Description: "attempt to subtract with overflow"
	 - Location: tests/proofs_v16.rs:8838:48 in function proof_v16_credit_account_from_insurance_uses_only_unbudgeted_surplus

Check 11: proof_v16_credit_account_from_insurance_uses_only_unbudgeted_surplus.cover.2
	 - Status: SATISFIED
	 - Description: "credit-account-from-insurance delta covers exact unbudgeted surplus consumption"
	 - Location: tests/proofs_v16.rs:8837:5 in function proof_v16_credit_account_from_insurance_uses_only_unbudgeted_surplus

Check 12: proof_v16_credit_account_from_insurance_uses_only_unbudgeted_surplus.cover.3
	 - Status: SATISFIED
	 - Description: "credit-account-from-insurance delta covers rejecting fully budgeted insurance"
	 - Location: tests/proofs_v16.rs:8841:5 in function proof_v16_credit_account_from_insurance_uses_only_unbudgeted_surplus

Check 13: proof_v16_credit_account_from_insurance_uses_only_unbudgeted_surplus.assertion.4
	 - Status: SUCCESS
	 - Description: "assertion failed: result.is_ok() == expected_ok"
	 - Location: tests/proofs_v16.rs:8845:5 in function proof_v16_credit_account_from_insurance_uses_only_unbudgeted_surplus

Check 14: proof_v16_credit_account_from_insurance_uses_only_unbudgeted_surplus.unreachable.1
	 - Status: SUCCESS
	 - Description: "unreachable code"
	 - Location: tests/proofs_v16.rs:8814:1 in function proof_v16_credit_account_from_insurance_uses_only_unbudgeted_surplus

Check 15: proof_v16_credit_account_from_insurance_uses_only_unbudgeted_surplus.assertion.5
	 - Status: SUCCESS
	 - Description: "assertion failed: result == Err(V16Error::CounterUnderflow)"
	 - Location: tests/proofs_v16.rs:8858:9 in function proof_v16_credit_account_from_insurance_uses_only_unbudgeted_surplus

Check 16: proof_v16_credit_account_from_insurance_uses_only_unbudgeted_surplus.assertion.6
	 - Status: SUCCESS
	 - Description: "attempt to subtract with overflow"
	 - Location: tests/proofs_v16.rs:8859:26 in function proof_v16_credit_account_from_insurance_uses_only_unbudgeted_surplus

Check 17: proof_v16_credit_account_from_insurance_uses_only_unbudgeted_surplus.assertion.7
	 - Status: SUCCESS
	 - Description: "assertion failed: result == Err(V16Error::LockActive)"
	 - Location: tests/proofs_v16.rs:8860:9 in function proof_v16_credit_account_from_insurance_uses_only_unbudgeted_surplus

Check 18: proof_v16_credit_account_from_insurance_uses_only_unbudgeted_surplus.assertion.8
	 - Status: SUCCESS
	 - Description: "assertion failed: result == Err(V16Error::ArithmeticOverflow)"
	 - Location: tests/proofs_v16.rs:8862:9 in function proof_v16_credit_account_from_insurance_uses_only_unbudgeted_surplus

Check 19: proof_v16_credit_account_from_insurance_uses_only_unbudgeted_surplus.assertion.9
	 - Status: SUCCESS
	 - Description: "attempt to subtract with overflow"
	 - Location: tests/proofs_v16.rs:8847:36 in function proof_v16_credit_account_from_insurance_uses_only_unbudgeted_surplus

Check 20: proof_v16_credit_account_from_insurance_uses_only_unbudgeted_surplus.assertion.10
	 - Status: SUCCESS
	 - Description: "assertion failed: next_insurance == insurance - amount"
	 - Location: tests/proofs_v16.rs:8847:9 in function proof_v16_credit_account_from_insurance_uses_only_unbudgeted_surplus

Check 21: proof_v16_credit_account_from_insurance_uses_only_unbudgeted_surplus.assertion.11
	 - Status: SUCCESS
	 - Description: "assertion failed: next_c_tot == next_c_tot_expected.unwrap()"
	 - Location: tests/proofs_v16.rs:8848:9 in function proof_v16_credit_account_from_insurance_uses_only_unbudgeted_surplus

Check 22: proof_v16_credit_account_from_insurance_uses_only_unbudgeted_surplus.assertion.12
	 - Status: SUCCESS
	 - Description: "assertion failed: next_capital == next_capital_expected.unwrap()"
	 - Location: tests/proofs_v16.rs:8849:9 in function proof_v16_credit_account_from_insurance_uses_only_unbudgeted_surplus

Check 23: proof_v16_credit_account_from_insurance_uses_only_unbudgeted_surplus.assertion.13
	 - Status: SUCCESS
	 - Description: "assertion failed: budgeted <= next_insurance"
	 - Location: tests/proofs_v16.rs:8850:9 in function proof_v16_credit_account_from_insurance_uses_only_unbudgeted_surplus

Check 24: proof_v16_credit_account_from_insurance_uses_only_unbudgeted_surplus.assertion.14
	 - Status: SUCCESS
	 - Description: "attempt to subtract with overflow"
	 - Location: tests/proofs_v16.rs:8851:20 in function proof_v16_credit_account_from_insurance_uses_only_unbudgeted_surplus

Check 25: proof_v16_credit_account_from_insurance_uses_only_unbudgeted_surplus.assertion.15
	 - Status: SUCCESS
	 - Description: "attempt to subtract with overflow"
	 - Location: tests/proofs_v16.rs:8851:47 in function proof_v16_credit_account_from_insurance_uses_only_unbudgeted_surplus

Check 26: proof_v16_credit_account_from_insurance_uses_only_unbudgeted_surplus.assertion.16
	 - Status: SUCCESS
	 - Description: "attempt to subtract with overflow"
	 - Location: tests/proofs_v16.rs:8851:47 in function proof_v16_credit_account_from_insurance_uses_only_unbudgeted_surplus

Check 27: proof_v16_credit_account_from_insurance_uses_only_unbudgeted_surplus.assertion.17
	 - Status: SUCCESS
	 - Description: "assertion failed: next_insurance - budgeted == insurance - budgeted - amount"
	 - Location: tests/proofs_v16.rs:8851:9 in function proof_v16_credit_account_from_insurance_uses_only_unbudgeted_surplus

Check 28: proof_v16_credit_account_from_insurance_uses_only_unbudgeted_surplus.assertion.18
	 - Status: SUCCESS
	 - Description: ""insurance-to-account credit preserves senior stock""
	 - Location: tests/proofs_v16.rs:8852:9 in function proof_v16_credit_account_from_insurance_uses_only_unbudgeted_surplus

Check 29: core::num::<impl u128>::checked_sub.arithmetic_overflow.1
	 - Status: SUCCESS
	 - Description: "attempt to compute `unchecked_sub` which would overflow"
	 - Location: ../../runner/.rustup/toolchains/nightly-2025-11-05-x86_64-unknown-linux-gnu/lib/rustlib/src/rust/library/core/src/num/uint_macros.rs:800:31 in function core::num::<impl u128>::checked_sub

Check 30: std::option::Option::<u128>::unwrap.unreachable.1
	 - Status: SUCCESS
	 - Description: "unreachable code"
	 - Location: ../../runner/.rustup/toolchains/nightly-2025-11-05-x86_64-unknown-linux-gnu/lib/rustlib/src/rust/library/core/src/option.rs:1013:15 in function std::option::Option::<u128>::unwrap

Check 31: std::option::Option::<u128>::is_some.pointer_dereference.1
	 - Status: SUCCESS
	 - Description: "dereference failure: pointer NULL"
	 - Location: ../../runner/.rustup/toolchains/nightly-2025-11-05-x86_64-unknown-linux-gnu/lib/rustlib/src/rust/library/core/src/option.rs:635:18 in function std::option::Option::<u128>::is_some

Check 32: std::option::Option::<u128>::is_some.pointer_dereference.2
	 - Status: SUCCESS
	 - Description: "dereference failure: pointer invalid"
	 - Location: ../../runner/.rustup/toolchains/nightly-2025-11-05-x86_64-unknown-linux-gnu/lib/rustlib/src/rust/library/core/src/option.rs:635:18 in function std::option::Option::<u128>::is_some

Check 33: std::option::Option::<u128>::is_some.pointer_dereference.3
	 - Status: SUCCESS
	 - Description: "dereference failure: deallocated dynamic object"
	 - Location: ../../runner/.rustup/toolchains/nightly-2025-11-05-x86_64-unknown-linux-gnu/lib/rustlib/src/rust/library/core/src/option.rs:635:18 in function std::option::Option::<u128>::is_some

Check 34: std::option::Option::<u128>::is_some.pointer_dereference.4
	 - Status: SUCCESS
	 - Description: "dereference failure: dead object"
	 - Location: ../../runner/.rustup/toolchains/nightly-2025-11-05-x86_64-unknown-linux-gnu/lib/rustlib/src/rust/library/core/src/option.rs:635:18 in function std::option::Option::<u128>::is_some

Check 35: std::option::Option::<u128>::is_some.pointer_dereference.5
	 - Status: SUCCESS
	 - Description: "dereference failure: pointer outside object bounds"
	 - Location: ../../runner/.rustup/toolchains/nightly-2025-11-05-x86_64-unknown-linux-gnu/lib/rustlib/src/rust/library/core/src/option.rs:635:18 in function std::option::Option::<u128>::is_some

Check 36: std::option::Option::<u128>::is_some.pointer_dereference.6
	 - Status: SUCCESS
	 - Description: "dereference failure: invalid integer address"
	 - Location: ../../runner/.rustup/toolchains/nightly-2025-11-05-x86_64-unknown-linux-gnu/lib/rustlib/src/rust/library/core/src/option.rs:635:18 in function std::option::Option::<u128>::is_some

Check 37: <std::result::Result<(u128, u128, u128), percolator::V16Error> as std::cmp::PartialEq>::eq.pointer_dereference.1
	 - Status: SUCCESS
	 - Description: "dereference failure: pointer NULL"
	 - Location: ../../runner/.rustup/toolchains/nightly-2025-11-05-x86_64-unknown-linux-gnu/lib/rustlib/src/rust/library/core/src/result.rs:553:16 in function <std::result::Result<(u128, u128, u128), percolator::V16Error> as std::cmp::PartialEq>::eq

Check 38: <std::result::Result<(u128, u128, u128), percolator::V16Error> as std::cmp::PartialEq>::eq.pointer_dereference.2
	 - Status: SUCCESS
	 - Description: "dereference failure: pointer invalid"
	 - Location: ../../runner/.rustup/toolchains/nightly-2025-11-05-x86_64-unknown-linux-gnu/lib/rustlib/src/rust/library/core/src/result.rs:553:16 in function <std::result::Result<(u128, u128, u128), percolator::V16Error> as std::cmp::PartialEq>::eq

Check 39: <std::result::Result<(u128, u128, u128), percolator::V16Error> as std::cmp::PartialEq>::eq.pointer_dereference.3
	 - Status: SUCCESS
	 - Description: "dereference failure: deallocated dynamic object"
	 - Location: ../../runner/.rustup/toolchains/nightly-2025-11-05-x86_64-unknown-linux-gnu/lib/rustlib/src/rust/library/core/src/result.rs:553:16 in function <std::result::Result<(u128, u128, u128), percolator::V16Error> as std::cmp::PartialEq>::eq

Check 40: <std::result::Result<(u128, u128, u128), percolator::V16Error> as std::cmp::PartialEq>::eq.pointer_dereference.4
	 - Status: SUCCESS
	 - Description: "dereference failure: dead object"
	 - Location: ../../runner/.rustup/toolchains/nightly-2025-11-05-x86_64-unknown-linux-gnu/lib/rustlib/src/rust/library/core/src/result.rs:553:16 in function <std::result::Result<(u128, u128, u128), percolator::V16Error> as std::cmp::PartialEq>::eq

Check 41: <std::result::Result<(u128, u128, u128), percolator::V16Error> as std::cmp::PartialEq>::eq.pointer_dereference.5
	 - Status: SUCCESS
	 - Description: "dereference failure: pointer outside object bounds"
	 - Location: ../../runner/.rustup/toolchains/nightly-2025-11-05-x86_64-unknown-linux-gnu/lib/rustlib/src/rust/library/core/src/result.rs:553:16 in function <std::result::Result<(u128, u128, u128), percolator::V16Error> as std::cmp::PartialEq>::eq

Check 42: <std::result::Result<(u128, u128, u128), percolator::V16Error> as std::cmp::PartialEq>::eq.pointer_dereference.6
	 - Status: SUCCESS
	 - Description: "dereference failure: invalid integer address"
	 - Location: ../../runner/.rustup/toolchains/nightly-2025-11-05-x86_64-unknown-linux-gnu/lib/rustlib/src/rust/library/core/src/result.rs:553:16 in function <std::result::Result<(u128, u128, u128), percolator::V16Error> as std::cmp::PartialEq>::eq

Check 43: <std::result::Result<(u128, u128, u128), percolator::V16Error> as std::cmp::PartialEq>::eq.pointer_dereference.7
	 - Status: SUCCESS
	 - Description: "dereference failure: pointer NULL"
	 - Location: ../../runner/.rustup/toolchains/nightly-2025-11-05-x86_64-unknown-linux-gnu/lib/rustlib/src/rust/library/core/src/result.rs:553:16 in function <std::result::Result<(u128, u128, u128), percolator::V16Error> as std::cmp::PartialEq>::eq

Check 44: <std::result::Result<(u128, u128, u128), percolator::V16Error> as std::cmp::PartialEq>::eq.pointer_dereference.8
	 - Status: SUCCESS
	 - Description: "dereference failure: pointer invalid"
	 - Location: ../../runner/.rustup/toolchains/nightly-2025-11-05-x86_64-unknown-linux-gnu/lib/rustlib/src/rust/library/core/src/result.rs:553:16 in function <std::result::Result<(u128, u128, u128), percolator::V16Error> as std::cmp::PartialEq>::eq

Check 45: <std::result::Result<(u128, u128, u128), percolator::V16Error> as std::cmp::PartialEq>::eq.pointer_dereference.9
	 - Status: SUCCESS
	 - Description: "dereference failure: deallocated dynamic object"
	 - Location: ../../runner/.rustup/toolchains/nightly-2025-11-05-x86_64-unknown-linux-gnu/lib/rustlib/src/rust/library/core/src/result.rs:553:16 in function <std::result::Result<(u128, u128, u128), percolator::V16Error> as std::cmp::PartialEq>::eq

Check 46: <std::result::Result<(u128, u128, u128), percolator::V16Error> as std::cmp::PartialEq>::eq.pointer_dereference.10
	 - Status: SUCCESS
	 - Description: "dereference failure: dead object"
	 - Location: ../../runner/.rustup/toolchains/nightly-2025-11-05-x86_64-unknown-linux-gnu/lib/rustlib/src/rust/library/core/src/result.rs:553:16 in function <std::result::Result<(u128, u128, u128), percolator::V16Error> as std::cmp::PartialEq>::eq

Check 47: <std::result::Result<(u128, u128, u128), percolator::V16Error> as std::cmp::PartialEq>::eq.pointer_dereference.11
	 - Status: SUCCESS
	 - Description: "dereference failure: pointer outside object bounds"
	 - Location: ../../runner/.rustup/toolchains/nightly-2025-11-05-x86_64-unknown-linux-gnu/lib/rustlib/src/rust/library/core/src/result.rs:553:16 in function <std::result::Result<(u128, u128, u128), percolator::V16Error> as std::cmp::PartialEq>::eq

Check 48: <std::result::Result<(u128, u128, u128), percolator::V16Error> as std::cmp::PartialEq>::eq.pointer_dereference.12
	 - Status: SUCCESS
	 - Description: "dereference failure: invalid integer address"
	 - Location: ../../runner/.rustup/toolchains/nightly-2025-11-05-x86_64-unknown-linux-gnu/lib/rustlib/src/rust/library/core/src/result.rs:553:16 in function <std::result::Result<(u128, u128, u128), percolator::V16Error> as std::cmp::PartialEq>::eq

Check 49: <std::result::Result<(u128, u128, u128), percolator::V16Error> as std::cmp::PartialEq>::eq.pointer_dereference.13
	 - Status: SUCCESS
	 - Description: "dereference failure: pointer NULL"
	 - Location: ../../runner/.rustup/toolchains/nightly-2025-11-05-x86_64-unknown-linux-gnu/lib/rustlib/src/rust/library/core/src/result.rs:553:16 in function <std::result::Result<(u128, u128, u128), percolator::V16Error> as std::cmp::PartialEq>::eq

Check 50: <std::result::Result<(u128, u128, u128), percolator::V16Error> as std::cmp::PartialEq>::eq.pointer_dereference.14
	 - Status: SUCCESS
	 - Description: "dereference failure: pointer invalid"
	 - Location: ../../runner/.rustup/toolchains/nightly-2025-11-05-x86_64-unknown-linux-gnu/lib/rustlib/src/rust/library/core/src/result.rs:553:16 in function <std::result::Result<(u128, u128, u128), percolator::V16Error> as std::cmp::PartialEq>::eq

Check 51: <std::result::Result<(u128, u128, u128), percolator::V16Error> as std::cmp::PartialEq>::eq.pointer_dereference.15
	 - Status: SUCCESS
	 - Description: "dereference failure: deallocated dynamic object"
	 - Location: ../../runner/.rustup/toolchains/nightly-2025-11-05-x86_64-unknown-linux-gnu/lib/rustlib/src/rust/library/core/src/result.rs:553:16 in function <std::result::Result<(u128, u128, u128), percolator::V16Error> as std::cmp::PartialEq>::eq

Check 52: <std::result::Result<(u128, u128, u128), percolator::V16Error> as std::cmp::PartialEq>::eq.pointer_dereference.16
	 - Status: SUCCESS
	 - Description: "dereference failure: dead object"
	 - Location: ../../runner/.rustup/toolchains/nightly-2025-11-05-x86_64-unknown-linux-gnu/lib/rustlib/src/rust/library/core/src/result.rs:553:16 in function <std::result::Result<(u128, u128, u128), percolator::V16Error> as std::cmp::PartialEq>::eq

Check 53: <std::result::Result<(u128, u128, u128), percolator::V16Error> as std::cmp::PartialEq>::eq.pointer_dereference.17
	 - Status: SUCCESS
	 - Description: "dereference failure: pointer outside object bounds"
	 - Location: ../../runner/.rustup/toolchains/nightly-2025-11-05-x86_64-unknown-linux-gnu/lib/rustlib/src/rust/library/core/src/result.rs:553:16 in function <std::result::Result<(u128, u128, u128), percolator::V16Error> as std::cmp::PartialEq>::eq

Check 54: <std::result::Result<(u128, u128, u128), percolator::V16Error> as std::cmp::PartialEq>::eq.pointer_dereference.18
	 - Status: SUCCESS
	 - Description: "dereference failure: invalid integer address"
	 - Location: ../../runner/.rustup/toolchains/nightly-2025-11-05-x86_64-unknown-linux-gnu/lib/rustlib/src/rust/library/core/src/result.rs:553:16 in function <std::result::Result<(u128, u128, u128), percolator::V16Error> as std::cmp::PartialEq>::eq

Check 55: <std::result::Result<(u128, u128, u128), percolator::V16Error> as std::cmp::PartialEq>::eq.pointer_dereference.19
	 - Status: SUCCESS
	 - Description: "dereference failure: pointer NULL"
	 - Location: ../../runner/.rustup/toolchains/nightly-2025-11-05-x86_64-unknown-linux-gnu/lib/rustlib/src/rust/library/core/src/result.rs:553:16 in function <std::result::Result<(u128, u128, u128), percolator::V16Error> as std::cmp::PartialEq>::eq

Check 56: <std::result::Result<(u128, u128, u128), percolator::V16Error> as std::cmp::PartialEq>::eq.pointer_dereference.20
	 - Status: SUCCESS
	 - Description: "dereference failure: pointer invalid"
	 - Location: ../../runner/.rustup/toolchains/nightly-2025-11-05-x86_64-unknown-linux-gnu/lib/rustlib/src/rust/library/core/src/result.rs:553:16 in function <std::result::Result<(u128, u128, u128), percolator::V16Error> as std::cmp::PartialEq>::eq

Check 57: <std::result::Result<(u128, u128, u128), percolator::V16Error> as std::cmp::PartialEq>::eq.pointer_dereference.21
	 - Status: SUCCESS
	 - Description: "dereference failure: deallocated dynamic object"
	 - Location: ../../runner/.rustup/toolchains/nightly-2025-11-05-x86_64-unknown-linux-gnu/lib/rustlib/src/rust/library/core/src/result.rs:553:16 in function <std::result::Result<(u128, u128, u128), percolator::V16Error> as std::cmp::PartialEq>::eq

Check 58: <std::result::Result<(u128, u128, u128), percolator::V16Error> as std::cmp::PartialEq>::eq.pointer_dereference.22
	 - Status: SUCCESS
	 - Description: "dereference failure: dead object"
	 - Location: ../../runner/.rustup/toolchains/nightly-2025-11-05-x86_64-unknown-linux-gnu/lib/rustlib/src/rust/library/core/src/result.rs:553:16 in function <std::result::Result<(u128, u128, u128), percolator::V16Error> as std::cmp::PartialEq>::eq

Check 59: <std::result::Result<(u128, u128, u128), percolator::V16Error> as std::cmp::PartialEq>::eq.pointer_dereference.23
	 - Status: SUCCESS
	 - Description: "dereference failure: pointer outside object bounds"
	 - Location: ../../runner/.rustup/toolchains/nightly-2025-11-05-x86_64-unknown-linux-gnu/lib/rustlib/src/rust/library/core/src/result.rs:553:16 in function <std::result::Result<(u128, u128, u128), percolator::V16Error> as std::cmp::PartialEq>::eq

Check 60: <std::result::Result<(u128, u128, u128), percolator::V16Error> as std::cmp::PartialEq>::eq.pointer_dereference.24
	 - Status: SUCCESS
	 - Description: "dereference failure: invalid integer address"
	 - Location: ../../runner/.rustup/toolchains/nightly-2025-11-05-x86_64-unknown-linux-gnu/lib/rustlib/src/rust/library/core/src/result.rs:553:16 in function <std::result::Result<(u128, u128, u128), percolator::V16Error> as std::cmp::PartialEq>::eq

Check 61: <std::result::Result<(u128, u128, u128), percolator::V16Error> as std::cmp::PartialEq>::eq.pointer_dereference.25
	 - Status: SUCCESS
	 - Description: "dereference failure: pointer NULL"
	 - Location: ../../runner/.rustup/toolchains/nightly-2025-11-05-x86_64-unknown-linux-gnu/lib/rustlib/src/rust/library/core/src/result.rs:553:16 in function <std::result::Result<(u128, u128, u128), percolator::V16Error> as std::cmp::PartialEq>::eq

Check 62: <std::result::Result<(u128, u128, u128), percolator::V16Error> as std::cmp::PartialEq>::eq.pointer_dereference.26
	 - Status: SUCCESS
	 - Description: "dereference failure: pointer invalid"
	 - Location: ../../runner/.rustup/toolchains/nightly-2025-11-05-x86_64-unknown-linux-gnu/lib/rustlib/src/rust/library/core/src/result.rs:553:16 in function <std::result::Result<(u128, u128, u128), percolator::V16Error> as std::cmp::PartialEq>::eq

Check 63: <std::result::Result<(u128, u128, u128), percolator::V16Error> as std::cmp::PartialEq>::eq.pointer_dereference.27
	 - Status: SUCCESS
	 - Description: "dereference failure: deallocated dynamic object"
	 - Location: ../../runner/.rustup/toolchains/nightly-2025-11-05-x86_64-unknown-linux-gnu/lib/rustlib/src/rust/library/core/src/result.rs:553:16 in function <std::result::Result<(u128, u128, u128), percolator::V16Error> as std::cmp::PartialEq>::eq

Check 64: <std::result::Result<(u128, u128, u128), percolator::V16Error> as std::cmp::PartialEq>::eq.pointer_dereference.28
	 - Status: SUCCESS
	 - Description: "dereference failure: dead object"
	 - Location: ../../runner/.rustup/toolchains/nightly-2025-11-05-x86_64-unknown-linux-gnu/lib/rustlib/src/rust/library/core/src/result.rs:553:16 in function <std::result::Result<(u128, u128, u128), percolator::V16Error> as std::cmp::PartialEq>::eq

Check 65: <std::result::Result<(u128, u128, u128), percolator::V16Error> as std::cmp::PartialEq>::eq.pointer_dereference.29
	 - Status: SUCCESS
	 - Description: "dereference failure: pointer outside object bounds"
	 - Location: ../../runner/.rustup/toolchains/nightly-2025-11-05-x86_64-unknown-linux-gnu/lib/rustlib/src/rust/library/core/src/result.rs:553:16 in function <std::result::Result<(u128, u128, u128), percolator::V16Error> as std::cmp::PartialEq>::eq

Check 66: <std::result::Result<(u128, u128, u128), percolator::V16Error> as std::cmp::PartialEq>::eq.pointer_dereference.30
	 - Status: SUCCESS
	 - Description: "dereference failure: invalid integer address"
	 - Location: ../../runner/.rustup/toolchains/nightly-2025-11-05-x86_64-unknown-linux-gnu/lib/rustlib/src/rust/library/core/src/result.rs:553:16 in function <std::result::Result<(u128, u128, u128), percolator::V16Error> as std::cmp::PartialEq>::eq

Check 67: <percolator::V16Error as std::cmp::PartialEq>::eq.pointer_dereference.1
	 - Status: SUCCESS
	 - Description: "dereference failure: pointer NULL"
	 - Location: src/v16.rs:166:30 in function <percolator::V16Error as std::cmp::PartialEq>::eq

Check 68: <percolator::V16Error as std::cmp::PartialEq>::eq.pointer_dereference.2
	 - Status: SUCCESS
	 - Description: "dereference failure: pointer invalid"
	 - Location: src/v16.rs:166:30 in function <percolator::V16Error as std::cmp::PartialEq>::eq

Check 69: <percolator::V16Error as std::cmp::PartialEq>::eq.pointer_dereference.3
	 - Status: SUCCESS
	 - Description: "dereference failure: deallocated dynamic object"
	 - Location: src/v16.rs:166:30 in function <percolator::V16Error as std::cmp::PartialEq>::eq

Check 70: <percolator::V16Error as std::cmp::PartialEq>::eq.pointer_dereference.4
	 - Status: SUCCESS
	 - Description: "dereference failure: dead object"
	 - Location: src/v16.rs:166:30 in function <percolator::V16Error as std::cmp::PartialEq>::eq

Check 71: <percolator::V16Error as std::cmp::PartialEq>::eq.pointer_dereference.5
	 - Status: SUCCESS
	 - Description: "dereference failure: pointer outside object bounds"
	 - Location: src/v16.rs:166:30 in function <percolator::V16Error as std::cmp::PartialEq>::eq

Check 72: <percolator::V16Error as std::cmp::PartialEq>::eq.pointer_dereference.6
	 - Status: SUCCESS
	 - Description: "dereference failure: invalid integer address"
	 - Location: src/v16.rs:166:30 in function <percolator::V16Error as std::cmp::PartialEq>::eq

Check 73: <percolator::V16Error as std::cmp::PartialEq>::eq.pointer_dereference.7
	 - Status: SUCCESS
	 - Description: "dereference failure: pointer NULL"
	 - Location: src/v16.rs:166:30 in function <percolator::V16Error as std::cmp::PartialEq>::eq

Check 74: <percolator::V16Error as std::cmp::PartialEq>::eq.pointer_dereference.8
	 - Status: SUCCESS
	 - Description: "dereference failure: pointer invalid"
	 - Location: src/v16.rs:166:30 in function <percolator::V16Error as std::cmp::PartialEq>::eq

Check 75: <percolator::V16Error as std::cmp::PartialEq>::eq.pointer_dereference.9
	 - Status: SUCCESS
	 - Description: "dereference failure: deallocated dynamic object"
	 - Location: src/v16.rs:166:30 in function <percolator::V16Error as std::cmp::PartialEq>::eq

Check 76: <percolator::V16Error as std::cmp::PartialEq>::eq.pointer_dereference.10
	 - Status: SUCCESS
	 - Description: "dereference failure: dead object"
	 - Location: src/v16.rs:166:30 in function <percolator::V16Error as std::cmp::PartialEq>::eq

Check 77: <percolator::V16Error as std::cmp::PartialEq>::eq.pointer_dereference.11
	 - Status: SUCCESS
	 - Description: "dereference failure: pointer outside object bounds"
	 - Location: src/v16.rs:166:30 in function <percolator::V16Error as std::cmp::PartialEq>::eq

Check 78: <percolator::V16Error as std::cmp::PartialEq>::eq.pointer_dereference.12
	 - Status: SUCCESS
	 - Description: "dereference failure: invalid integer address"
	 - Location: src/v16.rs:166:30 in function <percolator::V16Error as std::cmp::PartialEq>::eq

Check 79: std::result::Result::<(u128, u128, u128), percolator::V16Error>::is_ok.pointer_dereference.1
	 - Status: SUCCESS
	 - Description: "dereference failure: pointer NULL"
	 - Location: ../../runner/.rustup/toolchains/nightly-2025-11-05-x86_64-unknown-linux-gnu/lib/rustlib/src/rust/library/core/src/result.rs:594:18 in function std::result::Result::<(u128, u128, u128), percolator::V16Error>::is_ok

Check 80: std::result::Result::<(u128, u128, u128), percolator::V16Error>::is_ok.pointer_dereference.2
	 - Status: SUCCESS
	 - Description: "dereference failure: pointer invalid"
	 - Location: ../../runner/.rustup/toolchains/nightly-2025-11-05-x86_64-unknown-linux-gnu/lib/rustlib/src/rust/library/core/src/result.rs:594:18 in function std::result::Result::<(u128, u128, u128), percolator::V16Error>::is_ok

Check 81: std::result::Result::<(u128, u128, u128), percolator::V16Error>::is_ok.pointer_dereference.3
	 - Status: SUCCESS
	 - Description: "dereference failure: deallocated dynamic object"
	 - Location: ../../runner/.rustup/toolchains/nightly-2025-11-05-x86_64-unknown-linux-gnu/lib/rustlib/src/rust/library/core/src/result.rs:594:18 in function std::result::Result::<(u128, u128, u128), percolator::V16Error>::is_ok

Check 82: std::result::Result::<(u128, u128, u128), percolator::V16Error>::is_ok.pointer_dereference.4
	 - Status: SUCCESS
	 - Description: "dereference failure: dead object"
	 - Location: ../../runner/.rustup/toolchains/nightly-2025-11-05-x86_64-unknown-linux-gnu/lib/rustlib/src/rust/library/core/src/result.rs:594:18 in function std::result::Result::<(u128, u128, u128), percolator::V16Error>::is_ok

Check 83: std::result::Result::<(u128, u128, u128), percolator::V16Error>::is_ok.pointer_dereference.5
	 - Status: SUCCESS
	 - Description: "dereference failure: pointer outside object bounds"
	 - Location: ../../runner/.rustup/toolchains/nightly-2025-11-05-x86_64-unknown-linux-gnu/lib/rustlib/src/rust/library/core/src/result.rs:594:18 in function std::result::Result::<(u128, u128, u128), percolator::V16Error>::is_ok

Check 84: std::result::Result::<(u128, u128, u128), percolator::V16Error>::is_ok.pointer_dereference.6
	 - Status: SUCCESS
	 - Description: "dereference failure: invalid integer address"
	 - Location: ../../runner/.rustup/toolchains/nightly-2025-11-05-x86_64-unknown-linux-gnu/lib/rustlib/src/rust/library/core/src/result.rs:594:18 in function std::result::Result::<(u128, u128, u128), percolator::V16Error>::is_ok

Check 85: std::cmp::impls::<impl std::cmp::PartialEq for &(u128, u128, u128)>::eq.pointer_dereference.1
	 - Status: SUCCESS
	 - Description: "dereference failure: pointer NULL"
	 - Location: ../../runner/.rustup/toolchains/nightly-2025-11-05-x86_64-unknown-linux-gnu/lib/rustlib/src/rust/library/core/src/cmp.rs:2090:27 in function std::cmp::impls::<impl std::cmp::PartialEq for &(u128, u128, u128)>::eq

Check 86: std::cmp::impls::<impl std::cmp::PartialEq for &(u128, u128, u128)>::eq.pointer_dereference.2
	 - Status: SUCCESS
	 - Description: "dereference failure: pointer invalid"
	 - Location: ../../runner/.rustup/toolchains/nightly-2025-11-05-x86_64-unknown-linux-gnu/lib/rustlib/src/rust/library/core/src/cmp.rs:2090:27 in function std::cmp::impls::<impl std::cmp::PartialEq for &(u128, u128, u128)>::eq

Check 87: std::cmp::impls::<impl std::cmp::PartialEq for &(u128, u128, u128)>::eq.pointer_dereference.3
	 - Status: SUCCESS
	 - Description: "dereference failure: deallocated dynamic object"
	 - Location: ../../runner/.rustup/toolchains/nightly-2025-11-05-x86_64-unknown-linux-gnu/lib/rustlib/src/rust/library/core/src/cmp.rs:2090:27 in function std::cmp::impls::<impl std::cmp::PartialEq for &(u128, u128, u128)>::eq

Check 88: std::cmp::impls::<impl std::cmp::PartialEq for &(u128, u128, u128)>::eq.pointer_dereference.4
	 - Status: SUCCESS
	 - Description: "dereference failure: dead object"
	 - Location: ../../runner/.rustup/toolchains/nightly-2025-11-05-x86_64-unknown-linux-gnu/lib/rustlib/src/rust/library/core/src/cmp.rs:2090:27 in function std::cmp::impls::<impl std::cmp::PartialEq for &(u128, u128, u128)>::eq

Check 89: std::cmp::impls::<impl std::cmp::PartialEq for &(u128, u128, u128)>::eq.pointer_dereference.5
	 - Status: SUCCESS
	 - Description: "dereference failure: pointer outside object bounds"
	 - Location: ../../runner/.rustup/toolchains/nightly-2025-11-05-x86_64-unknown-linux-gnu/lib/rustlib/src/rust/library/core/src/cmp.rs:2090:27 in function std::cmp::impls::<impl std::cmp::PartialEq for &(u128, u128, u128)>::eq

Check 90: std::cmp::impls::<impl std::cmp::PartialEq for &(u128, u128, u128)>::eq.pointer_dereference.6
	 - Status: SUCCESS
	 - Description: "dereference failure: invalid integer address"
	 - Location: ../../runner/.rustup/toolchains/nightly-2025-11-05-x86_64-unknown-linux-gnu/lib/rustlib/src/rust/library/core/src/cmp.rs:2090:27 in function std::cmp::impls::<impl std::cmp::PartialEq for &(u128, u128, u128)>::eq

Check 91: std::cmp::impls::<impl std::cmp::PartialEq for &(u128, u128, u128)>::eq.pointer_dereference.7
	 - Status: SUCCESS
	 - Description: "dereference failure: pointer NULL"
	 - Location: ../../runner/.rustup/toolchains/nightly-2025-11-05-x86_64-unknown-linux-gnu/lib/rustlib/src/rust/library/core/src/cmp.rs:2090:34 in function std::cmp::impls::<impl std::cmp::PartialEq for &(u128, u128, u128)>::eq

Check 92: std::cmp::impls::<impl std::cmp::PartialEq for &(u128, u128, u128)>::eq.pointer_dereference.8
	 - Status: SUCCESS
	 - Description: "dereference failure: pointer invalid"
	 - Location: ../../runner/.rustup/toolchains/nightly-2025-11-05-x86_64-unknown-linux-gnu/lib/rustlib/src/rust/library/core/src/cmp.rs:2090:34 in function std::cmp::impls::<impl std::cmp::PartialEq for &(u128, u128, u128)>::eq

Check 93: std::cmp::impls::<impl std::cmp::PartialEq for &(u128, u128, u128)>::eq.pointer_dereference.9
	 - Status: SUCCESS
	 - Description: "dereference failure: deallocated dynamic object"
	 - Location: ../../runner/.rustup/toolchains/nightly-2025-11-05-x86_64-unknown-linux-gnu/lib/rustlib/src/rust/library/core/src/cmp.rs:2090:34 in function std::cmp::impls::<impl std::cmp::PartialEq for &(u128, u128, u128)>::eq

Check 94: std::cmp::impls::<impl std::cmp::PartialEq for &(u128, u128, u128)>::eq.pointer_dereference.10
	 - Status: SUCCESS
	 - Description: "dereference failure: dead object"
	 - Location: ../../runner/.rustup/toolchains/nightly-2025-11-05-x86_64-unknown-linux-gnu/lib/rustlib/src/rust/library/core/src/cmp.rs:2090:34 in function std::cmp::impls::<impl std::cmp::PartialEq for &(u128, u128, u128)>::eq

Check 95: std::cmp::impls::<impl std::cmp::PartialEq for &(u128, u128, u128)>::eq.pointer_dereference.11
	 - Status: SUCCESS
	 - Description: "dereference failure: pointer outside object bounds"
	 - Location: ../../runner/.rustup/toolchains/nightly-2025-11-05-x86_64-unknown-linux-gnu/lib/rustlib/src/rust/library/core/src/cmp.rs:2090:34 in function std::cmp::impls::<impl std::cmp::PartialEq for &(u128, u128, u128)>::eq

Check 96: std::cmp::impls::<impl std::cmp::PartialEq for &(u128, u128, u128)>::eq.pointer_dereference.12
	 - Status: SUCCESS
	 - Description: "dereference failure: invalid integer address"
	 - Location: ../../runner/.rustup/toolchains/nightly-2025-11-05-x86_64-unknown-linux-gnu/lib/rustlib/src/rust/library/core/src/cmp.rs:2090:34 in function std::cmp::impls::<impl std::cmp::PartialEq for &(u128, u128, u128)>::eq

Check 97: std::cmp::impls::<impl std::cmp::PartialEq for u128>::eq.pointer_dereference.1
	 - Status: SUCCESS
	 - Description: "dereference failure: pointer NULL"
	 - Location: ../../runner/.rustup/toolchains/nightly-2025-11-05-x86_64-unknown-linux-gnu/lib/rustlib/src/rust/library/core/src/cmp.rs:1865:54 in function std::cmp::impls::<impl std::cmp::PartialEq for u128>::eq

Check 98: std::cmp::impls::<impl std::cmp::PartialEq for u128>::eq.pointer_dereference.2
	 - Status: SUCCESS
	 - Description: "dereference failure: pointer invalid"
	 - Location: ../../runner/.rustup/toolchains/nightly-2025-11-05-x86_64-unknown-linux-gnu/lib/rustlib/src/rust/library/core/src/cmp.rs:1865:54 in function std::cmp::impls::<impl std::cmp::PartialEq for u128>::eq

Check 99: std::cmp::impls::<impl std::cmp::PartialEq for u128>::eq.pointer_dereference.3
	 - Status: SUCCESS
	 - Description: "dereference failure: deallocated dynamic object"
	 - Location: ../../runner/.rustup/toolchains/nightly-2025-11-05-x86_64-unknown-linux-gnu/lib/rustlib/src/rust/library/core/src/cmp.rs:1865:54 in function std::cmp::impls::<impl std::cmp::PartialEq for u128>::eq

Check 100: std::cmp::impls::<impl std::cmp::PartialEq for u128>::eq.pointer_dereference.4
	 - Status: SUCCESS
	 - Description: "dereference failure: dead object"
	 - Location: ../../runner/.rustup/toolchains/nightly-2025-11-05-x86_64-unknown-linux-gnu/lib/rustlib/src/rust/library/core/src/cmp.rs:1865:54 in function std::cmp::impls::<impl std::cmp::PartialEq for u128>::eq

Check 101: std::cmp::impls::<impl std::cmp::PartialEq for u128>::eq.pointer_dereference.5
	 - Status: SUCCESS
	 - Description: "dereference failure: pointer outside object bounds"
	 - Location: ../../runner/.rustup/toolchains/nightly-2025-11-05-x86_64-unknown-linux-gnu/lib/rustlib/src/rust/library/core/src/cmp.rs:1865:54 in function std::cmp::impls::<impl std::cmp::PartialEq for u128>::eq

Check 102: std::cmp::impls::<impl std::cmp::PartialEq for u128>::eq.pointer_dereference.6
	 - Status: SUCCESS
	 - Description: "dereference failure: invalid integer address"
	 - Location: ../../runner/.rustup/toolchains/nightly-2025-11-05-x86_64-unknown-linux-gnu/lib/rustlib/src/rust/library/core/src/cmp.rs:1865:54 in function std::cmp::impls::<impl std::cmp::PartialEq for u128>::eq

Check 103: std::cmp::impls::<impl std::cmp::PartialEq for u128>::eq.pointer_dereference.7
	 - Status: SUCCESS
	 - Description: "dereference failure: pointer NULL"
	 - Location: ../../runner/.rustup/toolchains/nightly-2025-11-05-x86_64-unknown-linux-gnu/lib/rustlib/src/rust/library/core/src/cmp.rs:1865:63 in function std::cmp::impls::<impl std::cmp::PartialEq for u128>::eq

Check 104: std::cmp::impls::<impl std::cmp::PartialEq for u128>::eq.pointer_dereference.8
	 - Status: SUCCESS
	 - Description: "dereference failure: pointer invalid"
	 - Location: ../../runner/.rustup/toolchains/nightly-2025-11-05-x86_64-unknown-linux-gnu/lib/rustlib/src/rust/library/core/src/cmp.rs:1865:63 in function std::cmp::impls::<impl std::cmp::PartialEq for u128>::eq

Check 105: std::cmp::impls::<impl std::cmp::PartialEq for u128>::eq.pointer_dereference.9
	 - Status: SUCCESS
	 - Description: "dereference failure: deallocated dynamic object"
	 - Location: ../../runner/.rustup/toolchains/nightly-2025-11-05-x86_64-unknown-linux-gnu/lib/rustlib/src/rust/library/core/src/cmp.rs:1865:63 in function std::cmp::impls::<impl std::cmp::PartialEq for u128>::eq

Check 106: std::cmp::impls::<impl std::cmp::PartialEq for u128>::eq.pointer_dereference.10
	 - Status: SUCCESS
	 - Description: "dereference failure: dead object"
	 - Location: ../../runner/.rustup/toolchains/nightly-2025-11-05-x86_64-unknown-linux-gnu/lib/rustlib/src/rust/library/core/src/cmp.rs:1865:63 in function std::cmp::impls::<impl std::cmp::PartialEq for u128>::eq

Check 107: std::cmp::impls::<impl std::cmp::PartialEq for u128>::eq.pointer_dereference.11
	 - Status: SUCCESS
	 - Description: "dereference failure: pointer outside object bounds"
	 - Location: ../../runner/.rustup/toolchains/nightly-2025-11-05-x86_64-unknown-linux-gnu/lib/rustlib/src/rust/library/core/src/cmp.rs:1865:63 in function std::cmp::impls::<impl std::cmp::PartialEq for u128>::eq

Check 108: std::cmp::impls::<impl std::cmp::PartialEq for u128>::eq.pointer_dereference.12
	 - Status: SUCCESS
	 - Description: "dereference failure: invalid integer address"
	 - Location: ../../runner/.rustup/toolchains/nightly-2025-11-05-x86_64-unknown-linux-gnu/lib/rustlib/src/rust/library/core/src/cmp.rs:1865:63 in function std::cmp::impls::<impl std::cmp::PartialEq for u128>::eq

Check 109: std::cmp::impls::<impl std::cmp::PartialEq for &percolator::V16Error>::eq.pointer_dereference.1
	 - Status: SUCCESS
	 - Description: "dereference failure: pointer NULL"
	 - Location: ../../runner/.rustup/toolchains/nightly-2025-11-05-x86_64-unknown-linux-gnu/lib/rustlib/src/rust/library/core/src/cmp.rs:2090:27 in function std::cmp::impls::<impl std::cmp::PartialEq for &percolator::V16Error>::eq

Check 110: std::cmp::impls::<impl std::cmp::PartialEq for &percolator::V16Error>::eq.pointer_dereference.2
	 - Status: SUCCESS
	 - Description: "dereference failure: pointer invalid"
	 - Location: ../../runner/.rustup/toolchains/nightly-2025-11-05-x86_64-unknown-linux-gnu/lib/rustlib/src/rust/library/core/src/cmp.rs:2090:27 in function std::cmp::impls::<impl std::cmp::PartialEq for &percolator::V16Error>::eq

Check 111: std::cmp::impls::<impl std::cmp::PartialEq for &percolator::V16Error>::eq.pointer_dereference.3
	 - Status: SUCCESS
	 - Description: "dereference failure: deallocated dynamic object"
	 - Location: ../../runner/.rustup/toolchains/nightly-2025-11-05-x86_64-unknown-linux-gnu/lib/rustlib/src/rust/library/core/src/cmp.rs:2090:27 in function std::cmp::impls::<impl std::cmp::PartialEq for &percolator::V16Error>::eq

Check 112: std::cmp::impls::<impl std::cmp::PartialEq for &percolator::V16Error>::eq.pointer_dereference.4
	 - Status: SUCCESS
	 - Description: "dereference failure: dead object"
	 - Location: ../../runner/.rustup/toolchains/nightly-2025-11-05-x86_64-unknown-linux-gnu/lib/rustlib/src/rust/library/core/src/cmp.rs:2090:27 in function std::cmp::impls::<impl std::cmp::PartialEq for &percolator::V16Error>::eq

Check 113: std::cmp::impls::<impl std::cmp::PartialEq for &percolator::V16Error>::eq.pointer_dereference.5
	 - Status: SUCCESS
	 - Description: "dereference failure: pointer outside object bounds"
	 - Location: ../../runner/.rustup/toolchains/nightly-2025-11-05-x86_64-unknown-linux-gnu/lib/rustlib/src/rust/library/core/src/cmp.rs:2090:27 in function std::cmp::impls::<impl std::cmp::PartialEq for &percolator::V16Error>::eq

Check 114: std::cmp::impls::<impl std::cmp::PartialEq for &percolator::V16Error>::eq.pointer_dereference.6
	 - Status: SUCCESS
	 - Description: "dereference failure: invalid integer address"
	 - Location: ../../runner/.rustup/toolchains/nightly-2025-11-05-x86_64-unknown-linux-gnu/lib/rustlib/src/rust/library/core/src/cmp.rs:2090:27 in function std::cmp::impls::<impl std::cmp::PartialEq for &percolator::V16Error>::eq

Check 115: std::cmp::impls::<impl std::cmp::PartialEq for &percolator::V16Error>::eq.pointer_dereference.7
	 - Status: SUCCESS
	 - Description: "dereference failure: pointer NULL"
	 - Location: ../../runner/.rustup/toolchains/nightly-2025-11-05-x86_64-unknown-linux-gnu/lib/rustlib/src/rust/library/core/src/cmp.rs:2090:34 in function std::cmp::impls::<impl std::cmp::PartialEq for &percolator::V16Error>::eq

Check 116: std::cmp::impls::<impl std::cmp::PartialEq for &percolator::V16Error>::eq.pointer_dereference.8
	 - Status: SUCCESS
	 - Description: "dereference failure: pointer invalid"
	 - Location: ../../runner/.rustup/toolchains/nightly-2025-11-05-x86_64-unknown-linux-gnu/lib/rustlib/src/rust/library/core/src/cmp.rs:2090:34 in function std::cmp::impls::<impl std::cmp::PartialEq for &percolator::V16Error>::eq

Check 117: std::cmp::impls::<impl std::cmp::PartialEq for &percolator::V16Error>::eq.pointer_dereference.9
	 - Status: SUCCESS
	 - Description: "dereference failure: deallocated dynamic object"
	 - Location: ../../runner/.rustup/toolchains/nightly-2025-11-05-x86_64-unknown-linux-gnu/lib/rustlib/src/rust/library/core/src/cmp.rs:2090:34 in function std::cmp::impls::<impl std::cmp::PartialEq for &percolator::V16Error>::eq

Check 118: std::cmp::impls::<impl std::cmp::PartialEq for &percolator::V16Error>::eq.pointer_dereference.10
	 - Status: SUCCESS
	 - Description: "dereference failure: dead object"
	 - Location: ../../runner/.rustup/toolchains/nightly-2025-11-05-x86_64-unknown-linux-gnu/lib/rustlib/src/rust/library/core/src/cmp.rs:2090:34 in function std::cmp::impls::<impl std::cmp::PartialEq for &percolator::V16Error>::eq

Check 119: std::cmp::impls::<impl std::cmp::PartialEq for &percolator::V16Error>::eq.pointer_dereference.11
	 - Status: SUCCESS
	 - Description: "dereference failure: pointer outside object bounds"
	 - Location: ../../runner/.rustup/toolchains/nightly-2025-11-05-x86_64-unknown-linux-gnu/lib/rustlib/src/rust/library/core/src/cmp.rs:2090:34 in function std::cmp::impls::<impl std::cmp::PartialEq for &percolator::V16Error>::eq

Check 120: std::cmp::impls::<impl std::cmp::PartialEq for &percolator::V16Error>::eq.pointer_dereference.12
	 - Status: SUCCESS
	 - Description: "dereference failure: invalid integer address"
	 - Location: ../../runner/.rustup/toolchains/nightly-2025-11-05-x86_64-unknown-linux-gnu/lib/rustlib/src/rust/library/core/src/cmp.rs:2090:34 in function std::cmp::impls::<impl std::cmp::PartialEq for &percolator::V16Error>::eq


SUMMARY:
 ** 0 of 117 failed

 ** 3 of 3 cover properties satisfied


VERIFICATION:- SUCCESSFUL
Verification Time: 1.8882196s

Manual Harness Summary:
Complete - 1 successfully verified harnesses, 0 failures, 1 total.
