[22:55:37] (1/215) proof_v16_active_bitmap_set_get_count_is_exact_and_bounds_checked -> PASS (cbmc=0.23401268s wall=4s)
[22:55:42] (2/215) proof_v16_adjust_u128_applies_exact_delta_or_fails_closed -> PASS (cbmc=1.3689219s wall=4s)
[22:55:46] (3/215) proof_v16_asset_recovery_transition_freezes_price_and_bumps_once -> PASS (cbmc=0.48984918s wall=3s)
[22:55:51] (4/215) proof_v16_asset_recovery_transition_is_idempotent_after_recovery -> PASS (cbmc=0.16142005s wall=3s)
[22:55:55] (5/215) proof_v16_available_source_support_excludes_liened_and_encumbered_amounts -> PASS (cbmc=0.50522274s wall=3s)
[22:56:20] (6/215) proof_v16_backing_domain_fee_split_for_lien_delta_is_exact_and_conservative -> PASS (cbmc=20.84759s wall=24s)
[22:56:25] (7/215) proof_v16_backing_provider_earnings_credit_requires_vault_slack -> PASS (cbmc=1.6886542s wall=4s)
[22:56:31] (8/215) proof_v16_backing_provider_earnings_withdraw_cannot_exceed_earnings -> PASS (cbmc=2.1551967s wall=5s)
[22:58:13] (9/215) proof_v16_backing_utilization_collection_cap_charge_conserves_senior_value -> PASS (cbmc=97.186745s wall=101s)
[22:58:45] (10/215) proof_v16_backing_utilization_collection_first_touch_initializes_cursor_without_value_move -> PASS (cbmc=27.084263s wall=31s)
[23:00:32] (11/215) proof_v16_backing_utilization_collection_full_charge_conserves_senior_value -> PASS (cbmc=101.92349s wall=106s)
[23:01:57] (12/215) proof_v16_backing_utilization_collection_negative_pnl_never_draws_capital -> PASS (cbmc=80.83952s wall=84s)
[23:02:03] (13/215) proof_v16_backing_utilization_fee_is_capped_by_capital_and_conserves_ctot_to_earnings -> PASS (cbmc=2.0000365s wall=5s)
[23:02:07] (14/215) proof_v16_backing_utilization_fee_never_charges_negative_pnl_account -> PASS (cbmc=0.27041s wall=3s)
[23:02:46] (15/215) proof_v16_backing_utilization_fee_quote_atoms_is_exact_floor_and_time_bounded -> PASS (cbmc=34.721935s wall=38s)
[23:03:11] (16/215) proof_v16_backing_utilization_rate_above_kink_matches_exact_schedule -> PASS (cbmc=21.185993s wall=24s)
[23:03:54] (17/215) proof_v16_backing_utilization_rate_below_kink_matches_exact_schedule -> PASS (cbmc=38.752666s wall=41s)
[23:04:03] (18/215) proof_v16_backing_utilization_rate_zero_and_invalid_source_branches_are_exact -> PASS (cbmc=4.848068s wall=7s)
[23:04:58] (19/215) proof_v16_bankruptcy_hlock_selects_hmax_before_source_backed_value_exit -> PASS (cbmc=49.3971s wall=54s)
[23:05:39] (20/215) proof_v16_bankruptcy_residual_capacity_is_nonzero_and_bounded_with_headroom -> PASS (cbmc=35.6617s wall=39s)
[23:05:43] (21/215) proof_v16_batch_outcome_accumulator_is_exact_and_overflow_checked -> PASS (cbmc=0.42473796s wall=3s)
[23:05:51] (22/215) proof_v16_canonical_retired_asset_slot_preserves_identity_and_clears_local_ledgers -> PASS (cbmc=3.0229135s wall=6s)
[23:08:48] (23/215) proof_v16_capital_backed_loss_reservation_is_value_neutral_and_capital_capped -> PASS (cbmc=170.96089s wall=176s)
[23:11:02] (24/215) proof_v16_claim_resolved_payout_topup_preflight_rejects_unready -> PASS (cbmc=127.09855s wall=132s)
[23:12:01] (25/215) proof_v16_close_begin_rejects_account_with_active_close -> PASS (cbmc=52.955246s wall=58s)
[23:12:53] (26/215) proof_v16_close_begin_rejects_occupied_domain_before_mutation -> PASS (cbmc=45.305088s wall=50s)
[23:14:02] (27/215) proof_v16_close_begin_takes_barrier_and_stamps_immutable_identity -> PASS (cbmc=63.198795s wall=68s)
[23:14:41] (28/215) proof_v16_close_cancel_shape_rejects_dropped_residual -> PASS (cbmc=32.074345s wall=37s)
[23:16:50] (29/215) proof_v16_close_progress_ledger_residual_equation_is_enforced -> PASS (cbmc=123.1367s wall=128s)
[23:16:54] (30/215) proof_v16_counterparty_backing_add_delta_refills_or_rejects_by_bucket_state -> PASS (cbmc=0.51171947s wall=3s)
[23:18:02] (31/215) proof_v16_counterparty_backing_withdraw_cannot_underback_claims -> PASS (cbmc=63.51021s wall=66s)
[23:18:27] (32/215) proof_v16_counterparty_backing_withdraw_delta_debits_only_unliened_backing -> PASS (cbmc=20.541527s wall=24s)
[23:18:31] (33/215) proof_v16_counterparty_backing_withdraw_delta_status_transitions_are_exact -> PASS (cbmc=0.6010122s wall=3s)
[23:18:58] (34/215) proof_v16_counterparty_credit_consumption_reports_atoms_not_scaled_backing -> PASS (cbmc=22.447512s wall=26s)
[23:19:04] (35/215) proof_v16_counterparty_lien_consume_delta_is_receivable_exact_and_fail_closed -> PASS (cbmc=1.9844309s wall=5s)
[23:19:09] (36/215) proof_v16_counterparty_lien_create_delta_is_expiry_gated_and_exact -> PASS (cbmc=0.34368628s wall=4s)
[23:19:15] (37/215) proof_v16_counterparty_source_credit_support_does_not_debit_vault_or_insurance -> PASS (cbmc=1.7812874s wall=5s)
[23:19:21] (38/215) proof_v16_counterparty_source_credit_support_is_prebacked_by_realized_capital -> PASS (cbmc=2.7139812s wall=5s)
[23:19:27] (39/215) proof_v16_credit_account_from_insurance_is_value_neutral_and_pool_isolated -> PASS (cbmc=1.4824563s wall=5s)
[23:19:32] (40/215) proof_v16_credit_account_from_insurance_uses_only_unbudgeted_surplus -> PASS (cbmc=1.8882196s wall=4s)
[23:21:09] (41/215) proof_v16_cross_account_source_support_sum_capped_by_shared_backing -> PASS (cbmc=92.590065s wall=95s)
[23:22:31] (42/215) proof_v16_cure_and_cancel_close_rejects_without_active_close -> PASS (cbmc=72.188805s wall=81s)
[23:22:37] (43/215) proof_v16_domain_insurance_budget_delta_cannot_overallocate_pooled_insurance -> PASS (cbmc=1.9072549s wall=5s)
[23:25:45] (44/215) proof_v16_domain_insurance_deposit_updates_o1_remaining_total -> PASS (cbmc=181.90614s wall=187s)
[23:25:51] (45/215) proof_v16_domain_insurance_spent_delta_cannot_create_unbacked_budget -> PASS (cbmc=2.0966876s wall=5s)
[23:26:08] (46/215) proof_v16_domain_insurance_withdraw_delta_is_budget_scoped_and_value_conserving -> PASS (cbmc=13.852461s wall=16s)
[23:28:39] (47/215) proof_v16_duplicate_asset_legs_reject_before_double_counting_support -> PASS (cbmc=145.5358s wall=150s)
[23:28:43] (48/215) proof_v16_dynamic_market_account_len_fails_closed_on_arithmetic_overflow -> PASS (cbmc=0.07487953s wall=2s)
[23:29:25] (49/215) proof_v16_dynamic_market_account_len_roundtrips_capacity_and_offsets -> PASS (cbmc=38.02237s wall=41s)
[23:29:38] (50/215) proof_v16_dynamic_market_extension_slots_must_be_zero_fill -> PASS (cbmc=8.37082s wall=12s)
[23:29:42] (51/215) proof_v16_dynamic_market_slot_slice_len_matches_runtime_capacity -> PASS (cbmc=0.04734768s wall=3s)
[23:30:46] (52/215) proof_v16_equity_active_accrual_requires_protective_progress_before_mutation -> PASS (cbmc=58.42459s wall=63s)
[23:32:03] (53/215) proof_v16_equity_active_accrual_with_progress_commits_one_bounded_segment -> PASS (cbmc=71.88176s wall=76s)
[23:40:27] (54/215) proof_v16_expired_backing_yields_zero_realizable_support_after_expiry -> PASS (cbmc=497.2253s wall=502s)
[23:41:54] (55/215) proof_v16_expired_close_progress_declares_recovery_without_value_mutation -> PASS (cbmc=81.193344s wall=86s)
[23:41:58] (56/215) proof_v16_expired_counterparty_backing_bucket_accepts_receivable_refill -> PASS (cbmc=0.32752025s wall=3s)
[23:42:35] (57/215) proof_v16_fee_core_moves_current_capital_to_insurance_only -> PASS (cbmc=31.369505s wall=35s)
[23:42:45] (58/215) proof_v16_final_batch_margin_gate_accepts_only_final_certified_im -> PASS (cbmc=6.0862317s wall=9s)
[23:43:01] (59/215) proof_v16_final_impaired_source_claim_burn_clears_account_occupancy_counters -> PASS (cbmc=11.288578s wall=15s)
[23:48:52] (60/215) proof_v16_frame_backing_deposit_touches_only_declared_state -> PASS (cbmc=345.32184s wall=350s)
[23:52:44] (61/215) proof_v16_frame_backing_withdraw_touches_only_declared_state -> PASS (cbmc=225.93138s wall=231s)
[23:54:15] (62/215) proof_v16_frame_budget_credit_touches_only_declared_state -> PASS (cbmc=84.568756s wall=90s)
[23:57:26] (63/215) proof_v16_frame_crank_touches_only_clock_and_cert_state -> PASS (cbmc=179.42697s wall=190s)
[00:01:49] (64/215) proof_v16_frame_deposit_touches_only_declared_state -> PASS (cbmc=255.95601s wall=262s)
[00:03:38] (65/215) proof_v16_frame_domain_insurance_deposit_touches_only_declared_state -> PASS (cbmc=102.19263s wall=107s)
[00:05:30] (66/215) proof_v16_frame_domain_insurance_withdraw_touches_only_declared_state -> PASS (cbmc=105.819626s wall=111s)
[00:07:24] (67/215) proof_v16_frame_earnings_withdraw_touches_only_declared_state -> PASS (cbmc=108.653305s wall=113s)
[00:08:45] (68/215) proof_v16_frame_fee_charge_touches_only_declared_state -> PASS (cbmc=74.61777s wall=80s)
[00:13:08] (69/215) proof_v16_frame_insurance_account_credit_touches_only_declared_state -> PASS (cbmc=256.37378s wall=262s)
[00:14:58] (70/215) proof_v16_frame_mark_drain_only_touches_only_declared_state -> PASS (cbmc=103.11677s wall=108s)
[00:16:47] (71/215) proof_v16_frame_oracle_target_update_touches_only_declared_state -> PASS (cbmc=103.450226s wall=108s)
[00:20:39] (72/215) proof_v16_frame_overwithdraw_err_leaves_state_unchanged -> PASS (cbmc=224.61548s wall=231s)
[00:21:58] (73/215) proof_v16_frame_resolve_market_touches_only_declared_state -> PASS (cbmc=72.548134s wall=78s)
[00:22:58] (74/215) proof_v16_frame_side_reset_touches_only_declared_state -> PASS (cbmc=54.871983s wall=59s)
[00:27:44] (75/215) proof_v16_frame_withdraw_touches_only_declared_state -> PASS (cbmc=278.20258s wall=285s)
[00:28:45] (76/215) proof_v16_funding_rate_cap_rejects_before_accrual_mutation -> PASS (cbmc=55.17063s wall=60s)
[00:28:58] (77/215) proof_v16_global_hlock_lane_selects_hmax_only_for_global_stress_or_candidate -> PASS (cbmc=7.5691786s wall=12s)
[00:37:35] (78/215) proof_v16_grant_source_positive_pnl_rejects_non_live -> PASS (cbmc=510.36517s wall=516s)
[00:37:40] (79/215) proof_v16_health_cert_capital_debit_preserves_im_or_rejects -> PASS (cbmc=1.1808577s wall=4s)
[00:38:29] (80/215) proof_v16_in_place_account_init_clears_hidden_risk_state_and_validates -> PASS (cbmc=42.302128s wall=47s)
[00:38:55] (81/215) proof_v16_inductive_fee_core_preserves_senior_solvency_and_never_debits_insurance -> PASS (cbmc=21.32315s wall=25s)
[00:39:23] (82/215) proof_v16_inductive_settle_negative_pnl_preserves_senior_solvency -> PASS (cbmc=22.617987s wall=27s)
[00:43:02] (83/215) proof_v16_insolvent_resolved_receipt_clears_at_terminal_rate -> PASS (cbmc=212.03247s wall=218s)
[00:43:18] (84/215) proof_v16_insurance_domain_mapping_is_in_bounds_unique_and_roundtrips -> PASS (cbmc=11.966081s wall=15s)
[00:43:23] (85/215) proof_v16_insurance_lien_consume_delta_is_aligned_and_atom_exact -> PASS (cbmc=0.77512413s wall=3s)
[00:45:58] (86/215) proof_v16_insurance_lien_consume_spends_only_its_domain_budget -> PASS (cbmc=150.01324s wall=154s)
[00:46:03] (87/215) proof_v16_insurance_lien_fractional_consume_rejects -> PASS (cbmc=1.0148678s wall=3s)
[00:46:39] (88/215) proof_v16_insurance_lien_split_consume_spends_exact_reserved_atoms -> PASS (cbmc=31.341688s wall=35s)
[00:46:44] (89/215) proof_v16_insurance_lien_terminal_release_delta_handles_mixed_and_rejects_invalid -> PASS (cbmc=0.83414274s wall=4s)
[00:46:48] (90/215) proof_v16_liquidation_cannot_leave_uncovered_loss_with_other_open_risk -> PASS (cbmc=0.7460492s wall=3s)
[00:50:38] (91/215) proof_v16_liquidation_preflight_accepts_only_fully_durable_residual -> PASS (cbmc=223.04915s wall=228s)
[00:53:48] (92/215) proof_v16_liquidation_preflight_routes_insufficient_residual_capacity_to_recovery -> PASS (cbmc=184.41728s wall=189s)
[00:55:09] (93/215) proof_v16_live_market_shape_rejects_long_short_oi_mismatch -> PASS (cbmc=74.681366s wall=80s)
[00:56:21] (94/215) proof_v16_live_positive_kf_delta_without_source_rejects -> PASS (cbmc=64.57691s wall=71s)
[00:56:55] (95/215) proof_v16_live_residual_booking_to_loss_bearing_side_is_bounded_and_exact -> PASS (cbmc=28.291943s wall=33s)
[00:57:07] (96/215) proof_v16_locked_trade_margin_gate_cannot_use_positive_pnl_credit -> PASS (cbmc=8.23601s wall=11s)
[00:58:09] (97/215) proof_v16_loss_senior_fee_ordering_consumes_kf_loss_before_fee -> PASS (cbmc=53.575245s wall=61s)
[00:58:12] (98/215) proof_v16_loss_stale_trade_scope_allows_only_unrelated_current_assets -> PASS (cbmc=0.023991296s wall=2s)
[01:01:27] (99/215) proof_v16_mark_asset_drain_only_is_value_neutral_and_epoch_scoped -> PASS (cbmc=189.02113s wall=193s)
[01:02:21] (100/215) proof_v16_mutable_view_compacts_persisted_source_domain_tail -> PASS (cbmc=48.22433s wall=52s)
[01:03:04] (101/215) proof_v16_negative_pnl_settlement_consumes_principal_before_residual -> PASS (cbmc=37.553738s wall=42s)
[01:04:11] (102/215) proof_v16_new_unfunded_domain_cannot_consume_shared_insurance -> PASS (cbmc=60.63892s wall=66s)
[01:09:33] (103/215) proof_v16_nonflat_withdraw_rejects_before_value_exit -> PASS (cbmc=314.5923s wall=321s)
[01:09:53] (104/215) proof_v16_nontrivial_public_profile_satisfies_symbolic_mm_envelope -> PASS (cbmc=16.385828s wall=19s)
[01:12:47] (105/215) proof_v16_open_source_claim_exposure_blocks_convert -> PASS (cbmc=168.45596s wall=173s)
[01:12:51] (106/215) proof_v16_pending_domain_loss_barrier_allows_only_same_side_reductions -> PASS (cbmc=0.42252094s wall=3s)
[01:13:19] (107/215) proof_v16_pending_domain_loss_barrier_detects_touching_position_changes -> PASS (cbmc=22.307455s wall=26s)
[01:15:42] (108/215) proof_v16_permissionless_recovery_crank_is_accounting_neutral -> PASS (cbmc=131.60475s wall=142s)
[01:15:46] (109/215) proof_v16_position_delta_risk_classifier_matches_abs_exposure_change -> PASS (cbmc=0.4854733s wall=3s)
[01:19:24] (110/215) proof_v16_positive_kf_delta_creates_source_claim_bound -> PASS (cbmc=209.26909s wall=216s)
[01:19:29] (111/215) proof_v16_positive_pnl_requires_full_source_claim_attribution -> PASS (cbmc=1.17822s wall=4s)
[01:20:34] (112/215) proof_v16_price_move_cap_rejects_before_accrual_mutation -> PASS (cbmc=59.913353s wall=64s)
[01:27:52] (113/215) proof_v16_public_account_backing_fee_split_preserves_senior_stock -> PASS (cbmc=430.42554s wall=437s)
[01:33:53] (114/215) proof_v16_public_backing_fee_charges_only_selected_domain -> PASS (cbmc=354.3811s wall=360s)
[01:36:30] (115/215) proof_v16_public_backing_provider_earnings_credit_uses_only_vault_slack -> PASS (cbmc=150.85338s wall=156s)
[01:41:45] (116/215) proof_v16_public_backing_provider_earnings_withdraw_debits_only_earned_vault -> PASS (cbmc=308.98077s wall=314s)
[01:46:38] (117/215) proof_v16_public_backing_provider_earnings_withdraw_is_earnings_scoped_and_pool_neutral -> PASS (cbmc=287.80154s wall=292s)
[01:52:43] (118/215) proof_v16_public_counterparty_backing_deposit_moves_vault_and_scaled_source_state -> PASS (cbmc=358.88474s wall=364s)
[01:59:30] (119/215) proof_v16_public_counterparty_backing_deposit_refills_expired_receivable_bucket -> PASS (cbmc=401.21674s wall=406s)
[02:08:34] (120/215) proof_v16_public_counterparty_backing_expiry_is_value_neutral_and_impairs_liened_backing -> PASS (cbmc=537.6846s wall=543s)
[02:14:34] (121/215) proof_v16_public_counterparty_backing_withdraw_debits_vault_and_scaled_source_state -> PASS (cbmc=353.98853s wall=359s)
[02:20:13] (122/215) proof_v16_public_counterparty_backing_withdraw_rejects_underbacking_source_claims -> PASS (cbmc=332.62552s wall=338s)
[02:26:34] (123/215) proof_v16_public_counterparty_lien_consume_creates_receivable_without_value_movement -> PASS (cbmc=375.08615s wall=380s)
[02:30:00] (124/215) proof_v16_public_counterparty_lien_create_moves_fresh_to_valid_without_value_movement -> PASS (cbmc=199.95161s wall=205s)
[02:33:58] (125/215) proof_v16_public_counterparty_lien_impair_moves_valid_to_impaired_without_value_movement -> PASS (cbmc=232.67708s wall=237s)
[02:40:51] (126/215) proof_v16_public_counterparty_lien_release_restores_unliened_backing_without_value_movement -> PASS (cbmc=407.01688s wall=412s)
[02:43:19] (127/215) proof_v16_public_credit_domain_insurance_budget_is_value_neutral_and_backed -> PASS (cbmc=141.67772s wall=147s)
[02:46:05] (128/215) proof_v16_public_domain_insurance_spent_setter_preserves_budget_total_and_value -> PASS (cbmc=160.62416s wall=165s)
[02:48:28] (129/215) proof_v16_public_domain_insurance_spent_setter_rejects_invalid_without_mutation -> PASS (cbmc=137.34558s wall=142s)
[02:48:50] (130/215) proof_v16_public_domain_insurance_withdraw_capacity_matches_budget_reserved_and_vault_min -> PASS (cbmc=16.38016s wall=21s)
[02:51:52] (131/215) proof_v16_public_domain_insurance_withdraw_is_budget_scoped_and_value_conserving -> PASS (cbmc=176.6082s wall=181s)
[02:52:17] (132/215) proof_v16_public_finalize_side_reset_rejects_each_blocker_without_mutation -> PASS (cbmc=20.064602s wall=24s)
[02:52:48] (133/215) proof_v16_public_finalize_side_reset_success_is_value_neutral -> PASS (cbmc=25.342796s wall=30s)
[02:59:59] (134/215) proof_v16_public_insurance_lien_consume_debits_only_domain_insurance -> PASS (cbmc=425.6577s wall=430s)
[03:04:41] (135/215) proof_v16_public_insurance_lien_create_moves_reserved_credit_to_valid_lien -> PASS (cbmc=275.88583s wall=280s)
[03:11:23] (136/215) proof_v16_public_insurance_lien_impair_moves_valid_to_impaired_without_value_movement -> PASS (cbmc=395.60748s wall=401s)
[03:17:40] (137/215) proof_v16_public_insurance_lien_release_restores_reserved_credit_without_value_movement -> PASS (cbmc=371.07156s wall=376s)
[03:22:38] (138/215) proof_v16_public_insurance_reserve_encumbers_budget_without_value_movement -> PASS (cbmc=292.2154s wall=297s)
[03:25:49] (139/215) proof_v16_public_insurance_reserve_rejects_unfunded_domain -> PASS (cbmc=185.18307s wall=190s)
[03:27:09] (140/215) proof_v16_public_market_activation_starts_domains_unfunded_and_value_neutral -> PASS (cbmc=74.54157s wall=79s)
[03:27:20] (141/215) proof_v16_public_market_capacity_growth_is_monotone_and_value_neutral -> PASS (cbmc=6.1568465s wall=9s)
[03:27:31] (142/215) proof_v16_public_market_capacity_growth_rejects_invalid_requests_without_mutation -> PASS (cbmc=5.734197s wall=10s)
[03:28:34] (143/215) proof_v16_public_materialized_portfolio_deregister_is_value_neutral -> PASS (cbmc=56.665714s wall=62s)
[03:29:22] (144/215) proof_v16_public_materialized_portfolio_deregister_rejects_value_state_before_mutation -> PASS (cbmc=42.05316s wall=47s)
[03:30:25] (145/215) proof_v16_public_materialized_portfolio_register_is_value_neutral -> PASS (cbmc=56.70502s wall=62s)
[03:31:13] (146/215) proof_v16_public_materialized_portfolio_register_rejects_value_state_before_mutation -> PASS (cbmc=42.015812s wall=47s)
[03:33:41] (147/215) proof_v16_public_permissionless_empty_market_crank_advances_clock_without_value_movement -> PASS (cbmc=136.48244s wall=147s)
[03:36:13] (148/215) proof_v16_public_raw_oracle_target_update_is_value_neutral -> PASS (cbmc=145.80745s wall=151s)
[03:39:16] (149/215) proof_v16_public_resolve_market_is_value_neutral_and_clears_loss_stale -> PASS (cbmc=177.31815s wall=182s)
[03:40:20] (150/215) proof_v16_public_resolved_bound_refinement_is_monotone_and_value_neutral -> PASS (cbmc=59.55149s wall=63s)
[03:50:08] (151/215) proof_v16_public_resolved_close_flat_account_pays_only_capital_and_vault -> PASS (cbmc=577.1584s wall=586s)
[03:53:12] (152/215) proof_v16_public_resolved_payout_topup_pays_min_claimable_and_vault -> PASS (cbmc=178.20361s wall=183s)
[03:54:52] (153/215) proof_v16_public_restart_asset_zero_preserves_only_selected_slot_in_two_slot_view -> PASS (cbmc=93.95204s wall=99s)
[03:55:44] (154/215) proof_v16_public_restart_empty_asset_zero_preserves_budgets_and_senior_value -> PASS (cbmc=46.686367s wall=51s)
[03:57:24] (155/215) proof_v16_public_restart_nonzero_asset_preserves_only_selected_slot_in_two_slot_view -> PASS (cbmc=93.7226s wall=98s)
[03:58:10] (156/215) proof_v16_public_restart_rejects_spent_domain_before_mutation -> PASS (cbmc=40.07645s wall=45s)
[04:03:11] (157/215) proof_v16_recovery_mode_blocks_fee_sync_and_pnl_conversion_before_mutation -> PASS (cbmc=292.00687s wall=300s)
[04:05:45] (158/215) proof_v16_recovery_mode_blocks_withdraw -> PASS (cbmc=146.67744s wall=153s)
[04:09:27] (159/215) proof_v16_reserved_domain_insurance_cannot_be_double_spent_by_bankruptcy -> PASS (cbmc=215.45422s wall=221s)
[04:10:27] (160/215) proof_v16_reset_empty_asset_oracle_anchor_is_value_neutral_and_idle_gated -> PASS (cbmc=54.849922s wall=59s)
[04:10:50] (161/215) proof_v16_reset_empty_asset_oracle_anchor_rejects_when_pnl_present -> PASS (cbmc=17.556137s wall=22s)
[04:23:13] (162/215) proof_v16_residual_excludes_recoverable_counterparty_backing_principal -> PASS (cbmc=737.683s wall=742s)
[04:25:18] (163/215) proof_v16_residual_excludes_senior_backing_provider_earnings -> PASS (cbmc=118.91775s wall=123s)
[04:28:44] (164/215) proof_v16_residual_reconciles_with_senior_stock -> PASS (cbmc=199.9772s wall=205s)
[04:28:58] (165/215) proof_v16_residual_reward_credit_is_capped_by_principal_and_crystallized_loss -> PASS (cbmc=9.564456s wall=13s)
[04:29:04] (166/215) proof_v16_resolved_external_payout_requires_exact_capital_plus_claim_sources -> PASS (cbmc=2.7514148s wall=5s)
[04:29:18] (167/215) proof_v16_resolved_receipt_claimable_is_rate_monotone_and_overpaid_fails_closed -> PASS (cbmc=9.670975s wall=13s)
[04:29:26] (168/215) proof_v16_resolved_receipt_payment_cannot_exceed_terminal_claim -> PASS (cbmc=3.5121357s wall=7s)
[04:30:22] (169/215) proof_v16_resolved_residual_booking_without_loss_bearing_side_is_explicit_only -> PASS (cbmc=50.58187s wall=55s)
[04:30:27] (170/215) proof_v16_resolved_winddown_releases_expired_liened_source_claim -> PASS (cbmc=0.16311139s wall=3s)
[04:30:31] (171/215) proof_v16_resolved_winddown_releases_impaired_insurance_lien -> PASS (cbmc=0.6682139s wall=3s)
[04:30:36] (172/215) proof_v16_resolved_winddown_releases_liened_source_claim -> PASS (cbmc=0.15763508s wall=3s)
[04:30:50] (173/215) proof_v16_restart_empty_asset_core_preserves_budgets_and_assigns_fresh_market -> PASS (cbmc=9.6201725s wall=13s)
[04:36:00] (174/215) proof_v16_retire_empty_asset_is_value_neutral_and_epoch_scoped -> PASS (cbmc=304.574s wall=309s)
[04:38:45] (175/215) proof_v16_retire_nonempty_asset_rejects -> PASS (cbmc=158.97647s wall=164s)
[04:39:24] (176/215) proof_v16_retired_slot_reactivation_accepts_only_empty_source_credit_amounts -> PASS (cbmc=33.3144s wall=38s)
[04:42:51] (177/215) proof_v16_reused_asset_slot_rejects_stale_market_id_leg -> PASS (cbmc=200.7528s wall=206s)
[04:47:38] (178/215) proof_v16_seq_budget_credit_then_withdraw_caps_compose -> PASS (cbmc=280.90076s wall=286s)
[04:54:54] (179/215) proof_v16_seq_deposit_withdraw_round_trip_is_exact -> PASS (cbmc=429.41458s wall=435s)
[04:59:14] (180/215) proof_v16_seq_double_crank_is_monotone_and_value_flat -> PASS (cbmc=248.45561s wall=259s)
[05:01:07] (181/215) proof_v16_seq_two_fees_compound_exactly -> PASS (cbmc=106.29678s wall=112s)
[05:01:11] (182/215) proof_v16_signed_trade_request_maps_to_opposite_account_deltas -> PASS (cbmc=0.29237694s wall=3s)
[05:04:01] (183/215) proof_v16_source_credit_lien_face_and_backing_use_scaled_units -> PASS (cbmc=165.95125s wall=169s)
[05:05:00] (184/215) proof_v16_source_credit_rate_never_exceeds_available_backing_ratio -> PASS (cbmc=55.191025s wall=58s)
[05:05:32] (185/215) proof_v16_source_domain_insert_reuses_same_domain_market_id_tag -> PASS (cbmc=26.890162s wall=31s)
[05:05:59] (186/215) proof_v16_sparse_source_domain_cap_full_rejects_new_domain -> PASS (cbmc=21.86613s wall=26s)
[05:06:39] (187/215) proof_v16_sparse_source_domain_insert_roundtrips_occupied_domain -> PASS (cbmc=34.817513s wall=38s)
[05:08:06] (188/215) proof_v16_sparse_source_domain_validation_accepts_domain_indexed_claim -> PASS (cbmc=81.347496s wall=85s)
[05:12:54] (189/215) proof_v16_sparse_source_domain_validation_rejects_duplicate_occupied_domain -> PASS (cbmc=282.46652s wall=287s)
[05:13:19] (190/215) proof_v16_sparse_source_domain_validation_rejects_unoccupied_tagged_slot -> PASS (cbmc=18.753021s wall=24s)
[05:13:25] (191/215) proof_v16_support_to_account_capital_requires_exact_mixed_source_sum -> PASS (cbmc=2.740556s wall=5s)
[05:13:43] (192/215) proof_v16_symbolic_conservative_fee_profile_satisfies_mm_envelope_on_small_notionals -> PASS (cbmc=13.339824s wall=16s)
[05:13:57] (193/215) proof_v16_symbolic_funding_profile_satisfies_mm_envelope_on_small_notionals -> PASS (cbmc=10.093617s wall=13s)
[05:14:01] (194/215) proof_v16_target_effective_lag_adverse_delta_is_side_specific -> PASS (cbmc=0.12907091s wall=3s)
[05:14:06] (195/215) proof_v16_target_effective_lag_penalty_enters_all_health_lanes -> PASS (cbmc=1.6831642s wall=4s)
[05:15:02] (196/215) proof_v16_trade_fee_helper_does_not_charge_negative_pnl_account -> PASS (cbmc=50.02851s wall=54s)
[05:15:59] (197/215) proof_v16_trade_fee_helper_moves_capital_to_insurance_only -> PASS (cbmc=51.418404s wall=56s)
[05:16:03] (198/215) proof_v16_trade_preflight_risk_gate_blocks_only_unsafe_risk_increase -> PASS (cbmc=0.77262753s wall=3s)
[05:18:30] (199/215) proof_v16_two_resolved_receipts_are_order_independent_when_snapshot_funded -> PASS (cbmc=142.20494s wall=145s)
[05:19:31] (200/215) proof_v16_underbacked_source_credit_cannot_satisfy_im_lien_requirements -> PASS (cbmc=56.74354s wall=60s)
[05:23:06] (201/215) proof_v16_unliened_source_support_is_capped_by_realizable_backing -> PASS (cbmc=209.0653s wall=214s)
[05:23:43] (202/215) proof_v16_validate_shape_rejects_global_junior_bound_below_domain_claims -> PASS (cbmc=31.554129s wall=36s)
[05:29:03] (203/215) proof_v16_view_deposit_preserves_c_tot_vault_capital_sum -> PASS (cbmc=313.59134s wall=319s)
[05:31:38] (204/215) proof_v16_view_domain_budget_caps_bankruptcy_insurance_spend -> PASS (cbmc=147.97067s wall=154s)
[05:36:10] (205/215) proof_v16_view_fee_sync_settles_negative_pnl_before_fee -> PASS (cbmc=262.81848s wall=271s)
[05:36:14] (206/215) proof_v16_view_initial_margin_source_lien_creation_is_backed -> PASS (cbmc=0.9039251s wall=3s)
[05:37:28] (207/215) proof_v16_view_negative_funding_pays_long_side -> PASS (cbmc=68.29579s wall=72s)
[05:42:25] (208/215) proof_v16_view_overwithdraw_rejects -> PASS (cbmc=289.57773s wall=296s)
[05:44:01] (209/215) proof_v16_view_positive_funding_charges_long_side -> PASS (cbmc=90.68605s wall=95s)
[05:44:06] (210/215) proof_v16_view_trade_position_delta_preserves_oi_symmetry -> PASS (cbmc=0.93589586s wall=4s)
[05:49:53] (211/215) proof_v16_view_withdraw_reduces_vault_ctot_and_capital_equally -> PASS (cbmc=340.32742s wall=346s)
[05:55:18] (212/215) proof_v16_withdraw_allowed_after_canceled_close -> PASS (cbmc=318.67923s wall=324s)
[05:56:26] (213/215) proof_v16_withdraw_rejects_while_close_active -> PASS (cbmc=60.801746s wall=66s)
[06:03:14] (214/215) proof_v16_withdraw_settles_flat_negative_pnl_before_value_exit -> PASS (cbmc=400.77402s wall=407s)
[06:03:20] (215/215) proof_v16_wrapper_shape_distinct_asset_batch_projection_preserves_oi_and_outcome -> PASS (cbmc=2.29657s wall=5s)
=====
proof                                                                                        cbmc_time_s  wall_s  status
proof_v16_active_bitmap_set_get_count_is_exact_and_bounds_checked                            0.23401268   4       PASS
proof_v16_adjust_u128_applies_exact_delta_or_fails_closed                                    1.3689219    4       PASS
proof_v16_asset_recovery_transition_freezes_price_and_bumps_once                             0.48984918   3       PASS
proof_v16_asset_recovery_transition_is_idempotent_after_recovery                             0.16142005   3       PASS
proof_v16_available_source_support_excludes_liened_and_encumbered_amounts                    0.50522274   3       PASS
proof_v16_backing_domain_fee_split_for_lien_delta_is_exact_and_conservative                  20.84759     24      PASS
proof_v16_backing_provider_earnings_credit_requires_vault_slack                              1.6886542    4       PASS
proof_v16_backing_provider_earnings_withdraw_cannot_exceed_earnings                          2.1551967    5       PASS
proof_v16_backing_utilization_collection_cap_charge_conserves_senior_value                   97.186745    101     PASS
proof_v16_backing_utilization_collection_first_touch_initializes_cursor_without_value_move   27.084263    31      PASS
proof_v16_backing_utilization_collection_full_charge_conserves_senior_value                  101.92349    106     PASS
proof_v16_backing_utilization_collection_negative_pnl_never_draws_capital                    80.83952     84      PASS
proof_v16_backing_utilization_fee_is_capped_by_capital_and_conserves_ctot_to_earnings        2.0000365    5       PASS
proof_v16_backing_utilization_fee_never_charges_negative_pnl_account                         0.27041      3       PASS
proof_v16_backing_utilization_fee_quote_atoms_is_exact_floor_and_time_bounded                34.721935    38      PASS
proof_v16_backing_utilization_rate_above_kink_matches_exact_schedule                         21.185993    24      PASS
proof_v16_backing_utilization_rate_below_kink_matches_exact_schedule                         38.752666    41      PASS
proof_v16_backing_utilization_rate_zero_and_invalid_source_branches_are_exact                4.848068     7       PASS
proof_v16_bankruptcy_hlock_selects_hmax_before_source_backed_value_exit                      49.3971      54      PASS
proof_v16_bankruptcy_residual_capacity_is_nonzero_and_bounded_with_headroom                  35.6617      39      PASS
proof_v16_batch_outcome_accumulator_is_exact_and_overflow_checked                            0.42473796   3       PASS
proof_v16_canonical_retired_asset_slot_preserves_identity_and_clears_local_ledgers           3.0229135    6       PASS
proof_v16_capital_backed_loss_reservation_is_value_neutral_and_capital_capped                170.96089    176     PASS
proof_v16_claim_resolved_payout_topup_preflight_rejects_unready                              127.09855    132     PASS
proof_v16_close_begin_rejects_account_with_active_close                                      52.955246    58      PASS
proof_v16_close_begin_rejects_occupied_domain_before_mutation                                45.305088    50      PASS
proof_v16_close_begin_takes_barrier_and_stamps_immutable_identity                            63.198795    68      PASS
proof_v16_close_cancel_shape_rejects_dropped_residual                                        32.074345    37      PASS
proof_v16_close_progress_ledger_residual_equation_is_enforced                                123.1367     128     PASS
proof_v16_counterparty_backing_add_delta_refills_or_rejects_by_bucket_state                  0.51171947   3       PASS
proof_v16_counterparty_backing_withdraw_cannot_underback_claims                              63.51021     66      PASS
proof_v16_counterparty_backing_withdraw_delta_debits_only_unliened_backing                   20.541527    24      PASS
proof_v16_counterparty_backing_withdraw_delta_status_transitions_are_exact                   0.6010122    3       PASS
proof_v16_counterparty_credit_consumption_reports_atoms_not_scaled_backing                   22.447512    26      PASS
proof_v16_counterparty_lien_consume_delta_is_receivable_exact_and_fail_closed                1.9844309    5       PASS
proof_v16_counterparty_lien_create_delta_is_expiry_gated_and_exact                           0.34368628   4       PASS
proof_v16_counterparty_source_credit_support_does_not_debit_vault_or_insurance               1.7812874    5       PASS
proof_v16_counterparty_source_credit_support_is_prebacked_by_realized_capital                2.7139812    5       PASS
proof_v16_credit_account_from_insurance_is_value_neutral_and_pool_isolated                   1.4824563    5       PASS
proof_v16_credit_account_from_insurance_uses_only_unbudgeted_surplus                         1.8882196    4       PASS
proof_v16_cross_account_source_support_sum_capped_by_shared_backing                          92.590065    95      PASS
proof_v16_cure_and_cancel_close_rejects_without_active_close                                 72.188805    81      PASS
proof_v16_domain_insurance_budget_delta_cannot_overallocate_pooled_insurance                 1.9072549    5       PASS
proof_v16_domain_insurance_deposit_updates_o1_remaining_total                                181.90614    187     PASS
proof_v16_domain_insurance_spent_delta_cannot_create_unbacked_budget                         2.0966876    5       PASS
proof_v16_domain_insurance_withdraw_delta_is_budget_scoped_and_value_conserving              13.852461    16      PASS
proof_v16_duplicate_asset_legs_reject_before_double_counting_support                         145.5358     150     PASS
proof_v16_dynamic_market_account_len_fails_closed_on_arithmetic_overflow                     0.07487953   2       PASS
proof_v16_dynamic_market_account_len_roundtrips_capacity_and_offsets                         38.02237     41      PASS
proof_v16_dynamic_market_extension_slots_must_be_zero_fill                                   8.37082      12      PASS
proof_v16_dynamic_market_slot_slice_len_matches_runtime_capacity                             0.04734768   3       PASS
proof_v16_equity_active_accrual_requires_protective_progress_before_mutation                 58.42459     63      PASS
proof_v16_equity_active_accrual_with_progress_commits_one_bounded_segment                    71.88176     76      PASS
proof_v16_expired_backing_yields_zero_realizable_support_after_expiry                        497.2253     502     PASS
proof_v16_expired_close_progress_declares_recovery_without_value_mutation                    81.193344    86      PASS
proof_v16_expired_counterparty_backing_bucket_accepts_receivable_refill                      0.32752025   3       PASS
proof_v16_fee_core_moves_current_capital_to_insurance_only                                   31.369505    35      PASS
proof_v16_final_batch_margin_gate_accepts_only_final_certified_im                            6.0862317    9       PASS
proof_v16_final_impaired_source_claim_burn_clears_account_occupancy_counters                 11.288578    15      PASS
proof_v16_frame_backing_deposit_touches_only_declared_state                                  345.32184    350     PASS
proof_v16_frame_backing_withdraw_touches_only_declared_state                                 225.93138    231     PASS
proof_v16_frame_budget_credit_touches_only_declared_state                                    84.568756    90      PASS
proof_v16_frame_crank_touches_only_clock_and_cert_state                                      179.42697    190     PASS
proof_v16_frame_deposit_touches_only_declared_state                                          255.95601    262     PASS
proof_v16_frame_domain_insurance_deposit_touches_only_declared_state                         102.19263    107     PASS
proof_v16_frame_domain_insurance_withdraw_touches_only_declared_state                        105.819626   111     PASS
proof_v16_frame_earnings_withdraw_touches_only_declared_state                                108.653305   113     PASS
proof_v16_frame_fee_charge_touches_only_declared_state                                       74.61777     80      PASS
proof_v16_frame_insurance_account_credit_touches_only_declared_state                         256.37378    262     PASS
proof_v16_frame_mark_drain_only_touches_only_declared_state                                  103.11677    108     PASS
proof_v16_frame_oracle_target_update_touches_only_declared_state                             103.450226   108     PASS
proof_v16_frame_overwithdraw_err_leaves_state_unchanged                                      224.61548    231     PASS
proof_v16_frame_resolve_market_touches_only_declared_state                                   72.548134    78      PASS
proof_v16_frame_side_reset_touches_only_declared_state                                       54.871983    59      PASS
proof_v16_frame_withdraw_touches_only_declared_state                                         278.20258    285     PASS
proof_v16_funding_rate_cap_rejects_before_accrual_mutation                                   55.17063     60      PASS
proof_v16_global_hlock_lane_selects_hmax_only_for_global_stress_or_candidate                 7.5691786    12      PASS
proof_v16_grant_source_positive_pnl_rejects_non_live                                         510.36517    516     PASS
proof_v16_health_cert_capital_debit_preserves_im_or_rejects                                  1.1808577    4       PASS
proof_v16_in_place_account_init_clears_hidden_risk_state_and_validates                       42.302128    47      PASS
proof_v16_inductive_fee_core_preserves_senior_solvency_and_never_debits_insurance            21.32315     25      PASS
proof_v16_inductive_settle_negative_pnl_preserves_senior_solvency                            22.617987    27      PASS
proof_v16_insolvent_resolved_receipt_clears_at_terminal_rate                                 212.03247    218     PASS
proof_v16_insurance_domain_mapping_is_in_bounds_unique_and_roundtrips                        11.966081    15      PASS
proof_v16_insurance_lien_consume_delta_is_aligned_and_atom_exact                             0.77512413   3       PASS
proof_v16_insurance_lien_consume_spends_only_its_domain_budget                               150.01324    154     PASS
proof_v16_insurance_lien_fractional_consume_rejects                                          1.0148678    3       PASS
proof_v16_insurance_lien_split_consume_spends_exact_reserved_atoms                           31.341688    35      PASS
proof_v16_insurance_lien_terminal_release_delta_handles_mixed_and_rejects_invalid            0.83414274   4       PASS
proof_v16_liquidation_cannot_leave_uncovered_loss_with_other_open_risk                       0.7460492    3       PASS
proof_v16_liquidation_preflight_accepts_only_fully_durable_residual                          223.04915    228     PASS
proof_v16_liquidation_preflight_routes_insufficient_residual_capacity_to_recovery            184.41728    189     PASS
proof_v16_live_market_shape_rejects_long_short_oi_mismatch                                   74.681366    80      PASS
proof_v16_live_positive_kf_delta_without_source_rejects                                      64.57691     71      PASS
proof_v16_live_residual_booking_to_loss_bearing_side_is_bounded_and_exact                    28.291943    33      PASS
proof_v16_locked_trade_margin_gate_cannot_use_positive_pnl_credit                            8.23601      11      PASS
proof_v16_loss_senior_fee_ordering_consumes_kf_loss_before_fee                               53.575245    61      PASS
proof_v16_loss_stale_trade_scope_allows_only_unrelated_current_assets                        0.023991296  2       PASS
proof_v16_mark_asset_drain_only_is_value_neutral_and_epoch_scoped                            189.02113    193     PASS
proof_v16_mutable_view_compacts_persisted_source_domain_tail                                 48.22433     52      PASS
proof_v16_negative_pnl_settlement_consumes_principal_before_residual                         37.553738    42      PASS
proof_v16_new_unfunded_domain_cannot_consume_shared_insurance                                60.63892     66      PASS
proof_v16_nonflat_withdraw_rejects_before_value_exit                                         314.5923     321     PASS
proof_v16_nontrivial_public_profile_satisfies_symbolic_mm_envelope                           16.385828    19      PASS
proof_v16_open_source_claim_exposure_blocks_convert                                          168.45596    173     PASS
proof_v16_pending_domain_loss_barrier_allows_only_same_side_reductions                       0.42252094   3       PASS
proof_v16_pending_domain_loss_barrier_detects_touching_position_changes                      22.307455    26      PASS
proof_v16_permissionless_recovery_crank_is_accounting_neutral                                131.60475    142     PASS
proof_v16_position_delta_risk_classifier_matches_abs_exposure_change                         0.4854733    3       PASS
proof_v16_positive_kf_delta_creates_source_claim_bound                                       209.26909    216     PASS
proof_v16_positive_pnl_requires_full_source_claim_attribution                                1.17822      4       PASS
proof_v16_price_move_cap_rejects_before_accrual_mutation                                     59.913353    64      PASS
proof_v16_public_account_backing_fee_split_preserves_senior_stock                            430.42554    437     PASS
proof_v16_public_backing_fee_charges_only_selected_domain                                    354.3811     360     PASS
proof_v16_public_backing_provider_earnings_credit_uses_only_vault_slack                      150.85338    156     PASS
proof_v16_public_backing_provider_earnings_withdraw_debits_only_earned_vault                 308.98077    314     PASS
proof_v16_public_backing_provider_earnings_withdraw_is_earnings_scoped_and_pool_neutral      287.80154    292     PASS
proof_v16_public_counterparty_backing_deposit_moves_vault_and_scaled_source_state            358.88474    364     PASS
proof_v16_public_counterparty_backing_deposit_refills_expired_receivable_bucket              401.21674    406     PASS
proof_v16_public_counterparty_backing_expiry_is_value_neutral_and_impairs_liened_backing     537.6846     543     PASS
proof_v16_public_counterparty_backing_withdraw_debits_vault_and_scaled_source_state          353.98853    359     PASS
proof_v16_public_counterparty_backing_withdraw_rejects_underbacking_source_claims            332.62552    338     PASS
proof_v16_public_counterparty_lien_consume_creates_receivable_without_value_movement         375.08615    380     PASS
proof_v16_public_counterparty_lien_create_moves_fresh_to_valid_without_value_movement        199.95161    205     PASS
proof_v16_public_counterparty_lien_impair_moves_valid_to_impaired_without_value_movement     232.67708    237     PASS
proof_v16_public_counterparty_lien_release_restores_unliened_backing_without_value_movement  407.01688    412     PASS
proof_v16_public_credit_domain_insurance_budget_is_value_neutral_and_backed                  141.67772    147     PASS
proof_v16_public_domain_insurance_spent_setter_preserves_budget_total_and_value              160.62416    165     PASS
proof_v16_public_domain_insurance_spent_setter_rejects_invalid_without_mutation              137.34558    142     PASS
proof_v16_public_domain_insurance_withdraw_capacity_matches_budget_reserved_and_vault_min    16.38016     21      PASS
proof_v16_public_domain_insurance_withdraw_is_budget_scoped_and_value_conserving             176.6082     181     PASS
proof_v16_public_finalize_side_reset_rejects_each_blocker_without_mutation                   20.064602    24      PASS
proof_v16_public_finalize_side_reset_success_is_value_neutral                                25.342796    30      PASS
proof_v16_public_insurance_lien_consume_debits_only_domain_insurance                         425.6577     430     PASS
proof_v16_public_insurance_lien_create_moves_reserved_credit_to_valid_lien                   275.88583    280     PASS
proof_v16_public_insurance_lien_impair_moves_valid_to_impaired_without_value_movement        395.60748    401     PASS
proof_v16_public_insurance_lien_release_restores_reserved_credit_without_value_movement      371.07156    376     PASS
proof_v16_public_insurance_reserve_encumbers_budget_without_value_movement                   292.2154     297     PASS
proof_v16_public_insurance_reserve_rejects_unfunded_domain                                   185.18307    190     PASS
proof_v16_public_market_activation_starts_domains_unfunded_and_value_neutral                 74.54157     79      PASS
proof_v16_public_market_capacity_growth_is_monotone_and_value_neutral                        6.1568465    9       PASS
proof_v16_public_market_capacity_growth_rejects_invalid_requests_without_mutation            5.734197     10      PASS
proof_v16_public_materialized_portfolio_deregister_is_value_neutral                          56.665714    62      PASS
proof_v16_public_materialized_portfolio_deregister_rejects_value_state_before_mutation       42.05316     47      PASS
proof_v16_public_materialized_portfolio_register_is_value_neutral                            56.70502     62      PASS
proof_v16_public_materialized_portfolio_register_rejects_value_state_before_mutation         42.015812    47      PASS
proof_v16_public_permissionless_empty_market_crank_advances_clock_without_value_movement     136.48244    147     PASS
proof_v16_public_raw_oracle_target_update_is_value_neutral                                   145.80745    151     PASS
proof_v16_public_resolve_market_is_value_neutral_and_clears_loss_stale                       177.31815    182     PASS
proof_v16_public_resolved_bound_refinement_is_monotone_and_value_neutral                     59.55149     63      PASS
proof_v16_public_resolved_close_flat_account_pays_only_capital_and_vault                     577.1584     586     PASS
proof_v16_public_resolved_payout_topup_pays_min_claimable_and_vault                          178.20361    183     PASS
proof_v16_public_restart_asset_zero_preserves_only_selected_slot_in_two_slot_view            93.95204     99      PASS
proof_v16_public_restart_empty_asset_zero_preserves_budgets_and_senior_value                 46.686367    51      PASS
proof_v16_public_restart_nonzero_asset_preserves_only_selected_slot_in_two_slot_view         93.7226      98      PASS
proof_v16_public_restart_rejects_spent_domain_before_mutation                                40.07645     45      PASS
proof_v16_recovery_mode_blocks_fee_sync_and_pnl_conversion_before_mutation                   292.00687    300     PASS
proof_v16_recovery_mode_blocks_withdraw                                                      146.67744    153     PASS
proof_v16_reserved_domain_insurance_cannot_be_double_spent_by_bankruptcy                     215.45422    221     PASS
proof_v16_reset_empty_asset_oracle_anchor_is_value_neutral_and_idle_gated                    54.849922    59      PASS
proof_v16_reset_empty_asset_oracle_anchor_rejects_when_pnl_present                           17.556137    22      PASS
proof_v16_residual_excludes_recoverable_counterparty_backing_principal                       737.683      742     PASS
proof_v16_residual_excludes_senior_backing_provider_earnings                                 118.91775    123     PASS
proof_v16_residual_reconciles_with_senior_stock                                              199.9772     205     PASS
proof_v16_residual_reward_credit_is_capped_by_principal_and_crystallized_loss                9.564456     13      PASS
proof_v16_resolved_external_payout_requires_exact_capital_plus_claim_sources                 2.7514148    5       PASS
proof_v16_resolved_receipt_claimable_is_rate_monotone_and_overpaid_fails_closed              9.670975     13      PASS
proof_v16_resolved_receipt_payment_cannot_exceed_terminal_claim                              3.5121357    7       PASS
proof_v16_resolved_residual_booking_without_loss_bearing_side_is_explicit_only               50.58187     55      PASS
proof_v16_resolved_winddown_releases_expired_liened_source_claim                             0.16311139   3       PASS
proof_v16_resolved_winddown_releases_impaired_insurance_lien                                 0.6682139    3       PASS
proof_v16_resolved_winddown_releases_liened_source_claim                                     0.15763508   3       PASS
proof_v16_restart_empty_asset_core_preserves_budgets_and_assigns_fresh_market                9.6201725    13      PASS
proof_v16_retire_empty_asset_is_value_neutral_and_epoch_scoped                               304.574      309     PASS
proof_v16_retire_nonempty_asset_rejects                                                      158.97647    164     PASS
proof_v16_retired_slot_reactivation_accepts_only_empty_source_credit_amounts                 33.3144      38      PASS
proof_v16_reused_asset_slot_rejects_stale_market_id_leg                                      200.7528     206     PASS
proof_v16_seq_budget_credit_then_withdraw_caps_compose                                       280.90076    286     PASS
proof_v16_seq_deposit_withdraw_round_trip_is_exact                                           429.41458    435     PASS
proof_v16_seq_double_crank_is_monotone_and_value_flat                                        248.45561    259     PASS
proof_v16_seq_two_fees_compound_exactly                                                      106.29678    112     PASS
proof_v16_signed_trade_request_maps_to_opposite_account_deltas                               0.29237694   3       PASS
proof_v16_source_credit_lien_face_and_backing_use_scaled_units                               165.95125    169     PASS
proof_v16_source_credit_rate_never_exceeds_available_backing_ratio                           55.191025    58      PASS
proof_v16_source_domain_insert_reuses_same_domain_market_id_tag                              26.890162    31      PASS
proof_v16_sparse_source_domain_cap_full_rejects_new_domain                                   21.86613     26      PASS
proof_v16_sparse_source_domain_insert_roundtrips_occupied_domain                             34.817513    38      PASS
proof_v16_sparse_source_domain_validation_accepts_domain_indexed_claim                       81.347496    85      PASS
proof_v16_sparse_source_domain_validation_rejects_duplicate_occupied_domain                  282.46652    287     PASS
proof_v16_sparse_source_domain_validation_rejects_unoccupied_tagged_slot                     18.753021    24      PASS
proof_v16_support_to_account_capital_requires_exact_mixed_source_sum                         2.740556     5       PASS
proof_v16_symbolic_conservative_fee_profile_satisfies_mm_envelope_on_small_notionals         13.339824    16      PASS
proof_v16_symbolic_funding_profile_satisfies_mm_envelope_on_small_notionals                  10.093617    13      PASS
proof_v16_target_effective_lag_adverse_delta_is_side_specific                                0.12907091   3       PASS
proof_v16_target_effective_lag_penalty_enters_all_health_lanes                               1.6831642    4       PASS
proof_v16_trade_fee_helper_does_not_charge_negative_pnl_account                              50.02851     54      PASS
proof_v16_trade_fee_helper_moves_capital_to_insurance_only                                   51.418404    56      PASS
proof_v16_trade_preflight_risk_gate_blocks_only_unsafe_risk_increase                         0.77262753   3       PASS
proof_v16_two_resolved_receipts_are_order_independent_when_snapshot_funded                   142.20494    145     PASS
proof_v16_underbacked_source_credit_cannot_satisfy_im_lien_requirements                      56.74354     60      PASS
proof_v16_unliened_source_support_is_capped_by_realizable_backing                            209.0653     214     PASS
proof_v16_validate_shape_rejects_global_junior_bound_below_domain_claims                     31.554129    36      PASS
proof_v16_view_deposit_preserves_c_tot_vault_capital_sum                                     313.59134    319     PASS
proof_v16_view_domain_budget_caps_bankruptcy_insurance_spend                                 147.97067    154     PASS
proof_v16_view_fee_sync_settles_negative_pnl_before_fee                                      262.81848    271     PASS
proof_v16_view_initial_margin_source_lien_creation_is_backed                                 0.9039251    3       PASS
proof_v16_view_negative_funding_pays_long_side                                               68.29579     72      PASS
proof_v16_view_overwithdraw_rejects                                                          289.57773    296     PASS
proof_v16_view_positive_funding_charges_long_side                                            90.68605     95      PASS
proof_v16_view_trade_position_delta_preserves_oi_symmetry                                    0.93589586   4       PASS
proof_v16_view_withdraw_reduces_vault_ctot_and_capital_equally                               340.32742    346     PASS
proof_v16_withdraw_allowed_after_canceled_close                                              318.67923    324     PASS
proof_v16_withdraw_rejects_while_close_active                                                60.801746    66      PASS
proof_v16_withdraw_settles_flat_negative_pnl_before_value_exit                               400.77402    407     PASS
proof_v16_wrapper_shape_distinct_asset_batch_projection_preserves_oi_and_outcome             2.29657      5       PASS
=====
